[0.009s] Invoking command in '/home/louis/ros2_ws/src/MU_PositionProv_package/build/MU_PositionProv_package': CMAKE_PREFIX_PATH=/opt/ros/humble /usr/bin/cmake --build /home/louis/ros2_ws/src/MU_PositionProv_package/build/MU_PositionProv_package -- -j12 -l12
[0.037s] Invoked command in '/home/louis/ros2_ws/src/MU_PositionProv_package/build/MU_PositionProv_package' returned '0': CMAKE_PREFIX_PATH=/opt/ros/humble /usr/bin/cmake --build /home/louis/ros2_ws/src/MU_PositionProv_package/build/MU_PositionProv_package -- -j12 -l12
[0.045s] Invoking command in '/home/louis/ros2_ws/src/MU_PositionProv_package/build/MU_PositionProv_package': CMAKE_PREFIX_PATH=/opt/ros/humble /usr/bin/cmake --install /home/louis/ros2_ws/src/MU_PositionProv_package/build/MU_PositionProv_package
[0.050s] -- Install configuration: ""
[0.050s] -- Up-to-date: /home/louis/ros2_ws/src/MU_PositionProv_package/install/MU_PositionProv_package/share/ament_index/resource_index/package_run_dependencies/MU_PositionProv_package
[0.050s] -- Up-to-date: /home/louis/ros2_ws/src/MU_PositionProv_package/install/MU_PositionProv_package/share/ament_index/resource_index/parent_prefix_path/MU_PositionProv_package
[0.050s] -- Up-to-date: /home/louis/ros2_ws/src/MU_PositionProv_package/install/MU_PositionProv_package/share/MU_PositionProv_package/environment/ament_prefix_path.sh
[0.050s] -- Up-to-date: /home/louis/ros2_ws/src/MU_PositionProv_package/install/MU_PositionProv_package/share/MU_PositionProv_package/environment/ament_prefix_path.dsv
[0.050s] -- Up-to-date: /home/louis/ros2_ws/src/MU_PositionProv_package/install/MU_PositionProv_package/share/MU_PositionProv_package/environment/path.sh
[0.050s] -- Up-to-date: /home/louis/ros2_ws/src/MU_PositionProv_package/install/MU_PositionProv_package/share/MU_PositionProv_package/environment/path.dsv
[0.050s] -- Up-to-date: /home/louis/ros2_ws/src/MU_PositionProv_package/install/MU_PositionProv_package/share/MU_PositionProv_package/local_setup.bash
[0.050s] -- Up-to-date: /home/louis/ros2_ws/src/MU_PositionProv_package/install/MU_PositionProv_package/share/MU_PositionProv_package/local_setup.sh
[0.050s] -- Up-to-date: /home/louis/ros2_ws/src/MU_PositionProv_package/install/MU_PositionProv_package/share/MU_PositionProv_package/local_setup.zsh
[0.050s] -- Up-to-date: /home/louis/ros2_ws/src/MU_PositionProv_package/install/MU_PositionProv_package/share/MU_PositionProv_package/local_setup.dsv
[0.050s] -- Up-to-date: /home/louis/ros2_ws/src/MU_PositionProv_package/install/MU_PositionProv_package/share/MU_PositionProv_package/package.dsv
[0.050s] -- Up-to-date: /home/louis/ros2_ws/src/MU_PositionProv_package/install/MU_PositionProv_package/share/ament_index/resource_index/packages/MU_PositionProv_package
[0.050s] -- Up-to-date: /home/louis/ros2_ws/src/MU_PositionProv_package/install/MU_PositionProv_package/share/MU_PositionProv_package/cmake/MU_PositionProv_packageConfig.cmake
[0.051s] -- Up-to-date: /home/louis/ros2_ws/src/MU_PositionProv_package/install/MU_PositionProv_package/share/MU_PositionProv_package/cmake/MU_PositionProv_packageConfig-version.cmake
[0.051s] -- Up-to-date: /home/louis/ros2_ws/src/MU_PositionProv_package/install/MU_PositionProv_package/share/MU_PositionProv_package/package.xml
[0.052s] Invoked command in '/home/louis/ros2_ws/src/MU_PositionProv_package/build/MU_PositionProv_package' returned '0': CMAKE_PREFIX_PATH=/opt/ros/humble /usr/bin/cmake --install /home/louis/ros2_ws/src/MU_PositionProv_package/build/MU_PositionProv_package
