[0.697s] Invoking command in '/home/easha/git/Pick-Place_RS2-1/build/positionprov_package': CMAKE_PREFIX_PATH=/home/easha/git/Pick-Place_RS2-1/install/arduino_magnet:/home/easha/ros2_ws/install/image_processor:/opt/ros/humble /usr/bin/cmake --build /home/easha/git/Pick-Place_RS2-1/build/positionprov_package -- -j8 -l8
[0.782s] [35m[1mConsolidate compiler generated dependencies of target position_prov[0m
[0.819s] [100%] Built target position_prov
[0.837s] Invoked command in '/home/easha/git/Pick-Place_RS2-1/build/positionprov_package' returned '0': CMAKE_PREFIX_PATH=/home/easha/git/Pick-Place_RS2-1/install/arduino_magnet:/home/easha/ros2_ws/install/image_processor:/opt/ros/humble /usr/bin/cmake --build /home/easha/git/Pick-Place_RS2-1/build/positionprov_package -- -j8 -l8
[0.851s] Invoking command in '/home/easha/git/Pick-Place_RS2-1/build/positionprov_package': CMAKE_PREFIX_PATH=/home/easha/git/Pick-Place_RS2-1/install/arduino_magnet:/home/easha/ros2_ws/install/image_processor:/opt/ros/humble /usr/bin/cmake --install /home/easha/git/Pick-Place_RS2-1/build/positionprov_package
[0.861s] -- Install configuration: ""
[0.863s] -- Installing: /home/easha/git/Pick-Place_RS2-1/install/positionprov_package/lib/positionprov_package/position_prov
[0.865s] -- Set runtime path of "/home/easha/git/Pick-Place_RS2-1/install/positionprov_package/lib/positionprov_package/position_prov" to ""
[0.865s] -- Installing: /home/easha/git/Pick-Place_RS2-1/install/positionprov_package/share/ament_index/resource_index/package_run_dependencies/positionprov_package
[0.866s] -- Installing: /home/easha/git/Pick-Place_RS2-1/install/positionprov_package/share/ament_index/resource_index/parent_prefix_path/positionprov_package
[0.866s] -- Installing: /home/easha/git/Pick-Place_RS2-1/install/positionprov_package/share/positionprov_package/environment/ament_prefix_path.sh
[0.867s] -- Installing: /home/easha/git/Pick-Place_RS2-1/install/positionprov_package/share/positionprov_package/environment/ament_prefix_path.dsv
[0.868s] -- Installing: /home/easha/git/Pick-Place_RS2-1/install/positionprov_package/share/positionprov_package/environment/path.sh
[0.868s] -- Installing: /home/easha/git/Pick-Place_RS2-1/install/positionprov_package/share/positionprov_package/environment/path.dsv
[0.868s] -- Installing: /home/easha/git/Pick-Place_RS2-1/install/positionprov_package/share/positionprov_package/local_setup.bash
[0.868s] -- Installing: /home/easha/git/Pick-Place_RS2-1/install/positionprov_package/share/positionprov_package/local_setup.sh
[0.869s] -- Installing: /home/easha/git/Pick-Place_RS2-1/install/positionprov_package/share/positionprov_package/local_setup.zsh
[0.869s] -- Installing: /home/easha/git/Pick-Place_RS2-1/install/positionprov_package/share/positionprov_package/local_setup.dsv
[0.869s] -- Installing: /home/easha/git/Pick-Place_RS2-1/install/positionprov_package/share/positionprov_package/package.dsv
[0.876s] -- Installing: /home/easha/git/Pick-Place_RS2-1/install/positionprov_package/share/ament_index/resource_index/packages/positionprov_package
[0.876s] -- Installing: /home/easha/git/Pick-Place_RS2-1/install/positionprov_package/share/positionprov_package/cmake/positionprov_packageConfig.cmake
[0.876s] -- Installing: /home/easha/git/Pick-Place_RS2-1/install/positionprov_package/share/positionprov_package/cmake/positionprov_packageConfig-version.cmake
[0.877s] -- Installing: /home/easha/git/Pick-Place_RS2-1/install/positionprov_package/share/positionprov_package/package.xml
[0.881s] Invoked command in '/home/easha/git/Pick-Place_RS2-1/build/positionprov_package' returned '0': CMAKE_PREFIX_PATH=/home/easha/git/Pick-Place_RS2-1/install/arduino_magnet:/home/easha/ros2_ws/install/image_processor:/opt/ros/humble /usr/bin/cmake --install /home/easha/git/Pick-Place_RS2-1/build/positionprov_package
