[0.133s] DEBUG:colcon:Command line arguments: ['/usr/bin/colcon', 'build']
[0.133s] DEBUG:colcon:Parsed command line arguments: Namespace(log_base=None, log_level=None, verb_name='build', build_base='build', install_base='install', merge_install=False, symlink_install=False, test_result_base=None, continue_on_error=False, executor='parallel', parallel_workers=8, event_handlers=None, ignore_user_meta=False, metas=['./colcon.meta'], base_paths=['.'], packages_ignore=None, packages_ignore_regex=None, paths=None, packages_up_to=None, packages_up_to_regex=None, packages_above=None, packages_above_and_dependencies=None, packages_above_depth=None, packages_select_by_dep=None, packages_skip_by_dep=None, packages_skip_up_to=None, packages_select_build_failed=False, packages_skip_build_finished=False, packages_select_test_failures=False, packages_skip_test_passed=False, packages_select=None, packages_skip=None, packages_select_regex=None, packages_skip_regex=None, packages_start=None, packages_end=None, allow_overriding=[], cmake_args=None, cmake_target=None, cmake_target_skip_unavailable=False, cmake_clean_cache=False, cmake_clean_first=False, cmake_force_configure=False, ament_cmake_args=None, catkin_cmake_args=None, catkin_skip_building_tests=False, mixin_files=None, mixin=None, verb_parser=<colcon_mixin.mixin.mixin_argument.MixinArgumentDecorator object at 0x72463b562590>, verb_extension=<colcon_core.verb.build.BuildVerb object at 0x72463b6e3d00>, main=<bound method BuildVerb.main of <colcon_core.verb.build.BuildVerb object at 0x72463b6e3d00>>, mixin_verb=('build',))
[0.316s] Level 1:colcon.colcon_core.package_discovery:discover_packages(colcon_meta) check parameters
[0.316s] Level 1:colcon.colcon_core.package_discovery:discover_packages(recursive) check parameters
[0.316s] Level 1:colcon.colcon_core.package_discovery:discover_packages(ignore) check parameters
[0.316s] Level 1:colcon.colcon_core.package_discovery:discover_packages(path) check parameters
[0.317s] Level 1:colcon.colcon_core.package_discovery:discover_packages(colcon_meta) discover
[0.317s] Level 1:colcon.colcon_core.package_discovery:discover_packages(recursive) discover
[0.317s] INFO:colcon.colcon_core.package_discovery:Crawling recursively for packages in '/home/easha/git/Pick-Place_RS2-1'
[0.317s] Level 1:colcon.colcon_core.package_identification:_identify(.) by extensions ['ignore', 'ignore_ament_install']
[0.317s] Level 1:colcon.colcon_core.package_identification:_identify(.) by extension 'ignore'
[0.317s] Level 1:colcon.colcon_core.package_identification:_identify(.) by extension 'ignore_ament_install'
[0.317s] Level 1:colcon.colcon_core.package_identification:_identify(.) by extensions ['colcon_pkg']
[0.317s] Level 1:colcon.colcon_core.package_identification:_identify(.) by extension 'colcon_pkg'
[0.317s] Level 1:colcon.colcon_core.package_identification:_identify(.) by extensions ['colcon_meta']
[0.318s] Level 1:colcon.colcon_core.package_identification:_identify(.) by extension 'colcon_meta'
[0.318s] Level 1:colcon.colcon_core.package_identification:_identify(.) by extensions ['ros']
[0.318s] Level 1:colcon.colcon_core.package_identification:_identify(.) by extension 'ros'
[0.329s] Level 1:colcon.colcon_core.package_identification:_identify(.) by extensions ['cmake', 'python']
[0.329s] Level 1:colcon.colcon_core.package_identification:_identify(.) by extension 'cmake'
[0.329s] Level 1:colcon.colcon_core.package_identification:_identify(.) by extension 'python'
[0.330s] Level 1:colcon.colcon_core.package_identification:_identify(.) by extensions ['python_setup_py']
[0.330s] Level 1:colcon.colcon_core.package_identification:_identify(.) by extension 'python_setup_py'
[0.330s] Level 1:colcon.colcon_core.package_identification:_identify(build) by extensions ['ignore', 'ignore_ament_install']
[0.330s] Level 1:colcon.colcon_core.package_identification:_identify(build) by extension 'ignore'
[0.330s] Level 1:colcon.colcon_core.package_identification:_identify(build) ignored
[0.330s] Level 1:colcon.colcon_core.package_identification:_identify(install) by extensions ['ignore', 'ignore_ament_install']
[0.330s] Level 1:colcon.colcon_core.package_identification:_identify(install) by extension 'ignore'
[0.330s] Level 1:colcon.colcon_core.package_identification:_identify(install) ignored
[0.331s] Level 1:colcon.colcon_core.package_identification:_identify(log) by extensions ['ignore', 'ignore_ament_install']
[0.331s] Level 1:colcon.colcon_core.package_identification:_identify(log) by extension 'ignore'
[0.331s] Level 1:colcon.colcon_core.package_identification:_identify(log) ignored
[0.331s] Level 1:colcon.colcon_core.package_identification:_identify(src) by extensions ['ignore', 'ignore_ament_install']
[0.331s] Level 1:colcon.colcon_core.package_identification:_identify(src) by extension 'ignore'
[0.331s] Level 1:colcon.colcon_core.package_identification:_identify(src) by extension 'ignore_ament_install'
[0.331s] Level 1:colcon.colcon_core.package_identification:_identify(src) by extensions ['colcon_pkg']
[0.331s] Level 1:colcon.colcon_core.package_identification:_identify(src) by extension 'colcon_pkg'
[0.331s] Level 1:colcon.colcon_core.package_identification:_identify(src) by extensions ['colcon_meta']
[0.331s] Level 1:colcon.colcon_core.package_identification:_identify(src) by extension 'colcon_meta'
[0.332s] Level 1:colcon.colcon_core.package_identification:_identify(src) by extensions ['ros']
[0.332s] Level 1:colcon.colcon_core.package_identification:_identify(src) by extension 'ros'
[0.332s] Level 1:colcon.colcon_core.package_identification:_identify(src) by extensions ['cmake', 'python']
[0.332s] Level 1:colcon.colcon_core.package_identification:_identify(src) by extension 'cmake'
[0.332s] Level 1:colcon.colcon_core.package_identification:_identify(src) by extension 'python'
[0.332s] Level 1:colcon.colcon_core.package_identification:_identify(src) by extensions ['python_setup_py']
[0.332s] Level 1:colcon.colcon_core.package_identification:_identify(src) by extension 'python_setup_py'
[0.332s] Level 1:colcon.colcon_core.package_identification:_identify(src/Image_processor) by extensions ['ignore', 'ignore_ament_install']
[0.332s] Level 1:colcon.colcon_core.package_identification:_identify(src/Image_processor) by extension 'ignore'
[0.332s] Level 1:colcon.colcon_core.package_identification:_identify(src/Image_processor) by extension 'ignore_ament_install'
[0.332s] Level 1:colcon.colcon_core.package_identification:_identify(src/Image_processor) by extensions ['colcon_pkg']
[0.333s] Level 1:colcon.colcon_core.package_identification:_identify(src/Image_processor) by extension 'colcon_pkg'
[0.333s] Level 1:colcon.colcon_core.package_identification:_identify(src/Image_processor) by extensions ['colcon_meta']
[0.333s] Level 1:colcon.colcon_core.package_identification:_identify(src/Image_processor) by extension 'colcon_meta'
[0.333s] Level 1:colcon.colcon_core.package_identification:_identify(src/Image_processor) by extensions ['ros']
[0.333s] Level 1:colcon.colcon_core.package_identification:_identify(src/Image_processor) by extension 'ros'
[0.333s] Level 1:colcon.colcon_core.package_identification:_identify(src/Image_processor) by extensions ['cmake', 'python']
[0.333s] Level 1:colcon.colcon_core.package_identification:_identify(src/Image_processor) by extension 'cmake'
[0.333s] Level 1:colcon.colcon_core.package_identification:_identify(src/Image_processor) by extension 'python'
[0.333s] Level 1:colcon.colcon_core.package_identification:_identify(src/Image_processor) by extensions ['python_setup_py']
[0.333s] Level 1:colcon.colcon_core.package_identification:_identify(src/Image_processor) by extension 'python_setup_py'
[0.333s] Level 1:colcon.colcon_core.package_identification:_identify(src/Image_processor/build) by extensions ['ignore', 'ignore_ament_install']
[0.334s] Level 1:colcon.colcon_core.package_identification:_identify(src/Image_processor/build) by extension 'ignore'
[0.334s] Level 1:colcon.colcon_core.package_identification:_identify(src/Image_processor/build) ignored
[0.334s] Level 1:colcon.colcon_core.package_identification:_identify(src/Image_processor/image_processor) by extensions ['ignore', 'ignore_ament_install']
[0.334s] Level 1:colcon.colcon_core.package_identification:_identify(src/Image_processor/image_processor) by extension 'ignore'
[0.334s] Level 1:colcon.colcon_core.package_identification:_identify(src/Image_processor/image_processor) by extension 'ignore_ament_install'
[0.334s] Level 1:colcon.colcon_core.package_identification:_identify(src/Image_processor/image_processor) by extensions ['colcon_pkg']
[0.334s] Level 1:colcon.colcon_core.package_identification:_identify(src/Image_processor/image_processor) by extension 'colcon_pkg'
[0.334s] Level 1:colcon.colcon_core.package_identification:_identify(src/Image_processor/image_processor) by extensions ['colcon_meta']
[0.334s] Level 1:colcon.colcon_core.package_identification:_identify(src/Image_processor/image_processor) by extension 'colcon_meta'
[0.334s] Level 1:colcon.colcon_core.package_identification:_identify(src/Image_processor/image_processor) by extensions ['ros']
[0.334s] Level 1:colcon.colcon_core.package_identification:_identify(src/Image_processor/image_processor) by extension 'ros'
[0.337s] DEBUG:colcon.colcon_core.package_identification:Package 'src/Image_processor/image_processor' with type 'ros.ament_python' and name 'image_processor'
[0.337s] Level 1:colcon.colcon_core.package_identification:_identify(src/Image_processor/install) by extensions ['ignore', 'ignore_ament_install']
[0.337s] Level 1:colcon.colcon_core.package_identification:_identify(src/Image_processor/install) by extension 'ignore'
[0.337s] Level 1:colcon.colcon_core.package_identification:_identify(src/Image_processor/install) ignored
[0.338s] Level 1:colcon.colcon_core.package_identification:_identify(src/Image_processor/log) by extensions ['ignore', 'ignore_ament_install']
[0.338s] Level 1:colcon.colcon_core.package_identification:_identify(src/Image_processor/log) by extension 'ignore'
[0.338s] Level 1:colcon.colcon_core.package_identification:_identify(src/Image_processor/log) ignored
[0.338s] Level 1:colcon.colcon_core.package_identification:_identify(src/arduino_magnet) by extensions ['ignore', 'ignore_ament_install']
[0.338s] Level 1:colcon.colcon_core.package_identification:_identify(src/arduino_magnet) by extension 'ignore'
[0.338s] Level 1:colcon.colcon_core.package_identification:_identify(src/arduino_magnet) by extension 'ignore_ament_install'
[0.338s] Level 1:colcon.colcon_core.package_identification:_identify(src/arduino_magnet) by extensions ['colcon_pkg']
[0.338s] Level 1:colcon.colcon_core.package_identification:_identify(src/arduino_magnet) by extension 'colcon_pkg'
[0.338s] Level 1:colcon.colcon_core.package_identification:_identify(src/arduino_magnet) by extensions ['colcon_meta']
[0.338s] Level 1:colcon.colcon_core.package_identification:_identify(src/arduino_magnet) by extension 'colcon_meta'
[0.339s] Level 1:colcon.colcon_core.package_identification:_identify(src/arduino_magnet) by extensions ['ros']
[0.339s] Level 1:colcon.colcon_core.package_identification:_identify(src/arduino_magnet) by extension 'ros'
[0.339s] DEBUG:colcon.colcon_core.package_identification:Package 'src/arduino_magnet' with type 'ros.ament_python' and name 'arduino_magnet'
[0.340s] Level 1:colcon.colcon_core.package_identification:_identify(src/build) by extensions ['ignore', 'ignore_ament_install']
[0.340s] Level 1:colcon.colcon_core.package_identification:_identify(src/build) by extension 'ignore'
[0.340s] Level 1:colcon.colcon_core.package_identification:_identify(src/build) ignored
[0.340s] Level 1:colcon.colcon_core.package_identification:_identify(src/pick_place) by extensions ['ignore', 'ignore_ament_install']
[0.340s] Level 1:colcon.colcon_core.package_identification:_identify(src/pick_place) by extension 'ignore'
[0.340s] Level 1:colcon.colcon_core.package_identification:_identify(src/pick_place) by extension 'ignore_ament_install'
[0.340s] Level 1:colcon.colcon_core.package_identification:_identify(src/pick_place) by extensions ['colcon_pkg']
[0.340s] Level 1:colcon.colcon_core.package_identification:_identify(src/pick_place) by extension 'colcon_pkg'
[0.340s] Level 1:colcon.colcon_core.package_identification:_identify(src/pick_place) by extensions ['colcon_meta']
[0.341s] Level 1:colcon.colcon_core.package_identification:_identify(src/pick_place) by extension 'colcon_meta'
[0.341s] Level 1:colcon.colcon_core.package_identification:_identify(src/pick_place) by extensions ['ros']
[0.341s] Level 1:colcon.colcon_core.package_identification:_identify(src/pick_place) by extension 'ros'
[0.341s] DEBUG:colcon.colcon_core.package_identification:Package 'src/pick_place' with type 'ros.ament_cmake' and name 'pick_place'
[0.341s] Level 1:colcon.colcon_core.package_identification:_identify(src/positionconv_package) by extensions ['ignore', 'ignore_ament_install']
[0.342s] Level 1:colcon.colcon_core.package_identification:_identify(src/positionconv_package) by extension 'ignore'
[0.342s] Level 1:colcon.colcon_core.package_identification:_identify(src/positionconv_package) by extension 'ignore_ament_install'
[0.342s] Level 1:colcon.colcon_core.package_identification:_identify(src/positionconv_package) by extensions ['colcon_pkg']
[0.342s] Level 1:colcon.colcon_core.package_identification:_identify(src/positionconv_package) by extension 'colcon_pkg'
[0.342s] Level 1:colcon.colcon_core.package_identification:_identify(src/positionconv_package) by extensions ['colcon_meta']
[0.342s] Level 1:colcon.colcon_core.package_identification:_identify(src/positionconv_package) by extension 'colcon_meta'
[0.342s] Level 1:colcon.colcon_core.package_identification:_identify(src/positionconv_package) by extensions ['ros']
[0.342s] Level 1:colcon.colcon_core.package_identification:_identify(src/positionconv_package) by extension 'ros'
[0.344s] DEBUG:colcon.colcon_core.package_identification:Package 'src/positionconv_package' with type 'ros.ament_cmake' and name 'positionconv_package'
[0.344s] Level 1:colcon.colcon_core.package_identification:_identify(src/positionprov_package) by extensions ['ignore', 'ignore_ament_install']
[0.345s] Level 1:colcon.colcon_core.package_identification:_identify(src/positionprov_package) by extension 'ignore'
[0.345s] Level 1:colcon.colcon_core.package_identification:_identify(src/positionprov_package) by extension 'ignore_ament_install'
[0.345s] Level 1:colcon.colcon_core.package_identification:_identify(src/positionprov_package) by extensions ['colcon_pkg']
[0.345s] Level 1:colcon.colcon_core.package_identification:_identify(src/positionprov_package) by extension 'colcon_pkg'
[0.345s] Level 1:colcon.colcon_core.package_identification:_identify(src/positionprov_package) by extensions ['colcon_meta']
[0.345s] Level 1:colcon.colcon_core.package_identification:_identify(src/positionprov_package) by extension 'colcon_meta'
[0.345s] Level 1:colcon.colcon_core.package_identification:_identify(src/positionprov_package) by extensions ['ros']
[0.345s] Level 1:colcon.colcon_core.package_identification:_identify(src/positionprov_package) by extension 'ros'
[0.346s] DEBUG:colcon.colcon_core.package_identification:Package 'src/positionprov_package' with type 'ros.ament_cmake' and name 'positionprov_package'
[0.346s] Level 1:colcon.colcon_core.package_discovery:discover_packages(recursive) using defaults
[0.346s] Level 1:colcon.colcon_core.package_discovery:discover_packages(ignore) discover
[0.346s] Level 1:colcon.colcon_core.package_discovery:discover_packages(ignore) using defaults
[0.346s] Level 1:colcon.colcon_core.package_discovery:discover_packages(path) discover
[0.346s] Level 1:colcon.colcon_core.package_discovery:discover_packages(path) using defaults
[0.382s] Level 1:colcon.colcon_core.package_discovery:discover_packages(prefix_path) check parameters
[0.382s] Level 1:colcon.colcon_core.package_discovery:discover_packages(prefix_path) discover
[0.383s] WARNING:colcon.colcon_ros.prefix_path.ament:The path '/home/easha/ros2_ws/install/image_processor' in the environment variable AMENT_PREFIX_PATH doesn't exist
[0.384s] DEBUG:colcon.colcon_installed_package_information.package_discovery:Found 1 installed packages in /home/easha/git/Pick-Place_RS2-1/install
[0.385s] DEBUG:colcon.colcon_installed_package_information.package_discovery:Found 0 installed packages in /home/easha/git/Pick-Place_RS2-1/src/Image_processor/install
[0.385s] DEBUG:colcon.colcon_installed_package_information.package_discovery:Found 0 installed packages in /home/easha/ros2_ws/install
[0.388s] DEBUG:colcon.colcon_installed_package_information.package_discovery:Found 385 installed packages in /opt/ros/humble
[0.390s] Level 1:colcon.colcon_core.package_discovery:discover_packages(prefix_path) using defaults
[0.447s] Level 5:colcon.colcon_core.verb:set package 'arduino_magnet' build argument 'cmake_args' from command line to 'None'
[0.447s] Level 5:colcon.colcon_core.verb:set package 'arduino_magnet' build argument 'cmake_target' from command line to 'None'
[0.447s] Level 5:colcon.colcon_core.verb:set package 'arduino_magnet' build argument 'cmake_target_skip_unavailable' from command line to 'False'
[0.447s] Level 5:colcon.colcon_core.verb:set package 'arduino_magnet' build argument 'cmake_clean_cache' from command line to 'False'
[0.447s] Level 5:colcon.colcon_core.verb:set package 'arduino_magnet' build argument 'cmake_clean_first' from command line to 'False'
[0.447s] Level 5:colcon.colcon_core.verb:set package 'arduino_magnet' build argument 'cmake_force_configure' from command line to 'False'
[0.447s] Level 5:colcon.colcon_core.verb:set package 'arduino_magnet' build argument 'ament_cmake_args' from command line to 'None'
[0.447s] Level 5:colcon.colcon_core.verb:set package 'arduino_magnet' build argument 'catkin_cmake_args' from command line to 'None'
[0.447s] Level 5:colcon.colcon_core.verb:set package 'arduino_magnet' build argument 'catkin_skip_building_tests' from command line to 'False'
[0.447s] DEBUG:colcon.colcon_core.verb:Building package 'arduino_magnet' with the following arguments: {'ament_cmake_args': None, 'build_base': '/home/easha/git/Pick-Place_RS2-1/build/arduino_magnet', 'catkin_cmake_args': None, 'catkin_skip_building_tests': False, 'cmake_args': None, 'cmake_clean_cache': False, 'cmake_clean_first': False, 'cmake_force_configure': False, 'cmake_target': None, 'cmake_target_skip_unavailable': False, 'install_base': '/home/easha/git/Pick-Place_RS2-1/install/arduino_magnet', 'merge_install': False, 'path': '/home/easha/git/Pick-Place_RS2-1/src/arduino_magnet', 'symlink_install': False, 'test_result_base': None}
[0.448s] Level 5:colcon.colcon_core.verb:set package 'image_processor' build argument 'cmake_args' from command line to 'None'
[0.448s] Level 5:colcon.colcon_core.verb:set package 'image_processor' build argument 'cmake_target' from command line to 'None'
[0.448s] Level 5:colcon.colcon_core.verb:set package 'image_processor' build argument 'cmake_target_skip_unavailable' from command line to 'False'
[0.448s] Level 5:colcon.colcon_core.verb:set package 'image_processor' build argument 'cmake_clean_cache' from command line to 'False'
[0.448s] Level 5:colcon.colcon_core.verb:set package 'image_processor' build argument 'cmake_clean_first' from command line to 'False'
[0.448s] Level 5:colcon.colcon_core.verb:set package 'image_processor' build argument 'cmake_force_configure' from command line to 'False'
[0.448s] Level 5:colcon.colcon_core.verb:set package 'image_processor' build argument 'ament_cmake_args' from command line to 'None'
[0.448s] Level 5:colcon.colcon_core.verb:set package 'image_processor' build argument 'catkin_cmake_args' from command line to 'None'
[0.448s] Level 5:colcon.colcon_core.verb:set package 'image_processor' build argument 'catkin_skip_building_tests' from command line to 'False'
[0.448s] DEBUG:colcon.colcon_core.verb:Building package 'image_processor' with the following arguments: {'ament_cmake_args': None, 'build_base': '/home/easha/git/Pick-Place_RS2-1/build/image_processor', 'catkin_cmake_args': None, 'catkin_skip_building_tests': False, 'cmake_args': None, 'cmake_clean_cache': False, 'cmake_clean_first': False, 'cmake_force_configure': False, 'cmake_target': None, 'cmake_target_skip_unavailable': False, 'install_base': '/home/easha/git/Pick-Place_RS2-1/install/image_processor', 'merge_install': False, 'path': '/home/easha/git/Pick-Place_RS2-1/src/Image_processor/image_processor', 'symlink_install': False, 'test_result_base': None}
[0.449s] Level 5:colcon.colcon_core.verb:set package 'pick_place' build argument 'cmake_args' from command line to 'None'
[0.449s] Level 5:colcon.colcon_core.verb:set package 'pick_place' build argument 'cmake_target' from command line to 'None'
[0.449s] Level 5:colcon.colcon_core.verb:set package 'pick_place' build argument 'cmake_target_skip_unavailable' from command line to 'False'
[0.449s] Level 5:colcon.colcon_core.verb:set package 'pick_place' build argument 'cmake_clean_cache' from command line to 'False'
[0.449s] Level 5:colcon.colcon_core.verb:set package 'pick_place' build argument 'cmake_clean_first' from command line to 'False'
[0.449s] Level 5:colcon.colcon_core.verb:set package 'pick_place' build argument 'cmake_force_configure' from command line to 'False'
[0.449s] Level 5:colcon.colcon_core.verb:set package 'pick_place' build argument 'ament_cmake_args' from command line to 'None'
[0.449s] Level 5:colcon.colcon_core.verb:set package 'pick_place' build argument 'catkin_cmake_args' from command line to 'None'
[0.449s] Level 5:colcon.colcon_core.verb:set package 'pick_place' build argument 'catkin_skip_building_tests' from command line to 'False'
[0.449s] DEBUG:colcon.colcon_core.verb:Building package 'pick_place' with the following arguments: {'ament_cmake_args': None, 'build_base': '/home/easha/git/Pick-Place_RS2-1/build/pick_place', 'catkin_cmake_args': None, 'catkin_skip_building_tests': False, 'cmake_args': None, 'cmake_clean_cache': False, 'cmake_clean_first': False, 'cmake_force_configure': False, 'cmake_target': None, 'cmake_target_skip_unavailable': False, 'install_base': '/home/easha/git/Pick-Place_RS2-1/install/pick_place', 'merge_install': False, 'path': '/home/easha/git/Pick-Place_RS2-1/src/pick_place', 'symlink_install': False, 'test_result_base': None}
[0.449s] Level 5:colcon.colcon_core.verb:set package 'positionconv_package' build argument 'cmake_args' from command line to 'None'
[0.450s] Level 5:colcon.colcon_core.verb:set package 'positionconv_package' build argument 'cmake_target' from command line to 'None'
[0.450s] Level 5:colcon.colcon_core.verb:set package 'positionconv_package' build argument 'cmake_target_skip_unavailable' from command line to 'False'
[0.450s] Level 5:colcon.colcon_core.verb:set package 'positionconv_package' build argument 'cmake_clean_cache' from command line to 'False'
[0.450s] Level 5:colcon.colcon_core.verb:set package 'positionconv_package' build argument 'cmake_clean_first' from command line to 'False'
[0.450s] Level 5:colcon.colcon_core.verb:set package 'positionconv_package' build argument 'cmake_force_configure' from command line to 'False'
[0.450s] Level 5:colcon.colcon_core.verb:set package 'positionconv_package' build argument 'ament_cmake_args' from command line to 'None'
[0.450s] Level 5:colcon.colcon_core.verb:set package 'positionconv_package' build argument 'catkin_cmake_args' from command line to 'None'
[0.450s] Level 5:colcon.colcon_core.verb:set package 'positionconv_package' build argument 'catkin_skip_building_tests' from command line to 'False'
[0.450s] DEBUG:colcon.colcon_core.verb:Building package 'positionconv_package' with the following arguments: {'ament_cmake_args': None, 'build_base': '/home/easha/git/Pick-Place_RS2-1/build/positionconv_package', 'catkin_cmake_args': None, 'catkin_skip_building_tests': False, 'cmake_args': None, 'cmake_clean_cache': False, 'cmake_clean_first': False, 'cmake_force_configure': False, 'cmake_target': None, 'cmake_target_skip_unavailable': False, 'install_base': '/home/easha/git/Pick-Place_RS2-1/install/positionconv_package', 'merge_install': False, 'path': '/home/easha/git/Pick-Place_RS2-1/src/positionconv_package', 'symlink_install': False, 'test_result_base': None}
[0.450s] Level 5:colcon.colcon_core.verb:set package 'positionprov_package' build argument 'cmake_args' from command line to 'None'
[0.450s] Level 5:colcon.colcon_core.verb:set package 'positionprov_package' build argument 'cmake_target' from command line to 'None'
[0.450s] Level 5:colcon.colcon_core.verb:set package 'positionprov_package' build argument 'cmake_target_skip_unavailable' from command line to 'False'
[0.450s] Level 5:colcon.colcon_core.verb:set package 'positionprov_package' build argument 'cmake_clean_cache' from command line to 'False'
[0.450s] Level 5:colcon.colcon_core.verb:set package 'positionprov_package' build argument 'cmake_clean_first' from command line to 'False'
[0.451s] Level 5:colcon.colcon_core.verb:set package 'positionprov_package' build argument 'cmake_force_configure' from command line to 'False'
[0.451s] Level 5:colcon.colcon_core.verb:set package 'positionprov_package' build argument 'ament_cmake_args' from command line to 'None'
[0.451s] Level 5:colcon.colcon_core.verb:set package 'positionprov_package' build argument 'catkin_cmake_args' from command line to 'None'
[0.451s] Level 5:colcon.colcon_core.verb:set package 'positionprov_package' build argument 'catkin_skip_building_tests' from command line to 'False'
[0.451s] DEBUG:colcon.colcon_core.verb:Building package 'positionprov_package' with the following arguments: {'ament_cmake_args': None, 'build_base': '/home/easha/git/Pick-Place_RS2-1/build/positionprov_package', 'catkin_cmake_args': None, 'catkin_skip_building_tests': False, 'cmake_args': None, 'cmake_clean_cache': False, 'cmake_clean_first': False, 'cmake_force_configure': False, 'cmake_target': None, 'cmake_target_skip_unavailable': False, 'install_base': '/home/easha/git/Pick-Place_RS2-1/install/positionprov_package', 'merge_install': False, 'path': '/home/easha/git/Pick-Place_RS2-1/src/positionprov_package', 'symlink_install': False, 'test_result_base': None}
[0.451s] INFO:colcon.colcon_core.executor:Executing jobs using 'parallel' executor
[0.452s] DEBUG:colcon.colcon_parallel_executor.executor.parallel:run_until_complete
[0.452s] INFO:colcon.colcon_ros.task.ament_python.build:Building ROS package in '/home/easha/git/Pick-Place_RS2-1/src/arduino_magnet' with build type 'ament_python'
[0.453s] Level 1:colcon.colcon_core.shell:create_environment_hook('arduino_magnet', 'ament_prefix_path')
[0.455s] INFO:colcon.colcon_core.plugin_system:Skipping extension 'colcon_core.shell.bat': Not used on non-Windows systems
[0.455s] INFO:colcon.colcon_core.shell:Creating environment hook '/home/easha/git/Pick-Place_RS2-1/install/arduino_magnet/share/arduino_magnet/hook/ament_prefix_path.ps1'
[0.456s] INFO:colcon.colcon_core.shell:Creating environment descriptor '/home/easha/git/Pick-Place_RS2-1/install/arduino_magnet/share/arduino_magnet/hook/ament_prefix_path.dsv'
[0.456s] INFO:colcon.colcon_core.shell:Creating environment hook '/home/easha/git/Pick-Place_RS2-1/install/arduino_magnet/share/arduino_magnet/hook/ament_prefix_path.sh'
[0.457s] INFO:colcon.colcon_core.shell:Skip shell extension 'powershell' for command environment: Not usable outside of PowerShell
[0.457s] DEBUG:colcon.colcon_core.shell:Skip shell extension 'dsv' for command environment
[0.462s] INFO:colcon.colcon_ros.task.ament_python.build:Building ROS package in '/home/easha/git/Pick-Place_RS2-1/src/Image_processor/image_processor' with build type 'ament_python'
[0.462s] Level 1:colcon.colcon_core.shell:create_environment_hook('image_processor', 'ament_prefix_path')
[0.462s] INFO:colcon.colcon_core.shell:Creating environment hook '/home/easha/git/Pick-Place_RS2-1/install/image_processor/share/image_processor/hook/ament_prefix_path.ps1'
[0.463s] INFO:colcon.colcon_core.shell:Creating environment descriptor '/home/easha/git/Pick-Place_RS2-1/install/image_processor/share/image_processor/hook/ament_prefix_path.dsv'
[0.463s] INFO:colcon.colcon_core.shell:Creating environment hook '/home/easha/git/Pick-Place_RS2-1/install/image_processor/share/image_processor/hook/ament_prefix_path.sh'
[0.464s] INFO:colcon.colcon_core.shell:Skip shell extension 'powershell' for command environment: Not usable outside of PowerShell
[0.464s] DEBUG:colcon.colcon_core.shell:Skip shell extension 'dsv' for command environment
[0.469s] INFO:colcon.colcon_ros.task.ament_cmake.build:Building ROS package in '/home/easha/git/Pick-Place_RS2-1/src/pick_place' with build type 'ament_cmake'
[0.470s] INFO:colcon.colcon_cmake.task.cmake.build:Building CMake package in '/home/easha/git/Pick-Place_RS2-1/src/pick_place'
[0.470s] INFO:colcon.colcon_core.shell:Skip shell extension 'powershell' for command environment: Not usable outside of PowerShell
[0.470s] DEBUG:colcon.colcon_core.shell:Skip shell extension 'dsv' for command environment
[0.475s] INFO:colcon.colcon_ros.task.ament_cmake.build:Building ROS package in '/home/easha/git/Pick-Place_RS2-1/src/positionconv_package' with build type 'ament_cmake'
[0.475s] INFO:colcon.colcon_cmake.task.cmake.build:Building CMake package in '/home/easha/git/Pick-Place_RS2-1/src/positionconv_package'
[0.476s] INFO:colcon.colcon_core.shell:Skip shell extension 'powershell' for command environment: Not usable outside of PowerShell
[0.476s] DEBUG:colcon.colcon_core.shell:Skip shell extension 'dsv' for command environment
[0.481s] INFO:colcon.colcon_ros.task.ament_cmake.build:Building ROS package in '/home/easha/git/Pick-Place_RS2-1/src/positionprov_package' with build type 'ament_cmake'
[0.482s] INFO:colcon.colcon_cmake.task.cmake.build:Building CMake package in '/home/easha/git/Pick-Place_RS2-1/src/positionprov_package'
[0.482s] INFO:colcon.colcon_core.shell:Skip shell extension 'powershell' for command environment: Not usable outside of PowerShell
[0.482s] DEBUG:colcon.colcon_core.shell:Skip shell extension 'dsv' for command environment
[0.833s] INFO:colcon.colcon_core.task.python.build:Building Python package in '/home/easha/git/Pick-Place_RS2-1/src/arduino_magnet'
[0.833s] INFO:colcon.colcon_core.shell:Skip shell extension 'powershell' for command environment: Not usable outside of PowerShell
[0.833s] DEBUG:colcon.colcon_core.shell:Skip shell extension 'dsv' for command environment
[1.156s] INFO:colcon.colcon_core.task.python.build:Building Python package in '/home/easha/git/Pick-Place_RS2-1/src/Image_processor/image_processor'
[1.156s] INFO:colcon.colcon_core.shell:Skip shell extension 'powershell' for command environment: Not usable outside of PowerShell
[1.156s] DEBUG:colcon.colcon_core.shell:Skip shell extension 'dsv' for command environment
[1.167s] DEBUG:colcon.colcon_core.event_handler.log_command:Invoking command in '/home/easha/git/Pick-Place_RS2-1/build/pick_place': CMAKE_PREFIX_PATH=/home/easha/git/Pick-Place_RS2-1/install/arduino_magnet:/home/easha/ros2_ws/install/image_processor:/opt/ros/humble /usr/bin/cmake --build /home/easha/git/Pick-Place_RS2-1/build/pick_place -- -j8 -l8
[1.175s] DEBUG:colcon.colcon_core.event_handler.log_command:Invoking command in '/home/easha/git/Pick-Place_RS2-1/build/positionconv_package': CMAKE_PREFIX_PATH=/home/easha/git/Pick-Place_RS2-1/install/arduino_magnet:/home/easha/ros2_ws/install/image_processor:/opt/ros/humble /usr/bin/cmake --build /home/easha/git/Pick-Place_RS2-1/build/positionconv_package -- -j8 -l8
[1.180s] DEBUG:colcon.colcon_core.event_handler.log_command:Invoking command in '/home/easha/git/Pick-Place_RS2-1/build/positionprov_package': CMAKE_PREFIX_PATH=/home/easha/git/Pick-Place_RS2-1/install/arduino_magnet:/home/easha/ros2_ws/install/image_processor:/opt/ros/humble /usr/bin/cmake --build /home/easha/git/Pick-Place_RS2-1/build/positionprov_package -- -j8 -l8
[1.320s] DEBUG:colcon.colcon_core.event_handler.log_command:Invoked command in '/home/easha/git/Pick-Place_RS2-1/build/positionprov_package' returned '0': CMAKE_PREFIX_PATH=/home/easha/git/Pick-Place_RS2-1/install/arduino_magnet:/home/easha/ros2_ws/install/image_processor:/opt/ros/humble /usr/bin/cmake --build /home/easha/git/Pick-Place_RS2-1/build/positionprov_package -- -j8 -l8
[1.333s] DEBUG:colcon.colcon_core.event_handler.log_command:Invoking command in '/home/easha/git/Pick-Place_RS2-1/build/positionprov_package': CMAKE_PREFIX_PATH=/home/easha/git/Pick-Place_RS2-1/install/arduino_magnet:/home/easha/ros2_ws/install/image_processor:/opt/ros/humble /usr/bin/cmake --install /home/easha/git/Pick-Place_RS2-1/build/positionprov_package
[1.337s] DEBUG:colcon.colcon_core.event_handler.log_command:Invoked command in '/home/easha/git/Pick-Place_RS2-1/build/pick_place' returned '0': CMAKE_PREFIX_PATH=/home/easha/git/Pick-Place_RS2-1/install/arduino_magnet:/home/easha/ros2_ws/install/image_processor:/opt/ros/humble /usr/bin/cmake --build /home/easha/git/Pick-Place_RS2-1/build/pick_place -- -j8 -l8
[1.339s] DEBUG:colcon.colcon_core.event_handler.log_command:Invoking command in '/home/easha/git/Pick-Place_RS2-1/build/pick_place': CMAKE_PREFIX_PATH=/home/easha/git/Pick-Place_RS2-1/install/arduino_magnet:/home/easha/ros2_ws/install/image_processor:/opt/ros/humble /usr/bin/cmake --install /home/easha/git/Pick-Place_RS2-1/build/pick_place
[1.350s] DEBUG:colcon.colcon_core.event_handler.log_command:Invoked command in '/home/easha/git/Pick-Place_RS2-1/build/positionconv_package' returned '0': CMAKE_PREFIX_PATH=/home/easha/git/Pick-Place_RS2-1/install/arduino_magnet:/home/easha/ros2_ws/install/image_processor:/opt/ros/humble /usr/bin/cmake --build /home/easha/git/Pick-Place_RS2-1/build/positionconv_package -- -j8 -l8
[1.357s] DEBUG:colcon.colcon_core.event_handler.log_command:Invoking command in '/home/easha/git/Pick-Place_RS2-1/build/positionconv_package': CMAKE_PREFIX_PATH=/home/easha/git/Pick-Place_RS2-1/install/arduino_magnet:/home/easha/ros2_ws/install/image_processor:/opt/ros/humble /usr/bin/cmake --install /home/easha/git/Pick-Place_RS2-1/build/positionconv_package
[1.363s] Level 1:colcon.colcon_core.environment:create_environment_scripts_only(positionprov_package)
[1.363s] DEBUG:colcon.colcon_core.event_handler.log_command:Invoked command in '/home/easha/git/Pick-Place_RS2-1/build/positionprov_package' returned '0': CMAKE_PREFIX_PATH=/home/easha/git/Pick-Place_RS2-1/install/arduino_magnet:/home/easha/ros2_ws/install/image_processor:/opt/ros/humble /usr/bin/cmake --install /home/easha/git/Pick-Place_RS2-1/build/positionprov_package
[1.368s] Level 1:colcon.colcon_core.environment:checking '/home/easha/git/Pick-Place_RS2-1/install/positionprov_package' for CMake module files
[1.369s] Level 1:colcon.colcon_core.environment:checking '/home/easha/git/Pick-Place_RS2-1/install/positionprov_package' for CMake config files
[1.370s] Level 1:colcon.colcon_core.shell:create_environment_hook('positionprov_package', 'cmake_prefix_path')
[1.370s] INFO:colcon.colcon_core.shell:Creating environment hook '/home/easha/git/Pick-Place_RS2-1/install/positionprov_package/share/positionprov_package/hook/cmake_prefix_path.ps1'
[1.371s] INFO:colcon.colcon_core.shell:Creating environment descriptor '/home/easha/git/Pick-Place_RS2-1/install/positionprov_package/share/positionprov_package/hook/cmake_prefix_path.dsv'
[1.372s] INFO:colcon.colcon_core.shell:Creating environment hook '/home/easha/git/Pick-Place_RS2-1/install/positionprov_package/share/positionprov_package/hook/cmake_prefix_path.sh'
[1.374s] Level 1:colcon.colcon_core.environment:checking '/home/easha/git/Pick-Place_RS2-1/install/positionprov_package/lib'
[1.375s] Level 1:colcon.colcon_core.environment:checking '/home/easha/git/Pick-Place_RS2-1/install/positionprov_package/bin'
[1.375s] Level 1:colcon.colcon_core.environment:checking '/home/easha/git/Pick-Place_RS2-1/install/positionprov_package/lib/pkgconfig/positionprov_package.pc'
[1.376s] Level 1:colcon.colcon_core.environment:checking '/home/easha/git/Pick-Place_RS2-1/install/positionprov_package/lib/python3.10/site-packages'
[1.377s] Level 1:colcon.colcon_core.environment:checking '/home/easha/git/Pick-Place_RS2-1/install/positionprov_package/bin'
[1.378s] INFO:colcon.colcon_core.shell:Creating package script '/home/easha/git/Pick-Place_RS2-1/install/positionprov_package/share/positionprov_package/package.ps1'
[1.381s] INFO:colcon.colcon_core.shell:Creating package descriptor '/home/easha/git/Pick-Place_RS2-1/install/positionprov_package/share/positionprov_package/package.dsv'
[1.381s] INFO:colcon.colcon_core.shell:Creating package script '/home/easha/git/Pick-Place_RS2-1/install/positionprov_package/share/positionprov_package/package.sh'
[1.382s] INFO:colcon.colcon_core.shell:Creating package script '/home/easha/git/Pick-Place_RS2-1/install/positionprov_package/share/positionprov_package/package.bash'
[1.383s] INFO:colcon.colcon_core.shell:Creating package script '/home/easha/git/Pick-Place_RS2-1/install/positionprov_package/share/positionprov_package/package.zsh'
[1.384s] Level 1:colcon.colcon_core.environment:create_file_with_runtime_dependencies(/home/easha/git/Pick-Place_RS2-1/install/positionprov_package/share/colcon-core/packages/positionprov_package)
[1.385s] Level 1:colcon.colcon_core.environment:create_environment_scripts_only(positionprov_package)
[1.385s] Level 1:colcon.colcon_core.environment:checking '/home/easha/git/Pick-Place_RS2-1/install/positionprov_package' for CMake module files
[1.385s] Level 1:colcon.colcon_core.environment:checking '/home/easha/git/Pick-Place_RS2-1/install/positionprov_package' for CMake config files
[1.386s] Level 1:colcon.colcon_core.shell:create_environment_hook('positionprov_package', 'cmake_prefix_path')
[1.386s] INFO:colcon.colcon_core.shell:Creating environment hook '/home/easha/git/Pick-Place_RS2-1/install/positionprov_package/share/positionprov_package/hook/cmake_prefix_path.ps1'
[1.386s] INFO:colcon.colcon_core.shell:Creating environment descriptor '/home/easha/git/Pick-Place_RS2-1/install/positionprov_package/share/positionprov_package/hook/cmake_prefix_path.dsv'
[1.387s] INFO:colcon.colcon_core.shell:Creating environment hook '/home/easha/git/Pick-Place_RS2-1/install/positionprov_package/share/positionprov_package/hook/cmake_prefix_path.sh'
[1.388s] Level 1:colcon.colcon_core.environment:checking '/home/easha/git/Pick-Place_RS2-1/install/positionprov_package/lib'
[1.388s] Level 1:colcon.colcon_core.environment:checking '/home/easha/git/Pick-Place_RS2-1/install/positionprov_package/bin'
[1.388s] Level 1:colcon.colcon_core.environment:checking '/home/easha/git/Pick-Place_RS2-1/install/positionprov_package/lib/pkgconfig/positionprov_package.pc'
[1.388s] Level 1:colcon.colcon_core.environment:checking '/home/easha/git/Pick-Place_RS2-1/install/positionprov_package/lib/python3.10/site-packages'
[1.388s] Level 1:colcon.colcon_core.environment:checking '/home/easha/git/Pick-Place_RS2-1/install/positionprov_package/bin'
[1.389s] INFO:colcon.colcon_core.shell:Creating package script '/home/easha/git/Pick-Place_RS2-1/install/positionprov_package/share/positionprov_package/package.ps1'
[1.389s] INFO:colcon.colcon_core.shell:Creating package descriptor '/home/easha/git/Pick-Place_RS2-1/install/positionprov_package/share/positionprov_package/package.dsv'
[1.390s] INFO:colcon.colcon_core.shell:Creating package script '/home/easha/git/Pick-Place_RS2-1/install/positionprov_package/share/positionprov_package/package.sh'
[1.391s] INFO:colcon.colcon_core.shell:Creating package script '/home/easha/git/Pick-Place_RS2-1/install/positionprov_package/share/positionprov_package/package.bash'
[1.391s] INFO:colcon.colcon_core.shell:Creating package script '/home/easha/git/Pick-Place_RS2-1/install/positionprov_package/share/positionprov_package/package.zsh'
[1.392s] Level 1:colcon.colcon_core.environment:create_file_with_runtime_dependencies(/home/easha/git/Pick-Place_RS2-1/install/positionprov_package/share/colcon-core/packages/positionprov_package)
[1.393s] Level 1:colcon.colcon_core.environment:create_environment_scripts_only(pick_place)
[1.393s] Level 1:colcon.colcon_core.environment:checking '/home/easha/git/Pick-Place_RS2-1/install/pick_place' for CMake module files
[1.394s] DEBUG:colcon.colcon_core.event_handler.log_command:Invoked command in '/home/easha/git/Pick-Place_RS2-1/build/pick_place' returned '0': CMAKE_PREFIX_PATH=/home/easha/git/Pick-Place_RS2-1/install/arduino_magnet:/home/easha/ros2_ws/install/image_processor:/opt/ros/humble /usr/bin/cmake --install /home/easha/git/Pick-Place_RS2-1/build/pick_place
[1.395s] Level 1:colcon.colcon_core.environment:checking '/home/easha/git/Pick-Place_RS2-1/install/pick_place' for CMake config files
[1.395s] Level 1:colcon.colcon_core.shell:create_environment_hook('pick_place', 'cmake_prefix_path')
[1.396s] INFO:colcon.colcon_core.shell:Creating environment hook '/home/easha/git/Pick-Place_RS2-1/install/pick_place/share/pick_place/hook/cmake_prefix_path.ps1'
[1.396s] INFO:colcon.colcon_core.shell:Creating environment descriptor '/home/easha/git/Pick-Place_RS2-1/install/pick_place/share/pick_place/hook/cmake_prefix_path.dsv'
[1.397s] INFO:colcon.colcon_core.shell:Creating environment hook '/home/easha/git/Pick-Place_RS2-1/install/pick_place/share/pick_place/hook/cmake_prefix_path.sh'
[1.398s] Level 1:colcon.colcon_core.environment:checking '/home/easha/git/Pick-Place_RS2-1/install/pick_place/lib'
[1.398s] Level 1:colcon.colcon_core.environment:checking '/home/easha/git/Pick-Place_RS2-1/install/pick_place/bin'
[1.398s] Level 1:colcon.colcon_core.environment:checking '/home/easha/git/Pick-Place_RS2-1/install/pick_place/lib/pkgconfig/pick_place.pc'
[1.399s] Level 1:colcon.colcon_core.environment:checking '/home/easha/git/Pick-Place_RS2-1/install/pick_place/lib/python3.10/site-packages'
[1.399s] Level 1:colcon.colcon_core.environment:checking '/home/easha/git/Pick-Place_RS2-1/install/pick_place/bin'
[1.399s] INFO:colcon.colcon_core.shell:Creating package script '/home/easha/git/Pick-Place_RS2-1/install/pick_place/share/pick_place/package.ps1'
[1.400s] INFO:colcon.colcon_core.shell:Creating package descriptor '/home/easha/git/Pick-Place_RS2-1/install/pick_place/share/pick_place/package.dsv'
[1.400s] INFO:colcon.colcon_core.shell:Creating package script '/home/easha/git/Pick-Place_RS2-1/install/pick_place/share/pick_place/package.sh'
[1.401s] INFO:colcon.colcon_core.shell:Creating package script '/home/easha/git/Pick-Place_RS2-1/install/pick_place/share/pick_place/package.bash'
[1.401s] INFO:colcon.colcon_core.shell:Creating package script '/home/easha/git/Pick-Place_RS2-1/install/pick_place/share/pick_place/package.zsh'
[1.402s] Level 1:colcon.colcon_core.environment:create_file_with_runtime_dependencies(/home/easha/git/Pick-Place_RS2-1/install/pick_place/share/colcon-core/packages/pick_place)
[1.402s] Level 1:colcon.colcon_core.environment:create_environment_scripts_only(pick_place)
[1.403s] Level 1:colcon.colcon_core.environment:checking '/home/easha/git/Pick-Place_RS2-1/install/pick_place' for CMake module files
[1.403s] Level 1:colcon.colcon_core.environment:checking '/home/easha/git/Pick-Place_RS2-1/install/pick_place' for CMake config files
[1.404s] Level 1:colcon.colcon_core.shell:create_environment_hook('pick_place', 'cmake_prefix_path')
[1.404s] INFO:colcon.colcon_core.shell:Creating environment hook '/home/easha/git/Pick-Place_RS2-1/install/pick_place/share/pick_place/hook/cmake_prefix_path.ps1'
[1.404s] INFO:colcon.colcon_core.shell:Creating environment descriptor '/home/easha/git/Pick-Place_RS2-1/install/pick_place/share/pick_place/hook/cmake_prefix_path.dsv'
[1.405s] INFO:colcon.colcon_core.shell:Creating environment hook '/home/easha/git/Pick-Place_RS2-1/install/pick_place/share/pick_place/hook/cmake_prefix_path.sh'
[1.405s] Level 1:colcon.colcon_core.environment:checking '/home/easha/git/Pick-Place_RS2-1/install/pick_place/lib'
[1.405s] Level 1:colcon.colcon_core.environment:checking '/home/easha/git/Pick-Place_RS2-1/install/pick_place/bin'
[1.406s] Level 1:colcon.colcon_core.environment:checking '/home/easha/git/Pick-Place_RS2-1/install/pick_place/lib/pkgconfig/pick_place.pc'
[1.406s] Level 1:colcon.colcon_core.environment:checking '/home/easha/git/Pick-Place_RS2-1/install/pick_place/lib/python3.10/site-packages'
[1.406s] Level 1:colcon.colcon_core.environment:checking '/home/easha/git/Pick-Place_RS2-1/install/pick_place/bin'
[1.407s] INFO:colcon.colcon_core.shell:Creating package script '/home/easha/git/Pick-Place_RS2-1/install/pick_place/share/pick_place/package.ps1'
[1.407s] INFO:colcon.colcon_core.shell:Creating package descriptor '/home/easha/git/Pick-Place_RS2-1/install/pick_place/share/pick_place/package.dsv'
[1.408s] INFO:colcon.colcon_core.shell:Creating package script '/home/easha/git/Pick-Place_RS2-1/install/pick_place/share/pick_place/package.sh'
[1.408s] INFO:colcon.colcon_core.shell:Creating package script '/home/easha/git/Pick-Place_RS2-1/install/pick_place/share/pick_place/package.bash'
[1.409s] INFO:colcon.colcon_core.shell:Creating package script '/home/easha/git/Pick-Place_RS2-1/install/pick_place/share/pick_place/package.zsh'
[1.409s] Level 1:colcon.colcon_core.environment:create_file_with_runtime_dependencies(/home/easha/git/Pick-Place_RS2-1/install/pick_place/share/colcon-core/packages/pick_place)
[1.410s] Level 1:colcon.colcon_core.environment:create_environment_scripts_only(positionconv_package)
[1.411s] Level 1:colcon.colcon_core.environment:checking '/home/easha/git/Pick-Place_RS2-1/install/positionconv_package' for CMake module files
[1.412s] DEBUG:colcon.colcon_core.event_handler.log_command:Invoked command in '/home/easha/git/Pick-Place_RS2-1/build/positionconv_package' returned '0': CMAKE_PREFIX_PATH=/home/easha/git/Pick-Place_RS2-1/install/arduino_magnet:/home/easha/ros2_ws/install/image_processor:/opt/ros/humble /usr/bin/cmake --install /home/easha/git/Pick-Place_RS2-1/build/positionconv_package
[1.412s] Level 1:colcon.colcon_core.environment:checking '/home/easha/git/Pick-Place_RS2-1/install/positionconv_package' for CMake config files
[1.412s] Level 1:colcon.colcon_core.shell:create_environment_hook('positionconv_package', 'cmake_prefix_path')
[1.413s] INFO:colcon.colcon_core.shell:Creating environment hook '/home/easha/git/Pick-Place_RS2-1/install/positionconv_package/share/positionconv_package/hook/cmake_prefix_path.ps1'
[1.413s] INFO:colcon.colcon_core.shell:Creating environment descriptor '/home/easha/git/Pick-Place_RS2-1/install/positionconv_package/share/positionconv_package/hook/cmake_prefix_path.dsv'
[1.413s] INFO:colcon.colcon_core.shell:Creating environment hook '/home/easha/git/Pick-Place_RS2-1/install/positionconv_package/share/positionconv_package/hook/cmake_prefix_path.sh'
[1.414s] Level 1:colcon.colcon_core.environment:checking '/home/easha/git/Pick-Place_RS2-1/install/positionconv_package/lib'
[1.414s] Level 1:colcon.colcon_core.environment:checking '/home/easha/git/Pick-Place_RS2-1/install/positionconv_package/bin'
[1.414s] Level 1:colcon.colcon_core.environment:checking '/home/easha/git/Pick-Place_RS2-1/install/positionconv_package/lib/pkgconfig/positionconv_package.pc'
[1.414s] Level 1:colcon.colcon_core.environment:checking '/home/easha/git/Pick-Place_RS2-1/install/positionconv_package/lib/python3.10/site-packages'
[1.415s] Level 1:colcon.colcon_core.environment:checking '/home/easha/git/Pick-Place_RS2-1/install/positionconv_package/bin'
[1.415s] INFO:colcon.colcon_core.shell:Creating package script '/home/easha/git/Pick-Place_RS2-1/install/positionconv_package/share/positionconv_package/package.ps1'
[1.415s] INFO:colcon.colcon_core.shell:Creating package descriptor '/home/easha/git/Pick-Place_RS2-1/install/positionconv_package/share/positionconv_package/package.dsv'
[1.416s] INFO:colcon.colcon_core.shell:Creating package script '/home/easha/git/Pick-Place_RS2-1/install/positionconv_package/share/positionconv_package/package.sh'
[1.416s] INFO:colcon.colcon_core.shell:Creating package script '/home/easha/git/Pick-Place_RS2-1/install/positionconv_package/share/positionconv_package/package.bash'
[1.417s] INFO:colcon.colcon_core.shell:Creating package script '/home/easha/git/Pick-Place_RS2-1/install/positionconv_package/share/positionconv_package/package.zsh'
[1.417s] Level 1:colcon.colcon_core.environment:create_file_with_runtime_dependencies(/home/easha/git/Pick-Place_RS2-1/install/positionconv_package/share/colcon-core/packages/positionconv_package)
[1.418s] Level 1:colcon.colcon_core.environment:create_environment_scripts_only(positionconv_package)
[1.418s] Level 1:colcon.colcon_core.environment:checking '/home/easha/git/Pick-Place_RS2-1/install/positionconv_package' for CMake module files
[1.419s] Level 1:colcon.colcon_core.environment:checking '/home/easha/git/Pick-Place_RS2-1/install/positionconv_package' for CMake config files
[1.419s] Level 1:colcon.colcon_core.shell:create_environment_hook('positionconv_package', 'cmake_prefix_path')
[1.419s] INFO:colcon.colcon_core.shell:Creating environment hook '/home/easha/git/Pick-Place_RS2-1/install/positionconv_package/share/positionconv_package/hook/cmake_prefix_path.ps1'
[1.420s] INFO:colcon.colcon_core.shell:Creating environment descriptor '/home/easha/git/Pick-Place_RS2-1/install/positionconv_package/share/positionconv_package/hook/cmake_prefix_path.dsv'
[1.421s] INFO:colcon.colcon_core.shell:Creating environment hook '/home/easha/git/Pick-Place_RS2-1/install/positionconv_package/share/positionconv_package/hook/cmake_prefix_path.sh'
[1.421s] Level 1:colcon.colcon_core.environment:checking '/home/easha/git/Pick-Place_RS2-1/install/positionconv_package/lib'
[1.421s] Level 1:colcon.colcon_core.environment:checking '/home/easha/git/Pick-Place_RS2-1/install/positionconv_package/bin'
[1.421s] Level 1:colcon.colcon_core.environment:checking '/home/easha/git/Pick-Place_RS2-1/install/positionconv_package/lib/pkgconfig/positionconv_package.pc'
[1.422s] Level 1:colcon.colcon_core.environment:checking '/home/easha/git/Pick-Place_RS2-1/install/positionconv_package/lib/python3.10/site-packages'
[1.422s] Level 1:colcon.colcon_core.environment:checking '/home/easha/git/Pick-Place_RS2-1/install/positionconv_package/bin'
[1.422s] INFO:colcon.colcon_core.shell:Creating package script '/home/easha/git/Pick-Place_RS2-1/install/positionconv_package/share/positionconv_package/package.ps1'
[1.423s] INFO:colcon.colcon_core.shell:Creating package descriptor '/home/easha/git/Pick-Place_RS2-1/install/positionconv_package/share/positionconv_package/package.dsv'
[1.424s] INFO:colcon.colcon_core.shell:Creating package script '/home/easha/git/Pick-Place_RS2-1/install/positionconv_package/share/positionconv_package/package.sh'
[1.424s] INFO:colcon.colcon_core.shell:Creating package script '/home/easha/git/Pick-Place_RS2-1/install/positionconv_package/share/positionconv_package/package.bash'
[1.425s] INFO:colcon.colcon_core.shell:Creating package script '/home/easha/git/Pick-Place_RS2-1/install/positionconv_package/share/positionconv_package/package.zsh'
[1.425s] Level 1:colcon.colcon_core.environment:create_file_with_runtime_dependencies(/home/easha/git/Pick-Place_RS2-1/install/positionconv_package/share/colcon-core/packages/positionconv_package)
[1.752s] DEBUG:colcon.colcon_core.event_handler.log_command:Invoking command in '/home/easha/git/Pick-Place_RS2-1/src/arduino_magnet': PYTHONPATH=/home/easha/git/Pick-Place_RS2-1/build/arduino_magnet/prefix_override:/usr/lib/python3/dist-packages/colcon_core/task/python/colcon_distutils_commands:/home/easha/git/Pick-Place_RS2-1/install/arduino_magnet/lib/python3.10/site-packages:${PYTHONPATH} /usr/bin/python3 -W ignore:setup.py install is deprecated -W ignore:easy_install command is deprecated setup.py egg_info --egg-base ../../build/arduino_magnet build --build-base /home/easha/git/Pick-Place_RS2-1/build/arduino_magnet/build install --record /home/easha/git/Pick-Place_RS2-1/build/arduino_magnet/install.log --single-version-externally-managed install_data
[1.781s] DEBUG:colcon.colcon_core.event_handler.log_command:Invoking command in '/home/easha/git/Pick-Place_RS2-1/src/Image_processor/image_processor': PYTHONPATH=/home/easha/git/Pick-Place_RS2-1/build/image_processor/prefix_override:/usr/lib/python3/dist-packages/colcon_core/task/python/colcon_distutils_commands:/home/easha/git/Pick-Place_RS2-1/install/image_processor/lib/python3.10/site-packages:${PYTHONPATH} /usr/bin/python3 -W ignore:setup.py install is deprecated -W ignore:easy_install command is deprecated setup.py egg_info --egg-base ../../../build/image_processor build --build-base /home/easha/git/Pick-Place_RS2-1/build/image_processor/build install --record /home/easha/git/Pick-Place_RS2-1/build/image_processor/install.log --single-version-externally-managed install_data
[2.185s] Level 1:colcon.colcon_core.environment:checking '/home/easha/git/Pick-Place_RS2-1/install/arduino_magnet' for CMake module files
[2.186s] DEBUG:colcon.colcon_core.event_handler.log_command:Invoked command in '/home/easha/git/Pick-Place_RS2-1/src/arduino_magnet' returned '0': PYTHONPATH=/home/easha/git/Pick-Place_RS2-1/build/arduino_magnet/prefix_override:/usr/lib/python3/dist-packages/colcon_core/task/python/colcon_distutils_commands:/home/easha/git/Pick-Place_RS2-1/install/arduino_magnet/lib/python3.10/site-packages:${PYTHONPATH} /usr/bin/python3 -W ignore:setup.py install is deprecated -W ignore:easy_install command is deprecated setup.py egg_info --egg-base ../../build/arduino_magnet build --build-base /home/easha/git/Pick-Place_RS2-1/build/arduino_magnet/build install --record /home/easha/git/Pick-Place_RS2-1/build/arduino_magnet/install.log --single-version-externally-managed install_data
[2.187s] Level 1:colcon.colcon_core.environment:checking '/home/easha/git/Pick-Place_RS2-1/install/arduino_magnet' for CMake config files
[2.187s] Level 1:colcon.colcon_core.environment:checking '/home/easha/git/Pick-Place_RS2-1/install/arduino_magnet/lib'
[2.188s] Level 1:colcon.colcon_core.environment:checking '/home/easha/git/Pick-Place_RS2-1/install/arduino_magnet/bin'
[2.188s] Level 1:colcon.colcon_core.environment:checking '/home/easha/git/Pick-Place_RS2-1/install/arduino_magnet/lib/pkgconfig/arduino_magnet.pc'
[2.188s] Level 1:colcon.colcon_core.environment:checking '/home/easha/git/Pick-Place_RS2-1/install/arduino_magnet/lib/python3.10/site-packages'
[2.188s] Level 1:colcon.colcon_core.shell:create_environment_hook('arduino_magnet', 'pythonpath')
[2.189s] INFO:colcon.colcon_core.shell:Creating environment hook '/home/easha/git/Pick-Place_RS2-1/install/arduino_magnet/share/arduino_magnet/hook/pythonpath.ps1'
[2.189s] INFO:colcon.colcon_core.shell:Creating environment descriptor '/home/easha/git/Pick-Place_RS2-1/install/arduino_magnet/share/arduino_magnet/hook/pythonpath.dsv'
[2.190s] INFO:colcon.colcon_core.shell:Creating environment hook '/home/easha/git/Pick-Place_RS2-1/install/arduino_magnet/share/arduino_magnet/hook/pythonpath.sh'
[2.191s] Level 1:colcon.colcon_core.environment:checking '/home/easha/git/Pick-Place_RS2-1/install/arduino_magnet/bin'
[2.191s] Level 1:colcon.colcon_core.environment:create_environment_scripts_only(arduino_magnet)
[2.191s] INFO:colcon.colcon_core.shell:Creating package script '/home/easha/git/Pick-Place_RS2-1/install/arduino_magnet/share/arduino_magnet/package.ps1'
[2.192s] INFO:colcon.colcon_core.shell:Creating package descriptor '/home/easha/git/Pick-Place_RS2-1/install/arduino_magnet/share/arduino_magnet/package.dsv'
[2.193s] INFO:colcon.colcon_core.shell:Creating package script '/home/easha/git/Pick-Place_RS2-1/install/arduino_magnet/share/arduino_magnet/package.sh'
[2.193s] INFO:colcon.colcon_core.shell:Creating package script '/home/easha/git/Pick-Place_RS2-1/install/arduino_magnet/share/arduino_magnet/package.bash'
[2.194s] INFO:colcon.colcon_core.shell:Creating package script '/home/easha/git/Pick-Place_RS2-1/install/arduino_magnet/share/arduino_magnet/package.zsh'
[2.194s] Level 1:colcon.colcon_core.environment:create_file_with_runtime_dependencies(/home/easha/git/Pick-Place_RS2-1/install/arduino_magnet/share/colcon-core/packages/arduino_magnet)
[2.197s] DEBUG:colcon.colcon_core.event_handler.log_command:Invoked command in '/home/easha/git/Pick-Place_RS2-1/src/Image_processor/image_processor' returned '1': PYTHONPATH=/home/easha/git/Pick-Place_RS2-1/build/image_processor/prefix_override:/usr/lib/python3/dist-packages/colcon_core/task/python/colcon_distutils_commands:/home/easha/git/Pick-Place_RS2-1/install/image_processor/lib/python3.10/site-packages:${PYTHONPATH} /usr/bin/python3 -W ignore:setup.py install is deprecated -W ignore:easy_install command is deprecated setup.py egg_info --egg-base ../../../build/image_processor build --build-base /home/easha/git/Pick-Place_RS2-1/build/image_processor/build install --record /home/easha/git/Pick-Place_RS2-1/build/image_processor/install.log --single-version-externally-managed install_data
[2.206s] DEBUG:colcon.colcon_parallel_executor.executor.parallel:closing loop
[2.207s] DEBUG:colcon.colcon_parallel_executor.executor.parallel:loop closed
[2.207s] DEBUG:colcon.colcon_parallel_executor.executor.parallel:run_until_complete finished with '1'
[2.207s] DEBUG:colcon.colcon_core.event_reactor:joining thread
[2.214s] INFO:colcon.colcon_core.plugin_system:Skipping extension 'colcon_notification.desktop_notification.terminal_notifier': Not used on non-Darwin systems
[2.214s] INFO:colcon.colcon_core.plugin_system:Skipping extension 'colcon_notification.desktop_notification.win32': Not used on non-Windows systems
[2.214s] INFO:colcon.colcon_notification.desktop_notification:Sending desktop notification using 'notify2'
[2.230s] DEBUG:colcon.colcon_core.event_reactor:joined thread
[2.231s] INFO:colcon.colcon_core.shell:Creating prefix script '/home/easha/git/Pick-Place_RS2-1/install/local_setup.ps1'
[2.232s] INFO:colcon.colcon_core.shell:Creating prefix util module '/home/easha/git/Pick-Place_RS2-1/install/_local_setup_util_ps1.py'
[2.234s] INFO:colcon.colcon_core.shell:Creating prefix chain script '/home/easha/git/Pick-Place_RS2-1/install/setup.ps1'
[2.236s] INFO:colcon.colcon_core.shell:Creating prefix script '/home/easha/git/Pick-Place_RS2-1/install/local_setup.sh'
[2.237s] INFO:colcon.colcon_core.shell:Creating prefix util module '/home/easha/git/Pick-Place_RS2-1/install/_local_setup_util_sh.py'
[2.238s] INFO:colcon.colcon_core.shell:Creating prefix chain script '/home/easha/git/Pick-Place_RS2-1/install/setup.sh'
[2.240s] INFO:colcon.colcon_core.shell:Creating prefix script '/home/easha/git/Pick-Place_RS2-1/install/local_setup.bash'
[2.240s] INFO:colcon.colcon_core.shell:Creating prefix chain script '/home/easha/git/Pick-Place_RS2-1/install/setup.bash'
[2.242s] INFO:colcon.colcon_core.shell:Creating prefix script '/home/easha/git/Pick-Place_RS2-1/install/local_setup.zsh'
[2.243s] INFO:colcon.colcon_core.shell:Creating prefix chain script '/home/easha/git/Pick-Place_RS2-1/install/setup.zsh'
