[0.687s] Invoking command in '/home/easha/git/Pick-Place_RS2-1/build/positionconv_package': CMAKE_PREFIX_PATH=/home/easha/git/Pick-Place_RS2-1/install/arduino_magnet:/home/easha/ros2_ws/install/image_processor:/opt/ros/humble /usr/bin/cmake --build /home/easha/git/Pick-Place_RS2-1/build/positionconv_package -- -j8 -l8
[0.787s] [100%] Built target position_subscriber
[0.813s] Invoked command in '/home/easha/git/Pick-Place_RS2-1/build/positionconv_package' returned '0': CMAKE_PREFIX_PATH=/home/easha/git/Pick-Place_RS2-1/install/arduino_magnet:/home/easha/ros2_ws/install/image_processor:/opt/ros/humble /usr/bin/cmake --build /home/easha/git/Pick-Place_RS2-1/build/positionconv_package -- -j8 -l8
[0.816s] Invoking command in '/home/easha/git/Pick-Place_RS2-1/build/positionconv_package': CMAKE_PREFIX_PATH=/home/easha/git/Pick-Place_RS2-1/install/arduino_magnet:/home/easha/ros2_ws/install/image_processor:/opt/ros/humble /usr/bin/cmake --install /home/easha/git/Pick-Place_RS2-1/build/positionconv_package
[0.829s] -- Install configuration: ""
[0.830s] -- Up-to-date: /home/easha/git/Pick-Place_RS2-1/install/positionconv_package/lib/positionconv_package/position_subscriber
[0.830s] -- Up-to-date: /home/easha/git/Pick-Place_RS2-1/install/positionconv_package/share/positionconv_package//launch
[0.830s] -- Up-to-date: /home/easha/git/Pick-Place_RS2-1/install/positionconv_package/share/positionconv_package//launch/position_subscriber.launch.py
[0.831s] -- Up-to-date: /home/easha/git/Pick-Place_RS2-1/install/positionconv_package/share/ament_index/resource_index/package_run_dependencies/positionconv_package
[0.831s] -- Up-to-date: /home/easha/git/Pick-Place_RS2-1/install/positionconv_package/share/ament_index/resource_index/parent_prefix_path/positionconv_package
[0.832s] -- Up-to-date: /home/easha/git/Pick-Place_RS2-1/install/positionconv_package/share/positionconv_package/environment/ament_prefix_path.sh
[0.832s] -- Up-to-date: /home/easha/git/Pick-Place_RS2-1/install/positionconv_package/share/positionconv_package/environment/ament_prefix_path.dsv
[0.833s] -- Up-to-date: /home/easha/git/Pick-Place_RS2-1/install/positionconv_package/share/positionconv_package/environment/path.sh
[0.834s] -- Up-to-date: /home/easha/git/Pick-Place_RS2-1/install/positionconv_package/share/positionconv_package/environment/path.dsv
[0.835s] -- Up-to-date: /home/easha/git/Pick-Place_RS2-1/install/positionconv_package/share/positionconv_package/local_setup.bash
[0.835s] -- Up-to-date: /home/easha/git/Pick-Place_RS2-1/install/positionconv_package/share/positionconv_package/local_setup.sh
[0.835s] -- Up-to-date: /home/easha/git/Pick-Place_RS2-1/install/positionconv_package/share/positionconv_package/local_setup.zsh
[0.835s] -- Up-to-date: /home/easha/git/Pick-Place_RS2-1/install/positionconv_package/share/positionconv_package/local_setup.dsv
[0.835s] -- Installing: /home/easha/git/Pick-Place_RS2-1/install/positionconv_package/share/positionconv_package/package.dsv
[0.836s] -- Up-to-date: /home/easha/git/Pick-Place_RS2-1/install/positionconv_package/share/ament_index/resource_index/packages/positionconv_package
[0.836s] -- Up-to-date: /home/easha/git/Pick-Place_RS2-1/install/positionconv_package/share/positionconv_package/cmake/positionconv_packageConfig.cmake
[0.836s] -- Up-to-date: /home/easha/git/Pick-Place_RS2-1/install/positionconv_package/share/positionconv_package/cmake/positionconv_packageConfig-version.cmake
[0.836s] -- Up-to-date: /home/easha/git/Pick-Place_RS2-1/install/positionconv_package/share/positionconv_package/package.xml
[0.861s] Invoked command in '/home/easha/git/Pick-Place_RS2-1/build/positionconv_package' returned '0': CMAKE_PREFIX_PATH=/home/easha/git/Pick-Place_RS2-1/install/arduino_magnet:/home/easha/ros2_ws/install/image_processor:/opt/ros/humble /usr/bin/cmake --install /home/easha/git/Pick-Place_RS2-1/build/positionconv_package
