[0.008s] Invoking command in '/home/louis/ros2_ws/src/positionprov_package/build/positionprov_package': CMAKE_PREFIX_PATH=/opt/ros/humble /usr/bin/cmake /home/louis/ros2_ws/src/positionprov_package -DCMAKE_INSTALL_PREFIX=/home/louis/ros2_ws/src/positionprov_package/install/positionprov_package
[0.067s] -- The C compiler identification is GNU 11.4.0
[0.110s] -- The CXX compiler identification is GNU 11.4.0
[0.116s] -- Detecting C compiler ABI info
[0.170s] -- Detecting C compiler ABI info - done
[0.177s] -- Check for working C compiler: /usr/bin/cc - skipped
[0.177s] -- Detecting C compile features
[0.178s] -- Detecting C compile features - done
[0.180s] -- Detecting CXX compiler ABI info
[0.242s] -- Detecting CXX compiler ABI info - done
[0.249s] -- Check for working CXX compiler: /usr/bin/c++ - skipped
[0.250s] -- Detecting CXX compile features
[0.250s] -- Detecting CXX compile features - done
[0.252s] -- Found ament_cmake: 1.3.11 (/opt/ros/humble/share/ament_cmake/cmake)
[0.376s] -- Found Python3: /usr/bin/python3 (found version "3.10.12") found components: Interpreter 
[0.455s] -- Found rclcpp: 16.0.11 (/opt/ros/humble/share/rclcpp/cmake)
[0.492s] -- Found rosidl_generator_c: 3.1.6 (/opt/ros/humble/share/rosidl_generator_c/cmake)
[0.497s] -- Found rosidl_adapter: 3.1.6 (/opt/ros/humble/share/rosidl_adapter/cmake)
[0.505s] -- Found rosidl_generator_cpp: 3.1.6 (/opt/ros/humble/share/rosidl_generator_cpp/cmake)
[0.515s] -- Using all available rosidl_typesupport_c: rosidl_typesupport_fastrtps_c;rosidl_typesupport_introspection_c
[0.529s] -- Using all available rosidl_typesupport_cpp: rosidl_typesupport_fastrtps_cpp;rosidl_typesupport_introspection_cpp
[0.568s] -- Found rmw_implementation_cmake: 6.1.2 (/opt/ros/humble/share/rmw_implementation_cmake/cmake)
[0.577s] -- Found rmw_fastrtps_cpp: 6.2.7 (/opt/ros/humble/share/rmw_fastrtps_cpp/cmake)
[0.633s] -- Found OpenSSL: /usr/lib/x86_64-linux-gnu/libcrypto.so (found version "3.0.2")  
[0.655s] -- Found FastRTPS: /opt/ros/humble/include  
[0.686s] -- Using RMW implementation 'rmw_fastrtps_cpp' as default
[0.693s] -- Looking for pthread.h
[0.749s] -- Looking for pthread.h - found
[0.750s] -- Performing Test CMAKE_HAVE_LIBC_PTHREAD
[0.806s] -- Performing Test CMAKE_HAVE_LIBC_PTHREAD - Success
[0.807s] -- Found Threads: TRUE  
[0.856s] -- Found geometry_msgs: 4.2.4 (/opt/ros/humble/share/geometry_msgs/cmake)
[0.869s] -- Found ament_lint_auto: 0.12.11 (/opt/ros/humble/share/ament_lint_auto/cmake)
[0.944s] -- Added test 'cppcheck' to perform static code analysis on C / C++ code
[0.944s] -- Configured cppcheck include dirs: 
[0.944s] -- Configured cppcheck exclude dirs and/or files: 
[0.945s] -- Added test 'flake8' to check Python code syntax and style conventions
[0.948s] -- Added test 'lint_cmake' to check CMake code style
[0.949s] -- Added test 'pep257' to check Python code against some of the docstring style conventions in PEP 257
[0.956s] -- Added test 'uncrustify' to check C / C++ code style
[0.957s] -- Configured uncrustify additional arguments: 
[0.958s] -- Added test 'xmllint' to check XML markup files
[0.959s] -- Configuring done
[0.966s] -- Generating done
[0.969s] -- Build files have been written to: /home/louis/ros2_ws/src/positionprov_package/build/positionprov_package
[0.976s] Invoked command in '/home/louis/ros2_ws/src/positionprov_package/build/positionprov_package' returned '0': CMAKE_PREFIX_PATH=/opt/ros/humble /usr/bin/cmake /home/louis/ros2_ws/src/positionprov_package -DCMAKE_INSTALL_PREFIX=/home/louis/ros2_ws/src/positionprov_package/install/positionprov_package
[0.978s] Invoking command in '/home/louis/ros2_ws/src/positionprov_package/build/positionprov_package': CMAKE_PREFIX_PATH=/opt/ros/humble /usr/bin/cmake --build /home/louis/ros2_ws/src/positionprov_package/build/positionprov_package -- -j12 -l12
[1.015s] [ 50%] [32mBuilding CXX object CMakeFiles/position_prov.dir/src/PositionProv.cpp.o[0m
[4.438s] [100%] [32m[1mLinking CXX executable position_prov[0m
[4.578s] [100%] Built target position_prov
[4.589s] Invoked command in '/home/louis/ros2_ws/src/positionprov_package/build/positionprov_package' returned '0': CMAKE_PREFIX_PATH=/opt/ros/humble /usr/bin/cmake --build /home/louis/ros2_ws/src/positionprov_package/build/positionprov_package -- -j12 -l12
[4.597s] Invoking command in '/home/louis/ros2_ws/src/positionprov_package/build/positionprov_package': CMAKE_PREFIX_PATH=/opt/ros/humble /usr/bin/cmake --install /home/louis/ros2_ws/src/positionprov_package/build/positionprov_package
[4.603s] -- Install configuration: ""
[4.603s] -- Installing: /home/louis/ros2_ws/src/positionprov_package/install/positionprov_package/lib/positionprov_package/position_prov
[4.603s] -- Set runtime path of "/home/louis/ros2_ws/src/positionprov_package/install/positionprov_package/lib/positionprov_package/position_prov" to ""
[4.604s] -- Installing: /home/louis/ros2_ws/src/positionprov_package/install/positionprov_package/share/ament_index/resource_index/package_run_dependencies/positionprov_package
[4.604s] -- Installing: /home/louis/ros2_ws/src/positionprov_package/install/positionprov_package/share/ament_index/resource_index/parent_prefix_path/positionprov_package
[4.604s] -- Installing: /home/louis/ros2_ws/src/positionprov_package/install/positionprov_package/share/positionprov_package/environment/ament_prefix_path.sh
[4.604s] -- Installing: /home/louis/ros2_ws/src/positionprov_package/install/positionprov_package/share/positionprov_package/environment/ament_prefix_path.dsv
[4.604s] -- Installing: /home/louis/ros2_ws/src/positionprov_package/install/positionprov_package/share/positionprov_package/environment/path.sh
[4.604s] -- Installing: /home/louis/ros2_ws/src/positionprov_package/install/positionprov_package/share/positionprov_package/environment/path.dsv
[4.604s] -- Installing: /home/louis/ros2_ws/src/positionprov_package/install/positionprov_package/share/positionprov_package/local_setup.bash
[4.604s] -- Installing: /home/louis/ros2_ws/src/positionprov_package/install/positionprov_package/share/positionprov_package/local_setup.sh
[4.604s] -- Installing: /home/louis/ros2_ws/src/positionprov_package/install/positionprov_package/share/positionprov_package/local_setup.zsh
[4.604s] -- Installing: /home/louis/ros2_ws/src/positionprov_package/install/positionprov_package/share/positionprov_package/local_setup.dsv
[4.605s] -- Installing: /home/louis/ros2_ws/src/positionprov_package/install/positionprov_package/share/positionprov_package/package.dsv
[4.605s] -- Installing: /home/louis/ros2_ws/src/positionprov_package/install/positionprov_package/share/ament_index/resource_index/packages/positionprov_package
[4.605s] -- Installing: /home/louis/ros2_ws/src/positionprov_package/install/positionprov_package/share/positionprov_package/cmake/positionprov_packageConfig.cmake
[4.605s] -- Installing: /home/louis/ros2_ws/src/positionprov_package/install/positionprov_package/share/positionprov_package/cmake/positionprov_packageConfig-version.cmake
[4.605s] -- Installing: /home/louis/ros2_ws/src/positionprov_package/install/positionprov_package/share/positionprov_package/package.xml
[4.606s] Invoked command in '/home/louis/ros2_ws/src/positionprov_package/build/positionprov_package' returned '0': CMAKE_PREFIX_PATH=/opt/ros/humble /usr/bin/cmake --install /home/louis/ros2_ws/src/positionprov_package/build/positionprov_package
