[0.142s] DEBUG:colcon:Command line arguments: ['/usr/bin/colcon', 'build']
[0.142s] DEBUG:colcon:Parsed command line arguments: Namespace(log_base=None, log_level=None, verb_name='build', build_base='build', install_base='install', merge_install=False, symlink_install=False, test_result_base=None, continue_on_error=False, executor='parallel', parallel_workers=8, event_handlers=None, ignore_user_meta=False, metas=['./colcon.meta'], base_paths=['.'], packages_ignore=None, packages_ignore_regex=None, paths=None, packages_up_to=None, packages_up_to_regex=None, packages_above=None, packages_above_and_dependencies=None, packages_above_depth=None, packages_select_by_dep=None, packages_skip_by_dep=None, packages_skip_up_to=None, packages_select_build_failed=False, packages_skip_build_finished=False, packages_select_test_failures=False, packages_skip_test_passed=False, packages_select=None, packages_skip=None, packages_select_regex=None, packages_skip_regex=None, packages_start=None, packages_end=None, allow_overriding=[], cmake_args=None, cmake_target=None, cmake_target_skip_unavailable=False, cmake_clean_cache=False, cmake_clean_first=False, cmake_force_configure=False, ament_cmake_args=None, catkin_cmake_args=None, catkin_skip_building_tests=False, mixin_files=None, mixin=None, verb_parser=<colcon_mixin.mixin.mixin_argument.MixinArgumentDecorator object at 0x796048c4e590>, verb_extension=<colcon_core.verb.build.BuildVerb object at 0x796048dcbd00>, main=<bound method BuildVerb.main of <colcon_core.verb.build.BuildVerb object at 0x796048dcbd00>>, mixin_verb=('build',))
[0.333s] Level 1:colcon.colcon_core.package_discovery:discover_packages(colcon_meta) check parameters
[0.333s] Level 1:colcon.colcon_core.package_discovery:discover_packages(recursive) check parameters
[0.333s] Level 1:colcon.colcon_core.package_discovery:discover_packages(ignore) check parameters
[0.333s] Level 1:colcon.colcon_core.package_discovery:discover_packages(path) check parameters
[0.333s] Level 1:colcon.colcon_core.package_discovery:discover_packages(colcon_meta) discover
[0.333s] Level 1:colcon.colcon_core.package_discovery:discover_packages(recursive) discover
[0.333s] INFO:colcon.colcon_core.package_discovery:Crawling recursively for packages in '/home/easha/git/Pick-Place_RS2-1'
[0.333s] Level 1:colcon.colcon_core.package_identification:_identify(.) by extensions ['ignore', 'ignore_ament_install']
[0.333s] Level 1:colcon.colcon_core.package_identification:_identify(.) by extension 'ignore'
[0.333s] Level 1:colcon.colcon_core.package_identification:_identify(.) by extension 'ignore_ament_install'
[0.333s] Level 1:colcon.colcon_core.package_identification:_identify(.) by extensions ['colcon_pkg']
[0.333s] Level 1:colcon.colcon_core.package_identification:_identify(.) by extension 'colcon_pkg'
[0.333s] Level 1:colcon.colcon_core.package_identification:_identify(.) by extensions ['colcon_meta']
[0.333s] Level 1:colcon.colcon_core.package_identification:_identify(.) by extension 'colcon_meta'
[0.334s] Level 1:colcon.colcon_core.package_identification:_identify(.) by extensions ['ros']
[0.334s] Level 1:colcon.colcon_core.package_identification:_identify(.) by extension 'ros'
[0.345s] Level 1:colcon.colcon_core.package_identification:_identify(.) by extensions ['cmake', 'python']
[0.345s] Level 1:colcon.colcon_core.package_identification:_identify(.) by extension 'cmake'
[0.345s] Level 1:colcon.colcon_core.package_identification:_identify(.) by extension 'python'
[0.345s] Level 1:colcon.colcon_core.package_identification:_identify(.) by extensions ['python_setup_py']
[0.345s] Level 1:colcon.colcon_core.package_identification:_identify(.) by extension 'python_setup_py'
[0.345s] Level 1:colcon.colcon_core.package_identification:_identify(build) by extensions ['ignore', 'ignore_ament_install']
[0.345s] Level 1:colcon.colcon_core.package_identification:_identify(build) by extension 'ignore'
[0.346s] Level 1:colcon.colcon_core.package_identification:_identify(build) ignored
[0.346s] Level 1:colcon.colcon_core.package_identification:_identify(install) by extensions ['ignore', 'ignore_ament_install']
[0.346s] Level 1:colcon.colcon_core.package_identification:_identify(install) by extension 'ignore'
[0.346s] Level 1:colcon.colcon_core.package_identification:_identify(install) ignored
[0.346s] Level 1:colcon.colcon_core.package_identification:_identify(log) by extensions ['ignore', 'ignore_ament_install']
[0.346s] Level 1:colcon.colcon_core.package_identification:_identify(log) by extension 'ignore'
[0.346s] Level 1:colcon.colcon_core.package_identification:_identify(log) ignored
[0.346s] Level 1:colcon.colcon_core.package_identification:_identify(src) by extensions ['ignore', 'ignore_ament_install']
[0.346s] Level 1:colcon.colcon_core.package_identification:_identify(src) by extension 'ignore'
[0.346s] Level 1:colcon.colcon_core.package_identification:_identify(src) by extension 'ignore_ament_install'
[0.346s] Level 1:colcon.colcon_core.package_identification:_identify(src) by extensions ['colcon_pkg']
[0.346s] Level 1:colcon.colcon_core.package_identification:_identify(src) by extension 'colcon_pkg'
[0.346s] Level 1:colcon.colcon_core.package_identification:_identify(src) by extensions ['colcon_meta']
[0.346s] Level 1:colcon.colcon_core.package_identification:_identify(src) by extension 'colcon_meta'
[0.347s] Level 1:colcon.colcon_core.package_identification:_identify(src) by extensions ['ros']
[0.347s] Level 1:colcon.colcon_core.package_identification:_identify(src) by extension 'ros'
[0.347s] Level 1:colcon.colcon_core.package_identification:_identify(src) by extensions ['cmake', 'python']
[0.347s] Level 1:colcon.colcon_core.package_identification:_identify(src) by extension 'cmake'
[0.347s] Level 1:colcon.colcon_core.package_identification:_identify(src) by extension 'python'
[0.347s] Level 1:colcon.colcon_core.package_identification:_identify(src) by extensions ['python_setup_py']
[0.347s] Level 1:colcon.colcon_core.package_identification:_identify(src) by extension 'python_setup_py'
[0.347s] Level 1:colcon.colcon_core.package_identification:_identify(src/Image_processor) by extensions ['ignore', 'ignore_ament_install']
[0.347s] Level 1:colcon.colcon_core.package_identification:_identify(src/Image_processor) by extension 'ignore'
[0.347s] Level 1:colcon.colcon_core.package_identification:_identify(src/Image_processor) by extension 'ignore_ament_install'
[0.347s] Level 1:colcon.colcon_core.package_identification:_identify(src/Image_processor) by extensions ['colcon_pkg']
[0.347s] Level 1:colcon.colcon_core.package_identification:_identify(src/Image_processor) by extension 'colcon_pkg'
[0.347s] Level 1:colcon.colcon_core.package_identification:_identify(src/Image_processor) by extensions ['colcon_meta']
[0.347s] Level 1:colcon.colcon_core.package_identification:_identify(src/Image_processor) by extension 'colcon_meta'
[0.347s] Level 1:colcon.colcon_core.package_identification:_identify(src/Image_processor) by extensions ['ros']
[0.347s] Level 1:colcon.colcon_core.package_identification:_identify(src/Image_processor) by extension 'ros'
[0.347s] Level 1:colcon.colcon_core.package_identification:_identify(src/Image_processor) by extensions ['cmake', 'python']
[0.347s] Level 1:colcon.colcon_core.package_identification:_identify(src/Image_processor) by extension 'cmake'
[0.348s] Level 1:colcon.colcon_core.package_identification:_identify(src/Image_processor) by extension 'python'
[0.348s] Level 1:colcon.colcon_core.package_identification:_identify(src/Image_processor) by extensions ['python_setup_py']
[0.348s] Level 1:colcon.colcon_core.package_identification:_identify(src/Image_processor) by extension 'python_setup_py'
[0.348s] Level 1:colcon.colcon_core.package_identification:_identify(src/Image_processor/build) by extensions ['ignore', 'ignore_ament_install']
[0.348s] Level 1:colcon.colcon_core.package_identification:_identify(src/Image_processor/build) by extension 'ignore'
[0.348s] Level 1:colcon.colcon_core.package_identification:_identify(src/Image_processor/build) ignored
[0.348s] Level 1:colcon.colcon_core.package_identification:_identify(src/Image_processor/image_processor) by extensions ['ignore', 'ignore_ament_install']
[0.348s] Level 1:colcon.colcon_core.package_identification:_identify(src/Image_processor/image_processor) by extension 'ignore'
[0.348s] Level 1:colcon.colcon_core.package_identification:_identify(src/Image_processor/image_processor) by extension 'ignore_ament_install'
[0.348s] Level 1:colcon.colcon_core.package_identification:_identify(src/Image_processor/image_processor) by extensions ['colcon_pkg']
[0.348s] Level 1:colcon.colcon_core.package_identification:_identify(src/Image_processor/image_processor) by extension 'colcon_pkg'
[0.348s] Level 1:colcon.colcon_core.package_identification:_identify(src/Image_processor/image_processor) by extensions ['colcon_meta']
[0.348s] Level 1:colcon.colcon_core.package_identification:_identify(src/Image_processor/image_processor) by extension 'colcon_meta'
[0.348s] Level 1:colcon.colcon_core.package_identification:_identify(src/Image_processor/image_processor) by extensions ['ros']
[0.348s] Level 1:colcon.colcon_core.package_identification:_identify(src/Image_processor/image_processor) by extension 'ros'
[0.351s] DEBUG:colcon.colcon_core.package_identification:Package 'src/Image_processor/image_processor' with type 'ros.ament_python' and name 'image_processor'
[0.351s] Level 1:colcon.colcon_core.package_identification:_identify(src/Image_processor/install) by extensions ['ignore', 'ignore_ament_install']
[0.351s] Level 1:colcon.colcon_core.package_identification:_identify(src/Image_processor/install) by extension 'ignore'
[0.351s] Level 1:colcon.colcon_core.package_identification:_identify(src/Image_processor/install) ignored
[0.352s] Level 1:colcon.colcon_core.package_identification:_identify(src/Image_processor/log) by extensions ['ignore', 'ignore_ament_install']
[0.352s] Level 1:colcon.colcon_core.package_identification:_identify(src/Image_processor/log) by extension 'ignore'
[0.352s] Level 1:colcon.colcon_core.package_identification:_identify(src/Image_processor/log) ignored
[0.352s] Level 1:colcon.colcon_core.package_identification:_identify(src/arduino_magnet) by extensions ['ignore', 'ignore_ament_install']
[0.352s] Level 1:colcon.colcon_core.package_identification:_identify(src/arduino_magnet) by extension 'ignore'
[0.352s] Level 1:colcon.colcon_core.package_identification:_identify(src/arduino_magnet) by extension 'ignore_ament_install'
[0.352s] Level 1:colcon.colcon_core.package_identification:_identify(src/arduino_magnet) by extensions ['colcon_pkg']
[0.352s] Level 1:colcon.colcon_core.package_identification:_identify(src/arduino_magnet) by extension 'colcon_pkg'
[0.352s] Level 1:colcon.colcon_core.package_identification:_identify(src/arduino_magnet) by extensions ['colcon_meta']
[0.352s] Level 1:colcon.colcon_core.package_identification:_identify(src/arduino_magnet) by extension 'colcon_meta'
[0.352s] Level 1:colcon.colcon_core.package_identification:_identify(src/arduino_magnet) by extensions ['ros']
[0.352s] Level 1:colcon.colcon_core.package_identification:_identify(src/arduino_magnet) by extension 'ros'
[0.353s] DEBUG:colcon.colcon_core.package_identification:Package 'src/arduino_magnet' with type 'ros.ament_python' and name 'arduino_magnet'
[0.353s] Level 1:colcon.colcon_core.package_identification:_identify(src/build) by extensions ['ignore', 'ignore_ament_install']
[0.353s] Level 1:colcon.colcon_core.package_identification:_identify(src/build) by extension 'ignore'
[0.353s] Level 1:colcon.colcon_core.package_identification:_identify(src/build) ignored
[0.353s] Level 1:colcon.colcon_core.package_identification:_identify(src/pick_place) by extensions ['ignore', 'ignore_ament_install']
[0.353s] Level 1:colcon.colcon_core.package_identification:_identify(src/pick_place) by extension 'ignore'
[0.353s] Level 1:colcon.colcon_core.package_identification:_identify(src/pick_place) by extension 'ignore_ament_install'
[0.353s] Level 1:colcon.colcon_core.package_identification:_identify(src/pick_place) by extensions ['colcon_pkg']
[0.353s] Level 1:colcon.colcon_core.package_identification:_identify(src/pick_place) by extension 'colcon_pkg'
[0.353s] Level 1:colcon.colcon_core.package_identification:_identify(src/pick_place) by extensions ['colcon_meta']
[0.353s] Level 1:colcon.colcon_core.package_identification:_identify(src/pick_place) by extension 'colcon_meta'
[0.353s] Level 1:colcon.colcon_core.package_identification:_identify(src/pick_place) by extensions ['ros']
[0.353s] Level 1:colcon.colcon_core.package_identification:_identify(src/pick_place) by extension 'ros'
[0.354s] DEBUG:colcon.colcon_core.package_identification:Package 'src/pick_place' with type 'ros.ament_cmake' and name 'pick_place'
[0.354s] Level 1:colcon.colcon_core.package_identification:_identify(src/positionconv_package) by extensions ['ignore', 'ignore_ament_install']
[0.354s] Level 1:colcon.colcon_core.package_identification:_identify(src/positionconv_package) by extension 'ignore'
[0.354s] Level 1:colcon.colcon_core.package_identification:_identify(src/positionconv_package) by extension 'ignore_ament_install'
[0.354s] Level 1:colcon.colcon_core.package_identification:_identify(src/positionconv_package) by extensions ['colcon_pkg']
[0.354s] Level 1:colcon.colcon_core.package_identification:_identify(src/positionconv_package) by extension 'colcon_pkg'
[0.354s] Level 1:colcon.colcon_core.package_identification:_identify(src/positionconv_package) by extensions ['colcon_meta']
[0.354s] Level 1:colcon.colcon_core.package_identification:_identify(src/positionconv_package) by extension 'colcon_meta'
[0.354s] Level 1:colcon.colcon_core.package_identification:_identify(src/positionconv_package) by extensions ['ros']
[0.354s] Level 1:colcon.colcon_core.package_identification:_identify(src/positionconv_package) by extension 'ros'
[0.357s] DEBUG:colcon.colcon_core.package_identification:Package 'src/positionconv_package' with type 'ros.ament_cmake' and name 'positionconv_package'
[0.357s] Level 1:colcon.colcon_core.package_identification:_identify(src/positionprov_package) by extensions ['ignore', 'ignore_ament_install']
[0.357s] Level 1:colcon.colcon_core.package_identification:_identify(src/positionprov_package) by extension 'ignore'
[0.357s] Level 1:colcon.colcon_core.package_identification:_identify(src/positionprov_package) by extension 'ignore_ament_install'
[0.357s] Level 1:colcon.colcon_core.package_identification:_identify(src/positionprov_package) by extensions ['colcon_pkg']
[0.357s] Level 1:colcon.colcon_core.package_identification:_identify(src/positionprov_package) by extension 'colcon_pkg'
[0.357s] Level 1:colcon.colcon_core.package_identification:_identify(src/positionprov_package) by extensions ['colcon_meta']
[0.357s] Level 1:colcon.colcon_core.package_identification:_identify(src/positionprov_package) by extension 'colcon_meta'
[0.357s] Level 1:colcon.colcon_core.package_identification:_identify(src/positionprov_package) by extensions ['ros']
[0.357s] Level 1:colcon.colcon_core.package_identification:_identify(src/positionprov_package) by extension 'ros'
[0.358s] DEBUG:colcon.colcon_core.package_identification:Package 'src/positionprov_package' with type 'ros.ament_cmake' and name 'positionprov_package'
[0.358s] Level 1:colcon.colcon_core.package_discovery:discover_packages(recursive) using defaults
[0.358s] Level 1:colcon.colcon_core.package_discovery:discover_packages(ignore) discover
[0.358s] Level 1:colcon.colcon_core.package_discovery:discover_packages(ignore) using defaults
[0.358s] Level 1:colcon.colcon_core.package_discovery:discover_packages(path) discover
[0.358s] Level 1:colcon.colcon_core.package_discovery:discover_packages(path) using defaults
[0.394s] Level 1:colcon.colcon_core.package_discovery:discover_packages(prefix_path) check parameters
[0.394s] Level 1:colcon.colcon_core.package_discovery:discover_packages(prefix_path) discover
[0.395s] WARNING:colcon.colcon_ros.prefix_path.ament:The path '/home/easha/ros2_ws/install/image_processor' in the environment variable AMENT_PREFIX_PATH doesn't exist
[0.396s] DEBUG:colcon.colcon_installed_package_information.package_discovery:Found 4 installed packages in /home/easha/git/Pick-Place_RS2-1/install
[0.397s] DEBUG:colcon.colcon_installed_package_information.package_discovery:Found 0 installed packages in /home/easha/git/Pick-Place_RS2-1/src/Image_processor/install
[0.397s] DEBUG:colcon.colcon_installed_package_information.package_discovery:Found 0 installed packages in /home/easha/ros2_ws/install
[0.399s] DEBUG:colcon.colcon_installed_package_information.package_discovery:Found 385 installed packages in /opt/ros/humble
[0.401s] Level 1:colcon.colcon_core.package_discovery:discover_packages(prefix_path) using defaults
[0.463s] Level 5:colcon.colcon_core.verb:set package 'arduino_magnet' build argument 'cmake_args' from command line to 'None'
[0.463s] Level 5:colcon.colcon_core.verb:set package 'arduino_magnet' build argument 'cmake_target' from command line to 'None'
[0.463s] Level 5:colcon.colcon_core.verb:set package 'arduino_magnet' build argument 'cmake_target_skip_unavailable' from command line to 'False'
[0.463s] Level 5:colcon.colcon_core.verb:set package 'arduino_magnet' build argument 'cmake_clean_cache' from command line to 'False'
[0.463s] Level 5:colcon.colcon_core.verb:set package 'arduino_magnet' build argument 'cmake_clean_first' from command line to 'False'
[0.463s] Level 5:colcon.colcon_core.verb:set package 'arduino_magnet' build argument 'cmake_force_configure' from command line to 'False'
[0.463s] Level 5:colcon.colcon_core.verb:set package 'arduino_magnet' build argument 'ament_cmake_args' from command line to 'None'
[0.463s] Level 5:colcon.colcon_core.verb:set package 'arduino_magnet' build argument 'catkin_cmake_args' from command line to 'None'
[0.463s] Level 5:colcon.colcon_core.verb:set package 'arduino_magnet' build argument 'catkin_skip_building_tests' from command line to 'False'
[0.463s] DEBUG:colcon.colcon_core.verb:Building package 'arduino_magnet' with the following arguments: {'ament_cmake_args': None, 'build_base': '/home/easha/git/Pick-Place_RS2-1/build/arduino_magnet', 'catkin_cmake_args': None, 'catkin_skip_building_tests': False, 'cmake_args': None, 'cmake_clean_cache': False, 'cmake_clean_first': False, 'cmake_force_configure': False, 'cmake_target': None, 'cmake_target_skip_unavailable': False, 'install_base': '/home/easha/git/Pick-Place_RS2-1/install/arduino_magnet', 'merge_install': False, 'path': '/home/easha/git/Pick-Place_RS2-1/src/arduino_magnet', 'symlink_install': False, 'test_result_base': None}
[0.464s] Level 5:colcon.colcon_core.verb:set package 'image_processor' build argument 'cmake_args' from command line to 'None'
[0.464s] Level 5:colcon.colcon_core.verb:set package 'image_processor' build argument 'cmake_target' from command line to 'None'
[0.464s] Level 5:colcon.colcon_core.verb:set package 'image_processor' build argument 'cmake_target_skip_unavailable' from command line to 'False'
[0.464s] Level 5:colcon.colcon_core.verb:set package 'image_processor' build argument 'cmake_clean_cache' from command line to 'False'
[0.464s] Level 5:colcon.colcon_core.verb:set package 'image_processor' build argument 'cmake_clean_first' from command line to 'False'
[0.464s] Level 5:colcon.colcon_core.verb:set package 'image_processor' build argument 'cmake_force_configure' from command line to 'False'
[0.464s] Level 5:colcon.colcon_core.verb:set package 'image_processor' build argument 'ament_cmake_args' from command line to 'None'
[0.464s] Level 5:colcon.colcon_core.verb:set package 'image_processor' build argument 'catkin_cmake_args' from command line to 'None'
[0.464s] Level 5:colcon.colcon_core.verb:set package 'image_processor' build argument 'catkin_skip_building_tests' from command line to 'False'
[0.464s] DEBUG:colcon.colcon_core.verb:Building package 'image_processor' with the following arguments: {'ament_cmake_args': None, 'build_base': '/home/easha/git/Pick-Place_RS2-1/build/image_processor', 'catkin_cmake_args': None, 'catkin_skip_building_tests': False, 'cmake_args': None, 'cmake_clean_cache': False, 'cmake_clean_first': False, 'cmake_force_configure': False, 'cmake_target': None, 'cmake_target_skip_unavailable': False, 'install_base': '/home/easha/git/Pick-Place_RS2-1/install/image_processor', 'merge_install': False, 'path': '/home/easha/git/Pick-Place_RS2-1/src/Image_processor/image_processor', 'symlink_install': False, 'test_result_base': None}
[0.464s] Level 5:colcon.colcon_core.verb:set package 'pick_place' build argument 'cmake_args' from command line to 'None'
[0.464s] Level 5:colcon.colcon_core.verb:set package 'pick_place' build argument 'cmake_target' from command line to 'None'
[0.464s] Level 5:colcon.colcon_core.verb:set package 'pick_place' build argument 'cmake_target_skip_unavailable' from command line to 'False'
[0.464s] Level 5:colcon.colcon_core.verb:set package 'pick_place' build argument 'cmake_clean_cache' from command line to 'False'
[0.464s] Level 5:colcon.colcon_core.verb:set package 'pick_place' build argument 'cmake_clean_first' from command line to 'False'
[0.464s] Level 5:colcon.colcon_core.verb:set package 'pick_place' build argument 'cmake_force_configure' from command line to 'False'
[0.464s] Level 5:colcon.colcon_core.verb:set package 'pick_place' build argument 'ament_cmake_args' from command line to 'None'
[0.464s] Level 5:colcon.colcon_core.verb:set package 'pick_place' build argument 'catkin_cmake_args' from command line to 'None'
[0.464s] Level 5:colcon.colcon_core.verb:set package 'pick_place' build argument 'catkin_skip_building_tests' from command line to 'False'
[0.464s] DEBUG:colcon.colcon_core.verb:Building package 'pick_place' with the following arguments: {'ament_cmake_args': None, 'build_base': '/home/easha/git/Pick-Place_RS2-1/build/pick_place', 'catkin_cmake_args': None, 'catkin_skip_building_tests': False, 'cmake_args': None, 'cmake_clean_cache': False, 'cmake_clean_first': False, 'cmake_force_configure': False, 'cmake_target': None, 'cmake_target_skip_unavailable': False, 'install_base': '/home/easha/git/Pick-Place_RS2-1/install/pick_place', 'merge_install': False, 'path': '/home/easha/git/Pick-Place_RS2-1/src/pick_place', 'symlink_install': False, 'test_result_base': None}
[0.465s] Level 5:colcon.colcon_core.verb:set package 'positionconv_package' build argument 'cmake_args' from command line to 'None'
[0.465s] Level 5:colcon.colcon_core.verb:set package 'positionconv_package' build argument 'cmake_target' from command line to 'None'
[0.465s] Level 5:colcon.colcon_core.verb:set package 'positionconv_package' build argument 'cmake_target_skip_unavailable' from command line to 'False'
[0.465s] Level 5:colcon.colcon_core.verb:set package 'positionconv_package' build argument 'cmake_clean_cache' from command line to 'False'
[0.465s] Level 5:colcon.colcon_core.verb:set package 'positionconv_package' build argument 'cmake_clean_first' from command line to 'False'
[0.465s] Level 5:colcon.colcon_core.verb:set package 'positionconv_package' build argument 'cmake_force_configure' from command line to 'False'
[0.465s] Level 5:colcon.colcon_core.verb:set package 'positionconv_package' build argument 'ament_cmake_args' from command line to 'None'
[0.465s] Level 5:colcon.colcon_core.verb:set package 'positionconv_package' build argument 'catkin_cmake_args' from command line to 'None'
[0.465s] Level 5:colcon.colcon_core.verb:set package 'positionconv_package' build argument 'catkin_skip_building_tests' from command line to 'False'
[0.465s] DEBUG:colcon.colcon_core.verb:Building package 'positionconv_package' with the following arguments: {'ament_cmake_args': None, 'build_base': '/home/easha/git/Pick-Place_RS2-1/build/positionconv_package', 'catkin_cmake_args': None, 'catkin_skip_building_tests': False, 'cmake_args': None, 'cmake_clean_cache': False, 'cmake_clean_first': False, 'cmake_force_configure': False, 'cmake_target': None, 'cmake_target_skip_unavailable': False, 'install_base': '/home/easha/git/Pick-Place_RS2-1/install/positionconv_package', 'merge_install': False, 'path': '/home/easha/git/Pick-Place_RS2-1/src/positionconv_package', 'symlink_install': False, 'test_result_base': None}
[0.466s] Level 5:colcon.colcon_core.verb:set package 'positionprov_package' build argument 'cmake_args' from command line to 'None'
[0.466s] Level 5:colcon.colcon_core.verb:set package 'positionprov_package' build argument 'cmake_target' from command line to 'None'
[0.466s] Level 5:colcon.colcon_core.verb:set package 'positionprov_package' build argument 'cmake_target_skip_unavailable' from command line to 'False'
[0.466s] Level 5:colcon.colcon_core.verb:set package 'positionprov_package' build argument 'cmake_clean_cache' from command line to 'False'
[0.466s] Level 5:colcon.colcon_core.verb:set package 'positionprov_package' build argument 'cmake_clean_first' from command line to 'False'
[0.466s] Level 5:colcon.colcon_core.verb:set package 'positionprov_package' build argument 'cmake_force_configure' from command line to 'False'
[0.466s] Level 5:colcon.colcon_core.verb:set package 'positionprov_package' build argument 'ament_cmake_args' from command line to 'None'
[0.466s] Level 5:colcon.colcon_core.verb:set package 'positionprov_package' build argument 'catkin_cmake_args' from command line to 'None'
[0.466s] Level 5:colcon.colcon_core.verb:set package 'positionprov_package' build argument 'catkin_skip_building_tests' from command line to 'False'
[0.466s] DEBUG:colcon.colcon_core.verb:Building package 'positionprov_package' with the following arguments: {'ament_cmake_args': None, 'build_base': '/home/easha/git/Pick-Place_RS2-1/build/positionprov_package', 'catkin_cmake_args': None, 'catkin_skip_building_tests': False, 'cmake_args': None, 'cmake_clean_cache': False, 'cmake_clean_first': False, 'cmake_force_configure': False, 'cmake_target': None, 'cmake_target_skip_unavailable': False, 'install_base': '/home/easha/git/Pick-Place_RS2-1/install/positionprov_package', 'merge_install': False, 'path': '/home/easha/git/Pick-Place_RS2-1/src/positionprov_package', 'symlink_install': False, 'test_result_base': None}
[0.466s] INFO:colcon.colcon_core.executor:Executing jobs using 'parallel' executor
[0.468s] DEBUG:colcon.colcon_parallel_executor.executor.parallel:run_until_complete
[0.468s] INFO:colcon.colcon_ros.task.ament_python.build:Building ROS package in '/home/easha/git/Pick-Place_RS2-1/src/arduino_magnet' with build type 'ament_python'
[0.468s] Level 1:colcon.colcon_core.shell:create_environment_hook('arduino_magnet', 'ament_prefix_path')
[0.471s] INFO:colcon.colcon_core.plugin_system:Skipping extension 'colcon_core.shell.bat': Not used on non-Windows systems
[0.472s] INFO:colcon.colcon_core.shell:Creating environment hook '/home/easha/git/Pick-Place_RS2-1/install/arduino_magnet/share/arduino_magnet/hook/ament_prefix_path.ps1'
[0.472s] INFO:colcon.colcon_core.shell:Creating environment descriptor '/home/easha/git/Pick-Place_RS2-1/install/arduino_magnet/share/arduino_magnet/hook/ament_prefix_path.dsv'
[0.473s] INFO:colcon.colcon_core.shell:Creating environment hook '/home/easha/git/Pick-Place_RS2-1/install/arduino_magnet/share/arduino_magnet/hook/ament_prefix_path.sh'
[0.474s] INFO:colcon.colcon_core.shell:Skip shell extension 'powershell' for command environment: Not usable outside of PowerShell
[0.474s] DEBUG:colcon.colcon_core.shell:Skip shell extension 'dsv' for command environment
[0.479s] INFO:colcon.colcon_ros.task.ament_python.build:Building ROS package in '/home/easha/git/Pick-Place_RS2-1/src/Image_processor/image_processor' with build type 'ament_python'
[0.479s] Level 1:colcon.colcon_core.shell:create_environment_hook('image_processor', 'ament_prefix_path')
[0.479s] INFO:colcon.colcon_core.shell:Creating environment hook '/home/easha/git/Pick-Place_RS2-1/install/image_processor/share/image_processor/hook/ament_prefix_path.ps1'
[0.480s] INFO:colcon.colcon_core.shell:Creating environment descriptor '/home/easha/git/Pick-Place_RS2-1/install/image_processor/share/image_processor/hook/ament_prefix_path.dsv'
[0.481s] INFO:colcon.colcon_core.shell:Creating environment hook '/home/easha/git/Pick-Place_RS2-1/install/image_processor/share/image_processor/hook/ament_prefix_path.sh'
[0.482s] INFO:colcon.colcon_core.shell:Skip shell extension 'powershell' for command environment: Not usable outside of PowerShell
[0.482s] DEBUG:colcon.colcon_core.shell:Skip shell extension 'dsv' for command environment
[0.486s] INFO:colcon.colcon_ros.task.ament_cmake.build:Building ROS package in '/home/easha/git/Pick-Place_RS2-1/src/pick_place' with build type 'ament_cmake'
[0.487s] INFO:colcon.colcon_cmake.task.cmake.build:Building CMake package in '/home/easha/git/Pick-Place_RS2-1/src/pick_place'
[0.487s] INFO:colcon.colcon_core.shell:Skip shell extension 'powershell' for command environment: Not usable outside of PowerShell
[0.487s] DEBUG:colcon.colcon_core.shell:Skip shell extension 'dsv' for command environment
[0.492s] INFO:colcon.colcon_ros.task.ament_cmake.build:Building ROS package in '/home/easha/git/Pick-Place_RS2-1/src/positionconv_package' with build type 'ament_cmake'
[0.492s] INFO:colcon.colcon_cmake.task.cmake.build:Building CMake package in '/home/easha/git/Pick-Place_RS2-1/src/positionconv_package'
[0.493s] INFO:colcon.colcon_core.shell:Skip shell extension 'powershell' for command environment: Not usable outside of PowerShell
[0.493s] DEBUG:colcon.colcon_core.shell:Skip shell extension 'dsv' for command environment
[0.499s] INFO:colcon.colcon_ros.task.ament_cmake.build:Building ROS package in '/home/easha/git/Pick-Place_RS2-1/src/positionprov_package' with build type 'ament_cmake'
[0.499s] INFO:colcon.colcon_cmake.task.cmake.build:Building CMake package in '/home/easha/git/Pick-Place_RS2-1/src/positionprov_package'
[0.500s] INFO:colcon.colcon_core.shell:Skip shell extension 'powershell' for command environment: Not usable outside of PowerShell
[0.500s] DEBUG:colcon.colcon_core.shell:Skip shell extension 'dsv' for command environment
[0.837s] INFO:colcon.colcon_core.task.python.build:Building Python package in '/home/easha/git/Pick-Place_RS2-1/src/arduino_magnet'
[0.837s] INFO:colcon.colcon_core.shell:Skip shell extension 'powershell' for command environment: Not usable outside of PowerShell
[0.837s] DEBUG:colcon.colcon_core.shell:Skip shell extension 'dsv' for command environment
[1.163s] INFO:colcon.colcon_core.task.python.build:Building Python package in '/home/easha/git/Pick-Place_RS2-1/src/Image_processor/image_processor'
[1.164s] INFO:colcon.colcon_core.shell:Skip shell extension 'powershell' for command environment: Not usable outside of PowerShell
[1.164s] DEBUG:colcon.colcon_core.shell:Skip shell extension 'dsv' for command environment
[1.175s] DEBUG:colcon.colcon_core.event_handler.log_command:Invoking command in '/home/easha/git/Pick-Place_RS2-1/build/pick_place': CMAKE_PREFIX_PATH=/home/easha/git/Pick-Place_RS2-1/install/arduino_magnet:/home/easha/ros2_ws/install/image_processor:/opt/ros/humble /usr/bin/cmake --build /home/easha/git/Pick-Place_RS2-1/build/pick_place -- -j8 -l8
[1.181s] DEBUG:colcon.colcon_core.event_handler.log_command:Invoking command in '/home/easha/git/Pick-Place_RS2-1/build/positionconv_package': CMAKE_PREFIX_PATH=/home/easha/git/Pick-Place_RS2-1/install/arduino_magnet:/home/easha/ros2_ws/install/image_processor:/opt/ros/humble /usr/bin/cmake --build /home/easha/git/Pick-Place_RS2-1/build/positionconv_package -- -j8 -l8
[1.186s] DEBUG:colcon.colcon_core.event_handler.log_command:Invoking command in '/home/easha/git/Pick-Place_RS2-1/build/positionprov_package': CMAKE_PREFIX_PATH=/home/easha/git/Pick-Place_RS2-1/install/arduino_magnet:/home/easha/ros2_ws/install/image_processor:/opt/ros/humble /usr/bin/cmake --build /home/easha/git/Pick-Place_RS2-1/build/positionprov_package -- -j8 -l8
[1.286s] DEBUG:colcon.colcon_core.event_handler.log_command:Invoked command in '/home/easha/git/Pick-Place_RS2-1/build/positionprov_package' returned '0': CMAKE_PREFIX_PATH=/home/easha/git/Pick-Place_RS2-1/install/arduino_magnet:/home/easha/ros2_ws/install/image_processor:/opt/ros/humble /usr/bin/cmake --build /home/easha/git/Pick-Place_RS2-1/build/positionprov_package -- -j8 -l8
[1.305s] DEBUG:colcon.colcon_core.event_handler.log_command:Invoking command in '/home/easha/git/Pick-Place_RS2-1/build/positionprov_package': CMAKE_PREFIX_PATH=/home/easha/git/Pick-Place_RS2-1/install/arduino_magnet:/home/easha/ros2_ws/install/image_processor:/opt/ros/humble /usr/bin/cmake --install /home/easha/git/Pick-Place_RS2-1/build/positionprov_package
[1.306s] DEBUG:colcon.colcon_core.event_handler.log_command:Invoked command in '/home/easha/git/Pick-Place_RS2-1/build/positionconv_package' returned '0': CMAKE_PREFIX_PATH=/home/easha/git/Pick-Place_RS2-1/install/arduino_magnet:/home/easha/ros2_ws/install/image_processor:/opt/ros/humble /usr/bin/cmake --build /home/easha/git/Pick-Place_RS2-1/build/positionconv_package -- -j8 -l8
[1.309s] DEBUG:colcon.colcon_core.event_handler.log_command:Invoking command in '/home/easha/git/Pick-Place_RS2-1/build/positionconv_package': CMAKE_PREFIX_PATH=/home/easha/git/Pick-Place_RS2-1/install/arduino_magnet:/home/easha/ros2_ws/install/image_processor:/opt/ros/humble /usr/bin/cmake --install /home/easha/git/Pick-Place_RS2-1/build/positionconv_package
[1.311s] DEBUG:colcon.colcon_core.event_handler.log_command:Invoked command in '/home/easha/git/Pick-Place_RS2-1/build/pick_place' returned '0': CMAKE_PREFIX_PATH=/home/easha/git/Pick-Place_RS2-1/install/arduino_magnet:/home/easha/ros2_ws/install/image_processor:/opt/ros/humble /usr/bin/cmake --build /home/easha/git/Pick-Place_RS2-1/build/pick_place -- -j8 -l8
[1.314s] DEBUG:colcon.colcon_core.event_handler.log_command:Invoking command in '/home/easha/git/Pick-Place_RS2-1/build/pick_place': CMAKE_PREFIX_PATH=/home/easha/git/Pick-Place_RS2-1/install/arduino_magnet:/home/easha/ros2_ws/install/image_processor:/opt/ros/humble /usr/bin/cmake --install /home/easha/git/Pick-Place_RS2-1/build/pick_place
[1.324s] Level 1:colcon.colcon_core.environment:create_environment_scripts_only(positionprov_package)
[1.327s] DEBUG:colcon.colcon_core.event_handler.log_command:Invoked command in '/home/easha/git/Pick-Place_RS2-1/build/positionprov_package' returned '0': CMAKE_PREFIX_PATH=/home/easha/git/Pick-Place_RS2-1/install/arduino_magnet:/home/easha/ros2_ws/install/image_processor:/opt/ros/humble /usr/bin/cmake --install /home/easha/git/Pick-Place_RS2-1/build/positionprov_package
[1.335s] Level 1:colcon.colcon_core.environment:checking '/home/easha/git/Pick-Place_RS2-1/install/positionprov_package' for CMake module files
[1.336s] Level 1:colcon.colcon_core.environment:checking '/home/easha/git/Pick-Place_RS2-1/install/positionprov_package' for CMake config files
[1.336s] Level 1:colcon.colcon_core.shell:create_environment_hook('positionprov_package', 'cmake_prefix_path')
[1.337s] INFO:colcon.colcon_core.shell:Creating environment hook '/home/easha/git/Pick-Place_RS2-1/install/positionprov_package/share/positionprov_package/hook/cmake_prefix_path.ps1'
[1.337s] INFO:colcon.colcon_core.shell:Creating environment descriptor '/home/easha/git/Pick-Place_RS2-1/install/positionprov_package/share/positionprov_package/hook/cmake_prefix_path.dsv'
[1.338s] INFO:colcon.colcon_core.shell:Creating environment hook '/home/easha/git/Pick-Place_RS2-1/install/positionprov_package/share/positionprov_package/hook/cmake_prefix_path.sh'
[1.338s] Level 1:colcon.colcon_core.environment:checking '/home/easha/git/Pick-Place_RS2-1/install/positionprov_package/lib'
[1.339s] Level 1:colcon.colcon_core.environment:checking '/home/easha/git/Pick-Place_RS2-1/install/positionprov_package/bin'
[1.339s] Level 1:colcon.colcon_core.environment:checking '/home/easha/git/Pick-Place_RS2-1/install/positionprov_package/lib/pkgconfig/positionprov_package.pc'
[1.339s] Level 1:colcon.colcon_core.environment:checking '/home/easha/git/Pick-Place_RS2-1/install/positionprov_package/lib/python3.10/site-packages'
[1.339s] Level 1:colcon.colcon_core.environment:checking '/home/easha/git/Pick-Place_RS2-1/install/positionprov_package/bin'
[1.340s] INFO:colcon.colcon_core.shell:Creating package script '/home/easha/git/Pick-Place_RS2-1/install/positionprov_package/share/positionprov_package/package.ps1'
[1.341s] INFO:colcon.colcon_core.shell:Creating package descriptor '/home/easha/git/Pick-Place_RS2-1/install/positionprov_package/share/positionprov_package/package.dsv'
[1.341s] INFO:colcon.colcon_core.shell:Creating package script '/home/easha/git/Pick-Place_RS2-1/install/positionprov_package/share/positionprov_package/package.sh'
[1.342s] INFO:colcon.colcon_core.shell:Creating package script '/home/easha/git/Pick-Place_RS2-1/install/positionprov_package/share/positionprov_package/package.bash'
[1.343s] INFO:colcon.colcon_core.shell:Creating package script '/home/easha/git/Pick-Place_RS2-1/install/positionprov_package/share/positionprov_package/package.zsh'
[1.344s] Level 1:colcon.colcon_core.environment:create_file_with_runtime_dependencies(/home/easha/git/Pick-Place_RS2-1/install/positionprov_package/share/colcon-core/packages/positionprov_package)
[1.344s] Level 1:colcon.colcon_core.environment:create_environment_scripts_only(positionprov_package)
[1.345s] Level 1:colcon.colcon_core.environment:checking '/home/easha/git/Pick-Place_RS2-1/install/positionprov_package' for CMake module files
[1.345s] Level 1:colcon.colcon_core.environment:checking '/home/easha/git/Pick-Place_RS2-1/install/positionprov_package' for CMake config files
[1.346s] Level 1:colcon.colcon_core.shell:create_environment_hook('positionprov_package', 'cmake_prefix_path')
[1.346s] INFO:colcon.colcon_core.shell:Creating environment hook '/home/easha/git/Pick-Place_RS2-1/install/positionprov_package/share/positionprov_package/hook/cmake_prefix_path.ps1'
[1.346s] INFO:colcon.colcon_core.shell:Creating environment descriptor '/home/easha/git/Pick-Place_RS2-1/install/positionprov_package/share/positionprov_package/hook/cmake_prefix_path.dsv'
[1.347s] INFO:colcon.colcon_core.shell:Creating environment hook '/home/easha/git/Pick-Place_RS2-1/install/positionprov_package/share/positionprov_package/hook/cmake_prefix_path.sh'
[1.347s] Level 1:colcon.colcon_core.environment:checking '/home/easha/git/Pick-Place_RS2-1/install/positionprov_package/lib'
[1.347s] Level 1:colcon.colcon_core.environment:checking '/home/easha/git/Pick-Place_RS2-1/install/positionprov_package/bin'
[1.347s] Level 1:colcon.colcon_core.environment:checking '/home/easha/git/Pick-Place_RS2-1/install/positionprov_package/lib/pkgconfig/positionprov_package.pc'
[1.348s] Level 1:colcon.colcon_core.environment:checking '/home/easha/git/Pick-Place_RS2-1/install/positionprov_package/lib/python3.10/site-packages'
[1.348s] Level 1:colcon.colcon_core.environment:checking '/home/easha/git/Pick-Place_RS2-1/install/positionprov_package/bin'
[1.348s] INFO:colcon.colcon_core.shell:Creating package script '/home/easha/git/Pick-Place_RS2-1/install/positionprov_package/share/positionprov_package/package.ps1'
[1.349s] INFO:colcon.colcon_core.shell:Creating package descriptor '/home/easha/git/Pick-Place_RS2-1/install/positionprov_package/share/positionprov_package/package.dsv'
[1.349s] INFO:colcon.colcon_core.shell:Creating package script '/home/easha/git/Pick-Place_RS2-1/install/positionprov_package/share/positionprov_package/package.sh'
[1.350s] INFO:colcon.colcon_core.shell:Creating package script '/home/easha/git/Pick-Place_RS2-1/install/positionprov_package/share/positionprov_package/package.bash'
[1.350s] INFO:colcon.colcon_core.shell:Creating package script '/home/easha/git/Pick-Place_RS2-1/install/positionprov_package/share/positionprov_package/package.zsh'
[1.351s] Level 1:colcon.colcon_core.environment:create_file_with_runtime_dependencies(/home/easha/git/Pick-Place_RS2-1/install/positionprov_package/share/colcon-core/packages/positionprov_package)
[1.352s] Level 1:colcon.colcon_core.environment:create_environment_scripts_only(positionconv_package)
[1.353s] Level 1:colcon.colcon_core.environment:checking '/home/easha/git/Pick-Place_RS2-1/install/positionconv_package' for CMake module files
[1.354s] DEBUG:colcon.colcon_core.event_handler.log_command:Invoked command in '/home/easha/git/Pick-Place_RS2-1/build/positionconv_package' returned '0': CMAKE_PREFIX_PATH=/home/easha/git/Pick-Place_RS2-1/install/arduino_magnet:/home/easha/ros2_ws/install/image_processor:/opt/ros/humble /usr/bin/cmake --install /home/easha/git/Pick-Place_RS2-1/build/positionconv_package
[1.354s] Level 1:colcon.colcon_core.environment:checking '/home/easha/git/Pick-Place_RS2-1/install/positionconv_package' for CMake config files
[1.355s] Level 1:colcon.colcon_core.shell:create_environment_hook('positionconv_package', 'cmake_prefix_path')
[1.355s] INFO:colcon.colcon_core.shell:Creating environment hook '/home/easha/git/Pick-Place_RS2-1/install/positionconv_package/share/positionconv_package/hook/cmake_prefix_path.ps1'
[1.356s] INFO:colcon.colcon_core.shell:Creating environment descriptor '/home/easha/git/Pick-Place_RS2-1/install/positionconv_package/share/positionconv_package/hook/cmake_prefix_path.dsv'
[1.357s] INFO:colcon.colcon_core.shell:Creating environment hook '/home/easha/git/Pick-Place_RS2-1/install/positionconv_package/share/positionconv_package/hook/cmake_prefix_path.sh'
[1.358s] Level 1:colcon.colcon_core.environment:checking '/home/easha/git/Pick-Place_RS2-1/install/positionconv_package/lib'
[1.358s] Level 1:colcon.colcon_core.environment:checking '/home/easha/git/Pick-Place_RS2-1/install/positionconv_package/bin'
[1.358s] Level 1:colcon.colcon_core.environment:checking '/home/easha/git/Pick-Place_RS2-1/install/positionconv_package/lib/pkgconfig/positionconv_package.pc'
[1.358s] Level 1:colcon.colcon_core.environment:checking '/home/easha/git/Pick-Place_RS2-1/install/positionconv_package/lib/python3.10/site-packages'
[1.359s] Level 1:colcon.colcon_core.environment:checking '/home/easha/git/Pick-Place_RS2-1/install/positionconv_package/bin'
[1.359s] INFO:colcon.colcon_core.shell:Creating package script '/home/easha/git/Pick-Place_RS2-1/install/positionconv_package/share/positionconv_package/package.ps1'
[1.360s] INFO:colcon.colcon_core.shell:Creating package descriptor '/home/easha/git/Pick-Place_RS2-1/install/positionconv_package/share/positionconv_package/package.dsv'
[1.361s] INFO:colcon.colcon_core.shell:Creating package script '/home/easha/git/Pick-Place_RS2-1/install/positionconv_package/share/positionconv_package/package.sh'
[1.362s] INFO:colcon.colcon_core.shell:Creating package script '/home/easha/git/Pick-Place_RS2-1/install/positionconv_package/share/positionconv_package/package.bash'
[1.362s] INFO:colcon.colcon_core.shell:Creating package script '/home/easha/git/Pick-Place_RS2-1/install/positionconv_package/share/positionconv_package/package.zsh'
[1.363s] Level 1:colcon.colcon_core.environment:create_file_with_runtime_dependencies(/home/easha/git/Pick-Place_RS2-1/install/positionconv_package/share/colcon-core/packages/positionconv_package)
[1.364s] Level 1:colcon.colcon_core.environment:create_environment_scripts_only(positionconv_package)
[1.365s] Level 1:colcon.colcon_core.environment:checking '/home/easha/git/Pick-Place_RS2-1/install/positionconv_package' for CMake module files
[1.365s] Level 1:colcon.colcon_core.environment:checking '/home/easha/git/Pick-Place_RS2-1/install/positionconv_package' for CMake config files
[1.366s] Level 1:colcon.colcon_core.shell:create_environment_hook('positionconv_package', 'cmake_prefix_path')
[1.366s] INFO:colcon.colcon_core.shell:Creating environment hook '/home/easha/git/Pick-Place_RS2-1/install/positionconv_package/share/positionconv_package/hook/cmake_prefix_path.ps1'
[1.367s] INFO:colcon.colcon_core.shell:Creating environment descriptor '/home/easha/git/Pick-Place_RS2-1/install/positionconv_package/share/positionconv_package/hook/cmake_prefix_path.dsv'
[1.368s] INFO:colcon.colcon_core.shell:Creating environment hook '/home/easha/git/Pick-Place_RS2-1/install/positionconv_package/share/positionconv_package/hook/cmake_prefix_path.sh'
[1.369s] Level 1:colcon.colcon_core.environment:checking '/home/easha/git/Pick-Place_RS2-1/install/positionconv_package/lib'
[1.369s] Level 1:colcon.colcon_core.environment:checking '/home/easha/git/Pick-Place_RS2-1/install/positionconv_package/bin'
[1.369s] Level 1:colcon.colcon_core.environment:checking '/home/easha/git/Pick-Place_RS2-1/install/positionconv_package/lib/pkgconfig/positionconv_package.pc'
[1.370s] Level 1:colcon.colcon_core.environment:checking '/home/easha/git/Pick-Place_RS2-1/install/positionconv_package/lib/python3.10/site-packages'
[1.370s] Level 1:colcon.colcon_core.environment:checking '/home/easha/git/Pick-Place_RS2-1/install/positionconv_package/bin'
[1.371s] INFO:colcon.colcon_core.shell:Creating package script '/home/easha/git/Pick-Place_RS2-1/install/positionconv_package/share/positionconv_package/package.ps1'
[1.372s] INFO:colcon.colcon_core.shell:Creating package descriptor '/home/easha/git/Pick-Place_RS2-1/install/positionconv_package/share/positionconv_package/package.dsv'
[1.373s] INFO:colcon.colcon_core.shell:Creating package script '/home/easha/git/Pick-Place_RS2-1/install/positionconv_package/share/positionconv_package/package.sh'
[1.374s] INFO:colcon.colcon_core.shell:Creating package script '/home/easha/git/Pick-Place_RS2-1/install/positionconv_package/share/positionconv_package/package.bash'
[1.375s] INFO:colcon.colcon_core.shell:Creating package script '/home/easha/git/Pick-Place_RS2-1/install/positionconv_package/share/positionconv_package/package.zsh'
[1.376s] Level 1:colcon.colcon_core.environment:create_file_with_runtime_dependencies(/home/easha/git/Pick-Place_RS2-1/install/positionconv_package/share/colcon-core/packages/positionconv_package)
[1.377s] Level 1:colcon.colcon_core.environment:create_environment_scripts_only(pick_place)
[1.377s] Level 1:colcon.colcon_core.environment:checking '/home/easha/git/Pick-Place_RS2-1/install/pick_place' for CMake module files
[1.379s] DEBUG:colcon.colcon_core.event_handler.log_command:Invoked command in '/home/easha/git/Pick-Place_RS2-1/build/pick_place' returned '0': CMAKE_PREFIX_PATH=/home/easha/git/Pick-Place_RS2-1/install/arduino_magnet:/home/easha/ros2_ws/install/image_processor:/opt/ros/humble /usr/bin/cmake --install /home/easha/git/Pick-Place_RS2-1/build/pick_place
[1.379s] Level 1:colcon.colcon_core.environment:checking '/home/easha/git/Pick-Place_RS2-1/install/pick_place' for CMake config files
[1.380s] Level 1:colcon.colcon_core.shell:create_environment_hook('pick_place', 'cmake_prefix_path')
[1.380s] INFO:colcon.colcon_core.shell:Creating environment hook '/home/easha/git/Pick-Place_RS2-1/install/pick_place/share/pick_place/hook/cmake_prefix_path.ps1'
[1.381s] INFO:colcon.colcon_core.shell:Creating environment descriptor '/home/easha/git/Pick-Place_RS2-1/install/pick_place/share/pick_place/hook/cmake_prefix_path.dsv'
[1.382s] INFO:colcon.colcon_core.shell:Creating environment hook '/home/easha/git/Pick-Place_RS2-1/install/pick_place/share/pick_place/hook/cmake_prefix_path.sh'
[1.383s] Level 1:colcon.colcon_core.environment:checking '/home/easha/git/Pick-Place_RS2-1/install/pick_place/lib'
[1.383s] Level 1:colcon.colcon_core.environment:checking '/home/easha/git/Pick-Place_RS2-1/install/pick_place/bin'
[1.383s] Level 1:colcon.colcon_core.environment:checking '/home/easha/git/Pick-Place_RS2-1/install/pick_place/lib/pkgconfig/pick_place.pc'
[1.384s] Level 1:colcon.colcon_core.environment:checking '/home/easha/git/Pick-Place_RS2-1/install/pick_place/lib/python3.10/site-packages'
[1.384s] Level 1:colcon.colcon_core.environment:checking '/home/easha/git/Pick-Place_RS2-1/install/pick_place/bin'
[1.385s] INFO:colcon.colcon_core.shell:Creating package script '/home/easha/git/Pick-Place_RS2-1/install/pick_place/share/pick_place/package.ps1'
[1.385s] INFO:colcon.colcon_core.shell:Creating package descriptor '/home/easha/git/Pick-Place_RS2-1/install/pick_place/share/pick_place/package.dsv'
[1.386s] INFO:colcon.colcon_core.shell:Creating package script '/home/easha/git/Pick-Place_RS2-1/install/pick_place/share/pick_place/package.sh'
[1.387s] INFO:colcon.colcon_core.shell:Creating package script '/home/easha/git/Pick-Place_RS2-1/install/pick_place/share/pick_place/package.bash'
[1.387s] INFO:colcon.colcon_core.shell:Creating package script '/home/easha/git/Pick-Place_RS2-1/install/pick_place/share/pick_place/package.zsh'
[1.388s] Level 1:colcon.colcon_core.environment:create_file_with_runtime_dependencies(/home/easha/git/Pick-Place_RS2-1/install/pick_place/share/colcon-core/packages/pick_place)
[1.389s] Level 1:colcon.colcon_core.environment:create_environment_scripts_only(pick_place)
[1.389s] Level 1:colcon.colcon_core.environment:checking '/home/easha/git/Pick-Place_RS2-1/install/pick_place' for CMake module files
[1.390s] Level 1:colcon.colcon_core.environment:checking '/home/easha/git/Pick-Place_RS2-1/install/pick_place' for CMake config files
[1.391s] Level 1:colcon.colcon_core.shell:create_environment_hook('pick_place', 'cmake_prefix_path')
[1.392s] INFO:colcon.colcon_core.shell:Creating environment hook '/home/easha/git/Pick-Place_RS2-1/install/pick_place/share/pick_place/hook/cmake_prefix_path.ps1'
[1.393s] INFO:colcon.colcon_core.shell:Creating environment descriptor '/home/easha/git/Pick-Place_RS2-1/install/pick_place/share/pick_place/hook/cmake_prefix_path.dsv'
[1.393s] INFO:colcon.colcon_core.shell:Creating environment hook '/home/easha/git/Pick-Place_RS2-1/install/pick_place/share/pick_place/hook/cmake_prefix_path.sh'
[1.394s] Level 1:colcon.colcon_core.environment:checking '/home/easha/git/Pick-Place_RS2-1/install/pick_place/lib'
[1.394s] Level 1:colcon.colcon_core.environment:checking '/home/easha/git/Pick-Place_RS2-1/install/pick_place/bin'
[1.394s] Level 1:colcon.colcon_core.environment:checking '/home/easha/git/Pick-Place_RS2-1/install/pick_place/lib/pkgconfig/pick_place.pc'
[1.395s] Level 1:colcon.colcon_core.environment:checking '/home/easha/git/Pick-Place_RS2-1/install/pick_place/lib/python3.10/site-packages'
[1.395s] Level 1:colcon.colcon_core.environment:checking '/home/easha/git/Pick-Place_RS2-1/install/pick_place/bin'
[1.396s] INFO:colcon.colcon_core.shell:Creating package script '/home/easha/git/Pick-Place_RS2-1/install/pick_place/share/pick_place/package.ps1'
[1.397s] INFO:colcon.colcon_core.shell:Creating package descriptor '/home/easha/git/Pick-Place_RS2-1/install/pick_place/share/pick_place/package.dsv'
[1.398s] INFO:colcon.colcon_core.shell:Creating package script '/home/easha/git/Pick-Place_RS2-1/install/pick_place/share/pick_place/package.sh'
[1.399s] INFO:colcon.colcon_core.shell:Creating package script '/home/easha/git/Pick-Place_RS2-1/install/pick_place/share/pick_place/package.bash'
[1.399s] INFO:colcon.colcon_core.shell:Creating package script '/home/easha/git/Pick-Place_RS2-1/install/pick_place/share/pick_place/package.zsh'
[1.400s] Level 1:colcon.colcon_core.environment:create_file_with_runtime_dependencies(/home/easha/git/Pick-Place_RS2-1/install/pick_place/share/colcon-core/packages/pick_place)
[1.750s] DEBUG:colcon.colcon_core.event_handler.log_command:Invoking command in '/home/easha/git/Pick-Place_RS2-1/src/arduino_magnet': PYTHONPATH=/home/easha/git/Pick-Place_RS2-1/build/arduino_magnet/prefix_override:/usr/lib/python3/dist-packages/colcon_core/task/python/colcon_distutils_commands:/home/easha/git/Pick-Place_RS2-1/install/arduino_magnet/lib/python3.10/site-packages:${PYTHONPATH} /usr/bin/python3 -W ignore:setup.py install is deprecated -W ignore:easy_install command is deprecated setup.py egg_info --egg-base ../../build/arduino_magnet build --build-base /home/easha/git/Pick-Place_RS2-1/build/arduino_magnet/build install --record /home/easha/git/Pick-Place_RS2-1/build/arduino_magnet/install.log --single-version-externally-managed install_data
[1.756s] DEBUG:colcon.colcon_core.event_handler.log_command:Invoking command in '/home/easha/git/Pick-Place_RS2-1/src/Image_processor/image_processor': PYTHONPATH=/home/easha/git/Pick-Place_RS2-1/build/image_processor/prefix_override:/usr/lib/python3/dist-packages/colcon_core/task/python/colcon_distutils_commands:/home/easha/git/Pick-Place_RS2-1/install/image_processor/lib/python3.10/site-packages:${PYTHONPATH} /usr/bin/python3 -W ignore:setup.py install is deprecated -W ignore:easy_install command is deprecated setup.py egg_info --egg-base ../../../build/image_processor build --build-base /home/easha/git/Pick-Place_RS2-1/build/image_processor/build install --record /home/easha/git/Pick-Place_RS2-1/build/image_processor/install.log --single-version-externally-managed install_data
[2.156s] Level 1:colcon.colcon_core.environment:checking '/home/easha/git/Pick-Place_RS2-1/install/arduino_magnet' for CMake module files
[2.158s] DEBUG:colcon.colcon_core.event_handler.log_command:Invoked command in '/home/easha/git/Pick-Place_RS2-1/src/arduino_magnet' returned '0': PYTHONPATH=/home/easha/git/Pick-Place_RS2-1/build/arduino_magnet/prefix_override:/usr/lib/python3/dist-packages/colcon_core/task/python/colcon_distutils_commands:/home/easha/git/Pick-Place_RS2-1/install/arduino_magnet/lib/python3.10/site-packages:${PYTHONPATH} /usr/bin/python3 -W ignore:setup.py install is deprecated -W ignore:easy_install command is deprecated setup.py egg_info --egg-base ../../build/arduino_magnet build --build-base /home/easha/git/Pick-Place_RS2-1/build/arduino_magnet/build install --record /home/easha/git/Pick-Place_RS2-1/build/arduino_magnet/install.log --single-version-externally-managed install_data
[2.158s] Level 1:colcon.colcon_core.environment:checking '/home/easha/git/Pick-Place_RS2-1/install/arduino_magnet' for CMake config files
[2.159s] Level 1:colcon.colcon_core.environment:checking '/home/easha/git/Pick-Place_RS2-1/install/arduino_magnet/lib'
[2.159s] Level 1:colcon.colcon_core.environment:checking '/home/easha/git/Pick-Place_RS2-1/install/arduino_magnet/bin'
[2.160s] Level 1:colcon.colcon_core.environment:checking '/home/easha/git/Pick-Place_RS2-1/install/arduino_magnet/lib/pkgconfig/arduino_magnet.pc'
[2.160s] Level 1:colcon.colcon_core.environment:checking '/home/easha/git/Pick-Place_RS2-1/install/arduino_magnet/lib/python3.10/site-packages'
[2.160s] Level 1:colcon.colcon_core.shell:create_environment_hook('arduino_magnet', 'pythonpath')
[2.161s] INFO:colcon.colcon_core.shell:Creating environment hook '/home/easha/git/Pick-Place_RS2-1/install/arduino_magnet/share/arduino_magnet/hook/pythonpath.ps1'
[2.162s] INFO:colcon.colcon_core.shell:Creating environment descriptor '/home/easha/git/Pick-Place_RS2-1/install/arduino_magnet/share/arduino_magnet/hook/pythonpath.dsv'
[2.162s] INFO:colcon.colcon_core.shell:Creating environment hook '/home/easha/git/Pick-Place_RS2-1/install/arduino_magnet/share/arduino_magnet/hook/pythonpath.sh'
[2.164s] Level 1:colcon.colcon_core.environment:checking '/home/easha/git/Pick-Place_RS2-1/install/arduino_magnet/bin'
[2.164s] Level 1:colcon.colcon_core.environment:create_environment_scripts_only(arduino_magnet)
[2.165s] INFO:colcon.colcon_core.shell:Creating package script '/home/easha/git/Pick-Place_RS2-1/install/arduino_magnet/share/arduino_magnet/package.ps1'
[2.166s] INFO:colcon.colcon_core.shell:Creating package descriptor '/home/easha/git/Pick-Place_RS2-1/install/arduino_magnet/share/arduino_magnet/package.dsv'
[2.167s] INFO:colcon.colcon_core.shell:Creating package script '/home/easha/git/Pick-Place_RS2-1/install/arduino_magnet/share/arduino_magnet/package.sh'
[2.168s] INFO:colcon.colcon_core.shell:Creating package script '/home/easha/git/Pick-Place_RS2-1/install/arduino_magnet/share/arduino_magnet/package.bash'
[2.168s] INFO:colcon.colcon_core.shell:Creating package script '/home/easha/git/Pick-Place_RS2-1/install/arduino_magnet/share/arduino_magnet/package.zsh'
[2.169s] Level 1:colcon.colcon_core.environment:create_file_with_runtime_dependencies(/home/easha/git/Pick-Place_RS2-1/install/arduino_magnet/share/colcon-core/packages/arduino_magnet)
[2.171s] Level 1:colcon.colcon_core.environment:checking '/home/easha/git/Pick-Place_RS2-1/install/image_processor' for CMake module files
[2.172s] DEBUG:colcon.colcon_core.event_handler.log_command:Invoked command in '/home/easha/git/Pick-Place_RS2-1/src/Image_processor/image_processor' returned '0': PYTHONPATH=/home/easha/git/Pick-Place_RS2-1/build/image_processor/prefix_override:/usr/lib/python3/dist-packages/colcon_core/task/python/colcon_distutils_commands:/home/easha/git/Pick-Place_RS2-1/install/image_processor/lib/python3.10/site-packages:${PYTHONPATH} /usr/bin/python3 -W ignore:setup.py install is deprecated -W ignore:easy_install command is deprecated setup.py egg_info --egg-base ../../../build/image_processor build --build-base /home/easha/git/Pick-Place_RS2-1/build/image_processor/build install --record /home/easha/git/Pick-Place_RS2-1/build/image_processor/install.log --single-version-externally-managed install_data
[2.172s] Level 1:colcon.colcon_core.environment:checking '/home/easha/git/Pick-Place_RS2-1/install/image_processor' for CMake config files
[2.173s] Level 1:colcon.colcon_core.environment:checking '/home/easha/git/Pick-Place_RS2-1/install/image_processor/lib'
[2.173s] Level 1:colcon.colcon_core.environment:checking '/home/easha/git/Pick-Place_RS2-1/install/image_processor/bin'
[2.173s] Level 1:colcon.colcon_core.environment:checking '/home/easha/git/Pick-Place_RS2-1/install/image_processor/lib/pkgconfig/image_processor.pc'
[2.174s] Level 1:colcon.colcon_core.environment:checking '/home/easha/git/Pick-Place_RS2-1/install/image_processor/lib/python3.10/site-packages'
[2.174s] Level 1:colcon.colcon_core.shell:create_environment_hook('image_processor', 'pythonpath')
[2.174s] INFO:colcon.colcon_core.shell:Creating environment hook '/home/easha/git/Pick-Place_RS2-1/install/image_processor/share/image_processor/hook/pythonpath.ps1'
[2.175s] INFO:colcon.colcon_core.shell:Creating environment descriptor '/home/easha/git/Pick-Place_RS2-1/install/image_processor/share/image_processor/hook/pythonpath.dsv'
[2.175s] INFO:colcon.colcon_core.shell:Creating environment hook '/home/easha/git/Pick-Place_RS2-1/install/image_processor/share/image_processor/hook/pythonpath.sh'
[2.176s] Level 1:colcon.colcon_core.environment:checking '/home/easha/git/Pick-Place_RS2-1/install/image_processor/bin'
[2.176s] Level 1:colcon.colcon_core.environment:create_environment_scripts_only(image_processor)
[2.176s] INFO:colcon.colcon_core.shell:Creating package script '/home/easha/git/Pick-Place_RS2-1/install/image_processor/share/image_processor/package.ps1'
[2.177s] INFO:colcon.colcon_core.shell:Creating package descriptor '/home/easha/git/Pick-Place_RS2-1/install/image_processor/share/image_processor/package.dsv'
[2.178s] INFO:colcon.colcon_core.shell:Creating package script '/home/easha/git/Pick-Place_RS2-1/install/image_processor/share/image_processor/package.sh'
[2.178s] INFO:colcon.colcon_core.shell:Creating package script '/home/easha/git/Pick-Place_RS2-1/install/image_processor/share/image_processor/package.bash'
[2.179s] INFO:colcon.colcon_core.shell:Creating package script '/home/easha/git/Pick-Place_RS2-1/install/image_processor/share/image_processor/package.zsh'
[2.179s] Level 1:colcon.colcon_core.environment:create_file_with_runtime_dependencies(/home/easha/git/Pick-Place_RS2-1/install/image_processor/share/colcon-core/packages/image_processor)
[2.179s] DEBUG:colcon.colcon_parallel_executor.executor.parallel:closing loop
[2.180s] DEBUG:colcon.colcon_parallel_executor.executor.parallel:loop closed
[2.180s] DEBUG:colcon.colcon_parallel_executor.executor.parallel:run_until_complete finished with '0'
[2.180s] DEBUG:colcon.colcon_core.event_reactor:joining thread
[2.187s] INFO:colcon.colcon_core.plugin_system:Skipping extension 'colcon_notification.desktop_notification.terminal_notifier': Not used on non-Darwin systems
[2.188s] INFO:colcon.colcon_core.plugin_system:Skipping extension 'colcon_notification.desktop_notification.win32': Not used on non-Windows systems
[2.188s] INFO:colcon.colcon_notification.desktop_notification:Sending desktop notification using 'notify2'
[2.208s] DEBUG:colcon.colcon_core.event_reactor:joined thread
[2.209s] INFO:colcon.colcon_core.shell:Creating prefix script '/home/easha/git/Pick-Place_RS2-1/install/local_setup.ps1'
[2.210s] INFO:colcon.colcon_core.shell:Creating prefix util module '/home/easha/git/Pick-Place_RS2-1/install/_local_setup_util_ps1.py'
[2.212s] INFO:colcon.colcon_core.shell:Creating prefix chain script '/home/easha/git/Pick-Place_RS2-1/install/setup.ps1'
[2.214s] INFO:colcon.colcon_core.shell:Creating prefix script '/home/easha/git/Pick-Place_RS2-1/install/local_setup.sh'
[2.216s] INFO:colcon.colcon_core.shell:Creating prefix util module '/home/easha/git/Pick-Place_RS2-1/install/_local_setup_util_sh.py'
[2.217s] INFO:colcon.colcon_core.shell:Creating prefix chain script '/home/easha/git/Pick-Place_RS2-1/install/setup.sh'
[2.219s] INFO:colcon.colcon_core.shell:Creating prefix script '/home/easha/git/Pick-Place_RS2-1/install/local_setup.bash'
[2.219s] INFO:colcon.colcon_core.shell:Creating prefix chain script '/home/easha/git/Pick-Place_RS2-1/install/setup.bash'
[2.221s] INFO:colcon.colcon_core.shell:Creating prefix script '/home/easha/git/Pick-Place_RS2-1/install/local_setup.zsh'
[2.222s] INFO:colcon.colcon_core.shell:Creating prefix chain script '/home/easha/git/Pick-Place_RS2-1/install/setup.zsh'
