[0.514s] Invoking command in '/home/louis/Pick-Place_RS2/build/positionprov_package': CMAKE_PREFIX_PATH=/opt/ros/humble /usr/bin/cmake --build /home/louis/Pick-Place_RS2/build/positionprov_package -- -j12 -l12
[0.633s] [100%] Built target position_prov
[0.647s] Invoked command in '/home/louis/Pick-Place_RS2/build/positionprov_package' returned '0': CMAKE_PREFIX_PATH=/opt/ros/humble /usr/bin/cmake --build /home/louis/Pick-Place_RS2/build/positionprov_package -- -j12 -l12
[0.661s] Invoking command in '/home/louis/Pick-Place_RS2/build/positionprov_package': CMAKE_PREFIX_PATH=/opt/ros/humble /usr/bin/cmake --install /home/louis/Pick-Place_RS2/build/positionprov_package
[0.675s] -- Install configuration: ""
[0.677s] -- Up-to-date: /home/louis/Pick-Place_RS2/install/positionprov_package/lib/positionprov_package/position_prov
[0.678s] -- Up-to-date: /home/louis/Pick-Place_RS2/install/positionprov_package/share/ament_index/resource_index/package_run_dependencies/positionprov_package
[0.678s] -- Up-to-date: /home/louis/Pick-Place_RS2/install/positionprov_package/share/ament_index/resource_index/parent_prefix_path/positionprov_package
[0.679s] -- Up-to-date: /home/louis/Pick-Place_RS2/install/positionprov_package/share/positionprov_package/environment/ament_prefix_path.sh
[0.679s] -- Up-to-date: /home/louis/Pick-Place_RS2/install/positionprov_package/share/positionprov_package/environment/ament_prefix_path.dsv
[0.679s] -- Up-to-date: /home/louis/Pick-Place_RS2/install/positionprov_package/share/positionprov_package/environment/path.sh
[0.679s] -- Up-to-date: /home/louis/Pick-Place_RS2/install/positionprov_package/share/positionprov_package/environment/path.dsv
[0.679s] -- Up-to-date: /home/louis/Pick-Place_RS2/install/positionprov_package/share/positionprov_package/local_setup.bash
[0.679s] -- Up-to-date: /home/louis/Pick-Place_RS2/install/positionprov_package/share/positionprov_package/local_setup.sh
[0.679s] -- Up-to-date: /home/louis/Pick-Place_RS2/install/positionprov_package/share/positionprov_package/local_setup.zsh
[0.679s] -- Up-to-date: /home/louis/Pick-Place_RS2/install/positionprov_package/share/positionprov_package/local_setup.dsv
[0.680s] -- Installing: /home/louis/Pick-Place_RS2/install/positionprov_package/share/positionprov_package/package.dsv
[0.680s] -- Up-to-date: /home/louis/Pick-Place_RS2/install/positionprov_package/share/ament_index/resource_index/packages/positionprov_package
[0.680s] -- Up-to-date: /home/louis/Pick-Place_RS2/install/positionprov_package/share/positionprov_package/cmake/positionprov_packageConfig.cmake
[0.680s] -- Up-to-date: /home/louis/Pick-Place_RS2/install/positionprov_package/share/positionprov_package/cmake/positionprov_packageConfig-version.cmake
[0.680s] -- Up-to-date: /home/louis/Pick-Place_RS2/install/positionprov_package/share/positionprov_package/package.xml
[0.688s] Invoked command in '/home/louis/Pick-Place_RS2/build/positionprov_package' returned '0': CMAKE_PREFIX_PATH=/opt/ros/humble /usr/bin/cmake --install /home/louis/Pick-Place_RS2/build/positionprov_package
