[0.659s] Invoking command in '/home/easha/git/Pick-Place_RS2-1/build/pick_place': CMAKE_PREFIX_PATH=/home/easha/git/Pick-Place_RS2-1/install/arduino_magnet:/home/easha/ros2_ws/install/image_processor:/opt/ros/humble /usr/bin/cmake /home/easha/git/Pick-Place_RS2-1/src/pick_place -DCMAKE_INSTALL_PREFIX=/home/easha/git/Pick-Place_RS2-1/install/pick_place
[0.760s] -- The C compiler identification is GNU 11.4.0
[0.853s] -- The CXX compiler identification is GNU 11.4.0
[0.866s] -- Detecting C compiler ABI info
[0.979s] -- Detecting C compiler ABI info - done
[0.997s] -- Check for working C compiler: /usr/bin/cc - skipped
[0.997s] -- Detecting C compile features
[0.998s] -- Detecting C compile features - done
[1.004s] -- Detecting CXX compiler ABI info
[1.154s] -- Detecting CXX compiler ABI info - done
[1.171s] -- Check for working CXX compiler: /usr/bin/c++ - skipped
[1.171s] -- Detecting CXX compile features
[1.172s] -- Detecting CXX compile features - done
[1.177s] -- Found ament_cmake: 1.3.11 (/opt/ros/humble/share/ament_cmake/cmake)
[1.446s] -- Found Python3: /usr/bin/python3 (found version "3.10.12") found components: Interpreter 
[1.584s] -- Found rclcpp: 16.0.12 (/opt/ros/humble/share/rclcpp/cmake)
[1.653s] -- Found rosidl_generator_c: 3.1.6 (/opt/ros/humble/share/rosidl_generator_c/cmake)
[1.663s] -- Found rosidl_adapter: 3.1.6 (/opt/ros/humble/share/rosidl_adapter/cmake)
[1.681s] -- Found rosidl_generator_cpp: 3.1.6 (/opt/ros/humble/share/rosidl_generator_cpp/cmake)
[1.710s] -- Using all available rosidl_typesupport_c: rosidl_typesupport_fastrtps_c;rosidl_typesupport_introspection_c
[1.747s] -- Using all available rosidl_typesupport_cpp: rosidl_typesupport_fastrtps_cpp;rosidl_typesupport_introspection_cpp
[1.817s] -- Found rmw_implementation_cmake: 6.1.2 (/opt/ros/humble/share/rmw_implementation_cmake/cmake)
[1.822s] -- Found rmw_fastrtps_cpp: 6.2.7 (/opt/ros/humble/share/rmw_fastrtps_cpp/cmake)
[1.941s] -- Found OpenSSL: /usr/lib/x86_64-linux-gnu/libcrypto.so (found version "3.0.2")  
[1.974s] -- Found FastRTPS: /opt/ros/humble/include  
[2.026s] -- Using RMW implementation 'rmw_fastrtps_cpp' as default
[2.038s] -- Looking for pthread.h
[2.129s] -- Looking for pthread.h - found
[2.130s] -- Performing Test CMAKE_HAVE_LIBC_PTHREAD
[2.228s] -- Performing Test CMAKE_HAVE_LIBC_PTHREAD - Success
[2.230s] -- Found Threads: TRUE  
[2.309s] -- Found moveit_ros_planning_interface: 2.5.9 (/opt/ros/humble/share/moveit_ros_planning_interface/cmake)
[2.343s] -- Found Boost: /usr/lib/x86_64-linux-gnu/cmake/Boost-1.74.0/BoostConfig.cmake (found version "1.74.0") found components: date_time filesystem program_options system thread 
[2.587s] -- Found Boost: /usr/lib/x86_64-linux-gnu/cmake/Boost-1.74.0/BoostConfig.cmake (found version "1.74.0") found components: chrono date_time filesystem iostreams program_options regex serialization system thread 
[2.641s] -- Found parameter_traits: 0.4.0 (/opt/ros/humble/share/parameter_traits/cmake)
[2.655s] -- Found Eigen3: TRUE (found version "3.4.0") 
[2.659s] -- Found rclcpp_lifecycle: 16.0.12 (/opt/ros/humble/share/rclcpp_lifecycle/cmake)
[2.689s] -- Found Boost: /usr/lib/x86_64-linux-gnu/cmake/Boost-1.74.0/BoostConfig.cmake (found version "1.74.0") found components: filesystem 
[2.801s] -- library: /usr/lib/x86_64-linux-gnu/libcurl.so
[2.847s] -- Ensuring Eigen3 include directory is part of orocos-kdl CMake target
[3.020s] -- Found Boost: /usr/lib/x86_64-linux-gnu/cmake/Boost-1.74.0/BoostConfig.cmake (found version "1.74.0") found components: system filesystem date_time program_options thread chrono 
[3.059s] -- Found Boost: /usr/lib/x86_64-linux-gnu/cmake/Boost-1.74.0/BoostConfig.cmake (found version "1.74.0") found components: thread system filesystem regex date_time program_options 
[3.086s] -- Found Boost: /usr/lib/x86_64-linux-gnu/cmake/Boost-1.74.0/BoostConfig.cmake (found version "1.74.0") found components: system filesystem date_time program_options thread 
[3.124s] -- Found ament_lint_auto: 0.12.12 (/opt/ros/humble/share/ament_lint_auto/cmake)
[3.227s] -- Added test 'cppcheck' to perform static code analysis on C / C++ code
[3.227s] -- Configured cppcheck include dirs: 
[3.227s] -- Configured cppcheck exclude dirs and/or files: 
[3.231s] -- Added test 'lint_cmake' to check CMake code style
[3.240s] -- Added test 'uncrustify' to check C / C++ code style
[3.240s] -- Configured uncrustify additional arguments: 
[3.241s] -- Added test 'xmllint' to check XML markup files
[3.243s] -- Configuring done
[3.284s] -- Generating done
[3.300s] -- Build files have been written to: /home/easha/git/Pick-Place_RS2-1/build/pick_place
