[1.057s] Invoking command in '/home/louis/Pick-Place_RS2/src/arduino_magnet': PYTHONPATH=/home/louis/Pick-Place_RS2/build/arduino_magnet/prefix_override:/usr/lib/python3/dist-packages/colcon_core/task/python/colcon_distutils_commands:/home/louis/Pick-Place_RS2/install/arduino_magnet/lib/python3.10/site-packages:${PYTHONPATH} /usr/bin/python3 -W ignore:setup.py install is deprecated -W ignore:easy_install command is deprecated setup.py egg_info --egg-base ../../build/arduino_magnet build --build-base /home/louis/Pick-Place_RS2/build/arduino_magnet/build install --record /home/louis/Pick-Place_RS2/build/arduino_magnet/install.log --single-version-externally-managed install_data
[1.319s] running egg_info
[1.320s] writing ../../build/arduino_magnet/arduino_magnet.egg-info/PKG-INFO
[1.330s] writing dependency_links to ../../build/arduino_magnet/arduino_magnet.egg-info/dependency_links.txt
[1.330s] writing entry points to ../../build/arduino_magnet/arduino_magnet.egg-info/entry_points.txt
[1.330s] writing requirements to ../../build/arduino_magnet/arduino_magnet.egg-info/requires.txt
[1.330s] writing top-level names to ../../build/arduino_magnet/arduino_magnet.egg-info/top_level.txt
[1.333s] reading manifest file '../../build/arduino_magnet/arduino_magnet.egg-info/SOURCES.txt'
[1.334s] writing manifest file '../../build/arduino_magnet/arduino_magnet.egg-info/SOURCES.txt'
[1.334s] running build
[1.334s] running build_py
[1.335s] running install
[1.335s] running install_lib
[1.337s] running install_data
[1.338s] running install_egg_info
[1.340s] removing '/home/louis/Pick-Place_RS2/install/arduino_magnet/lib/python3.10/site-packages/arduino_magnet-0.0.0-py3.10.egg-info' (and everything under it)
[1.340s] Copying ../../build/arduino_magnet/arduino_magnet.egg-info to /home/louis/Pick-Place_RS2/install/arduino_magnet/lib/python3.10/site-packages/arduino_magnet-0.0.0-py3.10.egg-info
[1.341s] running install_scripts
[1.362s] Installing arduino_magnet_node script to /home/louis/Pick-Place_RS2/install/arduino_magnet/lib/arduino_magnet
[1.362s] writing list of installed files to '/home/louis/Pick-Place_RS2/build/arduino_magnet/install.log'
[1.387s] Invoked command in '/home/louis/Pick-Place_RS2/src/arduino_magnet' returned '0': PYTHONPATH=/home/louis/Pick-Place_RS2/build/arduino_magnet/prefix_override:/usr/lib/python3/dist-packages/colcon_core/task/python/colcon_distutils_commands:/home/louis/Pick-Place_RS2/install/arduino_magnet/lib/python3.10/site-packages:${PYTHONPATH} /usr/bin/python3 -W ignore:setup.py install is deprecated -W ignore:easy_install command is deprecated setup.py egg_info --egg-base ../../build/arduino_magnet build --build-base /home/louis/Pick-Place_RS2/build/arduino_magnet/build install --record /home/louis/Pick-Place_RS2/build/arduino_magnet/install.log --single-version-externally-managed install_data
