-- Found ament_cmake: 1.3.11 (/opt/ros/humble/share/ament_cmake/cmake)
-- Found rclcpp: 16.0.11 (/opt/ros/humble/share/rclcpp/cmake)
-- Found rosidl_generator_c: 3.1.6 (/opt/ros/humble/share/rosidl_generator_c/cmake)
-- Found rosidl_adapter: 3.1.6 (/opt/ros/humble/share/rosidl_adapter/cmake)
-- Found rosidl_generator_cpp: 3.1.6 (/opt/ros/humble/share/rosidl_generator_cpp/cmake)
-- Using all available rosidl_typesupport_c: rosidl_typesupport_fastrtps_c;rosidl_typesupport_introspection_c
-- Using all available rosidl_typesupport_cpp: rosidl_typesupport_fastrtps_cpp;rosidl_typesupport_introspection_cpp
-- Found rmw_implementation_cmake: 6.1.2 (/opt/ros/humble/share/rmw_implementation_cmake/cmake)
-- Found rmw_fastrtps_cpp: 6.2.7 (/opt/ros/humble/share/rmw_fastrtps_cpp/cmake)
-- Using RMW implementation 'rmw_fastrtps_cpp' as default
-- Found geometry_msgs: 4.2.4 (/opt/ros/humble/share/geometry_msgs/cmake)
-- Found ament_lint_auto: 0.12.11 (/opt/ros/humble/share/ament_lint_auto/cmake)
-- Added test 'cppcheck' to perform static code analysis on C / C++ code
-- Configured cppcheck include dirs: 
-- Configured cppcheck exclude dirs and/or files: 
-- Added test 'flake8' to check Python code syntax and style conventions
-- Added test 'lint_cmake' to check CMake code style
-- Added test 'pep257' to check Python code against some of the docstring style conventions in PEP 257
-- Added test 'uncrustify' to check C / C++ code style
-- Configured uncrustify additional arguments: 
-- Added test 'xmllint' to check XML markup files
-- Configuring done
-- Generating done
-- Build files have been written to: /home/louis/ros2_ws/src/positionconv_package/build/positionconv_package
[ 50%] [32mBuilding CXX object CMakeFiles/position_subscriber.dir/src/position_subscriber.cpp.o[0m
[100%] [32m[1mLinking CXX executable position_subscriber[0m
[100%] Built target position_subscriber
-- Install configuration: ""
-- Installing: /home/louis/ros2_ws/src/positionconv_package/install/positionconv_package/lib/positionconv_package/position_subscriber
-- Set runtime path of "/home/louis/ros2_ws/src/positionconv_package/install/positionconv_package/lib/positionconv_package/position_subscriber" to ""
-- Installing: /home/louis/ros2_ws/src/positionconv_package/install/positionconv_package/share/ament_index/resource_index/package_run_dependencies/positionconv_package
-- Installing: /home/louis/ros2_ws/src/positionconv_package/install/positionconv_package/share/ament_index/resource_index/parent_prefix_path/positionconv_package
-- Installing: /home/louis/ros2_ws/src/positionconv_package/install/positionconv_package/share/positionconv_package/environment/ament_prefix_path.sh
-- Installing: /home/louis/ros2_ws/src/positionconv_package/install/positionconv_package/share/positionconv_package/environment/ament_prefix_path.dsv
-- Installing: /home/louis/ros2_ws/src/positionconv_package/install/positionconv_package/share/positionconv_package/environment/path.sh
-- Installing: /home/louis/ros2_ws/src/positionconv_package/install/positionconv_package/share/positionconv_package/environment/path.dsv
-- Installing: /home/louis/ros2_ws/src/positionconv_package/install/positionconv_package/share/positionconv_package/local_setup.bash
-- Installing: /home/louis/ros2_ws/src/positionconv_package/install/positionconv_package/share/positionconv_package/local_setup.sh
-- Installing: /home/louis/ros2_ws/src/positionconv_package/install/positionconv_package/share/positionconv_package/local_setup.zsh
-- Installing: /home/louis/ros2_ws/src/positionconv_package/install/positionconv_package/share/positionconv_package/local_setup.dsv
-- Installing: /home/louis/ros2_ws/src/positionconv_package/install/positionconv_package/share/positionconv_package/package.dsv
-- Installing: /home/louis/ros2_ws/src/positionconv_package/install/positionconv_package/share/ament_index/resource_index/packages/positionconv_package
-- Installing: /home/louis/ros2_ws/src/positionconv_package/install/positionconv_package/share/positionconv_package/cmake/positionconv_packageConfig.cmake
-- Installing: /home/louis/ros2_ws/src/positionconv_package/install/positionconv_package/share/positionconv_package/cmake/positionconv_packageConfig-version.cmake
-- Installing: /home/louis/ros2_ws/src/positionconv_package/install/positionconv_package/share/positionconv_package/package.xml
