[0.009s] Invoking command in '/home/louis/ros2_ws/src/positionconv_package/build/positionconv_package': CMAKE_PREFIX_PATH=${CMAKE_PREFIX_PATH}:/opt/ros/humble /usr/bin/cmake /home/louis/ros2_ws/src/positionconv_package -DCMAKE_INSTALL_PREFIX=/home/louis/ros2_ws/src/positionconv_package/install/positionconv_package
[0.019s] -- Found ament_cmake: 1.3.11 (/opt/ros/humble/share/ament_cmake/cmake)
[0.125s] -- Found rclcpp: 16.0.11 (/opt/ros/humble/share/rclcpp/cmake)
[0.149s] -- Found rosidl_generator_c: 3.1.6 (/opt/ros/humble/share/rosidl_generator_c/cmake)
[0.151s] -- Found rosidl_adapter: 3.1.6 (/opt/ros/humble/share/rosidl_adapter/cmake)
[0.156s] -- Found rosidl_generator_cpp: 3.1.6 (/opt/ros/humble/share/rosidl_generator_cpp/cmake)
[0.164s] -- Using all available rosidl_typesupport_c: rosidl_typesupport_fastrtps_c;rosidl_typesupport_introspection_c
[0.174s] -- Using all available rosidl_typesupport_cpp: rosidl_typesupport_fastrtps_cpp;rosidl_typesupport_introspection_cpp
[0.201s] -- Found rmw_implementation_cmake: 6.1.2 (/opt/ros/humble/share/rmw_implementation_cmake/cmake)
[0.202s] -- Found rmw_fastrtps_cpp: 6.2.7 (/opt/ros/humble/share/rmw_fastrtps_cpp/cmake)
[0.284s] -- Using RMW implementation 'rmw_fastrtps_cpp' as default
[0.326s] -- Found geometry_msgs: 4.2.4 (/opt/ros/humble/share/geometry_msgs/cmake)
[0.338s] -- Found ament_lint_auto: 0.12.11 (/opt/ros/humble/share/ament_lint_auto/cmake)
[0.401s] -- Added test 'cppcheck' to perform static code analysis on C / C++ code
[0.401s] -- Configured cppcheck include dirs: 
[0.401s] -- Configured cppcheck exclude dirs and/or files: 
[0.402s] -- Added test 'flake8' to check Python code syntax and style conventions
[0.403s] -- Added test 'lint_cmake' to check CMake code style
[0.404s] -- Added test 'pep257' to check Python code against some of the docstring style conventions in PEP 257
[0.409s] -- Added test 'uncrustify' to check C / C++ code style
[0.409s] -- Configured uncrustify additional arguments: 
[0.410s] -- Added test 'xmllint' to check XML markup files
[0.410s] -- Configuring done
[0.417s] -- Generating done
[0.420s] -- Build files have been written to: /home/louis/ros2_ws/src/positionconv_package/build/positionconv_package
[0.427s] Invoked command in '/home/louis/ros2_ws/src/positionconv_package/build/positionconv_package' returned '0': CMAKE_PREFIX_PATH=${CMAKE_PREFIX_PATH}:/opt/ros/humble /usr/bin/cmake /home/louis/ros2_ws/src/positionconv_package -DCMAKE_INSTALL_PREFIX=/home/louis/ros2_ws/src/positionconv_package/install/positionconv_package
[0.428s] Invoking command in '/home/louis/ros2_ws/src/positionconv_package/build/positionconv_package': CMAKE_PREFIX_PATH=${CMAKE_PREFIX_PATH}:/opt/ros/humble /usr/bin/cmake --build /home/louis/ros2_ws/src/positionconv_package/build/positionconv_package -- -j12 -l12
[0.467s] [ 50%] [32mBuilding CXX object CMakeFiles/position_subscriber.dir/src/position_subscriber.cpp.o[0m
[7.183s] [100%] [32m[1mLinking CXX executable position_subscriber[0m
[7.465s] [100%] Built target position_subscriber
[7.476s] Invoked command in '/home/louis/ros2_ws/src/positionconv_package/build/positionconv_package' returned '0': CMAKE_PREFIX_PATH=${CMAKE_PREFIX_PATH}:/opt/ros/humble /usr/bin/cmake --build /home/louis/ros2_ws/src/positionconv_package/build/positionconv_package -- -j12 -l12
[7.485s] Invoking command in '/home/louis/ros2_ws/src/positionconv_package/build/positionconv_package': CMAKE_PREFIX_PATH=${CMAKE_PREFIX_PATH}:/opt/ros/humble /usr/bin/cmake --install /home/louis/ros2_ws/src/positionconv_package/build/positionconv_package
[7.491s] -- Install configuration: ""
[7.491s] -- Installing: /home/louis/ros2_ws/src/positionconv_package/install/positionconv_package/lib/positionconv_package/position_subscriber
[7.493s] -- Set runtime path of "/home/louis/ros2_ws/src/positionconv_package/install/positionconv_package/lib/positionconv_package/position_subscriber" to ""
[7.493s] -- Installing: /home/louis/ros2_ws/src/positionconv_package/install/positionconv_package/share/ament_index/resource_index/package_run_dependencies/positionconv_package
[7.493s] -- Installing: /home/louis/ros2_ws/src/positionconv_package/install/positionconv_package/share/ament_index/resource_index/parent_prefix_path/positionconv_package
[7.494s] -- Installing: /home/louis/ros2_ws/src/positionconv_package/install/positionconv_package/share/positionconv_package/environment/ament_prefix_path.sh
[7.494s] -- Installing: /home/louis/ros2_ws/src/positionconv_package/install/positionconv_package/share/positionconv_package/environment/ament_prefix_path.dsv
[7.494s] -- Installing: /home/louis/ros2_ws/src/positionconv_package/install/positionconv_package/share/positionconv_package/environment/path.sh
[7.494s] -- Installing: /home/louis/ros2_ws/src/positionconv_package/install/positionconv_package/share/positionconv_package/environment/path.dsv
[7.494s] -- Installing: /home/louis/ros2_ws/src/positionconv_package/install/positionconv_package/share/positionconv_package/local_setup.bash
[7.494s] -- Installing: /home/louis/ros2_ws/src/positionconv_package/install/positionconv_package/share/positionconv_package/local_setup.sh
[7.494s] -- Installing: /home/louis/ros2_ws/src/positionconv_package/install/positionconv_package/share/positionconv_package/local_setup.zsh
[7.494s] -- Installing: /home/louis/ros2_ws/src/positionconv_package/install/positionconv_package/share/positionconv_package/local_setup.dsv
[7.494s] -- Installing: /home/louis/ros2_ws/src/positionconv_package/install/positionconv_package/share/positionconv_package/package.dsv
[7.494s] -- Installing: /home/louis/ros2_ws/src/positionconv_package/install/positionconv_package/share/ament_index/resource_index/packages/positionconv_package
[7.494s] -- Installing: /home/louis/ros2_ws/src/positionconv_package/install/positionconv_package/share/positionconv_package/cmake/positionconv_packageConfig.cmake
[7.495s] -- Installing: /home/louis/ros2_ws/src/positionconv_package/install/positionconv_package/share/positionconv_package/cmake/positionconv_packageConfig-version.cmake
[7.495s] -- Installing: /home/louis/ros2_ws/src/positionconv_package/install/positionconv_package/share/positionconv_package/package.xml
[7.497s] Invoked command in '/home/louis/ros2_ws/src/positionconv_package/build/positionconv_package' returned '0': CMAKE_PREFIX_PATH=${CMAKE_PREFIX_PATH}:/opt/ros/humble /usr/bin/cmake --install /home/louis/ros2_ws/src/positionconv_package/build/positionconv_package
