[100%] Built target position_subscriber
-- Install configuration: ""
-- Installing: /home/louis/Pick-Place_RS2/install/positionconv_package/lib/positionconv_package/position_subscriber
-- Set runtime path of "/home/louis/Pick-Place_RS2/install/positionconv_package/lib/positionconv_package/position_subscriber" to ""
-- Installing: /home/louis/Pick-Place_RS2/install/positionconv_package/share/positionconv_package//launch
-- Installing: /home/louis/Pick-Place_RS2/install/positionconv_package/share/positionconv_package//launch/position_subscriber.launch.py
-- Installing: /home/louis/Pick-Place_RS2/install/positionconv_package/share/ament_index/resource_index/package_run_dependencies/positionconv_package
-- Installing: /home/louis/Pick-Place_RS2/install/positionconv_package/share/ament_index/resource_index/parent_prefix_path/positionconv_package
-- Installing: /home/louis/Pick-Place_RS2/install/positionconv_package/share/positionconv_package/environment/ament_prefix_path.sh
-- Installing: /home/louis/Pick-Place_RS2/install/positionconv_package/share/positionconv_package/environment/ament_prefix_path.dsv
-- Installing: /home/louis/Pick-Place_RS2/install/positionconv_package/share/positionconv_package/environment/path.sh
-- Installing: /home/louis/Pick-Place_RS2/install/positionconv_package/share/positionconv_package/environment/path.dsv
-- Installing: /home/louis/Pick-Place_RS2/install/positionconv_package/share/positionconv_package/local_setup.bash
-- Installing: /home/louis/Pick-Place_RS2/install/positionconv_package/share/positionconv_package/local_setup.sh
-- Installing: /home/louis/Pick-Place_RS2/install/positionconv_package/share/positionconv_package/local_setup.zsh
-- Installing: /home/louis/Pick-Place_RS2/install/positionconv_package/share/positionconv_package/local_setup.dsv
-- Installing: /home/louis/Pick-Place_RS2/install/positionconv_package/share/positionconv_package/package.dsv
-- Installing: /home/louis/Pick-Place_RS2/install/positionconv_package/share/ament_index/resource_index/packages/positionconv_package
-- Installing: /home/louis/Pick-Place_RS2/install/positionconv_package/share/positionconv_package/cmake/positionconv_packageConfig.cmake
-- Installing: /home/louis/Pick-Place_RS2/install/positionconv_package/share/positionconv_package/cmake/positionconv_packageConfig-version.cmake
-- Installing: /home/louis/Pick-Place_RS2/install/positionconv_package/share/positionconv_package/package.xml
