[0.288s] Invoking command in '/home/louis/Pick-Place_RS2/build/positionconv_package': CMAKE_PREFIX_PATH=/opt/ros/humble /usr/bin/cmake --build /home/louis/Pick-Place_RS2/build/positionconv_package -- -j12 -l12
[0.343s] [100%] Built target position_subscriber
[0.361s] Invoked command in '/home/louis/Pick-Place_RS2/build/positionconv_package' returned '0': CMAKE_PREFIX_PATH=/opt/ros/humble /usr/bin/cmake --build /home/louis/Pick-Place_RS2/build/positionconv_package -- -j12 -l12
[0.362s] Invoking command in '/home/louis/Pick-Place_RS2/build/positionconv_package': CMAKE_PREFIX_PATH=/opt/ros/humble /usr/bin/cmake --install /home/louis/Pick-Place_RS2/build/positionconv_package
[0.369s] -- Install configuration: ""
[0.371s] -- Installing: /home/louis/Pick-Place_RS2/install/positionconv_package/lib/positionconv_package/position_subscriber
[0.372s] -- Set runtime path of "/home/louis/Pick-Place_RS2/install/positionconv_package/lib/positionconv_package/position_subscriber" to ""
[0.372s] -- Installing: /home/louis/Pick-Place_RS2/install/positionconv_package/share/positionconv_package//launch
[0.372s] -- Installing: /home/louis/Pick-Place_RS2/install/positionconv_package/share/positionconv_package//launch/position_subscriber.launch.py
[0.373s] -- Installing: /home/louis/Pick-Place_RS2/install/positionconv_package/share/ament_index/resource_index/package_run_dependencies/positionconv_package
[0.373s] -- Installing: /home/louis/Pick-Place_RS2/install/positionconv_package/share/ament_index/resource_index/parent_prefix_path/positionconv_package
[0.373s] -- Installing: /home/louis/Pick-Place_RS2/install/positionconv_package/share/positionconv_package/environment/ament_prefix_path.sh
[0.373s] -- Installing: /home/louis/Pick-Place_RS2/install/positionconv_package/share/positionconv_package/environment/ament_prefix_path.dsv
[0.373s] -- Installing: /home/louis/Pick-Place_RS2/install/positionconv_package/share/positionconv_package/environment/path.sh
[0.373s] -- Installing: /home/louis/Pick-Place_RS2/install/positionconv_package/share/positionconv_package/environment/path.dsv
[0.374s] -- Installing: /home/louis/Pick-Place_RS2/install/positionconv_package/share/positionconv_package/local_setup.bash
[0.374s] -- Installing: /home/louis/Pick-Place_RS2/install/positionconv_package/share/positionconv_package/local_setup.sh
[0.374s] -- Installing: /home/louis/Pick-Place_RS2/install/positionconv_package/share/positionconv_package/local_setup.zsh
[0.374s] -- Installing: /home/louis/Pick-Place_RS2/install/positionconv_package/share/positionconv_package/local_setup.dsv
[0.374s] -- Installing: /home/louis/Pick-Place_RS2/install/positionconv_package/share/positionconv_package/package.dsv
[0.374s] -- Installing: /home/louis/Pick-Place_RS2/install/positionconv_package/share/ament_index/resource_index/packages/positionconv_package
[0.374s] -- Installing: /home/louis/Pick-Place_RS2/install/positionconv_package/share/positionconv_package/cmake/positionconv_packageConfig.cmake
[0.374s] -- Installing: /home/louis/Pick-Place_RS2/install/positionconv_package/share/positionconv_package/cmake/positionconv_packageConfig-version.cmake
[0.375s] -- Installing: /home/louis/Pick-Place_RS2/install/positionconv_package/share/positionconv_package/package.xml
[0.407s] Invoked command in '/home/louis/Pick-Place_RS2/build/positionconv_package' returned '0': CMAKE_PREFIX_PATH=/opt/ros/humble /usr/bin/cmake --install /home/louis/Pick-Place_RS2/build/positionconv_package
