[0.699s] Invoking command in '/home/easha/git/Pick-Place_RS2-1/build/positionconv_package': CMAKE_PREFIX_PATH=/home/easha/git/Pick-Place_RS2-1/install/arduino_magnet:/home/easha/ros2_ws/install/image_processor:/opt/ros/humble /usr/bin/cmake --build /home/easha/git/Pick-Place_RS2-1/build/positionconv_package -- -j8 -l8
[0.801s] [35m[1mConsolidate compiler generated dependencies of target position_subscriber[0m
[0.852s] [100%] Built target position_subscriber
[0.873s] Invoked command in '/home/easha/git/Pick-Place_RS2-1/build/positionconv_package' returned '0': CMAKE_PREFIX_PATH=/home/easha/git/Pick-Place_RS2-1/install/arduino_magnet:/home/easha/ros2_ws/install/image_processor:/opt/ros/humble /usr/bin/cmake --build /home/easha/git/Pick-Place_RS2-1/build/positionconv_package -- -j8 -l8
[0.880s] Invoking command in '/home/easha/git/Pick-Place_RS2-1/build/positionconv_package': CMAKE_PREFIX_PATH=/home/easha/git/Pick-Place_RS2-1/install/arduino_magnet:/home/easha/ros2_ws/install/image_processor:/opt/ros/humble /usr/bin/cmake --install /home/easha/git/Pick-Place_RS2-1/build/positionconv_package
[0.891s] -- Install configuration: ""
[0.891s] -- Installing: /home/easha/git/Pick-Place_RS2-1/install/positionconv_package/lib/positionconv_package/position_subscriber
[0.896s] -- Set runtime path of "/home/easha/git/Pick-Place_RS2-1/install/positionconv_package/lib/positionconv_package/position_subscriber" to ""
[0.897s] -- Installing: /home/easha/git/Pick-Place_RS2-1/install/positionconv_package/share/positionconv_package//launch
[0.897s] -- Installing: /home/easha/git/Pick-Place_RS2-1/install/positionconv_package/share/positionconv_package//launch/position_subscriber.launch.py
[0.898s] -- Installing: /home/easha/git/Pick-Place_RS2-1/install/positionconv_package/share/ament_index/resource_index/package_run_dependencies/positionconv_package
[0.898s] -- Installing: /home/easha/git/Pick-Place_RS2-1/install/positionconv_package/share/ament_index/resource_index/parent_prefix_path/positionconv_package
[0.898s] -- Installing: /home/easha/git/Pick-Place_RS2-1/install/positionconv_package/share/positionconv_package/environment/ament_prefix_path.sh
[0.899s] -- Installing: /home/easha/git/Pick-Place_RS2-1/install/positionconv_package/share/positionconv_package/environment/ament_prefix_path.dsv
[0.899s] -- Installing: /home/easha/git/Pick-Place_RS2-1/install/positionconv_package/share/positionconv_package/environment/path.sh
[0.900s] -- Installing: /home/easha/git/Pick-Place_RS2-1/install/positionconv_package/share/positionconv_package/environment/path.dsv
[0.901s] -- Installing: /home/easha/git/Pick-Place_RS2-1/install/positionconv_package/share/positionconv_package/local_setup.bash
[0.901s] -- Installing: /home/easha/git/Pick-Place_RS2-1/install/positionconv_package/share/positionconv_package/local_setup.sh
[0.902s] -- Installing: /home/easha/git/Pick-Place_RS2-1/install/positionconv_package/share/positionconv_package/local_setup.zsh
[0.902s] -- Installing: /home/easha/git/Pick-Place_RS2-1/install/positionconv_package/share/positionconv_package/local_setup.dsv
[0.902s] -- Installing: /home/easha/git/Pick-Place_RS2-1/install/positionconv_package/share/positionconv_package/package.dsv
[0.902s] -- Installing: /home/easha/git/Pick-Place_RS2-1/install/positionconv_package/share/ament_index/resource_index/packages/positionconv_package
[0.902s] -- Installing: /home/easha/git/Pick-Place_RS2-1/install/positionconv_package/share/positionconv_package/cmake/positionconv_packageConfig.cmake
[0.904s] -- Installing: /home/easha/git/Pick-Place_RS2-1/install/positionconv_package/share/positionconv_package/cmake/positionconv_packageConfig-version.cmake
[0.904s] -- Installing: /home/easha/git/Pick-Place_RS2-1/install/positionconv_package/share/positionconv_package/package.xml
[0.935s] Invoked command in '/home/easha/git/Pick-Place_RS2-1/build/positionconv_package' returned '0': CMAKE_PREFIX_PATH=/home/easha/git/Pick-Place_RS2-1/install/arduino_magnet:/home/easha/ros2_ws/install/image_processor:/opt/ros/humble /usr/bin/cmake --install /home/easha/git/Pick-Place_RS2-1/build/positionconv_package
