[0.202s] DEBUG:colcon:Command line arguments: ['/usr/bin/colcon', 'build']
[0.202s] DEBUG:colcon:Parsed command line arguments: Namespace(log_base=None, log_level=None, verb_name='build', build_base='build', install_base='install', merge_install=False, symlink_install=False, test_result_base=None, continue_on_error=False, executor='parallel', parallel_workers=12, event_handlers=None, ignore_user_meta=False, metas=['./colcon.meta'], base_paths=['.'], packages_ignore=None, packages_ignore_regex=None, paths=None, packages_up_to=None, packages_up_to_regex=None, packages_above=None, packages_above_and_dependencies=None, packages_above_depth=None, packages_select_by_dep=None, packages_skip_by_dep=None, packages_skip_up_to=None, packages_select_build_failed=False, packages_skip_build_finished=False, packages_select_test_failures=False, packages_skip_test_passed=False, packages_select=None, packages_skip=None, packages_select_regex=None, packages_skip_regex=None, packages_start=None, packages_end=None, allow_overriding=[], cmake_args=None, cmake_target=None, cmake_target_skip_unavailable=False, cmake_clean_cache=False, cmake_clean_first=False, cmake_force_configure=False, ament_cmake_args=None, catkin_cmake_args=None, catkin_skip_building_tests=False, mixin_files=None, mixin=None, verb_parser=<colcon_mixin.mixin.mixin_argument.MixinArgumentDecorator object at 0x7e8d8717a7d0>, verb_extension=<colcon_core.verb.build.BuildVerb object at 0x7e8d8717a4d0>, main=<bound method BuildVerb.main of <colcon_core.verb.build.BuildVerb object at 0x7e8d8717a4d0>>, mixin_verb=('build',))
[0.434s] Level 1:colcon.colcon_core.package_discovery:discover_packages(colcon_meta) check parameters
[0.434s] Level 1:colcon.colcon_core.package_discovery:discover_packages(recursive) check parameters
[0.434s] Level 1:colcon.colcon_core.package_discovery:discover_packages(ignore) check parameters
[0.434s] Level 1:colcon.colcon_core.package_discovery:discover_packages(path) check parameters
[0.434s] Level 1:colcon.colcon_core.package_discovery:discover_packages(colcon_meta) discover
[0.434s] Level 1:colcon.colcon_core.package_discovery:discover_packages(recursive) discover
[0.434s] INFO:colcon.colcon_core.package_discovery:Crawling recursively for packages in '/home/louis/Pick-Place_RS2'
[0.434s] Level 1:colcon.colcon_core.package_identification:_identify(.) by extensions ['ignore', 'ignore_ament_install']
[0.434s] Level 1:colcon.colcon_core.package_identification:_identify(.) by extension 'ignore'
[0.434s] Level 1:colcon.colcon_core.package_identification:_identify(.) by extension 'ignore_ament_install'
[0.434s] Level 1:colcon.colcon_core.package_identification:_identify(.) by extensions ['colcon_pkg']
[0.434s] Level 1:colcon.colcon_core.package_identification:_identify(.) by extension 'colcon_pkg'
[0.434s] Level 1:colcon.colcon_core.package_identification:_identify(.) by extensions ['colcon_meta']
[0.434s] Level 1:colcon.colcon_core.package_identification:_identify(.) by extension 'colcon_meta'
[0.434s] Level 1:colcon.colcon_core.package_identification:_identify(.) by extensions ['ros']
[0.434s] Level 1:colcon.colcon_core.package_identification:_identify(.) by extension 'ros'
[0.452s] Level 1:colcon.colcon_core.package_identification:_identify(.) by extensions ['cmake', 'python']
[0.452s] Level 1:colcon.colcon_core.package_identification:_identify(.) by extension 'cmake'
[0.452s] Level 1:colcon.colcon_core.package_identification:_identify(.) by extension 'python'
[0.452s] Level 1:colcon.colcon_core.package_identification:_identify(.) by extensions ['python_setup_py']
[0.452s] Level 1:colcon.colcon_core.package_identification:_identify(.) by extension 'python_setup_py'
[0.452s] Level 1:colcon.colcon_core.package_identification:_identify(build) by extensions ['ignore', 'ignore_ament_install']
[0.452s] Level 1:colcon.colcon_core.package_identification:_identify(build) by extension 'ignore'
[0.452s] Level 1:colcon.colcon_core.package_identification:_identify(build) ignored
[0.452s] Level 1:colcon.colcon_core.package_identification:_identify(install) by extensions ['ignore', 'ignore_ament_install']
[0.452s] Level 1:colcon.colcon_core.package_identification:_identify(install) by extension 'ignore'
[0.452s] Level 1:colcon.colcon_core.package_identification:_identify(install) ignored
[0.452s] Level 1:colcon.colcon_core.package_identification:_identify(log) by extensions ['ignore', 'ignore_ament_install']
[0.452s] Level 1:colcon.colcon_core.package_identification:_identify(log) by extension 'ignore'
[0.452s] Level 1:colcon.colcon_core.package_identification:_identify(log) ignored
[0.453s] Level 1:colcon.colcon_core.package_identification:_identify(src) by extensions ['ignore', 'ignore_ament_install']
[0.453s] Level 1:colcon.colcon_core.package_identification:_identify(src) by extension 'ignore'
[0.453s] Level 1:colcon.colcon_core.package_identification:_identify(src) by extension 'ignore_ament_install'
[0.453s] Level 1:colcon.colcon_core.package_identification:_identify(src) by extensions ['colcon_pkg']
[0.453s] Level 1:colcon.colcon_core.package_identification:_identify(src) by extension 'colcon_pkg'
[0.453s] Level 1:colcon.colcon_core.package_identification:_identify(src) by extensions ['colcon_meta']
[0.453s] Level 1:colcon.colcon_core.package_identification:_identify(src) by extension 'colcon_meta'
[0.453s] Level 1:colcon.colcon_core.package_identification:_identify(src) by extensions ['ros']
[0.453s] Level 1:colcon.colcon_core.package_identification:_identify(src) by extension 'ros'
[0.453s] Level 1:colcon.colcon_core.package_identification:_identify(src) by extensions ['cmake', 'python']
[0.453s] Level 1:colcon.colcon_core.package_identification:_identify(src) by extension 'cmake'
[0.453s] Level 1:colcon.colcon_core.package_identification:_identify(src) by extension 'python'
[0.453s] Level 1:colcon.colcon_core.package_identification:_identify(src) by extensions ['python_setup_py']
[0.453s] Level 1:colcon.colcon_core.package_identification:_identify(src) by extension 'python_setup_py'
[0.453s] Level 1:colcon.colcon_core.package_identification:_identify(src/Image_processor) by extensions ['ignore', 'ignore_ament_install']
[0.453s] Level 1:colcon.colcon_core.package_identification:_identify(src/Image_processor) by extension 'ignore'
[0.453s] Level 1:colcon.colcon_core.package_identification:_identify(src/Image_processor) by extension 'ignore_ament_install'
[0.453s] Level 1:colcon.colcon_core.package_identification:_identify(src/Image_processor) by extensions ['colcon_pkg']
[0.453s] Level 1:colcon.colcon_core.package_identification:_identify(src/Image_processor) by extension 'colcon_pkg'
[0.453s] Level 1:colcon.colcon_core.package_identification:_identify(src/Image_processor) by extensions ['colcon_meta']
[0.453s] Level 1:colcon.colcon_core.package_identification:_identify(src/Image_processor) by extension 'colcon_meta'
[0.453s] Level 1:colcon.colcon_core.package_identification:_identify(src/Image_processor) by extensions ['ros']
[0.453s] Level 1:colcon.colcon_core.package_identification:_identify(src/Image_processor) by extension 'ros'
[0.454s] Level 1:colcon.colcon_core.package_identification:_identify(src/Image_processor) by extensions ['cmake', 'python']
[0.454s] Level 1:colcon.colcon_core.package_identification:_identify(src/Image_processor) by extension 'cmake'
[0.454s] Level 1:colcon.colcon_core.package_identification:_identify(src/Image_processor) by extension 'python'
[0.454s] Level 1:colcon.colcon_core.package_identification:_identify(src/Image_processor) by extensions ['python_setup_py']
[0.454s] Level 1:colcon.colcon_core.package_identification:_identify(src/Image_processor) by extension 'python_setup_py'
[0.454s] Level 1:colcon.colcon_core.package_identification:_identify(src/Image_processor/image_processor) by extensions ['ignore', 'ignore_ament_install']
[0.454s] Level 1:colcon.colcon_core.package_identification:_identify(src/Image_processor/image_processor) by extension 'ignore'
[0.454s] Level 1:colcon.colcon_core.package_identification:_identify(src/Image_processor/image_processor) by extension 'ignore_ament_install'
[0.454s] Level 1:colcon.colcon_core.package_identification:_identify(src/Image_processor/image_processor) by extensions ['colcon_pkg']
[0.454s] Level 1:colcon.colcon_core.package_identification:_identify(src/Image_processor/image_processor) by extension 'colcon_pkg'
[0.454s] Level 1:colcon.colcon_core.package_identification:_identify(src/Image_processor/image_processor) by extensions ['colcon_meta']
[0.454s] Level 1:colcon.colcon_core.package_identification:_identify(src/Image_processor/image_processor) by extension 'colcon_meta'
[0.454s] Level 1:colcon.colcon_core.package_identification:_identify(src/Image_processor/image_processor) by extensions ['ros']
[0.454s] Level 1:colcon.colcon_core.package_identification:_identify(src/Image_processor/image_processor) by extension 'ros'
[0.456s] DEBUG:colcon.colcon_core.package_identification:Package 'src/Image_processor/image_processor' with type 'ros.ament_python' and name 'image_processor'
[0.457s] Level 1:colcon.colcon_core.package_identification:_identify(src/arduino_magnet) by extensions ['ignore', 'ignore_ament_install']
[0.457s] Level 1:colcon.colcon_core.package_identification:_identify(src/arduino_magnet) by extension 'ignore'
[0.457s] Level 1:colcon.colcon_core.package_identification:_identify(src/arduino_magnet) by extension 'ignore_ament_install'
[0.457s] Level 1:colcon.colcon_core.package_identification:_identify(src/arduino_magnet) by extensions ['colcon_pkg']
[0.457s] Level 1:colcon.colcon_core.package_identification:_identify(src/arduino_magnet) by extension 'colcon_pkg'
[0.457s] Level 1:colcon.colcon_core.package_identification:_identify(src/arduino_magnet) by extensions ['colcon_meta']
[0.457s] Level 1:colcon.colcon_core.package_identification:_identify(src/arduino_magnet) by extension 'colcon_meta'
[0.457s] Level 1:colcon.colcon_core.package_identification:_identify(src/arduino_magnet) by extensions ['ros']
[0.457s] Level 1:colcon.colcon_core.package_identification:_identify(src/arduino_magnet) by extension 'ros'
[0.458s] DEBUG:colcon.colcon_core.package_identification:Package 'src/arduino_magnet' with type 'ros.ament_python' and name 'arduino_magnet'
[0.458s] Level 1:colcon.colcon_core.package_identification:_identify(src/build) by extensions ['ignore', 'ignore_ament_install']
[0.458s] Level 1:colcon.colcon_core.package_identification:_identify(src/build) by extension 'ignore'
[0.458s] Level 1:colcon.colcon_core.package_identification:_identify(src/build) ignored
[0.458s] Level 1:colcon.colcon_core.package_identification:_identify(src/pick_place) by extensions ['ignore', 'ignore_ament_install']
[0.458s] Level 1:colcon.colcon_core.package_identification:_identify(src/pick_place) by extension 'ignore'
[0.458s] Level 1:colcon.colcon_core.package_identification:_identify(src/pick_place) by extension 'ignore_ament_install'
[0.458s] Level 1:colcon.colcon_core.package_identification:_identify(src/pick_place) by extensions ['colcon_pkg']
[0.458s] Level 1:colcon.colcon_core.package_identification:_identify(src/pick_place) by extension 'colcon_pkg'
[0.458s] Level 1:colcon.colcon_core.package_identification:_identify(src/pick_place) by extensions ['colcon_meta']
[0.458s] Level 1:colcon.colcon_core.package_identification:_identify(src/pick_place) by extension 'colcon_meta'
[0.458s] Level 1:colcon.colcon_core.package_identification:_identify(src/pick_place) by extensions ['ros']
[0.458s] Level 1:colcon.colcon_core.package_identification:_identify(src/pick_place) by extension 'ros'
[0.459s] DEBUG:colcon.colcon_core.package_identification:Package 'src/pick_place' with type 'ros.ament_cmake' and name 'pick_place'
[0.459s] Level 1:colcon.colcon_core.package_identification:_identify(src/positionconv_package) by extensions ['ignore', 'ignore_ament_install']
[0.459s] Level 1:colcon.colcon_core.package_identification:_identify(src/positionconv_package) by extension 'ignore'
[0.459s] Level 1:colcon.colcon_core.package_identification:_identify(src/positionconv_package) by extension 'ignore_ament_install'
[0.459s] Level 1:colcon.colcon_core.package_identification:_identify(src/positionconv_package) by extensions ['colcon_pkg']
[0.459s] Level 1:colcon.colcon_core.package_identification:_identify(src/positionconv_package) by extension 'colcon_pkg'
[0.459s] Level 1:colcon.colcon_core.package_identification:_identify(src/positionconv_package) by extensions ['colcon_meta']
[0.459s] Level 1:colcon.colcon_core.package_identification:_identify(src/positionconv_package) by extension 'colcon_meta'
[0.459s] Level 1:colcon.colcon_core.package_identification:_identify(src/positionconv_package) by extensions ['ros']
[0.459s] Level 1:colcon.colcon_core.package_identification:_identify(src/positionconv_package) by extension 'ros'
[0.460s] DEBUG:colcon.colcon_core.package_identification:Package 'src/positionconv_package' with type 'ros.ament_cmake' and name 'positionconv_package'
[0.461s] Level 1:colcon.colcon_core.package_identification:_identify(src/positionprov_package) by extensions ['ignore', 'ignore_ament_install']
[0.461s] Level 1:colcon.colcon_core.package_identification:_identify(src/positionprov_package) by extension 'ignore'
[0.461s] Level 1:colcon.colcon_core.package_identification:_identify(src/positionprov_package) by extension 'ignore_ament_install'
[0.461s] Level 1:colcon.colcon_core.package_identification:_identify(src/positionprov_package) by extensions ['colcon_pkg']
[0.461s] Level 1:colcon.colcon_core.package_identification:_identify(src/positionprov_package) by extension 'colcon_pkg'
[0.461s] Level 1:colcon.colcon_core.package_identification:_identify(src/positionprov_package) by extensions ['colcon_meta']
[0.461s] Level 1:colcon.colcon_core.package_identification:_identify(src/positionprov_package) by extension 'colcon_meta'
[0.461s] Level 1:colcon.colcon_core.package_identification:_identify(src/positionprov_package) by extensions ['ros']
[0.461s] Level 1:colcon.colcon_core.package_identification:_identify(src/positionprov_package) by extension 'ros'
[0.462s] DEBUG:colcon.colcon_core.package_identification:Package 'src/positionprov_package' with type 'ros.ament_cmake' and name 'positionprov_package'
[0.462s] Level 1:colcon.colcon_core.package_discovery:discover_packages(recursive) using defaults
[0.462s] Level 1:colcon.colcon_core.package_discovery:discover_packages(ignore) discover
[0.462s] Level 1:colcon.colcon_core.package_discovery:discover_packages(ignore) using defaults
[0.462s] Level 1:colcon.colcon_core.package_discovery:discover_packages(path) discover
[0.462s] Level 1:colcon.colcon_core.package_discovery:discover_packages(path) using defaults
[0.486s] Level 1:colcon.colcon_core.package_discovery:discover_packages(prefix_path) check parameters
[0.486s] Level 1:colcon.colcon_core.package_discovery:discover_packages(prefix_path) discover
[0.489s] DEBUG:colcon.colcon_installed_package_information.package_discovery:Found 0 installed packages in /home/louis/ros2_ws/install
[0.490s] DEBUG:colcon.colcon_installed_package_information.package_discovery:Found 459 installed packages in /opt/ros/humble
[0.492s] Level 1:colcon.colcon_core.package_discovery:discover_packages(prefix_path) using defaults
[0.542s] Level 5:colcon.colcon_core.verb:set package 'arduino_magnet' build argument 'cmake_args' from command line to 'None'
[0.542s] Level 5:colcon.colcon_core.verb:set package 'arduino_magnet' build argument 'cmake_target' from command line to 'None'
[0.542s] Level 5:colcon.colcon_core.verb:set package 'arduino_magnet' build argument 'cmake_target_skip_unavailable' from command line to 'False'
[0.542s] Level 5:colcon.colcon_core.verb:set package 'arduino_magnet' build argument 'cmake_clean_cache' from command line to 'False'
[0.542s] Level 5:colcon.colcon_core.verb:set package 'arduino_magnet' build argument 'cmake_clean_first' from command line to 'False'
[0.542s] Level 5:colcon.colcon_core.verb:set package 'arduino_magnet' build argument 'cmake_force_configure' from command line to 'False'
[0.542s] Level 5:colcon.colcon_core.verb:set package 'arduino_magnet' build argument 'ament_cmake_args' from command line to 'None'
[0.542s] Level 5:colcon.colcon_core.verb:set package 'arduino_magnet' build argument 'catkin_cmake_args' from command line to 'None'
[0.542s] Level 5:colcon.colcon_core.verb:set package 'arduino_magnet' build argument 'catkin_skip_building_tests' from command line to 'False'
[0.542s] DEBUG:colcon.colcon_core.verb:Building package 'arduino_magnet' with the following arguments: {'ament_cmake_args': None, 'build_base': '/home/louis/Pick-Place_RS2/build/arduino_magnet', 'catkin_cmake_args': None, 'catkin_skip_building_tests': False, 'cmake_args': None, 'cmake_clean_cache': False, 'cmake_clean_first': False, 'cmake_force_configure': False, 'cmake_target': None, 'cmake_target_skip_unavailable': False, 'install_base': '/home/louis/Pick-Place_RS2/install/arduino_magnet', 'merge_install': False, 'path': '/home/louis/Pick-Place_RS2/src/arduino_magnet', 'symlink_install': False, 'test_result_base': None}
[0.543s] Level 5:colcon.colcon_core.verb:set package 'image_processor' build argument 'cmake_args' from command line to 'None'
[0.543s] Level 5:colcon.colcon_core.verb:set package 'image_processor' build argument 'cmake_target' from command line to 'None'
[0.543s] Level 5:colcon.colcon_core.verb:set package 'image_processor' build argument 'cmake_target_skip_unavailable' from command line to 'False'
[0.543s] Level 5:colcon.colcon_core.verb:set package 'image_processor' build argument 'cmake_clean_cache' from command line to 'False'
[0.543s] Level 5:colcon.colcon_core.verb:set package 'image_processor' build argument 'cmake_clean_first' from command line to 'False'
[0.543s] Level 5:colcon.colcon_core.verb:set package 'image_processor' build argument 'cmake_force_configure' from command line to 'False'
[0.543s] Level 5:colcon.colcon_core.verb:set package 'image_processor' build argument 'ament_cmake_args' from command line to 'None'
[0.543s] Level 5:colcon.colcon_core.verb:set package 'image_processor' build argument 'catkin_cmake_args' from command line to 'None'
[0.543s] Level 5:colcon.colcon_core.verb:set package 'image_processor' build argument 'catkin_skip_building_tests' from command line to 'False'
[0.543s] DEBUG:colcon.colcon_core.verb:Building package 'image_processor' with the following arguments: {'ament_cmake_args': None, 'build_base': '/home/louis/Pick-Place_RS2/build/image_processor', 'catkin_cmake_args': None, 'catkin_skip_building_tests': False, 'cmake_args': None, 'cmake_clean_cache': False, 'cmake_clean_first': False, 'cmake_force_configure': False, 'cmake_target': None, 'cmake_target_skip_unavailable': False, 'install_base': '/home/louis/Pick-Place_RS2/install/image_processor', 'merge_install': False, 'path': '/home/louis/Pick-Place_RS2/src/Image_processor/image_processor', 'symlink_install': False, 'test_result_base': None}
[0.543s] Level 5:colcon.colcon_core.verb:set package 'pick_place' build argument 'cmake_args' from command line to 'None'
[0.543s] Level 5:colcon.colcon_core.verb:set package 'pick_place' build argument 'cmake_target' from command line to 'None'
[0.543s] Level 5:colcon.colcon_core.verb:set package 'pick_place' build argument 'cmake_target_skip_unavailable' from command line to 'False'
[0.543s] Level 5:colcon.colcon_core.verb:set package 'pick_place' build argument 'cmake_clean_cache' from command line to 'False'
[0.543s] Level 5:colcon.colcon_core.verb:set package 'pick_place' build argument 'cmake_clean_first' from command line to 'False'
[0.543s] Level 5:colcon.colcon_core.verb:set package 'pick_place' build argument 'cmake_force_configure' from command line to 'False'
[0.543s] Level 5:colcon.colcon_core.verb:set package 'pick_place' build argument 'ament_cmake_args' from command line to 'None'
[0.543s] Level 5:colcon.colcon_core.verb:set package 'pick_place' build argument 'catkin_cmake_args' from command line to 'None'
[0.543s] Level 5:colcon.colcon_core.verb:set package 'pick_place' build argument 'catkin_skip_building_tests' from command line to 'False'
[0.544s] DEBUG:colcon.colcon_core.verb:Building package 'pick_place' with the following arguments: {'ament_cmake_args': None, 'build_base': '/home/louis/Pick-Place_RS2/build/pick_place', 'catkin_cmake_args': None, 'catkin_skip_building_tests': False, 'cmake_args': None, 'cmake_clean_cache': False, 'cmake_clean_first': False, 'cmake_force_configure': False, 'cmake_target': None, 'cmake_target_skip_unavailable': False, 'install_base': '/home/louis/Pick-Place_RS2/install/pick_place', 'merge_install': False, 'path': '/home/louis/Pick-Place_RS2/src/pick_place', 'symlink_install': False, 'test_result_base': None}
[0.544s] Level 5:colcon.colcon_core.verb:set package 'positionconv_package' build argument 'cmake_args' from command line to 'None'
[0.544s] Level 5:colcon.colcon_core.verb:set package 'positionconv_package' build argument 'cmake_target' from command line to 'None'
[0.544s] Level 5:colcon.colcon_core.verb:set package 'positionconv_package' build argument 'cmake_target_skip_unavailable' from command line to 'False'
[0.544s] Level 5:colcon.colcon_core.verb:set package 'positionconv_package' build argument 'cmake_clean_cache' from command line to 'False'
[0.544s] Level 5:colcon.colcon_core.verb:set package 'positionconv_package' build argument 'cmake_clean_first' from command line to 'False'
[0.544s] Level 5:colcon.colcon_core.verb:set package 'positionconv_package' build argument 'cmake_force_configure' from command line to 'False'
[0.544s] Level 5:colcon.colcon_core.verb:set package 'positionconv_package' build argument 'ament_cmake_args' from command line to 'None'
[0.544s] Level 5:colcon.colcon_core.verb:set package 'positionconv_package' build argument 'catkin_cmake_args' from command line to 'None'
[0.544s] Level 5:colcon.colcon_core.verb:set package 'positionconv_package' build argument 'catkin_skip_building_tests' from command line to 'False'
[0.544s] DEBUG:colcon.colcon_core.verb:Building package 'positionconv_package' with the following arguments: {'ament_cmake_args': None, 'build_base': '/home/louis/Pick-Place_RS2/build/positionconv_package', 'catkin_cmake_args': None, 'catkin_skip_building_tests': False, 'cmake_args': None, 'cmake_clean_cache': False, 'cmake_clean_first': False, 'cmake_force_configure': False, 'cmake_target': None, 'cmake_target_skip_unavailable': False, 'install_base': '/home/louis/Pick-Place_RS2/install/positionconv_package', 'merge_install': False, 'path': '/home/louis/Pick-Place_RS2/src/positionconv_package', 'symlink_install': False, 'test_result_base': None}
[0.544s] Level 5:colcon.colcon_core.verb:set package 'positionprov_package' build argument 'cmake_args' from command line to 'None'
[0.544s] Level 5:colcon.colcon_core.verb:set package 'positionprov_package' build argument 'cmake_target' from command line to 'None'
[0.544s] Level 5:colcon.colcon_core.verb:set package 'positionprov_package' build argument 'cmake_target_skip_unavailable' from command line to 'False'
[0.544s] Level 5:colcon.colcon_core.verb:set package 'positionprov_package' build argument 'cmake_clean_cache' from command line to 'False'
[0.544s] Level 5:colcon.colcon_core.verb:set package 'positionprov_package' build argument 'cmake_clean_first' from command line to 'False'
[0.544s] Level 5:colcon.colcon_core.verb:set package 'positionprov_package' build argument 'cmake_force_configure' from command line to 'False'
[0.544s] Level 5:colcon.colcon_core.verb:set package 'positionprov_package' build argument 'ament_cmake_args' from command line to 'None'
[0.544s] Level 5:colcon.colcon_core.verb:set package 'positionprov_package' build argument 'catkin_cmake_args' from command line to 'None'
[0.544s] Level 5:colcon.colcon_core.verb:set package 'positionprov_package' build argument 'catkin_skip_building_tests' from command line to 'False'
[0.545s] DEBUG:colcon.colcon_core.verb:Building package 'positionprov_package' with the following arguments: {'ament_cmake_args': None, 'build_base': '/home/louis/Pick-Place_RS2/build/positionprov_package', 'catkin_cmake_args': None, 'catkin_skip_building_tests': False, 'cmake_args': None, 'cmake_clean_cache': False, 'cmake_clean_first': False, 'cmake_force_configure': False, 'cmake_target': None, 'cmake_target_skip_unavailable': False, 'install_base': '/home/louis/Pick-Place_RS2/install/positionprov_package', 'merge_install': False, 'path': '/home/louis/Pick-Place_RS2/src/positionprov_package', 'symlink_install': False, 'test_result_base': None}
[0.545s] INFO:colcon.colcon_core.executor:Executing jobs using 'parallel' executor
[0.545s] DEBUG:colcon.colcon_parallel_executor.executor.parallel:run_until_complete
[0.546s] INFO:colcon.colcon_ros.task.ament_python.build:Building ROS package in '/home/louis/Pick-Place_RS2/src/arduino_magnet' with build type 'ament_python'
[0.546s] Level 1:colcon.colcon_core.shell:create_environment_hook('arduino_magnet', 'ament_prefix_path')
[0.549s] INFO:colcon.colcon_core.plugin_system:Skipping extension 'colcon_core.shell.bat': Not used on non-Windows systems
[0.550s] INFO:colcon.colcon_core.shell:Creating environment hook '/home/louis/Pick-Place_RS2/install/arduino_magnet/share/arduino_magnet/hook/ament_prefix_path.ps1'
[0.551s] INFO:colcon.colcon_core.shell:Creating environment descriptor '/home/louis/Pick-Place_RS2/install/arduino_magnet/share/arduino_magnet/hook/ament_prefix_path.dsv'
[0.551s] INFO:colcon.colcon_core.shell:Creating environment hook '/home/louis/Pick-Place_RS2/install/arduino_magnet/share/arduino_magnet/hook/ament_prefix_path.sh'
[0.552s] INFO:colcon.colcon_core.shell:Skip shell extension 'powershell' for command environment: Not usable outside of PowerShell
[0.552s] DEBUG:colcon.colcon_core.shell:Skip shell extension 'dsv' for command environment
[0.555s] INFO:colcon.colcon_ros.task.ament_python.build:Building ROS package in '/home/louis/Pick-Place_RS2/src/Image_processor/image_processor' with build type 'ament_python'
[0.556s] Level 1:colcon.colcon_core.shell:create_environment_hook('image_processor', 'ament_prefix_path')
[0.556s] INFO:colcon.colcon_core.shell:Creating environment hook '/home/louis/Pick-Place_RS2/install/image_processor/share/image_processor/hook/ament_prefix_path.ps1'
[0.557s] INFO:colcon.colcon_core.shell:Creating environment descriptor '/home/louis/Pick-Place_RS2/install/image_processor/share/image_processor/hook/ament_prefix_path.dsv'
[0.557s] INFO:colcon.colcon_core.shell:Creating environment hook '/home/louis/Pick-Place_RS2/install/image_processor/share/image_processor/hook/ament_prefix_path.sh'
[0.558s] INFO:colcon.colcon_core.shell:Skip shell extension 'powershell' for command environment: Not usable outside of PowerShell
[0.558s] DEBUG:colcon.colcon_core.shell:Skip shell extension 'dsv' for command environment
[0.561s] INFO:colcon.colcon_ros.task.ament_cmake.build:Building ROS package in '/home/louis/Pick-Place_RS2/src/pick_place' with build type 'ament_cmake'
[0.561s] INFO:colcon.colcon_cmake.task.cmake.build:Building CMake package in '/home/louis/Pick-Place_RS2/src/pick_place'
[0.561s] INFO:colcon.colcon_core.shell:Skip shell extension 'powershell' for command environment: Not usable outside of PowerShell
[0.561s] DEBUG:colcon.colcon_core.shell:Skip shell extension 'dsv' for command environment
[0.565s] INFO:colcon.colcon_ros.task.ament_cmake.build:Building ROS package in '/home/louis/Pick-Place_RS2/src/positionconv_package' with build type 'ament_cmake'
[0.565s] INFO:colcon.colcon_cmake.task.cmake.build:Building CMake package in '/home/louis/Pick-Place_RS2/src/positionconv_package'
[0.565s] INFO:colcon.colcon_core.shell:Skip shell extension 'powershell' for command environment: Not usable outside of PowerShell
[0.565s] DEBUG:colcon.colcon_core.shell:Skip shell extension 'dsv' for command environment
[0.569s] INFO:colcon.colcon_ros.task.ament_cmake.build:Building ROS package in '/home/louis/Pick-Place_RS2/src/positionprov_package' with build type 'ament_cmake'
[0.569s] INFO:colcon.colcon_cmake.task.cmake.build:Building CMake package in '/home/louis/Pick-Place_RS2/src/positionprov_package'
[0.569s] INFO:colcon.colcon_core.shell:Skip shell extension 'powershell' for command environment: Not usable outside of PowerShell
[0.569s] DEBUG:colcon.colcon_core.shell:Skip shell extension 'dsv' for command environment
[0.821s] INFO:colcon.colcon_core.task.python.build:Building Python package in '/home/louis/Pick-Place_RS2/src/arduino_magnet'
[0.821s] INFO:colcon.colcon_core.shell:Skip shell extension 'powershell' for command environment: Not usable outside of PowerShell
[0.821s] DEBUG:colcon.colcon_core.shell:Skip shell extension 'dsv' for command environment
[1.059s] INFO:colcon.colcon_core.task.python.build:Building Python package in '/home/louis/Pick-Place_RS2/src/Image_processor/image_processor'
[1.059s] INFO:colcon.colcon_core.shell:Skip shell extension 'powershell' for command environment: Not usable outside of PowerShell
[1.059s] DEBUG:colcon.colcon_core.shell:Skip shell extension 'dsv' for command environment
[1.073s] DEBUG:colcon.colcon_core.event_handler.log_command:Invoking command in '/home/louis/Pick-Place_RS2/build/pick_place': CMAKE_PREFIX_PATH=/opt/ros/humble /usr/bin/cmake --build /home/louis/Pick-Place_RS2/build/pick_place -- -j12 -l12
[1.080s] DEBUG:colcon.colcon_core.event_handler.log_command:Invoking command in '/home/louis/Pick-Place_RS2/build/positionconv_package': CMAKE_PREFIX_PATH=/opt/ros/humble /usr/bin/cmake --build /home/louis/Pick-Place_RS2/build/positionconv_package -- -j12 -l12
[1.085s] DEBUG:colcon.colcon_core.event_handler.log_command:Invoking command in '/home/louis/Pick-Place_RS2/build/positionprov_package': CMAKE_PREFIX_PATH=/opt/ros/humble /usr/bin/cmake --build /home/louis/Pick-Place_RS2/build/positionprov_package -- -j12 -l12
[1.216s] DEBUG:colcon.colcon_core.event_handler.log_command:Invoked command in '/home/louis/Pick-Place_RS2/build/positionprov_package' returned '0': CMAKE_PREFIX_PATH=/opt/ros/humble /usr/bin/cmake --build /home/louis/Pick-Place_RS2/build/positionprov_package -- -j12 -l12
[1.230s] DEBUG:colcon.colcon_core.event_handler.log_command:Invoking command in '/home/louis/Pick-Place_RS2/build/positionprov_package': CMAKE_PREFIX_PATH=/opt/ros/humble /usr/bin/cmake --install /home/louis/Pick-Place_RS2/build/positionprov_package
[1.250s] DEBUG:colcon.colcon_core.event_handler.log_command:Invoked command in '/home/louis/Pick-Place_RS2/build/pick_place' returned '0': CMAKE_PREFIX_PATH=/opt/ros/humble /usr/bin/cmake --build /home/louis/Pick-Place_RS2/build/pick_place -- -j12 -l12
[1.253s] DEBUG:colcon.colcon_core.event_handler.log_command:Invoking command in '/home/louis/Pick-Place_RS2/build/pick_place': CMAKE_PREFIX_PATH=/opt/ros/humble /usr/bin/cmake --install /home/louis/Pick-Place_RS2/build/pick_place
[1.253s] DEBUG:colcon.colcon_core.event_handler.log_command:Invoked command in '/home/louis/Pick-Place_RS2/build/positionconv_package' returned '0': CMAKE_PREFIX_PATH=/opt/ros/humble /usr/bin/cmake --build /home/louis/Pick-Place_RS2/build/positionconv_package -- -j12 -l12
[1.255s] DEBUG:colcon.colcon_core.event_handler.log_command:Invoking command in '/home/louis/Pick-Place_RS2/build/positionconv_package': CMAKE_PREFIX_PATH=/opt/ros/humble /usr/bin/cmake --install /home/louis/Pick-Place_RS2/build/positionconv_package
[1.257s] Level 1:colcon.colcon_core.environment:create_environment_scripts_only(positionprov_package)
[1.257s] DEBUG:colcon.colcon_core.event_handler.log_command:Invoked command in '/home/louis/Pick-Place_RS2/build/positionprov_package' returned '0': CMAKE_PREFIX_PATH=/opt/ros/humble /usr/bin/cmake --install /home/louis/Pick-Place_RS2/build/positionprov_package
[1.264s] Level 1:colcon.colcon_core.environment:checking '/home/louis/Pick-Place_RS2/install/positionprov_package' for CMake module files
[1.270s] Level 1:colcon.colcon_core.environment:checking '/home/louis/Pick-Place_RS2/install/positionprov_package' for CMake config files
[1.271s] Level 1:colcon.colcon_core.shell:create_environment_hook('positionprov_package', 'cmake_prefix_path')
[1.271s] INFO:colcon.colcon_core.shell:Creating environment hook '/home/louis/Pick-Place_RS2/install/positionprov_package/share/positionprov_package/hook/cmake_prefix_path.ps1'
[1.272s] INFO:colcon.colcon_core.shell:Creating environment descriptor '/home/louis/Pick-Place_RS2/install/positionprov_package/share/positionprov_package/hook/cmake_prefix_path.dsv'
[1.272s] INFO:colcon.colcon_core.shell:Creating environment hook '/home/louis/Pick-Place_RS2/install/positionprov_package/share/positionprov_package/hook/cmake_prefix_path.sh'
[1.273s] Level 1:colcon.colcon_core.environment:checking '/home/louis/Pick-Place_RS2/install/positionprov_package/lib'
[1.273s] Level 1:colcon.colcon_core.environment:checking '/home/louis/Pick-Place_RS2/install/positionprov_package/bin'
[1.274s] Level 1:colcon.colcon_core.environment:checking '/home/louis/Pick-Place_RS2/install/positionprov_package/lib/pkgconfig/positionprov_package.pc'
[1.274s] Level 1:colcon.colcon_core.environment:checking '/home/louis/Pick-Place_RS2/install/positionprov_package/lib/python3.10/site-packages'
[1.274s] Level 1:colcon.colcon_core.environment:checking '/home/louis/Pick-Place_RS2/install/positionprov_package/bin'
[1.275s] INFO:colcon.colcon_core.shell:Creating package script '/home/louis/Pick-Place_RS2/install/positionprov_package/share/positionprov_package/package.ps1'
[1.276s] INFO:colcon.colcon_core.shell:Creating package descriptor '/home/louis/Pick-Place_RS2/install/positionprov_package/share/positionprov_package/package.dsv'
[1.277s] INFO:colcon.colcon_core.shell:Creating package script '/home/louis/Pick-Place_RS2/install/positionprov_package/share/positionprov_package/package.sh'
[1.277s] INFO:colcon.colcon_core.shell:Creating package script '/home/louis/Pick-Place_RS2/install/positionprov_package/share/positionprov_package/package.bash'
[1.279s] INFO:colcon.colcon_core.shell:Creating package script '/home/louis/Pick-Place_RS2/install/positionprov_package/share/positionprov_package/package.zsh'
[1.280s] Level 1:colcon.colcon_core.environment:create_file_with_runtime_dependencies(/home/louis/Pick-Place_RS2/install/positionprov_package/share/colcon-core/packages/positionprov_package)
[1.280s] Level 1:colcon.colcon_core.environment:create_environment_scripts_only(positionprov_package)
[1.281s] Level 1:colcon.colcon_core.environment:checking '/home/louis/Pick-Place_RS2/install/positionprov_package' for CMake module files
[1.281s] Level 1:colcon.colcon_core.environment:checking '/home/louis/Pick-Place_RS2/install/positionprov_package' for CMake config files
[1.281s] Level 1:colcon.colcon_core.shell:create_environment_hook('positionprov_package', 'cmake_prefix_path')
[1.282s] INFO:colcon.colcon_core.shell:Creating environment hook '/home/louis/Pick-Place_RS2/install/positionprov_package/share/positionprov_package/hook/cmake_prefix_path.ps1'
[1.282s] INFO:colcon.colcon_core.shell:Creating environment descriptor '/home/louis/Pick-Place_RS2/install/positionprov_package/share/positionprov_package/hook/cmake_prefix_path.dsv'
[1.283s] INFO:colcon.colcon_core.shell:Creating environment hook '/home/louis/Pick-Place_RS2/install/positionprov_package/share/positionprov_package/hook/cmake_prefix_path.sh'
[1.283s] Level 1:colcon.colcon_core.environment:checking '/home/louis/Pick-Place_RS2/install/positionprov_package/lib'
[1.283s] Level 1:colcon.colcon_core.environment:checking '/home/louis/Pick-Place_RS2/install/positionprov_package/bin'
[1.283s] Level 1:colcon.colcon_core.environment:checking '/home/louis/Pick-Place_RS2/install/positionprov_package/lib/pkgconfig/positionprov_package.pc'
[1.284s] Level 1:colcon.colcon_core.environment:checking '/home/louis/Pick-Place_RS2/install/positionprov_package/lib/python3.10/site-packages'
[1.284s] Level 1:colcon.colcon_core.environment:checking '/home/louis/Pick-Place_RS2/install/positionprov_package/bin'
[1.284s] INFO:colcon.colcon_core.shell:Creating package script '/home/louis/Pick-Place_RS2/install/positionprov_package/share/positionprov_package/package.ps1'
[1.285s] INFO:colcon.colcon_core.shell:Creating package descriptor '/home/louis/Pick-Place_RS2/install/positionprov_package/share/positionprov_package/package.dsv'
[1.286s] INFO:colcon.colcon_core.shell:Creating package script '/home/louis/Pick-Place_RS2/install/positionprov_package/share/positionprov_package/package.sh'
[1.286s] INFO:colcon.colcon_core.shell:Creating package script '/home/louis/Pick-Place_RS2/install/positionprov_package/share/positionprov_package/package.bash'
[1.287s] INFO:colcon.colcon_core.shell:Creating package script '/home/louis/Pick-Place_RS2/install/positionprov_package/share/positionprov_package/package.zsh'
[1.287s] Level 1:colcon.colcon_core.environment:create_file_with_runtime_dependencies(/home/louis/Pick-Place_RS2/install/positionprov_package/share/colcon-core/packages/positionprov_package)
[1.289s] Level 1:colcon.colcon_core.environment:create_environment_scripts_only(positionconv_package)
[1.289s] Level 1:colcon.colcon_core.environment:checking '/home/louis/Pick-Place_RS2/install/positionconv_package' for CMake module files
[1.290s] DEBUG:colcon.colcon_core.event_handler.log_command:Invoked command in '/home/louis/Pick-Place_RS2/build/positionconv_package' returned '0': CMAKE_PREFIX_PATH=/opt/ros/humble /usr/bin/cmake --install /home/louis/Pick-Place_RS2/build/positionconv_package
[1.290s] Level 1:colcon.colcon_core.environment:checking '/home/louis/Pick-Place_RS2/install/positionconv_package' for CMake config files
[1.291s] Level 1:colcon.colcon_core.shell:create_environment_hook('positionconv_package', 'cmake_prefix_path')
[1.291s] INFO:colcon.colcon_core.shell:Creating environment hook '/home/louis/Pick-Place_RS2/install/positionconv_package/share/positionconv_package/hook/cmake_prefix_path.ps1'
[1.291s] INFO:colcon.colcon_core.shell:Creating environment descriptor '/home/louis/Pick-Place_RS2/install/positionconv_package/share/positionconv_package/hook/cmake_prefix_path.dsv'
[1.292s] INFO:colcon.colcon_core.shell:Creating environment hook '/home/louis/Pick-Place_RS2/install/positionconv_package/share/positionconv_package/hook/cmake_prefix_path.sh'
[1.292s] Level 1:colcon.colcon_core.environment:checking '/home/louis/Pick-Place_RS2/install/positionconv_package/lib'
[1.293s] Level 1:colcon.colcon_core.environment:checking '/home/louis/Pick-Place_RS2/install/positionconv_package/bin'
[1.293s] Level 1:colcon.colcon_core.environment:checking '/home/louis/Pick-Place_RS2/install/positionconv_package/lib/pkgconfig/positionconv_package.pc'
[1.293s] Level 1:colcon.colcon_core.environment:checking '/home/louis/Pick-Place_RS2/install/positionconv_package/lib/python3.10/site-packages'
[1.293s] Level 1:colcon.colcon_core.environment:checking '/home/louis/Pick-Place_RS2/install/positionconv_package/bin'
[1.293s] INFO:colcon.colcon_core.shell:Creating package script '/home/louis/Pick-Place_RS2/install/positionconv_package/share/positionconv_package/package.ps1'
[1.294s] INFO:colcon.colcon_core.shell:Creating package descriptor '/home/louis/Pick-Place_RS2/install/positionconv_package/share/positionconv_package/package.dsv'
[1.294s] INFO:colcon.colcon_core.shell:Creating package script '/home/louis/Pick-Place_RS2/install/positionconv_package/share/positionconv_package/package.sh'
[1.295s] INFO:colcon.colcon_core.shell:Creating package script '/home/louis/Pick-Place_RS2/install/positionconv_package/share/positionconv_package/package.bash'
[1.295s] INFO:colcon.colcon_core.shell:Creating package script '/home/louis/Pick-Place_RS2/install/positionconv_package/share/positionconv_package/package.zsh'
[1.296s] Level 1:colcon.colcon_core.environment:create_file_with_runtime_dependencies(/home/louis/Pick-Place_RS2/install/positionconv_package/share/colcon-core/packages/positionconv_package)
[1.296s] Level 1:colcon.colcon_core.environment:create_environment_scripts_only(positionconv_package)
[1.297s] Level 1:colcon.colcon_core.environment:checking '/home/louis/Pick-Place_RS2/install/positionconv_package' for CMake module files
[1.297s] Level 1:colcon.colcon_core.environment:checking '/home/louis/Pick-Place_RS2/install/positionconv_package' for CMake config files
[1.297s] Level 1:colcon.colcon_core.shell:create_environment_hook('positionconv_package', 'cmake_prefix_path')
[1.298s] INFO:colcon.colcon_core.shell:Creating environment hook '/home/louis/Pick-Place_RS2/install/positionconv_package/share/positionconv_package/hook/cmake_prefix_path.ps1'
[1.298s] INFO:colcon.colcon_core.shell:Creating environment descriptor '/home/louis/Pick-Place_RS2/install/positionconv_package/share/positionconv_package/hook/cmake_prefix_path.dsv'
[1.298s] INFO:colcon.colcon_core.shell:Creating environment hook '/home/louis/Pick-Place_RS2/install/positionconv_package/share/positionconv_package/hook/cmake_prefix_path.sh'
[1.299s] Level 1:colcon.colcon_core.environment:checking '/home/louis/Pick-Place_RS2/install/positionconv_package/lib'
[1.299s] Level 1:colcon.colcon_core.environment:checking '/home/louis/Pick-Place_RS2/install/positionconv_package/bin'
[1.299s] Level 1:colcon.colcon_core.environment:checking '/home/louis/Pick-Place_RS2/install/positionconv_package/lib/pkgconfig/positionconv_package.pc'
[1.299s] Level 1:colcon.colcon_core.environment:checking '/home/louis/Pick-Place_RS2/install/positionconv_package/lib/python3.10/site-packages'
[1.300s] Level 1:colcon.colcon_core.environment:checking '/home/louis/Pick-Place_RS2/install/positionconv_package/bin'
[1.300s] INFO:colcon.colcon_core.shell:Creating package script '/home/louis/Pick-Place_RS2/install/positionconv_package/share/positionconv_package/package.ps1'
[1.301s] INFO:colcon.colcon_core.shell:Creating package descriptor '/home/louis/Pick-Place_RS2/install/positionconv_package/share/positionconv_package/package.dsv'
[1.301s] INFO:colcon.colcon_core.shell:Creating package script '/home/louis/Pick-Place_RS2/install/positionconv_package/share/positionconv_package/package.sh'
[1.302s] INFO:colcon.colcon_core.shell:Creating package script '/home/louis/Pick-Place_RS2/install/positionconv_package/share/positionconv_package/package.bash'
[1.302s] INFO:colcon.colcon_core.shell:Creating package script '/home/louis/Pick-Place_RS2/install/positionconv_package/share/positionconv_package/package.zsh'
[1.303s] Level 1:colcon.colcon_core.environment:create_file_with_runtime_dependencies(/home/louis/Pick-Place_RS2/install/positionconv_package/share/colcon-core/packages/positionconv_package)
[1.303s] Level 1:colcon.colcon_core.environment:create_environment_scripts_only(pick_place)
[1.303s] Level 1:colcon.colcon_core.environment:checking '/home/louis/Pick-Place_RS2/install/pick_place' for CMake module files
[1.304s] DEBUG:colcon.colcon_core.event_handler.log_command:Invoked command in '/home/louis/Pick-Place_RS2/build/pick_place' returned '0': CMAKE_PREFIX_PATH=/opt/ros/humble /usr/bin/cmake --install /home/louis/Pick-Place_RS2/build/pick_place
[1.305s] Level 1:colcon.colcon_core.environment:checking '/home/louis/Pick-Place_RS2/install/pick_place' for CMake config files
[1.305s] Level 1:colcon.colcon_core.shell:create_environment_hook('pick_place', 'cmake_prefix_path')
[1.306s] INFO:colcon.colcon_core.shell:Creating environment hook '/home/louis/Pick-Place_RS2/install/pick_place/share/pick_place/hook/cmake_prefix_path.ps1'
[1.307s] INFO:colcon.colcon_core.shell:Creating environment descriptor '/home/louis/Pick-Place_RS2/install/pick_place/share/pick_place/hook/cmake_prefix_path.dsv'
[1.307s] INFO:colcon.colcon_core.shell:Creating environment hook '/home/louis/Pick-Place_RS2/install/pick_place/share/pick_place/hook/cmake_prefix_path.sh'
[1.308s] Level 1:colcon.colcon_core.environment:checking '/home/louis/Pick-Place_RS2/install/pick_place/lib'
[1.308s] Level 1:colcon.colcon_core.environment:checking '/home/louis/Pick-Place_RS2/install/pick_place/bin'
[1.309s] Level 1:colcon.colcon_core.environment:checking '/home/louis/Pick-Place_RS2/install/pick_place/lib/pkgconfig/pick_place.pc'
[1.309s] Level 1:colcon.colcon_core.environment:checking '/home/louis/Pick-Place_RS2/install/pick_place/lib/python3.10/site-packages'
[1.309s] Level 1:colcon.colcon_core.environment:checking '/home/louis/Pick-Place_RS2/install/pick_place/bin'
[1.310s] INFO:colcon.colcon_core.shell:Creating package script '/home/louis/Pick-Place_RS2/install/pick_place/share/pick_place/package.ps1'
[1.311s] INFO:colcon.colcon_core.shell:Creating package descriptor '/home/louis/Pick-Place_RS2/install/pick_place/share/pick_place/package.dsv'
[1.311s] INFO:colcon.colcon_core.shell:Creating package script '/home/louis/Pick-Place_RS2/install/pick_place/share/pick_place/package.sh'
[1.312s] INFO:colcon.colcon_core.shell:Creating package script '/home/louis/Pick-Place_RS2/install/pick_place/share/pick_place/package.bash'
[1.312s] INFO:colcon.colcon_core.shell:Creating package script '/home/louis/Pick-Place_RS2/install/pick_place/share/pick_place/package.zsh'
[1.313s] Level 1:colcon.colcon_core.environment:create_file_with_runtime_dependencies(/home/louis/Pick-Place_RS2/install/pick_place/share/colcon-core/packages/pick_place)
[1.314s] Level 1:colcon.colcon_core.environment:create_environment_scripts_only(pick_place)
[1.314s] Level 1:colcon.colcon_core.environment:checking '/home/louis/Pick-Place_RS2/install/pick_place' for CMake module files
[1.315s] Level 1:colcon.colcon_core.environment:checking '/home/louis/Pick-Place_RS2/install/pick_place' for CMake config files
[1.315s] Level 1:colcon.colcon_core.shell:create_environment_hook('pick_place', 'cmake_prefix_path')
[1.316s] INFO:colcon.colcon_core.shell:Creating environment hook '/home/louis/Pick-Place_RS2/install/pick_place/share/pick_place/hook/cmake_prefix_path.ps1'
[1.316s] INFO:colcon.colcon_core.shell:Creating environment descriptor '/home/louis/Pick-Place_RS2/install/pick_place/share/pick_place/hook/cmake_prefix_path.dsv'
[1.317s] INFO:colcon.colcon_core.shell:Creating environment hook '/home/louis/Pick-Place_RS2/install/pick_place/share/pick_place/hook/cmake_prefix_path.sh'
[1.318s] Level 1:colcon.colcon_core.environment:checking '/home/louis/Pick-Place_RS2/install/pick_place/lib'
[1.318s] Level 1:colcon.colcon_core.environment:checking '/home/louis/Pick-Place_RS2/install/pick_place/bin'
[1.318s] Level 1:colcon.colcon_core.environment:checking '/home/louis/Pick-Place_RS2/install/pick_place/lib/pkgconfig/pick_place.pc'
[1.318s] Level 1:colcon.colcon_core.environment:checking '/home/louis/Pick-Place_RS2/install/pick_place/lib/python3.10/site-packages'
[1.319s] Level 1:colcon.colcon_core.environment:checking '/home/louis/Pick-Place_RS2/install/pick_place/bin'
[1.319s] INFO:colcon.colcon_core.shell:Creating package script '/home/louis/Pick-Place_RS2/install/pick_place/share/pick_place/package.ps1'
[1.320s] INFO:colcon.colcon_core.shell:Creating package descriptor '/home/louis/Pick-Place_RS2/install/pick_place/share/pick_place/package.dsv'
[1.321s] INFO:colcon.colcon_core.shell:Creating package script '/home/louis/Pick-Place_RS2/install/pick_place/share/pick_place/package.sh'
[1.321s] INFO:colcon.colcon_core.shell:Creating package script '/home/louis/Pick-Place_RS2/install/pick_place/share/pick_place/package.bash'
[1.322s] INFO:colcon.colcon_core.shell:Creating package script '/home/louis/Pick-Place_RS2/install/pick_place/share/pick_place/package.zsh'
[1.323s] Level 1:colcon.colcon_core.environment:create_file_with_runtime_dependencies(/home/louis/Pick-Place_RS2/install/pick_place/share/colcon-core/packages/pick_place)
[1.603s] DEBUG:colcon.colcon_core.event_handler.log_command:Invoking command in '/home/louis/Pick-Place_RS2/src/arduino_magnet': PYTHONPATH=/home/louis/Pick-Place_RS2/build/arduino_magnet/prefix_override:/usr/lib/python3/dist-packages/colcon_core/task/python/colcon_distutils_commands:/home/louis/Pick-Place_RS2/install/arduino_magnet/lib/python3.10/site-packages:${PYTHONPATH} /usr/bin/python3 -W ignore:setup.py install is deprecated -W ignore:easy_install command is deprecated setup.py egg_info --egg-base ../../build/arduino_magnet build --build-base /home/louis/Pick-Place_RS2/build/arduino_magnet/build install --record /home/louis/Pick-Place_RS2/build/arduino_magnet/install.log --single-version-externally-managed install_data
[1.604s] DEBUG:colcon.colcon_core.event_handler.log_command:Invoking command in '/home/louis/Pick-Place_RS2/src/Image_processor/image_processor': PYTHONPATH=/home/louis/Pick-Place_RS2/build/image_processor/prefix_override:/usr/lib/python3/dist-packages/colcon_core/task/python/colcon_distutils_commands:/home/louis/Pick-Place_RS2/install/image_processor/lib/python3.10/site-packages:${PYTHONPATH} /usr/bin/python3 -W ignore:setup.py install is deprecated -W ignore:easy_install command is deprecated setup.py egg_info --egg-base ../../../build/image_processor build --build-base /home/louis/Pick-Place_RS2/build/image_processor/build install --record /home/louis/Pick-Place_RS2/build/image_processor/install.log --single-version-externally-managed install_data
[1.926s] Level 1:colcon.colcon_core.environment:checking '/home/louis/Pick-Place_RS2/install/image_processor' for CMake module files
[1.926s] DEBUG:colcon.colcon_core.event_handler.log_command:Invoked command in '/home/louis/Pick-Place_RS2/src/Image_processor/image_processor' returned '0': PYTHONPATH=/home/louis/Pick-Place_RS2/build/image_processor/prefix_override:/usr/lib/python3/dist-packages/colcon_core/task/python/colcon_distutils_commands:/home/louis/Pick-Place_RS2/install/image_processor/lib/python3.10/site-packages:${PYTHONPATH} /usr/bin/python3 -W ignore:setup.py install is deprecated -W ignore:easy_install command is deprecated setup.py egg_info --egg-base ../../../build/image_processor build --build-base /home/louis/Pick-Place_RS2/build/image_processor/build install --record /home/louis/Pick-Place_RS2/build/image_processor/install.log --single-version-externally-managed install_data
[1.927s] Level 1:colcon.colcon_core.environment:checking '/home/louis/Pick-Place_RS2/install/image_processor' for CMake config files
[1.927s] Level 1:colcon.colcon_core.environment:checking '/home/louis/Pick-Place_RS2/install/image_processor/lib'
[1.927s] Level 1:colcon.colcon_core.environment:checking '/home/louis/Pick-Place_RS2/install/image_processor/bin'
[1.927s] Level 1:colcon.colcon_core.environment:checking '/home/louis/Pick-Place_RS2/install/image_processor/lib/pkgconfig/image_processor.pc'
[1.928s] Level 1:colcon.colcon_core.environment:checking '/home/louis/Pick-Place_RS2/install/image_processor/lib/python3.10/site-packages'
[1.928s] Level 1:colcon.colcon_core.shell:create_environment_hook('image_processor', 'pythonpath')
[1.928s] INFO:colcon.colcon_core.shell:Creating environment hook '/home/louis/Pick-Place_RS2/install/image_processor/share/image_processor/hook/pythonpath.ps1'
[1.928s] INFO:colcon.colcon_core.shell:Creating environment descriptor '/home/louis/Pick-Place_RS2/install/image_processor/share/image_processor/hook/pythonpath.dsv'
[1.929s] INFO:colcon.colcon_core.shell:Creating environment hook '/home/louis/Pick-Place_RS2/install/image_processor/share/image_processor/hook/pythonpath.sh'
[1.929s] Level 1:colcon.colcon_core.environment:checking '/home/louis/Pick-Place_RS2/install/image_processor/bin'
[1.929s] Level 1:colcon.colcon_core.environment:create_environment_scripts_only(image_processor)
[1.930s] INFO:colcon.colcon_core.shell:Creating package script '/home/louis/Pick-Place_RS2/install/image_processor/share/image_processor/package.ps1'
[1.930s] INFO:colcon.colcon_core.shell:Creating package descriptor '/home/louis/Pick-Place_RS2/install/image_processor/share/image_processor/package.dsv'
[1.930s] INFO:colcon.colcon_core.shell:Creating package script '/home/louis/Pick-Place_RS2/install/image_processor/share/image_processor/package.sh'
[1.931s] INFO:colcon.colcon_core.shell:Creating package script '/home/louis/Pick-Place_RS2/install/image_processor/share/image_processor/package.bash'
[1.931s] INFO:colcon.colcon_core.shell:Creating package script '/home/louis/Pick-Place_RS2/install/image_processor/share/image_processor/package.zsh'
[1.932s] Level 1:colcon.colcon_core.environment:create_file_with_runtime_dependencies(/home/louis/Pick-Place_RS2/install/image_processor/share/colcon-core/packages/image_processor)
[1.933s] Level 1:colcon.colcon_core.environment:checking '/home/louis/Pick-Place_RS2/install/arduino_magnet' for CMake module files
[1.933s] DEBUG:colcon.colcon_core.event_handler.log_command:Invoked command in '/home/louis/Pick-Place_RS2/src/arduino_magnet' returned '0': PYTHONPATH=/home/louis/Pick-Place_RS2/build/arduino_magnet/prefix_override:/usr/lib/python3/dist-packages/colcon_core/task/python/colcon_distutils_commands:/home/louis/Pick-Place_RS2/install/arduino_magnet/lib/python3.10/site-packages:${PYTHONPATH} /usr/bin/python3 -W ignore:setup.py install is deprecated -W ignore:easy_install command is deprecated setup.py egg_info --egg-base ../../build/arduino_magnet build --build-base /home/louis/Pick-Place_RS2/build/arduino_magnet/build install --record /home/louis/Pick-Place_RS2/build/arduino_magnet/install.log --single-version-externally-managed install_data
[1.934s] Level 1:colcon.colcon_core.environment:checking '/home/louis/Pick-Place_RS2/install/arduino_magnet' for CMake config files
[1.934s] Level 1:colcon.colcon_core.environment:checking '/home/louis/Pick-Place_RS2/install/arduino_magnet/lib'
[1.934s] Level 1:colcon.colcon_core.environment:checking '/home/louis/Pick-Place_RS2/install/arduino_magnet/bin'
[1.934s] Level 1:colcon.colcon_core.environment:checking '/home/louis/Pick-Place_RS2/install/arduino_magnet/lib/pkgconfig/arduino_magnet.pc'
[1.935s] Level 1:colcon.colcon_core.environment:checking '/home/louis/Pick-Place_RS2/install/arduino_magnet/lib/python3.10/site-packages'
[1.935s] Level 1:colcon.colcon_core.shell:create_environment_hook('arduino_magnet', 'pythonpath')
[1.935s] INFO:colcon.colcon_core.shell:Creating environment hook '/home/louis/Pick-Place_RS2/install/arduino_magnet/share/arduino_magnet/hook/pythonpath.ps1'
[1.935s] INFO:colcon.colcon_core.shell:Creating environment descriptor '/home/louis/Pick-Place_RS2/install/arduino_magnet/share/arduino_magnet/hook/pythonpath.dsv'
[1.935s] INFO:colcon.colcon_core.shell:Creating environment hook '/home/louis/Pick-Place_RS2/install/arduino_magnet/share/arduino_magnet/hook/pythonpath.sh'
[1.936s] Level 1:colcon.colcon_core.environment:checking '/home/louis/Pick-Place_RS2/install/arduino_magnet/bin'
[1.936s] Level 1:colcon.colcon_core.environment:create_environment_scripts_only(arduino_magnet)
[1.936s] INFO:colcon.colcon_core.shell:Creating package script '/home/louis/Pick-Place_RS2/install/arduino_magnet/share/arduino_magnet/package.ps1'
[1.937s] INFO:colcon.colcon_core.shell:Creating package descriptor '/home/louis/Pick-Place_RS2/install/arduino_magnet/share/arduino_magnet/package.dsv'
[1.937s] INFO:colcon.colcon_core.shell:Creating package script '/home/louis/Pick-Place_RS2/install/arduino_magnet/share/arduino_magnet/package.sh'
[1.937s] INFO:colcon.colcon_core.shell:Creating package script '/home/louis/Pick-Place_RS2/install/arduino_magnet/share/arduino_magnet/package.bash'
[1.938s] INFO:colcon.colcon_core.shell:Creating package script '/home/louis/Pick-Place_RS2/install/arduino_magnet/share/arduino_magnet/package.zsh'
[1.938s] Level 1:colcon.colcon_core.environment:create_file_with_runtime_dependencies(/home/louis/Pick-Place_RS2/install/arduino_magnet/share/colcon-core/packages/arduino_magnet)
[1.938s] DEBUG:colcon.colcon_parallel_executor.executor.parallel:closing loop
[1.939s] DEBUG:colcon.colcon_parallel_executor.executor.parallel:loop closed
[1.939s] DEBUG:colcon.colcon_parallel_executor.executor.parallel:run_until_complete finished with '0'
[1.939s] DEBUG:colcon.colcon_core.event_reactor:joining thread
[1.945s] INFO:colcon.colcon_core.plugin_system:Skipping extension 'colcon_notification.desktop_notification.terminal_notifier': Not used on non-Darwin systems
[1.945s] INFO:colcon.colcon_core.plugin_system:Skipping extension 'colcon_notification.desktop_notification.win32': Not used on non-Windows systems
[1.945s] INFO:colcon.colcon_notification.desktop_notification:Sending desktop notification using 'notify2'
[1.961s] DEBUG:colcon.colcon_core.event_reactor:joined thread
[1.961s] INFO:colcon.colcon_core.shell:Creating prefix script '/home/louis/Pick-Place_RS2/install/local_setup.ps1'
[1.963s] INFO:colcon.colcon_core.shell:Creating prefix util module '/home/louis/Pick-Place_RS2/install/_local_setup_util_ps1.py'
[1.965s] INFO:colcon.colcon_core.shell:Creating prefix chain script '/home/louis/Pick-Place_RS2/install/setup.ps1'
[1.966s] INFO:colcon.colcon_core.shell:Creating prefix script '/home/louis/Pick-Place_RS2/install/local_setup.sh'
[1.967s] INFO:colcon.colcon_core.shell:Creating prefix util module '/home/louis/Pick-Place_RS2/install/_local_setup_util_sh.py'
[1.968s] INFO:colcon.colcon_core.shell:Creating prefix chain script '/home/louis/Pick-Place_RS2/install/setup.sh'
[1.970s] INFO:colcon.colcon_core.shell:Creating prefix script '/home/louis/Pick-Place_RS2/install/local_setup.bash'
[1.970s] INFO:colcon.colcon_core.shell:Creating prefix chain script '/home/louis/Pick-Place_RS2/install/setup.bash'
[1.973s] INFO:colcon.colcon_core.shell:Creating prefix script '/home/louis/Pick-Place_RS2/install/local_setup.zsh'
[1.974s] INFO:colcon.colcon_core.shell:Creating prefix chain script '/home/louis/Pick-Place_RS2/install/setup.zsh'
