[0.009s] Invoking command in '/home/louis/ros2_ws/src/positionconv_package/build/positionconv_package': CMAKE_PREFIX_PATH=/opt/ros/humble /usr/bin/cmake --build /home/louis/ros2_ws/src/positionconv_package/build/positionconv_package -- -j12 -l12
[0.043s] [35m[1mConsolidate compiler generated dependencies of target position_subscriber[0m
[0.063s] [ 50%] [32mBuilding CXX object CMakeFiles/position_subscriber.dir/src/position_subscriber.cpp.o[0m
[9.550s] [100%] [32m[1mLinking CXX executable position_subscriber[0m
[10.088s] [100%] Built target position_subscriber
[10.099s] Invoked command in '/home/louis/ros2_ws/src/positionconv_package/build/positionconv_package' returned '0': CMAKE_PREFIX_PATH=/opt/ros/humble /usr/bin/cmake --build /home/louis/ros2_ws/src/positionconv_package/build/positionconv_package -- -j12 -l12
[10.107s] Invoking command in '/home/louis/ros2_ws/src/positionconv_package/build/positionconv_package': CMAKE_PREFIX_PATH=/opt/ros/humble /usr/bin/cmake --install /home/louis/ros2_ws/src/positionconv_package/build/positionconv_package
[10.113s] -- Install configuration: ""
[10.113s] -- Installing: /home/louis/ros2_ws/src/positionconv_package/install/positionconv_package/lib/positionconv_package/position_subscriber
[10.117s] -- Set runtime path of "/home/louis/ros2_ws/src/positionconv_package/install/positionconv_package/lib/positionconv_package/position_subscriber" to ""
[10.117s] -- Installing: /home/louis/ros2_ws/src/positionconv_package/install/positionconv_package/share/ament_index/resource_index/package_run_dependencies/positionconv_package
[10.117s] -- Installing: /home/louis/ros2_ws/src/positionconv_package/install/positionconv_package/share/ament_index/resource_index/parent_prefix_path/positionconv_package
[10.117s] -- Up-to-date: /home/louis/ros2_ws/src/positionconv_package/install/positionconv_package/share/positionconv_package/environment/ament_prefix_path.sh
[10.117s] -- Installing: /home/louis/ros2_ws/src/positionconv_package/install/positionconv_package/share/positionconv_package/environment/ament_prefix_path.dsv
[10.117s] -- Up-to-date: /home/louis/ros2_ws/src/positionconv_package/install/positionconv_package/share/positionconv_package/environment/path.sh
[10.117s] -- Installing: /home/louis/ros2_ws/src/positionconv_package/install/positionconv_package/share/positionconv_package/environment/path.dsv
[10.117s] -- Up-to-date: /home/louis/ros2_ws/src/positionconv_package/install/positionconv_package/share/positionconv_package/local_setup.bash
[10.117s] -- Up-to-date: /home/louis/ros2_ws/src/positionconv_package/install/positionconv_package/share/positionconv_package/local_setup.sh
[10.117s] -- Up-to-date: /home/louis/ros2_ws/src/positionconv_package/install/positionconv_package/share/positionconv_package/local_setup.zsh
[10.117s] -- Installing: /home/louis/ros2_ws/src/positionconv_package/install/positionconv_package/share/positionconv_package/local_setup.dsv
[10.117s] -- Installing: /home/louis/ros2_ws/src/positionconv_package/install/positionconv_package/share/positionconv_package/package.dsv
[10.118s] -- Up-to-date: /home/louis/ros2_ws/src/positionconv_package/install/positionconv_package/share/ament_index/resource_index/packages/positionconv_package
[10.118s] -- Up-to-date: /home/louis/ros2_ws/src/positionconv_package/install/positionconv_package/share/positionconv_package/cmake/positionconv_packageConfig.cmake
[10.118s] -- Up-to-date: /home/louis/ros2_ws/src/positionconv_package/install/positionconv_package/share/positionconv_package/cmake/positionconv_packageConfig-version.cmake
[10.118s] -- Installing: /home/louis/ros2_ws/src/positionconv_package/install/positionconv_package/share/positionconv_package/package.xml
[10.119s] Invoked command in '/home/louis/ros2_ws/src/positionconv_package/build/positionconv_package' returned '0': CMAKE_PREFIX_PATH=/opt/ros/humble /usr/bin/cmake --install /home/louis/ros2_ws/src/positionconv_package/build/positionconv_package
