[100%] Built target position_subscriber
-- Install configuration: ""
-- Up-to-date: /home/louis/Pick-Place_RS2/install/positionconv_package/lib/positionconv_package/position_subscriber
-- Up-to-date: /home/louis/Pick-Place_RS2/install/positionconv_package/share/positionconv_package//launch
-- Up-to-date: /home/louis/Pick-Place_RS2/install/positionconv_package/share/positionconv_package//launch/position_subscriber.launch.py
-- Up-to-date: /home/louis/Pick-Place_RS2/install/positionconv_package/share/ament_index/resource_index/package_run_dependencies/positionconv_package
-- Up-to-date: /home/louis/Pick-Place_RS2/install/positionconv_package/share/ament_index/resource_index/parent_prefix_path/positionconv_package
-- Up-to-date: /home/louis/Pick-Place_RS2/install/positionconv_package/share/positionconv_package/environment/ament_prefix_path.sh
-- Up-to-date: /home/louis/Pick-Place_RS2/install/positionconv_package/share/positionconv_package/environment/ament_prefix_path.dsv
-- Up-to-date: /home/louis/Pick-Place_RS2/install/positionconv_package/share/positionconv_package/environment/path.sh
-- Up-to-date: /home/louis/Pick-Place_RS2/install/positionconv_package/share/positionconv_package/environment/path.dsv
-- Up-to-date: /home/louis/Pick-Place_RS2/install/positionconv_package/share/positionconv_package/local_setup.bash
-- Up-to-date: /home/louis/Pick-Place_RS2/install/positionconv_package/share/positionconv_package/local_setup.sh
-- Up-to-date: /home/louis/Pick-Place_RS2/install/positionconv_package/share/positionconv_package/local_setup.zsh
-- Up-to-date: /home/louis/Pick-Place_RS2/install/positionconv_package/share/positionconv_package/local_setup.dsv
-- Installing: /home/louis/Pick-Place_RS2/install/positionconv_package/share/positionconv_package/package.dsv
-- Up-to-date: /home/louis/Pick-Place_RS2/install/positionconv_package/share/ament_index/resource_index/packages/positionconv_package
-- Up-to-date: /home/louis/Pick-Place_RS2/install/positionconv_package/share/positionconv_package/cmake/positionconv_packageConfig.cmake
-- Up-to-date: /home/louis/Pick-Place_RS2/install/positionconv_package/share/positionconv_package/cmake/positionconv_packageConfig-version.cmake
-- Up-to-date: /home/louis/Pick-Place_RS2/install/positionconv_package/share/positionconv_package/package.xml
