[0.514s] Invoking command in '/home/louis/Pick-Place_RS2/build/positionconv_package': CMAKE_PREFIX_PATH=/opt/ros/humble /usr/bin/cmake --build /home/louis/Pick-Place_RS2/build/positionconv_package -- -j12 -l12
[0.669s] [100%] Built target position_subscriber
[0.688s] Invoked command in '/home/louis/Pick-Place_RS2/build/positionconv_package' returned '0': CMAKE_PREFIX_PATH=/opt/ros/humble /usr/bin/cmake --build /home/louis/Pick-Place_RS2/build/positionconv_package -- -j12 -l12
[0.690s] Invoking command in '/home/louis/Pick-Place_RS2/build/positionconv_package': CMAKE_PREFIX_PATH=/opt/ros/humble /usr/bin/cmake --install /home/louis/Pick-Place_RS2/build/positionconv_package
[0.701s] -- Install configuration: ""
[0.702s] -- Up-to-date: /home/louis/Pick-Place_RS2/install/positionconv_package/lib/positionconv_package/position_subscriber
[0.702s] -- Up-to-date: /home/louis/Pick-Place_RS2/install/positionconv_package/share/positionconv_package//launch
[0.702s] -- Up-to-date: /home/louis/Pick-Place_RS2/install/positionconv_package/share/positionconv_package//launch/position_subscriber.launch.py
[0.703s] -- Up-to-date: /home/louis/Pick-Place_RS2/install/positionconv_package/share/ament_index/resource_index/package_run_dependencies/positionconv_package
[0.703s] -- Up-to-date: /home/louis/Pick-Place_RS2/install/positionconv_package/share/ament_index/resource_index/parent_prefix_path/positionconv_package
[0.703s] -- Up-to-date: /home/louis/Pick-Place_RS2/install/positionconv_package/share/positionconv_package/environment/ament_prefix_path.sh
[0.703s] -- Up-to-date: /home/louis/Pick-Place_RS2/install/positionconv_package/share/positionconv_package/environment/ament_prefix_path.dsv
[0.703s] -- Up-to-date: /home/louis/Pick-Place_RS2/install/positionconv_package/share/positionconv_package/environment/path.sh
[0.704s] -- Up-to-date: /home/louis/Pick-Place_RS2/install/positionconv_package/share/positionconv_package/environment/path.dsv
[0.704s] -- Up-to-date: /home/louis/Pick-Place_RS2/install/positionconv_package/share/positionconv_package/local_setup.bash
[0.704s] -- Up-to-date: /home/louis/Pick-Place_RS2/install/positionconv_package/share/positionconv_package/local_setup.sh
[0.704s] -- Up-to-date: /home/louis/Pick-Place_RS2/install/positionconv_package/share/positionconv_package/local_setup.zsh
[0.704s] -- Up-to-date: /home/louis/Pick-Place_RS2/install/positionconv_package/share/positionconv_package/local_setup.dsv
[0.705s] -- Installing: /home/louis/Pick-Place_RS2/install/positionconv_package/share/positionconv_package/package.dsv
[0.705s] -- Up-to-date: /home/louis/Pick-Place_RS2/install/positionconv_package/share/ament_index/resource_index/packages/positionconv_package
[0.705s] -- Up-to-date: /home/louis/Pick-Place_RS2/install/positionconv_package/share/positionconv_package/cmake/positionconv_packageConfig.cmake
[0.705s] -- Up-to-date: /home/louis/Pick-Place_RS2/install/positionconv_package/share/positionconv_package/cmake/positionconv_packageConfig-version.cmake
[0.705s] -- Up-to-date: /home/louis/Pick-Place_RS2/install/positionconv_package/share/positionconv_package/package.xml
[0.724s] Invoked command in '/home/louis/Pick-Place_RS2/build/positionconv_package' returned '0': CMAKE_PREFIX_PATH=/opt/ros/humble /usr/bin/cmake --install /home/louis/Pick-Place_RS2/build/positionconv_package
