[0.288s] Invoking command in '/home/louis/Pick-Place_RS2/build/positionprov_package': CMAKE_PREFIX_PATH=/opt/ros/humble /usr/bin/cmake --build /home/louis/Pick-Place_RS2/build/positionprov_package -- -j12 -l12
[0.334s] [100%] Built target position_prov
[0.344s] Invoked command in '/home/louis/Pick-Place_RS2/build/positionprov_package' returned '0': CMAKE_PREFIX_PATH=/opt/ros/humble /usr/bin/cmake --build /home/louis/Pick-Place_RS2/build/positionprov_package -- -j12 -l12
[0.353s] Invoking command in '/home/louis/Pick-Place_RS2/build/positionprov_package': CMAKE_PREFIX_PATH=/opt/ros/humble /usr/bin/cmake --install /home/louis/Pick-Place_RS2/build/positionprov_package
[0.360s] -- Install configuration: ""
[0.360s] -- Installing: /home/louis/Pick-Place_RS2/install/positionprov_package/lib/positionprov_package/position_prov
[0.361s] -- Set runtime path of "/home/louis/Pick-Place_RS2/install/positionprov_package/lib/positionprov_package/position_prov" to ""
[0.361s] -- Installing: /home/louis/Pick-Place_RS2/install/positionprov_package/share/ament_index/resource_index/package_run_dependencies/positionprov_package
[0.362s] -- Installing: /home/louis/Pick-Place_RS2/install/positionprov_package/share/ament_index/resource_index/parent_prefix_path/positionprov_package
[0.362s] -- Installing: /home/louis/Pick-Place_RS2/install/positionprov_package/share/positionprov_package/environment/ament_prefix_path.sh
[0.362s] -- Installing: /home/louis/Pick-Place_RS2/install/positionprov_package/share/positionprov_package/environment/ament_prefix_path.dsv
[0.362s] -- Installing: /home/louis/Pick-Place_RS2/install/positionprov_package/share/positionprov_package/environment/path.sh
[0.362s] -- Installing: /home/louis/Pick-Place_RS2/install/positionprov_package/share/positionprov_package/environment/path.dsv
[0.362s] -- Installing: /home/louis/Pick-Place_RS2/install/positionprov_package/share/positionprov_package/local_setup.bash
[0.363s] -- Installing: /home/louis/Pick-Place_RS2/install/positionprov_package/share/positionprov_package/local_setup.sh
[0.363s] -- Installing: /home/louis/Pick-Place_RS2/install/positionprov_package/share/positionprov_package/local_setup.zsh
[0.363s] -- Installing: /home/louis/Pick-Place_RS2/install/positionprov_package/share/positionprov_package/local_setup.dsv
[0.363s] -- Installing: /home/louis/Pick-Place_RS2/install/positionprov_package/share/positionprov_package/package.dsv
[0.364s] -- Installing: /home/louis/Pick-Place_RS2/install/positionprov_package/share/ament_index/resource_index/packages/positionprov_package
[0.364s] -- Installing: /home/louis/Pick-Place_RS2/install/positionprov_package/share/positionprov_package/cmake/positionprov_packageConfig.cmake
[0.364s] -- Installing: /home/louis/Pick-Place_RS2/install/positionprov_package/share/positionprov_package/cmake/positionprov_packageConfig-version.cmake
[0.364s] -- Installing: /home/louis/Pick-Place_RS2/install/positionprov_package/share/positionprov_package/package.xml
[0.367s] Invoked command in '/home/louis/Pick-Place_RS2/build/positionprov_package' returned '0': CMAKE_PREFIX_PATH=/opt/ros/humble /usr/bin/cmake --install /home/louis/Pick-Place_RS2/build/positionprov_package
