[0.963s] DEBUG:colcon:Command line arguments: ['/usr/bin/colcon', 'list', '-p', '--base-paths', '/home/easha/git/Pick-Place_RS2-1']
[0.964s] DEBUG:colcon:Parsed command line arguments: Namespace(log_base=None, log_level=None, verb_name='list', build_base='build', ignore_user_meta=False, metas=['./colcon.meta'], base_paths=['/home/easha/git/Pick-Place_RS2-1'], packages_ignore=None, packages_ignore_regex=None, paths=None, packages_up_to=None, packages_up_to_regex=None, packages_above=None, packages_above_and_dependencies=None, packages_above_depth=None, packages_select_by_dep=None, packages_skip_by_dep=None, packages_skip_up_to=None, packages_select_build_failed=False, packages_skip_build_finished=False, packages_select_test_failures=False, packages_skip_test_passed=False, packages_select=None, packages_skip=None, packages_select_regex=None, packages_skip_regex=None, packages_start=None, packages_end=None, allow_overriding=[], topological_order=False, names_only=False, paths_only=True, topological_graph=False, topological_graph_dot=False, topological_graph_density=False, topological_graph_legend=False, topological_graph_dot_cluster=False, topological_graph_dot_include_skipped=False, mixin_files=None, mixin=None, verb_parser=<colcon_mixin.mixin.mixin_argument.MixinArgumentDecorator object at 0x7a47f1780070>, verb_extension=<colcon_package_information.verb.list.ListVerb object at 0x7a47f18ac4f0>, main=<bound method ListVerb.main of <colcon_package_information.verb.list.ListVerb object at 0x7a47f18ac4f0>>, mixin_verb=('list',))
[2.397s] Level 1:colcon.colcon_core.package_discovery:discover_packages(colcon_meta) check parameters
[2.398s] Level 1:colcon.colcon_core.package_discovery:discover_packages(recursive) check parameters
[2.398s] Level 1:colcon.colcon_core.package_discovery:discover_packages(ignore) check parameters
[2.399s] Level 1:colcon.colcon_core.package_discovery:discover_packages(path) check parameters
[2.399s] Level 1:colcon.colcon_core.package_discovery:discover_packages(recursive) discover
[2.399s] INFO:colcon.colcon_core.package_discovery:Crawling recursively for packages in '/home/easha/git/Pick-Place_RS2-1'
[2.400s] Level 1:colcon.colcon_core.package_identification:_identify(/home/easha/git/Pick-Place_RS2-1) by extensions ['ignore', 'ignore_ament_install']
[2.400s] Level 1:colcon.colcon_core.package_identification:_identify(/home/easha/git/Pick-Place_RS2-1) by extension 'ignore'
[2.401s] Level 1:colcon.colcon_core.package_identification:_identify(/home/easha/git/Pick-Place_RS2-1) by extension 'ignore_ament_install'
[2.401s] Level 1:colcon.colcon_core.package_identification:_identify(/home/easha/git/Pick-Place_RS2-1) by extensions ['colcon_pkg']
[2.402s] Level 1:colcon.colcon_core.package_identification:_identify(/home/easha/git/Pick-Place_RS2-1) by extension 'colcon_pkg'
[2.402s] Level 1:colcon.colcon_core.package_identification:_identify(/home/easha/git/Pick-Place_RS2-1) by extensions ['colcon_meta']
[2.402s] Level 1:colcon.colcon_core.package_identification:_identify(/home/easha/git/Pick-Place_RS2-1) by extension 'colcon_meta'
[2.403s] Level 1:colcon.colcon_core.package_identification:_identify(/home/easha/git/Pick-Place_RS2-1) by extensions ['ros']
[2.403s] Level 1:colcon.colcon_core.package_identification:_identify(/home/easha/git/Pick-Place_RS2-1) by extension 'ros'
[2.484s] Level 1:colcon.colcon_core.package_identification:_identify(/home/easha/git/Pick-Place_RS2-1) by extensions ['cmake', 'python']
[2.484s] Level 1:colcon.colcon_core.package_identification:_identify(/home/easha/git/Pick-Place_RS2-1) by extension 'cmake'
[2.485s] Level 1:colcon.colcon_core.package_identification:_identify(/home/easha/git/Pick-Place_RS2-1) by extension 'python'
[2.485s] Level 1:colcon.colcon_core.package_identification:_identify(/home/easha/git/Pick-Place_RS2-1) by extensions ['python_setup_py']
[2.486s] Level 1:colcon.colcon_core.package_identification:_identify(/home/easha/git/Pick-Place_RS2-1) by extension 'python_setup_py'
[2.487s] Level 1:colcon.colcon_core.package_identification:_identify(/home/easha/git/Pick-Place_RS2-1/build) by extensions ['ignore', 'ignore_ament_install']
[2.487s] Level 1:colcon.colcon_core.package_identification:_identify(/home/easha/git/Pick-Place_RS2-1/build) by extension 'ignore'
[2.488s] Level 1:colcon.colcon_core.package_identification:_identify(/home/easha/git/Pick-Place_RS2-1/build) ignored
[2.489s] Level 1:colcon.colcon_core.package_identification:_identify(/home/easha/git/Pick-Place_RS2-1/install) by extensions ['ignore', 'ignore_ament_install']
[2.490s] Level 1:colcon.colcon_core.package_identification:_identify(/home/easha/git/Pick-Place_RS2-1/install) by extension 'ignore'
[2.490s] Level 1:colcon.colcon_core.package_identification:_identify(/home/easha/git/Pick-Place_RS2-1/install) ignored
[2.491s] Level 1:colcon.colcon_core.package_identification:_identify(/home/easha/git/Pick-Place_RS2-1/log) by extensions ['ignore', 'ignore_ament_install']
[2.492s] Level 1:colcon.colcon_core.package_identification:_identify(/home/easha/git/Pick-Place_RS2-1/log) by extension 'ignore'
[2.492s] Level 1:colcon.colcon_core.package_identification:_identify(/home/easha/git/Pick-Place_RS2-1/log) ignored
[2.493s] Level 1:colcon.colcon_core.package_identification:_identify(/home/easha/git/Pick-Place_RS2-1/src) by extensions ['ignore', 'ignore_ament_install']
[2.494s] Level 1:colcon.colcon_core.package_identification:_identify(/home/easha/git/Pick-Place_RS2-1/src) by extension 'ignore'
[2.494s] Level 1:colcon.colcon_core.package_identification:_identify(/home/easha/git/Pick-Place_RS2-1/src) by extension 'ignore_ament_install'
[2.495s] Level 1:colcon.colcon_core.package_identification:_identify(/home/easha/git/Pick-Place_RS2-1/src) by extensions ['colcon_pkg']
[2.495s] Level 1:colcon.colcon_core.package_identification:_identify(/home/easha/git/Pick-Place_RS2-1/src) by extension 'colcon_pkg'
[2.495s] Level 1:colcon.colcon_core.package_identification:_identify(/home/easha/git/Pick-Place_RS2-1/src) by extensions ['colcon_meta']
[2.495s] Level 1:colcon.colcon_core.package_identification:_identify(/home/easha/git/Pick-Place_RS2-1/src) by extension 'colcon_meta'
[2.496s] Level 1:colcon.colcon_core.package_identification:_identify(/home/easha/git/Pick-Place_RS2-1/src) by extensions ['ros']
[2.496s] Level 1:colcon.colcon_core.package_identification:_identify(/home/easha/git/Pick-Place_RS2-1/src) by extension 'ros'
[2.497s] Level 1:colcon.colcon_core.package_identification:_identify(/home/easha/git/Pick-Place_RS2-1/src) by extensions ['cmake', 'python']
[2.497s] Level 1:colcon.colcon_core.package_identification:_identify(/home/easha/git/Pick-Place_RS2-1/src) by extension 'cmake'
[2.498s] Level 1:colcon.colcon_core.package_identification:_identify(/home/easha/git/Pick-Place_RS2-1/src) by extension 'python'
[2.498s] Level 1:colcon.colcon_core.package_identification:_identify(/home/easha/git/Pick-Place_RS2-1/src) by extensions ['python_setup_py']
[2.498s] Level 1:colcon.colcon_core.package_identification:_identify(/home/easha/git/Pick-Place_RS2-1/src) by extension 'python_setup_py'
[2.499s] Level 1:colcon.colcon_core.package_identification:_identify(/home/easha/git/Pick-Place_RS2-1/src/Image_processor) by extensions ['ignore', 'ignore_ament_install']
[2.500s] Level 1:colcon.colcon_core.package_identification:_identify(/home/easha/git/Pick-Place_RS2-1/src/Image_processor) by extension 'ignore'
[2.500s] Level 1:colcon.colcon_core.package_identification:_identify(/home/easha/git/Pick-Place_RS2-1/src/Image_processor) by extension 'ignore_ament_install'
[2.501s] Level 1:colcon.colcon_core.package_identification:_identify(/home/easha/git/Pick-Place_RS2-1/src/Image_processor) by extensions ['colcon_pkg']
[2.501s] Level 1:colcon.colcon_core.package_identification:_identify(/home/easha/git/Pick-Place_RS2-1/src/Image_processor) by extension 'colcon_pkg'
[2.501s] Level 1:colcon.colcon_core.package_identification:_identify(/home/easha/git/Pick-Place_RS2-1/src/Image_processor) by extensions ['colcon_meta']
[2.502s] Level 1:colcon.colcon_core.package_identification:_identify(/home/easha/git/Pick-Place_RS2-1/src/Image_processor) by extension 'colcon_meta'
[2.502s] Level 1:colcon.colcon_core.package_identification:_identify(/home/easha/git/Pick-Place_RS2-1/src/Image_processor) by extensions ['ros']
[2.503s] Level 1:colcon.colcon_core.package_identification:_identify(/home/easha/git/Pick-Place_RS2-1/src/Image_processor) by extension 'ros'
[2.503s] Level 1:colcon.colcon_core.package_identification:_identify(/home/easha/git/Pick-Place_RS2-1/src/Image_processor) by extensions ['cmake', 'python']
[2.504s] Level 1:colcon.colcon_core.package_identification:_identify(/home/easha/git/Pick-Place_RS2-1/src/Image_processor) by extension 'cmake'
[2.504s] Level 1:colcon.colcon_core.package_identification:_identify(/home/easha/git/Pick-Place_RS2-1/src/Image_processor) by extension 'python'
[2.504s] Level 1:colcon.colcon_core.package_identification:_identify(/home/easha/git/Pick-Place_RS2-1/src/Image_processor) by extensions ['python_setup_py']
[2.505s] Level 1:colcon.colcon_core.package_identification:_identify(/home/easha/git/Pick-Place_RS2-1/src/Image_processor) by extension 'python_setup_py'
[2.506s] Level 1:colcon.colcon_core.package_identification:_identify(/home/easha/git/Pick-Place_RS2-1/src/Image_processor/image_processor) by extensions ['ignore', 'ignore_ament_install']
[2.506s] Level 1:colcon.colcon_core.package_identification:_identify(/home/easha/git/Pick-Place_RS2-1/src/Image_processor/image_processor) by extension 'ignore'
[2.507s] Level 1:colcon.colcon_core.package_identification:_identify(/home/easha/git/Pick-Place_RS2-1/src/Image_processor/image_processor) by extension 'ignore_ament_install'
[2.507s] Level 1:colcon.colcon_core.package_identification:_identify(/home/easha/git/Pick-Place_RS2-1/src/Image_processor/image_processor) by extensions ['colcon_pkg']
[2.508s] Level 1:colcon.colcon_core.package_identification:_identify(/home/easha/git/Pick-Place_RS2-1/src/Image_processor/image_processor) by extension 'colcon_pkg'
[2.508s] Level 1:colcon.colcon_core.package_identification:_identify(/home/easha/git/Pick-Place_RS2-1/src/Image_processor/image_processor) by extensions ['colcon_meta']
[2.508s] Level 1:colcon.colcon_core.package_identification:_identify(/home/easha/git/Pick-Place_RS2-1/src/Image_processor/image_processor) by extension 'colcon_meta'
[2.509s] Level 1:colcon.colcon_core.package_identification:_identify(/home/easha/git/Pick-Place_RS2-1/src/Image_processor/image_processor) by extensions ['ros']
[2.509s] Level 1:colcon.colcon_core.package_identification:_identify(/home/easha/git/Pick-Place_RS2-1/src/Image_processor/image_processor) by extension 'ros'
[2.527s] DEBUG:colcon.colcon_core.package_identification:Package '/home/easha/git/Pick-Place_RS2-1/src/Image_processor/image_processor' with type 'ros.ament_python' and name 'image_processor'
[2.528s] Level 1:colcon.colcon_core.package_identification:_identify(/home/easha/git/Pick-Place_RS2-1/src/arduino_magnet) by extensions ['ignore', 'ignore_ament_install']
[2.529s] Level 1:colcon.colcon_core.package_identification:_identify(/home/easha/git/Pick-Place_RS2-1/src/arduino_magnet) by extension 'ignore'
[2.529s] Level 1:colcon.colcon_core.package_identification:_identify(/home/easha/git/Pick-Place_RS2-1/src/arduino_magnet) by extension 'ignore_ament_install'
[2.530s] Level 1:colcon.colcon_core.package_identification:_identify(/home/easha/git/Pick-Place_RS2-1/src/arduino_magnet) by extensions ['colcon_pkg']
[2.530s] Level 1:colcon.colcon_core.package_identification:_identify(/home/easha/git/Pick-Place_RS2-1/src/arduino_magnet) by extension 'colcon_pkg'
[2.531s] Level 1:colcon.colcon_core.package_identification:_identify(/home/easha/git/Pick-Place_RS2-1/src/arduino_magnet) by extensions ['colcon_meta']
[2.531s] Level 1:colcon.colcon_core.package_identification:_identify(/home/easha/git/Pick-Place_RS2-1/src/arduino_magnet) by extension 'colcon_meta'
[2.531s] Level 1:colcon.colcon_core.package_identification:_identify(/home/easha/git/Pick-Place_RS2-1/src/arduino_magnet) by extensions ['ros']
[2.532s] Level 1:colcon.colcon_core.package_identification:_identify(/home/easha/git/Pick-Place_RS2-1/src/arduino_magnet) by extension 'ros'
[2.537s] DEBUG:colcon.colcon_core.package_identification:Package '/home/easha/git/Pick-Place_RS2-1/src/arduino_magnet' with type 'ros.ament_python' and name 'arduino_magnet'
[2.538s] Level 1:colcon.colcon_core.package_identification:_identify(/home/easha/git/Pick-Place_RS2-1/src/build) by extensions ['ignore', 'ignore_ament_install']
[2.538s] Level 1:colcon.colcon_core.package_identification:_identify(/home/easha/git/Pick-Place_RS2-1/src/build) by extension 'ignore'
[2.539s] Level 1:colcon.colcon_core.package_identification:_identify(/home/easha/git/Pick-Place_RS2-1/src/build) ignored
[2.540s] Level 1:colcon.colcon_core.package_identification:_identify(/home/easha/git/Pick-Place_RS2-1/src/pick_place) by extensions ['ignore', 'ignore_ament_install']
[2.541s] Level 1:colcon.colcon_core.package_identification:_identify(/home/easha/git/Pick-Place_RS2-1/src/pick_place) by extension 'ignore'
[2.541s] Level 1:colcon.colcon_core.package_identification:_identify(/home/easha/git/Pick-Place_RS2-1/src/pick_place) by extension 'ignore_ament_install'
[2.541s] Level 1:colcon.colcon_core.package_identification:_identify(/home/easha/git/Pick-Place_RS2-1/src/pick_place) by extensions ['colcon_pkg']
[2.542s] Level 1:colcon.colcon_core.package_identification:_identify(/home/easha/git/Pick-Place_RS2-1/src/pick_place) by extension 'colcon_pkg'
[2.542s] Level 1:colcon.colcon_core.package_identification:_identify(/home/easha/git/Pick-Place_RS2-1/src/pick_place) by extensions ['colcon_meta']
[2.542s] Level 1:colcon.colcon_core.package_identification:_identify(/home/easha/git/Pick-Place_RS2-1/src/pick_place) by extension 'colcon_meta'
[2.543s] Level 1:colcon.colcon_core.package_identification:_identify(/home/easha/git/Pick-Place_RS2-1/src/pick_place) by extensions ['ros']
[2.543s] Level 1:colcon.colcon_core.package_identification:_identify(/home/easha/git/Pick-Place_RS2-1/src/pick_place) by extension 'ros'
[2.548s] DEBUG:colcon.colcon_core.package_identification:Package '/home/easha/git/Pick-Place_RS2-1/src/pick_place' with type 'ros.ament_cmake' and name 'pick_place'
[2.549s] Level 1:colcon.colcon_core.package_identification:_identify(/home/easha/git/Pick-Place_RS2-1/src/positionconv_package) by extensions ['ignore', 'ignore_ament_install']
[2.550s] Level 1:colcon.colcon_core.package_identification:_identify(/home/easha/git/Pick-Place_RS2-1/src/positionconv_package) by extension 'ignore'
[2.551s] Level 1:colcon.colcon_core.package_identification:_identify(/home/easha/git/Pick-Place_RS2-1/src/positionconv_package) by extension 'ignore_ament_install'
[2.551s] Level 1:colcon.colcon_core.package_identification:_identify(/home/easha/git/Pick-Place_RS2-1/src/positionconv_package) by extensions ['colcon_pkg']
[2.551s] Level 1:colcon.colcon_core.package_identification:_identify(/home/easha/git/Pick-Place_RS2-1/src/positionconv_package) by extension 'colcon_pkg'
[2.552s] Level 1:colcon.colcon_core.package_identification:_identify(/home/easha/git/Pick-Place_RS2-1/src/positionconv_package) by extensions ['colcon_meta']
[2.552s] Level 1:colcon.colcon_core.package_identification:_identify(/home/easha/git/Pick-Place_RS2-1/src/positionconv_package) by extension 'colcon_meta'
[2.553s] Level 1:colcon.colcon_core.package_identification:_identify(/home/easha/git/Pick-Place_RS2-1/src/positionconv_package) by extensions ['ros']
[2.553s] Level 1:colcon.colcon_core.package_identification:_identify(/home/easha/git/Pick-Place_RS2-1/src/positionconv_package) by extension 'ros'
[2.562s] DEBUG:colcon.colcon_core.package_identification:Package '/home/easha/git/Pick-Place_RS2-1/src/positionconv_package' with type 'ros.ament_cmake' and name 'positionconv_package'
[2.563s] Level 1:colcon.colcon_core.package_identification:_identify(/home/easha/git/Pick-Place_RS2-1/src/positionprov_package) by extensions ['ignore', 'ignore_ament_install']
[2.564s] Level 1:colcon.colcon_core.package_identification:_identify(/home/easha/git/Pick-Place_RS2-1/src/positionprov_package) by extension 'ignore'
[2.564s] Level 1:colcon.colcon_core.package_identification:_identify(/home/easha/git/Pick-Place_RS2-1/src/positionprov_package) by extension 'ignore_ament_install'
[2.565s] Level 1:colcon.colcon_core.package_identification:_identify(/home/easha/git/Pick-Place_RS2-1/src/positionprov_package) by extensions ['colcon_pkg']
[2.565s] Level 1:colcon.colcon_core.package_identification:_identify(/home/easha/git/Pick-Place_RS2-1/src/positionprov_package) by extension 'colcon_pkg'
[2.566s] Level 1:colcon.colcon_core.package_identification:_identify(/home/easha/git/Pick-Place_RS2-1/src/positionprov_package) by extensions ['colcon_meta']
[2.566s] Level 1:colcon.colcon_core.package_identification:_identify(/home/easha/git/Pick-Place_RS2-1/src/positionprov_package) by extension 'colcon_meta'
[2.567s] Level 1:colcon.colcon_core.package_identification:_identify(/home/easha/git/Pick-Place_RS2-1/src/positionprov_package) by extensions ['ros']
[2.567s] Level 1:colcon.colcon_core.package_identification:_identify(/home/easha/git/Pick-Place_RS2-1/src/positionprov_package) by extension 'ros'
[2.572s] DEBUG:colcon.colcon_core.package_identification:Package '/home/easha/git/Pick-Place_RS2-1/src/positionprov_package' with type 'ros.ament_cmake' and name 'positionprov_package'
[2.573s] Level 1:colcon.colcon_core.package_discovery:discover_packages(recursive) using defaults
