[0.009s] Invoking command in '/home/louis/ros2_ws/src/positionconv_package/build/positionconv_package': CMAKE_PREFIX_PATH=/opt/ros/humble /usr/bin/cmake --build /home/louis/ros2_ws/src/positionconv_package/build/positionconv_package -- -j12 -l12
[0.041s] [35m[1mConsolidate compiler generated dependencies of target position_subscriber[0m
[0.053s] [100%] Built target position_subscriber
[0.062s] Invoked command in '/home/louis/ros2_ws/src/positionconv_package/build/positionconv_package' returned '0': CMAKE_PREFIX_PATH=/opt/ros/humble /usr/bin/cmake --build /home/louis/ros2_ws/src/positionconv_package/build/positionconv_package -- -j12 -l12
[0.069s] Invoking command in '/home/louis/ros2_ws/src/positionconv_package/build/positionconv_package': CMAKE_PREFIX_PATH=/opt/ros/humble /usr/bin/cmake --install /home/louis/ros2_ws/src/positionconv_package/build/positionconv_package
[0.075s] -- Install configuration: ""
[0.076s] -- Up-to-date: /home/louis/ros2_ws/src/positionconv_package/install/positionconv_package/lib/positionconv_package/position_subscriber
[0.076s] -- Up-to-date: /home/louis/ros2_ws/src/positionconv_package/install/positionconv_package/share/ament_index/resource_index/package_run_dependencies/positionconv_package
[0.076s] -- Up-to-date: /home/louis/ros2_ws/src/positionconv_package/install/positionconv_package/share/ament_index/resource_index/parent_prefix_path/positionconv_package
[0.076s] -- Up-to-date: /home/louis/ros2_ws/src/positionconv_package/install/positionconv_package/share/positionconv_package/environment/ament_prefix_path.sh
[0.076s] -- Up-to-date: /home/louis/ros2_ws/src/positionconv_package/install/positionconv_package/share/positionconv_package/environment/ament_prefix_path.dsv
[0.076s] -- Up-to-date: /home/louis/ros2_ws/src/positionconv_package/install/positionconv_package/share/positionconv_package/environment/path.sh
[0.076s] -- Up-to-date: /home/louis/ros2_ws/src/positionconv_package/install/positionconv_package/share/positionconv_package/environment/path.dsv
[0.076s] -- Up-to-date: /home/louis/ros2_ws/src/positionconv_package/install/positionconv_package/share/positionconv_package/local_setup.bash
[0.076s] -- Up-to-date: /home/louis/ros2_ws/src/positionconv_package/install/positionconv_package/share/positionconv_package/local_setup.sh
[0.076s] -- Up-to-date: /home/louis/ros2_ws/src/positionconv_package/install/positionconv_package/share/positionconv_package/local_setup.zsh
[0.076s] -- Up-to-date: /home/louis/ros2_ws/src/positionconv_package/install/positionconv_package/share/positionconv_package/local_setup.dsv
[0.076s] -- Installing: /home/louis/ros2_ws/src/positionconv_package/install/positionconv_package/share/positionconv_package/package.dsv
[0.076s] -- Up-to-date: /home/louis/ros2_ws/src/positionconv_package/install/positionconv_package/share/ament_index/resource_index/packages/positionconv_package
[0.076s] -- Up-to-date: /home/louis/ros2_ws/src/positionconv_package/install/positionconv_package/share/positionconv_package/cmake/positionconv_packageConfig.cmake
[0.076s] -- Up-to-date: /home/louis/ros2_ws/src/positionconv_package/install/positionconv_package/share/positionconv_package/cmake/positionconv_packageConfig-version.cmake
[0.077s] -- Up-to-date: /home/louis/ros2_ws/src/positionconv_package/install/positionconv_package/share/positionconv_package/package.xml
[0.077s] Invoked command in '/home/louis/ros2_ws/src/positionconv_package/build/positionconv_package' returned '0': CMAKE_PREFIX_PATH=/opt/ros/humble /usr/bin/cmake --install /home/louis/ros2_ws/src/positionconv_package/build/positionconv_package
