[0.009s] Invoking command in '/home/louis/ros2_ws/src/MU_PositionProv_package/build/MU_PositionProv_package': CMAKE_PREFIX_PATH=/opt/ros/humble /usr/bin/cmake /home/louis/ros2_ws/src/MU_PositionProv_package -DCMAKE_INSTALL_PREFIX=/home/louis/ros2_ws/src/MU_PositionProv_package/install/MU_PositionProv_package
[0.102s] -- The C compiler identification is GNU 11.4.0
[0.176s] -- The CXX compiler identification is GNU 11.4.0
[0.184s] -- Detecting C compiler ABI info
[0.242s] -- Detecting C compiler ABI info - done
[0.249s] -- Check for working C compiler: /usr/bin/cc - skipped
[0.249s] -- Detecting C compile features
[0.250s] -- Detecting C compile features - done
[0.253s] -- Detecting CXX compiler ABI info
[0.317s] -- Detecting CXX compiler ABI info - done
[0.323s] -- Check for working CXX compiler: /usr/bin/c++ - skipped
[0.324s] -- Detecting CXX compile features
[0.324s] -- Detecting CXX compile features - done
[0.328s] -- Found ament_cmake: 1.3.11 (/opt/ros/humble/share/ament_cmake/cmake)
[0.456s] -- Found Python3: /usr/bin/python3 (found version "3.10.12") found components: Interpreter 
[0.545s] -- Found ament_lint_auto: 0.12.11 (/opt/ros/humble/share/ament_lint_auto/cmake)
[0.591s] WARNING: Package name "MU_PositionProv_package" does not follow the naming conventions. It should start with a lower case letter and only contain lower case letters, digits, underscores, and dashes.
[0.619s] -- Added test 'cppcheck' to perform static code analysis on C / C++ code
[0.619s] -- Configured cppcheck include dirs: 
[0.619s] -- Configured cppcheck exclude dirs and/or files: 
[0.621s] -- Added test 'lint_cmake' to check CMake code style
[0.625s] -- Added test 'uncrustify' to check C / C++ code style
[0.625s] -- Configured uncrustify additional arguments: 
[0.625s] -- Added test 'xmllint' to check XML markup files
[0.626s] -- Configuring done
[0.629s] -- Generating done
[0.630s] -- Build files have been written to: /home/louis/ros2_ws/src/MU_PositionProv_package/build/MU_PositionProv_package
[0.634s] Invoked command in '/home/louis/ros2_ws/src/MU_PositionProv_package/build/MU_PositionProv_package' returned '0': CMAKE_PREFIX_PATH=/opt/ros/humble /usr/bin/cmake /home/louis/ros2_ws/src/MU_PositionProv_package -DCMAKE_INSTALL_PREFIX=/home/louis/ros2_ws/src/MU_PositionProv_package/install/MU_PositionProv_package
[0.636s] Invoking command in '/home/louis/ros2_ws/src/MU_PositionProv_package/build/MU_PositionProv_package': CMAKE_PREFIX_PATH=/opt/ros/humble /usr/bin/cmake --build /home/louis/ros2_ws/src/MU_PositionProv_package/build/MU_PositionProv_package -- -j12 -l12
[0.664s] Invoked command in '/home/louis/ros2_ws/src/MU_PositionProv_package/build/MU_PositionProv_package' returned '0': CMAKE_PREFIX_PATH=/opt/ros/humble /usr/bin/cmake --build /home/louis/ros2_ws/src/MU_PositionProv_package/build/MU_PositionProv_package -- -j12 -l12
[0.672s] Invoking command in '/home/louis/ros2_ws/src/MU_PositionProv_package/build/MU_PositionProv_package': CMAKE_PREFIX_PATH=/opt/ros/humble /usr/bin/cmake --install /home/louis/ros2_ws/src/MU_PositionProv_package/build/MU_PositionProv_package
[0.678s] -- Install configuration: ""
[0.678s] -- Installing: /home/louis/ros2_ws/src/MU_PositionProv_package/install/MU_PositionProv_package/share/ament_index/resource_index/package_run_dependencies/MU_PositionProv_package
[0.678s] -- Installing: /home/louis/ros2_ws/src/MU_PositionProv_package/install/MU_PositionProv_package/share/ament_index/resource_index/parent_prefix_path/MU_PositionProv_package
[0.679s] -- Installing: /home/louis/ros2_ws/src/MU_PositionProv_package/install/MU_PositionProv_package/share/MU_PositionProv_package/environment/ament_prefix_path.sh
[0.679s] -- Installing: /home/louis/ros2_ws/src/MU_PositionProv_package/install/MU_PositionProv_package/share/MU_PositionProv_package/environment/ament_prefix_path.dsv
[0.679s] -- Installing: /home/louis/ros2_ws/src/MU_PositionProv_package/install/MU_PositionProv_package/share/MU_PositionProv_package/environment/path.sh
[0.679s] -- Installing: /home/louis/ros2_ws/src/MU_PositionProv_package/install/MU_PositionProv_package/share/MU_PositionProv_package/environment/path.dsv
[0.679s] -- Installing: /home/louis/ros2_ws/src/MU_PositionProv_package/install/MU_PositionProv_package/share/MU_PositionProv_package/local_setup.bash
[0.679s] -- Installing: /home/louis/ros2_ws/src/MU_PositionProv_package/install/MU_PositionProv_package/share/MU_PositionProv_package/local_setup.sh
[0.679s] -- Installing: /home/louis/ros2_ws/src/MU_PositionProv_package/install/MU_PositionProv_package/share/MU_PositionProv_package/local_setup.zsh
[0.679s] -- Installing: /home/louis/ros2_ws/src/MU_PositionProv_package/install/MU_PositionProv_package/share/MU_PositionProv_package/local_setup.dsv
[0.679s] -- Installing: /home/louis/ros2_ws/src/MU_PositionProv_package/install/MU_PositionProv_package/share/MU_PositionProv_package/package.dsv
[0.679s] -- Installing: /home/louis/ros2_ws/src/MU_PositionProv_package/install/MU_PositionProv_package/share/ament_index/resource_index/packages/MU_PositionProv_package
[0.679s] -- Installing: /home/louis/ros2_ws/src/MU_PositionProv_package/install/MU_PositionProv_package/share/MU_PositionProv_package/cmake/MU_PositionProv_packageConfig.cmake
[0.679s] -- Installing: /home/louis/ros2_ws/src/MU_PositionProv_package/install/MU_PositionProv_package/share/MU_PositionProv_package/cmake/MU_PositionProv_packageConfig-version.cmake
[0.680s] -- Installing: /home/louis/ros2_ws/src/MU_PositionProv_package/install/MU_PositionProv_package/share/MU_PositionProv_package/package.xml
[0.681s] Invoked command in '/home/louis/ros2_ws/src/MU_PositionProv_package/build/MU_PositionProv_package' returned '0': CMAKE_PREFIX_PATH=/opt/ros/humble /usr/bin/cmake --install /home/louis/ros2_ws/src/MU_PositionProv_package/build/MU_PositionProv_package
