/home/louis/Pick-Place_RS2/install/image_processor/lib/python3.10/site-packages/image_processor/gui_app.py
/home/louis/Pick-Place_RS2/install/image_processor/lib/python3.10/site-packages/image_processor/launch.py
/home/louis/Pick-Place_RS2/install/image_processor/lib/python3.10/site-packages/image_processor/run_gui.py
/home/louis/Pick-Place_RS2/install/image_processor/lib/python3.10/site-packages/image_processor/pixel_utils.py
/home/louis/Pick-Place_RS2/install/image_processor/lib/python3.10/site-packages/image_processor/__init__.py
/home/louis/Pick-Place_RS2/install/image_processor/lib/python3.10/site-packages/image_processor/capture_pixelate.py
/home/louis/Pick-Place_RS2/install/image_processor/lib/python3.10/site-packages/image_processor/pixel_publisher.py
/home/louis/Pick-Place_RS2/install/image_processor/lib/python3.10/site-packages/image_processor/__pycache__/gui_app.cpython-310.pyc
/home/louis/Pick-Place_RS2/install/image_processor/lib/python3.10/site-packages/image_processor/__pycache__/launch.cpython-310.pyc
/home/louis/Pick-Place_RS2/install/image_processor/lib/python3.10/site-packages/image_processor/__pycache__/run_gui.cpython-310.pyc
/home/louis/Pick-Place_RS2/install/image_processor/lib/python3.10/site-packages/image_processor/__pycache__/pixel_utils.cpython-310.pyc
/home/louis/Pick-Place_RS2/install/image_processor/lib/python3.10/site-packages/image_processor/__pycache__/__init__.cpython-310.pyc
/home/louis/Pick-Place_RS2/install/image_processor/lib/python3.10/site-packages/image_processor/__pycache__/capture_pixelate.cpython-310.pyc
/home/louis/Pick-Place_RS2/install/image_processor/lib/python3.10/site-packages/image_processor/__pycache__/pixel_publisher.cpython-310.pyc
/home/louis/Pick-Place_RS2/install/image_processor/share/ament_index/resource_index/packages/image_processor
/home/louis/Pick-Place_RS2/install/image_processor/share/image_processor/package.xml
/home/louis/Pick-Place_RS2/install/image_processor/share/image_processor/launch/launch.py
/home/louis/Pick-Place_RS2/install/image_processor/lib/python3.10/site-packages/image_processor-0.0.0-py3.10.egg-info/PKG-INFO
/home/louis/Pick-Place_RS2/install/image_processor/lib/python3.10/site-packages/image_processor-0.0.0-py3.10.egg-info/zip-safe
/home/louis/Pick-Place_RS2/install/image_processor/lib/python3.10/site-packages/image_processor-0.0.0-py3.10.egg-info/requires.txt
/home/louis/Pick-Place_RS2/install/image_processor/lib/python3.10/site-packages/image_processor-0.0.0-py3.10.egg-info/dependency_links.txt
/home/louis/Pick-Place_RS2/install/image_processor/lib/python3.10/site-packages/image_processor-0.0.0-py3.10.egg-info/SOURCES.txt
/home/louis/Pick-Place_RS2/install/image_processor/lib/python3.10/site-packages/image_processor-0.0.0-py3.10.egg-info/entry_points.txt
/home/louis/Pick-Place_RS2/install/image_processor/lib/python3.10/site-packages/image_processor-0.0.0-py3.10.egg-info/top_level.txt
/home/louis/Pick-Place_RS2/install/image_processor/lib/image_processor/pixel_publisher
/home/louis/Pick-Place_RS2/install/image_processor/lib/image_processor/run_gui
