[0.130s] DEBUG:colcon:Command line arguments: ['/usr/bin/colcon', 'build']
[0.131s] DEBUG:colcon:Parsed command line arguments: Namespace(log_base=None, log_level=None, verb_name='build', build_base='build', install_base='install', merge_install=False, symlink_install=False, test_result_base=None, continue_on_error=False, executor='parallel', parallel_workers=8, event_handlers=None, ignore_user_meta=False, metas=['./colcon.meta'], base_paths=['.'], packages_ignore=None, packages_ignore_regex=None, paths=None, packages_up_to=None, packages_up_to_regex=None, packages_above=None, packages_above_and_dependencies=None, packages_above_depth=None, packages_select_by_dep=None, packages_skip_by_dep=None, packages_skip_up_to=None, packages_select_build_failed=False, packages_skip_build_finished=False, packages_select_test_failures=False, packages_skip_test_passed=False, packages_select=None, packages_skip=None, packages_select_regex=None, packages_skip_regex=None, packages_start=None, packages_end=None, allow_overriding=[], cmake_args=None, cmake_target=None, cmake_target_skip_unavailable=False, cmake_clean_cache=False, cmake_clean_first=False, cmake_force_configure=False, ament_cmake_args=None, catkin_cmake_args=None, catkin_skip_building_tests=False, mixin_files=None, mixin=None, verb_parser=<colcon_mixin.mixin.mixin_argument.MixinArgumentDecorator object at 0x73999bdce590>, verb_extension=<colcon_core.verb.build.BuildVerb object at 0x73999bfcfd00>, main=<bound method BuildVerb.main of <colcon_core.verb.build.BuildVerb object at 0x73999bfcfd00>>, mixin_verb=('build',))
[0.316s] Level 1:colcon.colcon_core.package_discovery:discover_packages(colcon_meta) check parameters
[0.317s] Level 1:colcon.colcon_core.package_discovery:discover_packages(recursive) check parameters
[0.317s] Level 1:colcon.colcon_core.package_discovery:discover_packages(ignore) check parameters
[0.317s] Level 1:colcon.colcon_core.package_discovery:discover_packages(path) check parameters
[0.317s] Level 1:colcon.colcon_core.package_discovery:discover_packages(colcon_meta) discover
[0.317s] Level 1:colcon.colcon_core.package_discovery:discover_packages(recursive) discover
[0.317s] INFO:colcon.colcon_core.package_discovery:Crawling recursively for packages in '/home/easha/git/Pick-Place_RS2-1'
[0.317s] Level 1:colcon.colcon_core.package_identification:_identify(.) by extensions ['ignore', 'ignore_ament_install']
[0.317s] Level 1:colcon.colcon_core.package_identification:_identify(.) by extension 'ignore'
[0.317s] Level 1:colcon.colcon_core.package_identification:_identify(.) by extension 'ignore_ament_install'
[0.317s] Level 1:colcon.colcon_core.package_identification:_identify(.) by extensions ['colcon_pkg']
[0.317s] Level 1:colcon.colcon_core.package_identification:_identify(.) by extension 'colcon_pkg'
[0.317s] Level 1:colcon.colcon_core.package_identification:_identify(.) by extensions ['colcon_meta']
[0.317s] Level 1:colcon.colcon_core.package_identification:_identify(.) by extension 'colcon_meta'
[0.317s] Level 1:colcon.colcon_core.package_identification:_identify(.) by extensions ['ros']
[0.317s] Level 1:colcon.colcon_core.package_identification:_identify(.) by extension 'ros'
[0.328s] Level 1:colcon.colcon_core.package_identification:_identify(.) by extensions ['cmake', 'python']
[0.328s] Level 1:colcon.colcon_core.package_identification:_identify(.) by extension 'cmake'
[0.329s] Level 1:colcon.colcon_core.package_identification:_identify(.) by extension 'python'
[0.329s] Level 1:colcon.colcon_core.package_identification:_identify(.) by extensions ['python_setup_py']
[0.329s] Level 1:colcon.colcon_core.package_identification:_identify(.) by extension 'python_setup_py'
[0.329s] Level 1:colcon.colcon_core.package_identification:_identify(build) by extensions ['ignore', 'ignore_ament_install']
[0.329s] Level 1:colcon.colcon_core.package_identification:_identify(build) by extension 'ignore'
[0.329s] Level 1:colcon.colcon_core.package_identification:_identify(build) ignored
[0.329s] Level 1:colcon.colcon_core.package_identification:_identify(install) by extensions ['ignore', 'ignore_ament_install']
[0.329s] Level 1:colcon.colcon_core.package_identification:_identify(install) by extension 'ignore'
[0.329s] Level 1:colcon.colcon_core.package_identification:_identify(install) ignored
[0.329s] Level 1:colcon.colcon_core.package_identification:_identify(log) by extensions ['ignore', 'ignore_ament_install']
[0.329s] Level 1:colcon.colcon_core.package_identification:_identify(log) by extension 'ignore'
[0.329s] Level 1:colcon.colcon_core.package_identification:_identify(log) ignored
[0.329s] Level 1:colcon.colcon_core.package_identification:_identify(src) by extensions ['ignore', 'ignore_ament_install']
[0.330s] Level 1:colcon.colcon_core.package_identification:_identify(src) by extension 'ignore'
[0.330s] Level 1:colcon.colcon_core.package_identification:_identify(src) by extension 'ignore_ament_install'
[0.330s] Level 1:colcon.colcon_core.package_identification:_identify(src) by extensions ['colcon_pkg']
[0.330s] Level 1:colcon.colcon_core.package_identification:_identify(src) by extension 'colcon_pkg'
[0.330s] Level 1:colcon.colcon_core.package_identification:_identify(src) by extensions ['colcon_meta']
[0.330s] Level 1:colcon.colcon_core.package_identification:_identify(src) by extension 'colcon_meta'
[0.330s] Level 1:colcon.colcon_core.package_identification:_identify(src) by extensions ['ros']
[0.330s] Level 1:colcon.colcon_core.package_identification:_identify(src) by extension 'ros'
[0.330s] Level 1:colcon.colcon_core.package_identification:_identify(src) by extensions ['cmake', 'python']
[0.330s] Level 1:colcon.colcon_core.package_identification:_identify(src) by extension 'cmake'
[0.330s] Level 1:colcon.colcon_core.package_identification:_identify(src) by extension 'python'
[0.330s] Level 1:colcon.colcon_core.package_identification:_identify(src) by extensions ['python_setup_py']
[0.330s] Level 1:colcon.colcon_core.package_identification:_identify(src) by extension 'python_setup_py'
[0.330s] Level 1:colcon.colcon_core.package_identification:_identify(src/Image_processor) by extensions ['ignore', 'ignore_ament_install']
[0.330s] Level 1:colcon.colcon_core.package_identification:_identify(src/Image_processor) by extension 'ignore'
[0.330s] Level 1:colcon.colcon_core.package_identification:_identify(src/Image_processor) by extension 'ignore_ament_install'
[0.330s] Level 1:colcon.colcon_core.package_identification:_identify(src/Image_processor) by extensions ['colcon_pkg']
[0.330s] Level 1:colcon.colcon_core.package_identification:_identify(src/Image_processor) by extension 'colcon_pkg'
[0.330s] Level 1:colcon.colcon_core.package_identification:_identify(src/Image_processor) by extensions ['colcon_meta']
[0.330s] Level 1:colcon.colcon_core.package_identification:_identify(src/Image_processor) by extension 'colcon_meta'
[0.331s] Level 1:colcon.colcon_core.package_identification:_identify(src/Image_processor) by extensions ['ros']
[0.331s] Level 1:colcon.colcon_core.package_identification:_identify(src/Image_processor) by extension 'ros'
[0.331s] Level 1:colcon.colcon_core.package_identification:_identify(src/Image_processor) by extensions ['cmake', 'python']
[0.331s] Level 1:colcon.colcon_core.package_identification:_identify(src/Image_processor) by extension 'cmake'
[0.331s] Level 1:colcon.colcon_core.package_identification:_identify(src/Image_processor) by extension 'python'
[0.331s] Level 1:colcon.colcon_core.package_identification:_identify(src/Image_processor) by extensions ['python_setup_py']
[0.331s] Level 1:colcon.colcon_core.package_identification:_identify(src/Image_processor) by extension 'python_setup_py'
[0.331s] Level 1:colcon.colcon_core.package_identification:_identify(src/Image_processor/build) by extensions ['ignore', 'ignore_ament_install']
[0.331s] Level 1:colcon.colcon_core.package_identification:_identify(src/Image_processor/build) by extension 'ignore'
[0.331s] Level 1:colcon.colcon_core.package_identification:_identify(src/Image_processor/build) ignored
[0.331s] Level 1:colcon.colcon_core.package_identification:_identify(src/Image_processor/image_processor) by extensions ['ignore', 'ignore_ament_install']
[0.331s] Level 1:colcon.colcon_core.package_identification:_identify(src/Image_processor/image_processor) by extension 'ignore'
[0.331s] Level 1:colcon.colcon_core.package_identification:_identify(src/Image_processor/image_processor) by extension 'ignore_ament_install'
[0.331s] Level 1:colcon.colcon_core.package_identification:_identify(src/Image_processor/image_processor) by extensions ['colcon_pkg']
[0.331s] Level 1:colcon.colcon_core.package_identification:_identify(src/Image_processor/image_processor) by extension 'colcon_pkg'
[0.331s] Level 1:colcon.colcon_core.package_identification:_identify(src/Image_processor/image_processor) by extensions ['colcon_meta']
[0.331s] Level 1:colcon.colcon_core.package_identification:_identify(src/Image_processor/image_processor) by extension 'colcon_meta'
[0.331s] Level 1:colcon.colcon_core.package_identification:_identify(src/Image_processor/image_processor) by extensions ['ros']
[0.331s] Level 1:colcon.colcon_core.package_identification:_identify(src/Image_processor/image_processor) by extension 'ros'
[0.334s] DEBUG:colcon.colcon_core.package_identification:Package 'src/Image_processor/image_processor' with type 'ros.ament_python' and name 'image_processor'
[0.334s] Level 1:colcon.colcon_core.package_identification:_identify(src/Image_processor/install) by extensions ['ignore', 'ignore_ament_install']
[0.334s] Level 1:colcon.colcon_core.package_identification:_identify(src/Image_processor/install) by extension 'ignore'
[0.334s] Level 1:colcon.colcon_core.package_identification:_identify(src/Image_processor/install) ignored
[0.334s] Level 1:colcon.colcon_core.package_identification:_identify(src/Image_processor/log) by extensions ['ignore', 'ignore_ament_install']
[0.334s] Level 1:colcon.colcon_core.package_identification:_identify(src/Image_processor/log) by extension 'ignore'
[0.334s] Level 1:colcon.colcon_core.package_identification:_identify(src/Image_processor/log) ignored
[0.334s] Level 1:colcon.colcon_core.package_identification:_identify(src/arduino_magnet) by extensions ['ignore', 'ignore_ament_install']
[0.334s] Level 1:colcon.colcon_core.package_identification:_identify(src/arduino_magnet) by extension 'ignore'
[0.335s] Level 1:colcon.colcon_core.package_identification:_identify(src/arduino_magnet) by extension 'ignore_ament_install'
[0.335s] Level 1:colcon.colcon_core.package_identification:_identify(src/arduino_magnet) by extensions ['colcon_pkg']
[0.335s] Level 1:colcon.colcon_core.package_identification:_identify(src/arduino_magnet) by extension 'colcon_pkg'
[0.335s] Level 1:colcon.colcon_core.package_identification:_identify(src/arduino_magnet) by extensions ['colcon_meta']
[0.335s] Level 1:colcon.colcon_core.package_identification:_identify(src/arduino_magnet) by extension 'colcon_meta'
[0.335s] Level 1:colcon.colcon_core.package_identification:_identify(src/arduino_magnet) by extensions ['ros']
[0.335s] Level 1:colcon.colcon_core.package_identification:_identify(src/arduino_magnet) by extension 'ros'
[0.335s] DEBUG:colcon.colcon_core.package_identification:Package 'src/arduino_magnet' with type 'ros.ament_python' and name 'arduino_magnet'
[0.335s] Level 1:colcon.colcon_core.package_identification:_identify(src/build) by extensions ['ignore', 'ignore_ament_install']
[0.335s] Level 1:colcon.colcon_core.package_identification:_identify(src/build) by extension 'ignore'
[0.336s] Level 1:colcon.colcon_core.package_identification:_identify(src/build) ignored
[0.336s] Level 1:colcon.colcon_core.package_identification:_identify(src/pick_place) by extensions ['ignore', 'ignore_ament_install']
[0.336s] Level 1:colcon.colcon_core.package_identification:_identify(src/pick_place) by extension 'ignore'
[0.336s] Level 1:colcon.colcon_core.package_identification:_identify(src/pick_place) by extension 'ignore_ament_install'
[0.336s] Level 1:colcon.colcon_core.package_identification:_identify(src/pick_place) by extensions ['colcon_pkg']
[0.336s] Level 1:colcon.colcon_core.package_identification:_identify(src/pick_place) by extension 'colcon_pkg'
[0.336s] Level 1:colcon.colcon_core.package_identification:_identify(src/pick_place) by extensions ['colcon_meta']
[0.336s] Level 1:colcon.colcon_core.package_identification:_identify(src/pick_place) by extension 'colcon_meta'
[0.336s] Level 1:colcon.colcon_core.package_identification:_identify(src/pick_place) by extensions ['ros']
[0.336s] Level 1:colcon.colcon_core.package_identification:_identify(src/pick_place) by extension 'ros'
[0.337s] DEBUG:colcon.colcon_core.package_identification:Package 'src/pick_place' with type 'ros.ament_cmake' and name 'pick_place'
[0.337s] Level 1:colcon.colcon_core.package_identification:_identify(src/positionconv_package) by extensions ['ignore', 'ignore_ament_install']
[0.337s] Level 1:colcon.colcon_core.package_identification:_identify(src/positionconv_package) by extension 'ignore'
[0.337s] Level 1:colcon.colcon_core.package_identification:_identify(src/positionconv_package) by extension 'ignore_ament_install'
[0.337s] Level 1:colcon.colcon_core.package_identification:_identify(src/positionconv_package) by extensions ['colcon_pkg']
[0.337s] Level 1:colcon.colcon_core.package_identification:_identify(src/positionconv_package) by extension 'colcon_pkg'
[0.337s] Level 1:colcon.colcon_core.package_identification:_identify(src/positionconv_package) by extensions ['colcon_meta']
[0.337s] Level 1:colcon.colcon_core.package_identification:_identify(src/positionconv_package) by extension 'colcon_meta'
[0.337s] Level 1:colcon.colcon_core.package_identification:_identify(src/positionconv_package) by extensions ['ros']
[0.337s] Level 1:colcon.colcon_core.package_identification:_identify(src/positionconv_package) by extension 'ros'
[0.339s] DEBUG:colcon.colcon_core.package_identification:Package 'src/positionconv_package' with type 'ros.ament_cmake' and name 'positionconv_package'
[0.339s] Level 1:colcon.colcon_core.package_identification:_identify(src/positionprov_package) by extensions ['ignore', 'ignore_ament_install']
[0.340s] Level 1:colcon.colcon_core.package_identification:_identify(src/positionprov_package) by extension 'ignore'
[0.340s] Level 1:colcon.colcon_core.package_identification:_identify(src/positionprov_package) by extension 'ignore_ament_install'
[0.340s] Level 1:colcon.colcon_core.package_identification:_identify(src/positionprov_package) by extensions ['colcon_pkg']
[0.340s] Level 1:colcon.colcon_core.package_identification:_identify(src/positionprov_package) by extension 'colcon_pkg'
[0.340s] Level 1:colcon.colcon_core.package_identification:_identify(src/positionprov_package) by extensions ['colcon_meta']
[0.340s] Level 1:colcon.colcon_core.package_identification:_identify(src/positionprov_package) by extension 'colcon_meta'
[0.340s] Level 1:colcon.colcon_core.package_identification:_identify(src/positionprov_package) by extensions ['ros']
[0.340s] Level 1:colcon.colcon_core.package_identification:_identify(src/positionprov_package) by extension 'ros'
[0.340s] DEBUG:colcon.colcon_core.package_identification:Package 'src/positionprov_package' with type 'ros.ament_cmake' and name 'positionprov_package'
[0.341s] Level 1:colcon.colcon_core.package_discovery:discover_packages(recursive) using defaults
[0.341s] Level 1:colcon.colcon_core.package_discovery:discover_packages(ignore) discover
[0.341s] Level 1:colcon.colcon_core.package_discovery:discover_packages(ignore) using defaults
[0.341s] Level 1:colcon.colcon_core.package_discovery:discover_packages(path) discover
[0.341s] Level 1:colcon.colcon_core.package_discovery:discover_packages(path) using defaults
[0.378s] Level 1:colcon.colcon_core.package_discovery:discover_packages(prefix_path) check parameters
[0.378s] Level 1:colcon.colcon_core.package_discovery:discover_packages(prefix_path) discover
[0.379s] WARNING:colcon.colcon_ros.prefix_path.ament:The path '/home/easha/ros2_ws/install/image_processor' in the environment variable AMENT_PREFIX_PATH doesn't exist
[0.380s] DEBUG:colcon.colcon_installed_package_information.package_discovery:Found 4 installed packages in /home/easha/git/Pick-Place_RS2-1/install
[0.381s] DEBUG:colcon.colcon_installed_package_information.package_discovery:Found 0 installed packages in /home/easha/git/Pick-Place_RS2-1/src/Image_processor/install
[0.381s] DEBUG:colcon.colcon_installed_package_information.package_discovery:Found 0 installed packages in /home/easha/ros2_ws/install
[0.383s] DEBUG:colcon.colcon_installed_package_information.package_discovery:Found 385 installed packages in /opt/ros/humble
[0.385s] Level 1:colcon.colcon_core.package_discovery:discover_packages(prefix_path) using defaults
[0.448s] Level 5:colcon.colcon_core.verb:set package 'arduino_magnet' build argument 'cmake_args' from command line to 'None'
[0.448s] Level 5:colcon.colcon_core.verb:set package 'arduino_magnet' build argument 'cmake_target' from command line to 'None'
[0.448s] Level 5:colcon.colcon_core.verb:set package 'arduino_magnet' build argument 'cmake_target_skip_unavailable' from command line to 'False'
[0.448s] Level 5:colcon.colcon_core.verb:set package 'arduino_magnet' build argument 'cmake_clean_cache' from command line to 'False'
[0.448s] Level 5:colcon.colcon_core.verb:set package 'arduino_magnet' build argument 'cmake_clean_first' from command line to 'False'
[0.448s] Level 5:colcon.colcon_core.verb:set package 'arduino_magnet' build argument 'cmake_force_configure' from command line to 'False'
[0.448s] Level 5:colcon.colcon_core.verb:set package 'arduino_magnet' build argument 'ament_cmake_args' from command line to 'None'
[0.448s] Level 5:colcon.colcon_core.verb:set package 'arduino_magnet' build argument 'catkin_cmake_args' from command line to 'None'
[0.448s] Level 5:colcon.colcon_core.verb:set package 'arduino_magnet' build argument 'catkin_skip_building_tests' from command line to 'False'
[0.448s] DEBUG:colcon.colcon_core.verb:Building package 'arduino_magnet' with the following arguments: {'ament_cmake_args': None, 'build_base': '/home/easha/git/Pick-Place_RS2-1/build/arduino_magnet', 'catkin_cmake_args': None, 'catkin_skip_building_tests': False, 'cmake_args': None, 'cmake_clean_cache': False, 'cmake_clean_first': False, 'cmake_force_configure': False, 'cmake_target': None, 'cmake_target_skip_unavailable': False, 'install_base': '/home/easha/git/Pick-Place_RS2-1/install/arduino_magnet', 'merge_install': False, 'path': '/home/easha/git/Pick-Place_RS2-1/src/arduino_magnet', 'symlink_install': False, 'test_result_base': None}
[0.449s] Level 5:colcon.colcon_core.verb:set package 'image_processor' build argument 'cmake_args' from command line to 'None'
[0.449s] Level 5:colcon.colcon_core.verb:set package 'image_processor' build argument 'cmake_target' from command line to 'None'
[0.449s] Level 5:colcon.colcon_core.verb:set package 'image_processor' build argument 'cmake_target_skip_unavailable' from command line to 'False'
[0.449s] Level 5:colcon.colcon_core.verb:set package 'image_processor' build argument 'cmake_clean_cache' from command line to 'False'
[0.449s] Level 5:colcon.colcon_core.verb:set package 'image_processor' build argument 'cmake_clean_first' from command line to 'False'
[0.449s] Level 5:colcon.colcon_core.verb:set package 'image_processor' build argument 'cmake_force_configure' from command line to 'False'
[0.449s] Level 5:colcon.colcon_core.verb:set package 'image_processor' build argument 'ament_cmake_args' from command line to 'None'
[0.449s] Level 5:colcon.colcon_core.verb:set package 'image_processor' build argument 'catkin_cmake_args' from command line to 'None'
[0.449s] Level 5:colcon.colcon_core.verb:set package 'image_processor' build argument 'catkin_skip_building_tests' from command line to 'False'
[0.449s] DEBUG:colcon.colcon_core.verb:Building package 'image_processor' with the following arguments: {'ament_cmake_args': None, 'build_base': '/home/easha/git/Pick-Place_RS2-1/build/image_processor', 'catkin_cmake_args': None, 'catkin_skip_building_tests': False, 'cmake_args': None, 'cmake_clean_cache': False, 'cmake_clean_first': False, 'cmake_force_configure': False, 'cmake_target': None, 'cmake_target_skip_unavailable': False, 'install_base': '/home/easha/git/Pick-Place_RS2-1/install/image_processor', 'merge_install': False, 'path': '/home/easha/git/Pick-Place_RS2-1/src/Image_processor/image_processor', 'symlink_install': False, 'test_result_base': None}
[0.449s] Level 5:colcon.colcon_core.verb:set package 'pick_place' build argument 'cmake_args' from command line to 'None'
[0.450s] Level 5:colcon.colcon_core.verb:set package 'pick_place' build argument 'cmake_target' from command line to 'None'
[0.450s] Level 5:colcon.colcon_core.verb:set package 'pick_place' build argument 'cmake_target_skip_unavailable' from command line to 'False'
[0.450s] Level 5:colcon.colcon_core.verb:set package 'pick_place' build argument 'cmake_clean_cache' from command line to 'False'
[0.450s] Level 5:colcon.colcon_core.verb:set package 'pick_place' build argument 'cmake_clean_first' from command line to 'False'
[0.450s] Level 5:colcon.colcon_core.verb:set package 'pick_place' build argument 'cmake_force_configure' from command line to 'False'
[0.450s] Level 5:colcon.colcon_core.verb:set package 'pick_place' build argument 'ament_cmake_args' from command line to 'None'
[0.450s] Level 5:colcon.colcon_core.verb:set package 'pick_place' build argument 'catkin_cmake_args' from command line to 'None'
[0.450s] Level 5:colcon.colcon_core.verb:set package 'pick_place' build argument 'catkin_skip_building_tests' from command line to 'False'
[0.450s] DEBUG:colcon.colcon_core.verb:Building package 'pick_place' with the following arguments: {'ament_cmake_args': None, 'build_base': '/home/easha/git/Pick-Place_RS2-1/build/pick_place', 'catkin_cmake_args': None, 'catkin_skip_building_tests': False, 'cmake_args': None, 'cmake_clean_cache': False, 'cmake_clean_first': False, 'cmake_force_configure': False, 'cmake_target': None, 'cmake_target_skip_unavailable': False, 'install_base': '/home/easha/git/Pick-Place_RS2-1/install/pick_place', 'merge_install': False, 'path': '/home/easha/git/Pick-Place_RS2-1/src/pick_place', 'symlink_install': False, 'test_result_base': None}
[0.450s] Level 5:colcon.colcon_core.verb:set package 'positionconv_package' build argument 'cmake_args' from command line to 'None'
[0.450s] Level 5:colcon.colcon_core.verb:set package 'positionconv_package' build argument 'cmake_target' from command line to 'None'
[0.450s] Level 5:colcon.colcon_core.verb:set package 'positionconv_package' build argument 'cmake_target_skip_unavailable' from command line to 'False'
[0.450s] Level 5:colcon.colcon_core.verb:set package 'positionconv_package' build argument 'cmake_clean_cache' from command line to 'False'
[0.450s] Level 5:colcon.colcon_core.verb:set package 'positionconv_package' build argument 'cmake_clean_first' from command line to 'False'
[0.450s] Level 5:colcon.colcon_core.verb:set package 'positionconv_package' build argument 'cmake_force_configure' from command line to 'False'
[0.450s] Level 5:colcon.colcon_core.verb:set package 'positionconv_package' build argument 'ament_cmake_args' from command line to 'None'
[0.450s] Level 5:colcon.colcon_core.verb:set package 'positionconv_package' build argument 'catkin_cmake_args' from command line to 'None'
[0.450s] Level 5:colcon.colcon_core.verb:set package 'positionconv_package' build argument 'catkin_skip_building_tests' from command line to 'False'
[0.450s] DEBUG:colcon.colcon_core.verb:Building package 'positionconv_package' with the following arguments: {'ament_cmake_args': None, 'build_base': '/home/easha/git/Pick-Place_RS2-1/build/positionconv_package', 'catkin_cmake_args': None, 'catkin_skip_building_tests': False, 'cmake_args': None, 'cmake_clean_cache': False, 'cmake_clean_first': False, 'cmake_force_configure': False, 'cmake_target': None, 'cmake_target_skip_unavailable': False, 'install_base': '/home/easha/git/Pick-Place_RS2-1/install/positionconv_package', 'merge_install': False, 'path': '/home/easha/git/Pick-Place_RS2-1/src/positionconv_package', 'symlink_install': False, 'test_result_base': None}
[0.451s] Level 5:colcon.colcon_core.verb:set package 'positionprov_package' build argument 'cmake_args' from command line to 'None'
[0.451s] Level 5:colcon.colcon_core.verb:set package 'positionprov_package' build argument 'cmake_target' from command line to 'None'
[0.451s] Level 5:colcon.colcon_core.verb:set package 'positionprov_package' build argument 'cmake_target_skip_unavailable' from command line to 'False'
[0.451s] Level 5:colcon.colcon_core.verb:set package 'positionprov_package' build argument 'cmake_clean_cache' from command line to 'False'
[0.451s] Level 5:colcon.colcon_core.verb:set package 'positionprov_package' build argument 'cmake_clean_first' from command line to 'False'
[0.451s] Level 5:colcon.colcon_core.verb:set package 'positionprov_package' build argument 'cmake_force_configure' from command line to 'False'
[0.451s] Level 5:colcon.colcon_core.verb:set package 'positionprov_package' build argument 'ament_cmake_args' from command line to 'None'
[0.451s] Level 5:colcon.colcon_core.verb:set package 'positionprov_package' build argument 'catkin_cmake_args' from command line to 'None'
[0.451s] Level 5:colcon.colcon_core.verb:set package 'positionprov_package' build argument 'catkin_skip_building_tests' from command line to 'False'
[0.451s] DEBUG:colcon.colcon_core.verb:Building package 'positionprov_package' with the following arguments: {'ament_cmake_args': None, 'build_base': '/home/easha/git/Pick-Place_RS2-1/build/positionprov_package', 'catkin_cmake_args': None, 'catkin_skip_building_tests': False, 'cmake_args': None, 'cmake_clean_cache': False, 'cmake_clean_first': False, 'cmake_force_configure': False, 'cmake_target': None, 'cmake_target_skip_unavailable': False, 'install_base': '/home/easha/git/Pick-Place_RS2-1/install/positionprov_package', 'merge_install': False, 'path': '/home/easha/git/Pick-Place_RS2-1/src/positionprov_package', 'symlink_install': False, 'test_result_base': None}
[0.451s] INFO:colcon.colcon_core.executor:Executing jobs using 'parallel' executor
[0.452s] DEBUG:colcon.colcon_parallel_executor.executor.parallel:run_until_complete
[0.452s] INFO:colcon.colcon_ros.task.ament_python.build:Building ROS package in '/home/easha/git/Pick-Place_RS2-1/src/arduino_magnet' with build type 'ament_python'
[0.452s] Level 1:colcon.colcon_core.shell:create_environment_hook('arduino_magnet', 'ament_prefix_path')
[0.455s] INFO:colcon.colcon_core.plugin_system:Skipping extension 'colcon_core.shell.bat': Not used on non-Windows systems
[0.455s] INFO:colcon.colcon_core.shell:Creating environment hook '/home/easha/git/Pick-Place_RS2-1/install/arduino_magnet/share/arduino_magnet/hook/ament_prefix_path.ps1'
[0.456s] INFO:colcon.colcon_core.shell:Creating environment descriptor '/home/easha/git/Pick-Place_RS2-1/install/arduino_magnet/share/arduino_magnet/hook/ament_prefix_path.dsv'
[0.456s] INFO:colcon.colcon_core.shell:Creating environment hook '/home/easha/git/Pick-Place_RS2-1/install/arduino_magnet/share/arduino_magnet/hook/ament_prefix_path.sh'
[0.457s] INFO:colcon.colcon_core.shell:Skip shell extension 'powershell' for command environment: Not usable outside of PowerShell
[0.457s] DEBUG:colcon.colcon_core.shell:Skip shell extension 'dsv' for command environment
[0.461s] INFO:colcon.colcon_ros.task.ament_python.build:Building ROS package in '/home/easha/git/Pick-Place_RS2-1/src/Image_processor/image_processor' with build type 'ament_python'
[0.461s] Level 1:colcon.colcon_core.shell:create_environment_hook('image_processor', 'ament_prefix_path')
[0.462s] INFO:colcon.colcon_core.shell:Creating environment hook '/home/easha/git/Pick-Place_RS2-1/install/image_processor/share/image_processor/hook/ament_prefix_path.ps1'
[0.462s] INFO:colcon.colcon_core.shell:Creating environment descriptor '/home/easha/git/Pick-Place_RS2-1/install/image_processor/share/image_processor/hook/ament_prefix_path.dsv'
[0.463s] INFO:colcon.colcon_core.shell:Creating environment hook '/home/easha/git/Pick-Place_RS2-1/install/image_processor/share/image_processor/hook/ament_prefix_path.sh'
[0.463s] INFO:colcon.colcon_core.shell:Skip shell extension 'powershell' for command environment: Not usable outside of PowerShell
[0.463s] DEBUG:colcon.colcon_core.shell:Skip shell extension 'dsv' for command environment
[0.470s] INFO:colcon.colcon_ros.task.ament_cmake.build:Building ROS package in '/home/easha/git/Pick-Place_RS2-1/src/pick_place' with build type 'ament_cmake'
[0.470s] INFO:colcon.colcon_cmake.task.cmake.build:Building CMake package in '/home/easha/git/Pick-Place_RS2-1/src/pick_place'
[0.471s] INFO:colcon.colcon_core.shell:Skip shell extension 'powershell' for command environment: Not usable outside of PowerShell
[0.471s] DEBUG:colcon.colcon_core.shell:Skip shell extension 'dsv' for command environment
[0.489s] INFO:colcon.colcon_ros.task.ament_cmake.build:Building ROS package in '/home/easha/git/Pick-Place_RS2-1/src/positionconv_package' with build type 'ament_cmake'
[0.489s] INFO:colcon.colcon_cmake.task.cmake.build:Building CMake package in '/home/easha/git/Pick-Place_RS2-1/src/positionconv_package'
[0.490s] INFO:colcon.colcon_core.shell:Skip shell extension 'powershell' for command environment: Not usable outside of PowerShell
[0.490s] DEBUG:colcon.colcon_core.shell:Skip shell extension 'dsv' for command environment
[0.496s] INFO:colcon.colcon_ros.task.ament_cmake.build:Building ROS package in '/home/easha/git/Pick-Place_RS2-1/src/positionprov_package' with build type 'ament_cmake'
[0.496s] INFO:colcon.colcon_cmake.task.cmake.build:Building CMake package in '/home/easha/git/Pick-Place_RS2-1/src/positionprov_package'
[0.496s] INFO:colcon.colcon_core.shell:Skip shell extension 'powershell' for command environment: Not usable outside of PowerShell
[0.496s] DEBUG:colcon.colcon_core.shell:Skip shell extension 'dsv' for command environment
[0.837s] INFO:colcon.colcon_core.task.python.build:Building Python package in '/home/easha/git/Pick-Place_RS2-1/src/arduino_magnet'
[0.837s] INFO:colcon.colcon_core.shell:Skip shell extension 'powershell' for command environment: Not usable outside of PowerShell
[0.837s] DEBUG:colcon.colcon_core.shell:Skip shell extension 'dsv' for command environment
[1.146s] INFO:colcon.colcon_core.task.python.build:Building Python package in '/home/easha/git/Pick-Place_RS2-1/src/Image_processor/image_processor'
[1.147s] INFO:colcon.colcon_core.shell:Skip shell extension 'powershell' for command environment: Not usable outside of PowerShell
[1.147s] DEBUG:colcon.colcon_core.shell:Skip shell extension 'dsv' for command environment
[1.156s] DEBUG:colcon.colcon_core.event_handler.log_command:Invoking command in '/home/easha/git/Pick-Place_RS2-1/build/pick_place': CMAKE_PREFIX_PATH=/home/easha/git/Pick-Place_RS2-1/install/arduino_magnet:/home/easha/ros2_ws/install/image_processor:/opt/ros/humble /usr/bin/cmake --build /home/easha/git/Pick-Place_RS2-1/build/pick_place -- -j8 -l8
[1.164s] DEBUG:colcon.colcon_core.event_handler.log_command:Invoking command in '/home/easha/git/Pick-Place_RS2-1/build/positionconv_package': CMAKE_PREFIX_PATH=/home/easha/git/Pick-Place_RS2-1/install/arduino_magnet:/home/easha/ros2_ws/install/image_processor:/opt/ros/humble /usr/bin/cmake --build /home/easha/git/Pick-Place_RS2-1/build/positionconv_package -- -j8 -l8
[1.171s] DEBUG:colcon.colcon_core.event_handler.log_command:Invoking command in '/home/easha/git/Pick-Place_RS2-1/build/positionprov_package': CMAKE_PREFIX_PATH=/home/easha/git/Pick-Place_RS2-1/install/arduino_magnet:/home/easha/ros2_ws/install/image_processor:/opt/ros/humble /usr/bin/cmake --build /home/easha/git/Pick-Place_RS2-1/build/positionprov_package -- -j8 -l8
[1.272s] DEBUG:colcon.colcon_core.event_handler.log_command:Invoked command in '/home/easha/git/Pick-Place_RS2-1/build/pick_place' returned '0': CMAKE_PREFIX_PATH=/home/easha/git/Pick-Place_RS2-1/install/arduino_magnet:/home/easha/ros2_ws/install/image_processor:/opt/ros/humble /usr/bin/cmake --build /home/easha/git/Pick-Place_RS2-1/build/pick_place -- -j8 -l8
[1.288s] DEBUG:colcon.colcon_core.event_handler.log_command:Invoking command in '/home/easha/git/Pick-Place_RS2-1/build/pick_place': CMAKE_PREFIX_PATH=/home/easha/git/Pick-Place_RS2-1/install/arduino_magnet:/home/easha/ros2_ws/install/image_processor:/opt/ros/humble /usr/bin/cmake --install /home/easha/git/Pick-Place_RS2-1/build/pick_place
[1.291s] DEBUG:colcon.colcon_core.event_handler.log_command:Invoked command in '/home/easha/git/Pick-Place_RS2-1/build/positionconv_package' returned '0': CMAKE_PREFIX_PATH=/home/easha/git/Pick-Place_RS2-1/install/arduino_magnet:/home/easha/ros2_ws/install/image_processor:/opt/ros/humble /usr/bin/cmake --build /home/easha/git/Pick-Place_RS2-1/build/positionconv_package -- -j8 -l8
[1.293s] DEBUG:colcon.colcon_core.event_handler.log_command:Invoking command in '/home/easha/git/Pick-Place_RS2-1/build/positionconv_package': CMAKE_PREFIX_PATH=/home/easha/git/Pick-Place_RS2-1/install/arduino_magnet:/home/easha/ros2_ws/install/image_processor:/opt/ros/humble /usr/bin/cmake --install /home/easha/git/Pick-Place_RS2-1/build/positionconv_package
[1.294s] DEBUG:colcon.colcon_core.event_handler.log_command:Invoked command in '/home/easha/git/Pick-Place_RS2-1/build/positionprov_package' returned '0': CMAKE_PREFIX_PATH=/home/easha/git/Pick-Place_RS2-1/install/arduino_magnet:/home/easha/ros2_ws/install/image_processor:/opt/ros/humble /usr/bin/cmake --build /home/easha/git/Pick-Place_RS2-1/build/positionprov_package -- -j8 -l8
[1.298s] DEBUG:colcon.colcon_core.event_handler.log_command:Invoking command in '/home/easha/git/Pick-Place_RS2-1/build/positionprov_package': CMAKE_PREFIX_PATH=/home/easha/git/Pick-Place_RS2-1/install/arduino_magnet:/home/easha/ros2_ws/install/image_processor:/opt/ros/humble /usr/bin/cmake --install /home/easha/git/Pick-Place_RS2-1/build/positionprov_package
[1.304s] Level 1:colcon.colcon_core.environment:create_environment_scripts_only(pick_place)
[1.305s] DEBUG:colcon.colcon_core.event_handler.log_command:Invoked command in '/home/easha/git/Pick-Place_RS2-1/build/pick_place' returned '0': CMAKE_PREFIX_PATH=/home/easha/git/Pick-Place_RS2-1/install/arduino_magnet:/home/easha/ros2_ws/install/image_processor:/opt/ros/humble /usr/bin/cmake --install /home/easha/git/Pick-Place_RS2-1/build/pick_place
[1.314s] Level 1:colcon.colcon_core.environment:checking '/home/easha/git/Pick-Place_RS2-1/install/pick_place' for CMake module files
[1.316s] Level 1:colcon.colcon_core.environment:checking '/home/easha/git/Pick-Place_RS2-1/install/pick_place' for CMake config files
[1.317s] Level 1:colcon.colcon_core.shell:create_environment_hook('pick_place', 'cmake_prefix_path')
[1.317s] INFO:colcon.colcon_core.shell:Creating environment hook '/home/easha/git/Pick-Place_RS2-1/install/pick_place/share/pick_place/hook/cmake_prefix_path.ps1'
[1.318s] INFO:colcon.colcon_core.shell:Creating environment descriptor '/home/easha/git/Pick-Place_RS2-1/install/pick_place/share/pick_place/hook/cmake_prefix_path.dsv'
[1.319s] INFO:colcon.colcon_core.shell:Creating environment hook '/home/easha/git/Pick-Place_RS2-1/install/pick_place/share/pick_place/hook/cmake_prefix_path.sh'
[1.320s] Level 1:colcon.colcon_core.environment:checking '/home/easha/git/Pick-Place_RS2-1/install/pick_place/lib'
[1.320s] Level 1:colcon.colcon_core.environment:checking '/home/easha/git/Pick-Place_RS2-1/install/pick_place/bin'
[1.320s] Level 1:colcon.colcon_core.environment:checking '/home/easha/git/Pick-Place_RS2-1/install/pick_place/lib/pkgconfig/pick_place.pc'
[1.320s] Level 1:colcon.colcon_core.environment:checking '/home/easha/git/Pick-Place_RS2-1/install/pick_place/lib/python3.10/site-packages'
[1.321s] Level 1:colcon.colcon_core.environment:checking '/home/easha/git/Pick-Place_RS2-1/install/pick_place/bin'
[1.322s] INFO:colcon.colcon_core.shell:Creating package script '/home/easha/git/Pick-Place_RS2-1/install/pick_place/share/pick_place/package.ps1'
[1.323s] INFO:colcon.colcon_core.shell:Creating package descriptor '/home/easha/git/Pick-Place_RS2-1/install/pick_place/share/pick_place/package.dsv'
[1.324s] INFO:colcon.colcon_core.shell:Creating package script '/home/easha/git/Pick-Place_RS2-1/install/pick_place/share/pick_place/package.sh'
[1.325s] INFO:colcon.colcon_core.shell:Creating package script '/home/easha/git/Pick-Place_RS2-1/install/pick_place/share/pick_place/package.bash'
[1.326s] INFO:colcon.colcon_core.shell:Creating package script '/home/easha/git/Pick-Place_RS2-1/install/pick_place/share/pick_place/package.zsh'
[1.327s] Level 1:colcon.colcon_core.environment:create_file_with_runtime_dependencies(/home/easha/git/Pick-Place_RS2-1/install/pick_place/share/colcon-core/packages/pick_place)
[1.327s] Level 1:colcon.colcon_core.environment:create_environment_scripts_only(pick_place)
[1.328s] Level 1:colcon.colcon_core.environment:checking '/home/easha/git/Pick-Place_RS2-1/install/pick_place' for CMake module files
[1.328s] Level 1:colcon.colcon_core.environment:checking '/home/easha/git/Pick-Place_RS2-1/install/pick_place' for CMake config files
[1.329s] Level 1:colcon.colcon_core.shell:create_environment_hook('pick_place', 'cmake_prefix_path')
[1.329s] INFO:colcon.colcon_core.shell:Creating environment hook '/home/easha/git/Pick-Place_RS2-1/install/pick_place/share/pick_place/hook/cmake_prefix_path.ps1'
[1.329s] INFO:colcon.colcon_core.shell:Creating environment descriptor '/home/easha/git/Pick-Place_RS2-1/install/pick_place/share/pick_place/hook/cmake_prefix_path.dsv'
[1.330s] INFO:colcon.colcon_core.shell:Creating environment hook '/home/easha/git/Pick-Place_RS2-1/install/pick_place/share/pick_place/hook/cmake_prefix_path.sh'
[1.330s] Level 1:colcon.colcon_core.environment:checking '/home/easha/git/Pick-Place_RS2-1/install/pick_place/lib'
[1.330s] Level 1:colcon.colcon_core.environment:checking '/home/easha/git/Pick-Place_RS2-1/install/pick_place/bin'
[1.330s] Level 1:colcon.colcon_core.environment:checking '/home/easha/git/Pick-Place_RS2-1/install/pick_place/lib/pkgconfig/pick_place.pc'
[1.331s] Level 1:colcon.colcon_core.environment:checking '/home/easha/git/Pick-Place_RS2-1/install/pick_place/lib/python3.10/site-packages'
[1.331s] Level 1:colcon.colcon_core.environment:checking '/home/easha/git/Pick-Place_RS2-1/install/pick_place/bin'
[1.331s] INFO:colcon.colcon_core.shell:Creating package script '/home/easha/git/Pick-Place_RS2-1/install/pick_place/share/pick_place/package.ps1'
[1.332s] INFO:colcon.colcon_core.shell:Creating package descriptor '/home/easha/git/Pick-Place_RS2-1/install/pick_place/share/pick_place/package.dsv'
[1.332s] INFO:colcon.colcon_core.shell:Creating package script '/home/easha/git/Pick-Place_RS2-1/install/pick_place/share/pick_place/package.sh'
[1.333s] INFO:colcon.colcon_core.shell:Creating package script '/home/easha/git/Pick-Place_RS2-1/install/pick_place/share/pick_place/package.bash'
[1.333s] INFO:colcon.colcon_core.shell:Creating package script '/home/easha/git/Pick-Place_RS2-1/install/pick_place/share/pick_place/package.zsh'
[1.334s] Level 1:colcon.colcon_core.environment:create_file_with_runtime_dependencies(/home/easha/git/Pick-Place_RS2-1/install/pick_place/share/colcon-core/packages/pick_place)
[1.335s] Level 1:colcon.colcon_core.environment:create_environment_scripts_only(positionconv_package)
[1.336s] Level 1:colcon.colcon_core.environment:checking '/home/easha/git/Pick-Place_RS2-1/install/positionconv_package' for CMake module files
[1.337s] DEBUG:colcon.colcon_core.event_handler.log_command:Invoked command in '/home/easha/git/Pick-Place_RS2-1/build/positionconv_package' returned '0': CMAKE_PREFIX_PATH=/home/easha/git/Pick-Place_RS2-1/install/arduino_magnet:/home/easha/ros2_ws/install/image_processor:/opt/ros/humble /usr/bin/cmake --install /home/easha/git/Pick-Place_RS2-1/build/positionconv_package
[1.338s] Level 1:colcon.colcon_core.environment:checking '/home/easha/git/Pick-Place_RS2-1/install/positionconv_package' for CMake config files
[1.338s] Level 1:colcon.colcon_core.shell:create_environment_hook('positionconv_package', 'cmake_prefix_path')
[1.338s] INFO:colcon.colcon_core.shell:Creating environment hook '/home/easha/git/Pick-Place_RS2-1/install/positionconv_package/share/positionconv_package/hook/cmake_prefix_path.ps1'
[1.339s] INFO:colcon.colcon_core.shell:Creating environment descriptor '/home/easha/git/Pick-Place_RS2-1/install/positionconv_package/share/positionconv_package/hook/cmake_prefix_path.dsv'
[1.340s] INFO:colcon.colcon_core.shell:Creating environment hook '/home/easha/git/Pick-Place_RS2-1/install/positionconv_package/share/positionconv_package/hook/cmake_prefix_path.sh'
[1.341s] Level 1:colcon.colcon_core.environment:checking '/home/easha/git/Pick-Place_RS2-1/install/positionconv_package/lib'
[1.341s] Level 1:colcon.colcon_core.environment:checking '/home/easha/git/Pick-Place_RS2-1/install/positionconv_package/bin'
[1.341s] Level 1:colcon.colcon_core.environment:checking '/home/easha/git/Pick-Place_RS2-1/install/positionconv_package/lib/pkgconfig/positionconv_package.pc'
[1.341s] Level 1:colcon.colcon_core.environment:checking '/home/easha/git/Pick-Place_RS2-1/install/positionconv_package/lib/python3.10/site-packages'
[1.342s] Level 1:colcon.colcon_core.environment:checking '/home/easha/git/Pick-Place_RS2-1/install/positionconv_package/bin'
[1.342s] INFO:colcon.colcon_core.shell:Creating package script '/home/easha/git/Pick-Place_RS2-1/install/positionconv_package/share/positionconv_package/package.ps1'
[1.343s] INFO:colcon.colcon_core.shell:Creating package descriptor '/home/easha/git/Pick-Place_RS2-1/install/positionconv_package/share/positionconv_package/package.dsv'
[1.344s] INFO:colcon.colcon_core.shell:Creating package script '/home/easha/git/Pick-Place_RS2-1/install/positionconv_package/share/positionconv_package/package.sh'
[1.344s] INFO:colcon.colcon_core.shell:Creating package script '/home/easha/git/Pick-Place_RS2-1/install/positionconv_package/share/positionconv_package/package.bash'
[1.345s] INFO:colcon.colcon_core.shell:Creating package script '/home/easha/git/Pick-Place_RS2-1/install/positionconv_package/share/positionconv_package/package.zsh'
[1.345s] Level 1:colcon.colcon_core.environment:create_file_with_runtime_dependencies(/home/easha/git/Pick-Place_RS2-1/install/positionconv_package/share/colcon-core/packages/positionconv_package)
[1.346s] Level 1:colcon.colcon_core.environment:create_environment_scripts_only(positionconv_package)
[1.347s] Level 1:colcon.colcon_core.environment:checking '/home/easha/git/Pick-Place_RS2-1/install/positionconv_package' for CMake module files
[1.348s] Level 1:colcon.colcon_core.environment:checking '/home/easha/git/Pick-Place_RS2-1/install/positionconv_package' for CMake config files
[1.348s] Level 1:colcon.colcon_core.shell:create_environment_hook('positionconv_package', 'cmake_prefix_path')
[1.349s] INFO:colcon.colcon_core.shell:Creating environment hook '/home/easha/git/Pick-Place_RS2-1/install/positionconv_package/share/positionconv_package/hook/cmake_prefix_path.ps1'
[1.350s] INFO:colcon.colcon_core.shell:Creating environment descriptor '/home/easha/git/Pick-Place_RS2-1/install/positionconv_package/share/positionconv_package/hook/cmake_prefix_path.dsv'
[1.350s] INFO:colcon.colcon_core.shell:Creating environment hook '/home/easha/git/Pick-Place_RS2-1/install/positionconv_package/share/positionconv_package/hook/cmake_prefix_path.sh'
[1.351s] Level 1:colcon.colcon_core.environment:checking '/home/easha/git/Pick-Place_RS2-1/install/positionconv_package/lib'
[1.351s] Level 1:colcon.colcon_core.environment:checking '/home/easha/git/Pick-Place_RS2-1/install/positionconv_package/bin'
[1.351s] Level 1:colcon.colcon_core.environment:checking '/home/easha/git/Pick-Place_RS2-1/install/positionconv_package/lib/pkgconfig/positionconv_package.pc'
[1.352s] Level 1:colcon.colcon_core.environment:checking '/home/easha/git/Pick-Place_RS2-1/install/positionconv_package/lib/python3.10/site-packages'
[1.352s] Level 1:colcon.colcon_core.environment:checking '/home/easha/git/Pick-Place_RS2-1/install/positionconv_package/bin'
[1.353s] INFO:colcon.colcon_core.shell:Creating package script '/home/easha/git/Pick-Place_RS2-1/install/positionconv_package/share/positionconv_package/package.ps1'
[1.354s] INFO:colcon.colcon_core.shell:Creating package descriptor '/home/easha/git/Pick-Place_RS2-1/install/positionconv_package/share/positionconv_package/package.dsv'
[1.355s] INFO:colcon.colcon_core.shell:Creating package script '/home/easha/git/Pick-Place_RS2-1/install/positionconv_package/share/positionconv_package/package.sh'
[1.356s] INFO:colcon.colcon_core.shell:Creating package script '/home/easha/git/Pick-Place_RS2-1/install/positionconv_package/share/positionconv_package/package.bash'
[1.357s] INFO:colcon.colcon_core.shell:Creating package script '/home/easha/git/Pick-Place_RS2-1/install/positionconv_package/share/positionconv_package/package.zsh'
[1.357s] Level 1:colcon.colcon_core.environment:create_file_with_runtime_dependencies(/home/easha/git/Pick-Place_RS2-1/install/positionconv_package/share/colcon-core/packages/positionconv_package)
[1.358s] Level 1:colcon.colcon_core.environment:create_environment_scripts_only(positionprov_package)
[1.359s] Level 1:colcon.colcon_core.environment:checking '/home/easha/git/Pick-Place_RS2-1/install/positionprov_package' for CMake module files
[1.360s] DEBUG:colcon.colcon_core.event_handler.log_command:Invoked command in '/home/easha/git/Pick-Place_RS2-1/build/positionprov_package' returned '0': CMAKE_PREFIX_PATH=/home/easha/git/Pick-Place_RS2-1/install/arduino_magnet:/home/easha/ros2_ws/install/image_processor:/opt/ros/humble /usr/bin/cmake --install /home/easha/git/Pick-Place_RS2-1/build/positionprov_package
[1.360s] Level 1:colcon.colcon_core.environment:checking '/home/easha/git/Pick-Place_RS2-1/install/positionprov_package' for CMake config files
[1.361s] Level 1:colcon.colcon_core.shell:create_environment_hook('positionprov_package', 'cmake_prefix_path')
[1.362s] INFO:colcon.colcon_core.shell:Creating environment hook '/home/easha/git/Pick-Place_RS2-1/install/positionprov_package/share/positionprov_package/hook/cmake_prefix_path.ps1'
[1.363s] INFO:colcon.colcon_core.shell:Creating environment descriptor '/home/easha/git/Pick-Place_RS2-1/install/positionprov_package/share/positionprov_package/hook/cmake_prefix_path.dsv'
[1.363s] INFO:colcon.colcon_core.shell:Creating environment hook '/home/easha/git/Pick-Place_RS2-1/install/positionprov_package/share/positionprov_package/hook/cmake_prefix_path.sh'
[1.365s] Level 1:colcon.colcon_core.environment:checking '/home/easha/git/Pick-Place_RS2-1/install/positionprov_package/lib'
[1.365s] Level 1:colcon.colcon_core.environment:checking '/home/easha/git/Pick-Place_RS2-1/install/positionprov_package/bin'
[1.365s] Level 1:colcon.colcon_core.environment:checking '/home/easha/git/Pick-Place_RS2-1/install/positionprov_package/lib/pkgconfig/positionprov_package.pc'
[1.366s] Level 1:colcon.colcon_core.environment:checking '/home/easha/git/Pick-Place_RS2-1/install/positionprov_package/lib/python3.10/site-packages'
[1.366s] Level 1:colcon.colcon_core.environment:checking '/home/easha/git/Pick-Place_RS2-1/install/positionprov_package/bin'
[1.367s] INFO:colcon.colcon_core.shell:Creating package script '/home/easha/git/Pick-Place_RS2-1/install/positionprov_package/share/positionprov_package/package.ps1'
[1.368s] INFO:colcon.colcon_core.shell:Creating package descriptor '/home/easha/git/Pick-Place_RS2-1/install/positionprov_package/share/positionprov_package/package.dsv'
[1.369s] INFO:colcon.colcon_core.shell:Creating package script '/home/easha/git/Pick-Place_RS2-1/install/positionprov_package/share/positionprov_package/package.sh'
[1.370s] INFO:colcon.colcon_core.shell:Creating package script '/home/easha/git/Pick-Place_RS2-1/install/positionprov_package/share/positionprov_package/package.bash'
[1.371s] INFO:colcon.colcon_core.shell:Creating package script '/home/easha/git/Pick-Place_RS2-1/install/positionprov_package/share/positionprov_package/package.zsh'
[1.372s] Level 1:colcon.colcon_core.environment:create_file_with_runtime_dependencies(/home/easha/git/Pick-Place_RS2-1/install/positionprov_package/share/colcon-core/packages/positionprov_package)
[1.373s] Level 1:colcon.colcon_core.environment:create_environment_scripts_only(positionprov_package)
[1.373s] Level 1:colcon.colcon_core.environment:checking '/home/easha/git/Pick-Place_RS2-1/install/positionprov_package' for CMake module files
[1.374s] Level 1:colcon.colcon_core.environment:checking '/home/easha/git/Pick-Place_RS2-1/install/positionprov_package' for CMake config files
[1.375s] Level 1:colcon.colcon_core.shell:create_environment_hook('positionprov_package', 'cmake_prefix_path')
[1.375s] INFO:colcon.colcon_core.shell:Creating environment hook '/home/easha/git/Pick-Place_RS2-1/install/positionprov_package/share/positionprov_package/hook/cmake_prefix_path.ps1'
[1.376s] INFO:colcon.colcon_core.shell:Creating environment descriptor '/home/easha/git/Pick-Place_RS2-1/install/positionprov_package/share/positionprov_package/hook/cmake_prefix_path.dsv'
[1.376s] INFO:colcon.colcon_core.shell:Creating environment hook '/home/easha/git/Pick-Place_RS2-1/install/positionprov_package/share/positionprov_package/hook/cmake_prefix_path.sh'
[1.377s] Level 1:colcon.colcon_core.environment:checking '/home/easha/git/Pick-Place_RS2-1/install/positionprov_package/lib'
[1.378s] Level 1:colcon.colcon_core.environment:checking '/home/easha/git/Pick-Place_RS2-1/install/positionprov_package/bin'
[1.378s] Level 1:colcon.colcon_core.environment:checking '/home/easha/git/Pick-Place_RS2-1/install/positionprov_package/lib/pkgconfig/positionprov_package.pc'
[1.378s] Level 1:colcon.colcon_core.environment:checking '/home/easha/git/Pick-Place_RS2-1/install/positionprov_package/lib/python3.10/site-packages'
[1.379s] Level 1:colcon.colcon_core.environment:checking '/home/easha/git/Pick-Place_RS2-1/install/positionprov_package/bin'
[1.380s] INFO:colcon.colcon_core.shell:Creating package script '/home/easha/git/Pick-Place_RS2-1/install/positionprov_package/share/positionprov_package/package.ps1'
[1.381s] INFO:colcon.colcon_core.shell:Creating package descriptor '/home/easha/git/Pick-Place_RS2-1/install/positionprov_package/share/positionprov_package/package.dsv'
[1.382s] INFO:colcon.colcon_core.shell:Creating package script '/home/easha/git/Pick-Place_RS2-1/install/positionprov_package/share/positionprov_package/package.sh'
[1.382s] INFO:colcon.colcon_core.shell:Creating package script '/home/easha/git/Pick-Place_RS2-1/install/positionprov_package/share/positionprov_package/package.bash'
[1.383s] INFO:colcon.colcon_core.shell:Creating package script '/home/easha/git/Pick-Place_RS2-1/install/positionprov_package/share/positionprov_package/package.zsh'
[1.384s] Level 1:colcon.colcon_core.environment:create_file_with_runtime_dependencies(/home/easha/git/Pick-Place_RS2-1/install/positionprov_package/share/colcon-core/packages/positionprov_package)
[1.738s] DEBUG:colcon.colcon_core.event_handler.log_command:Invoking command in '/home/easha/git/Pick-Place_RS2-1/src/Image_processor/image_processor': PYTHONPATH=/home/easha/git/Pick-Place_RS2-1/build/image_processor/prefix_override:/usr/lib/python3/dist-packages/colcon_core/task/python/colcon_distutils_commands:/home/easha/git/Pick-Place_RS2-1/install/image_processor/lib/python3.10/site-packages:${PYTHONPATH} /usr/bin/python3 -W ignore:setup.py install is deprecated -W ignore:easy_install command is deprecated setup.py egg_info --egg-base ../../../build/image_processor build --build-base /home/easha/git/Pick-Place_RS2-1/build/image_processor/build install --record /home/easha/git/Pick-Place_RS2-1/build/image_processor/install.log --single-version-externally-managed install_data
[1.743s] DEBUG:colcon.colcon_core.event_handler.log_command:Invoking command in '/home/easha/git/Pick-Place_RS2-1/src/arduino_magnet': PYTHONPATH=/home/easha/git/Pick-Place_RS2-1/build/arduino_magnet/prefix_override:/usr/lib/python3/dist-packages/colcon_core/task/python/colcon_distutils_commands:/home/easha/git/Pick-Place_RS2-1/install/arduino_magnet/lib/python3.10/site-packages:${PYTHONPATH} /usr/bin/python3 -W ignore:setup.py install is deprecated -W ignore:easy_install command is deprecated setup.py egg_info --egg-base ../../build/arduino_magnet build --build-base /home/easha/git/Pick-Place_RS2-1/build/arduino_magnet/build install --record /home/easha/git/Pick-Place_RS2-1/build/arduino_magnet/install.log --single-version-externally-managed install_data
[2.093s] DEBUG:colcon.colcon_core.event_handler.log_command:Invoked command in '/home/easha/git/Pick-Place_RS2-1/src/Image_processor/image_processor' returned '1': PYTHONPATH=/home/easha/git/Pick-Place_RS2-1/build/image_processor/prefix_override:/usr/lib/python3/dist-packages/colcon_core/task/python/colcon_distutils_commands:/home/easha/git/Pick-Place_RS2-1/install/image_processor/lib/python3.10/site-packages:${PYTHONPATH} /usr/bin/python3 -W ignore:setup.py install is deprecated -W ignore:easy_install command is deprecated setup.py egg_info --egg-base ../../../build/image_processor build --build-base /home/easha/git/Pick-Place_RS2-1/build/image_processor/build install --record /home/easha/git/Pick-Place_RS2-1/build/image_processor/install.log --single-version-externally-managed install_data
[2.133s] DEBUG:colcon.colcon_parallel_executor.executor.parallel:closing loop
[2.133s] DEBUG:colcon.colcon_parallel_executor.executor.parallel:loop closed
[2.133s] DEBUG:colcon.colcon_parallel_executor.executor.parallel:run_until_complete finished with '1'
[2.133s] DEBUG:colcon.colcon_core.event_reactor:joining thread
[2.141s] INFO:colcon.colcon_core.plugin_system:Skipping extension 'colcon_notification.desktop_notification.terminal_notifier': Not used on non-Darwin systems
[2.141s] INFO:colcon.colcon_core.plugin_system:Skipping extension 'colcon_notification.desktop_notification.win32': Not used on non-Windows systems
[2.141s] INFO:colcon.colcon_notification.desktop_notification:Sending desktop notification using 'notify2'
[2.159s] DEBUG:colcon.colcon_core.event_reactor:joined thread
[2.160s] INFO:colcon.colcon_core.shell:Creating prefix script '/home/easha/git/Pick-Place_RS2-1/install/local_setup.ps1'
[2.161s] INFO:colcon.colcon_core.shell:Creating prefix util module '/home/easha/git/Pick-Place_RS2-1/install/_local_setup_util_ps1.py'
[2.163s] INFO:colcon.colcon_core.shell:Creating prefix chain script '/home/easha/git/Pick-Place_RS2-1/install/setup.ps1'
[2.165s] INFO:colcon.colcon_core.shell:Creating prefix script '/home/easha/git/Pick-Place_RS2-1/install/local_setup.sh'
[2.166s] INFO:colcon.colcon_core.shell:Creating prefix util module '/home/easha/git/Pick-Place_RS2-1/install/_local_setup_util_sh.py'
[2.167s] INFO:colcon.colcon_core.shell:Creating prefix chain script '/home/easha/git/Pick-Place_RS2-1/install/setup.sh'
[2.169s] INFO:colcon.colcon_core.shell:Creating prefix script '/home/easha/git/Pick-Place_RS2-1/install/local_setup.bash'
[2.170s] INFO:colcon.colcon_core.shell:Creating prefix chain script '/home/easha/git/Pick-Place_RS2-1/install/setup.bash'
[2.171s] INFO:colcon.colcon_core.shell:Creating prefix script '/home/easha/git/Pick-Place_RS2-1/install/local_setup.zsh'
[2.172s] INFO:colcon.colcon_core.shell:Creating prefix chain script '/home/easha/git/Pick-Place_RS2-1/install/setup.zsh'
