[1.277s] Invoking command in '/home/easha/git/Pick-Place_RS2-1/src/Image_processor/image_processor': PYTHONPATH=/home/easha/git/Pick-Place_RS2-1/build/image_processor/prefix_override:/usr/lib/python3/dist-packages/colcon_core/task/python/colcon_distutils_commands:/home/easha/git/Pick-Place_RS2-1/install/image_processor/lib/python3.10/site-packages:${PYTHONPATH} /usr/bin/python3 -W ignore:setup.py install is deprecated -W ignore:easy_install command is deprecated setup.py egg_info --egg-base ../../../build/image_processor build --build-base /home/easha/git/Pick-Place_RS2-1/build/image_processor/build install --record /home/easha/git/Pick-Place_RS2-1/build/image_processor/install.log --single-version-externally-managed install_data
[1.598s] running egg_info
[1.599s] creating ../../../build/image_processor/image_processor.egg-info
[1.599s] writing ../../../build/image_processor/image_processor.egg-info/PKG-INFO
[1.599s] writing dependency_links to ../../../build/image_processor/image_processor.egg-info/dependency_links.txt
[1.599s] writing entry points to ../../../build/image_processor/image_processor.egg-info/entry_points.txt
[1.600s] writing requirements to ../../../build/image_processor/image_processor.egg-info/requires.txt
[1.600s] writing top-level names to ../../../build/image_processor/image_processor.egg-info/top_level.txt
[1.600s] writing manifest file '../../../build/image_processor/image_processor.egg-info/SOURCES.txt'
[1.602s] reading manifest file '../../../build/image_processor/image_processor.egg-info/SOURCES.txt'
[1.605s] writing manifest file '../../../build/image_processor/image_processor.egg-info/SOURCES.txt'
[1.605s] running build
[1.605s] running build_py
[1.605s] creating /home/easha/git/Pick-Place_RS2-1/build/image_processor/build
[1.605s] creating /home/easha/git/Pick-Place_RS2-1/build/image_processor/build/lib
[1.605s] creating /home/easha/git/Pick-Place_RS2-1/build/image_processor/build/lib/image_processor
[1.606s] copying image_processor/__init__.py -> /home/easha/git/Pick-Place_RS2-1/build/image_processor/build/lib/image_processor
[1.606s] copying image_processor/pixel_utils.py -> /home/easha/git/Pick-Place_RS2-1/build/image_processor/build/lib/image_processor
[1.606s] copying image_processor/run_gui.py -> /home/easha/git/Pick-Place_RS2-1/build/image_processor/build/lib/image_processor
[1.606s] copying image_processor/gui_app.py -> /home/easha/git/Pick-Place_RS2-1/build/image_processor/build/lib/image_processor
[1.606s] running install
[1.607s] running install_lib
[1.608s] creating /home/easha/git/Pick-Place_RS2-1/install/image_processor/lib/python3.10/site-packages/image_processor
[1.608s] copying /home/easha/git/Pick-Place_RS2-1/build/image_processor/build/lib/image_processor/__init__.py -> /home/easha/git/Pick-Place_RS2-1/install/image_processor/lib/python3.10/site-packages/image_processor
[1.608s] copying /home/easha/git/Pick-Place_RS2-1/build/image_processor/build/lib/image_processor/pixel_utils.py -> /home/easha/git/Pick-Place_RS2-1/install/image_processor/lib/python3.10/site-packages/image_processor
[1.608s] copying /home/easha/git/Pick-Place_RS2-1/build/image_processor/build/lib/image_processor/run_gui.py -> /home/easha/git/Pick-Place_RS2-1/install/image_processor/lib/python3.10/site-packages/image_processor
[1.609s] copying /home/easha/git/Pick-Place_RS2-1/build/image_processor/build/lib/image_processor/gui_app.py -> /home/easha/git/Pick-Place_RS2-1/install/image_processor/lib/python3.10/site-packages/image_processor
[1.609s] byte-compiling /home/easha/git/Pick-Place_RS2-1/install/image_processor/lib/python3.10/site-packages/image_processor/__init__.py to __init__.cpython-310.pyc
[1.610s] byte-compiling /home/easha/git/Pick-Place_RS2-1/install/image_processor/lib/python3.10/site-packages/image_processor/pixel_utils.py to pixel_utils.cpython-310.pyc
[1.611s] byte-compiling /home/easha/git/Pick-Place_RS2-1/install/image_processor/lib/python3.10/site-packages/image_processor/run_gui.py to run_gui.cpython-310.pyc
[1.611s] byte-compiling /home/easha/git/Pick-Place_RS2-1/install/image_processor/lib/python3.10/site-packages/image_processor/gui_app.py to gui_app.cpython-310.pyc
[1.614s] running install_data
[1.614s] creating /home/easha/git/Pick-Place_RS2-1/install/image_processor/share/ament_index
[1.614s] creating /home/easha/git/Pick-Place_RS2-1/install/image_processor/share/ament_index/resource_index
[1.614s] creating /home/easha/git/Pick-Place_RS2-1/install/image_processor/share/ament_index/resource_index/packages
[1.615s] copying resource/image_processor -> /home/easha/git/Pick-Place_RS2-1/install/image_processor/share/ament_index/resource_index/packages
[1.615s] copying package.xml -> /home/easha/git/Pick-Place_RS2-1/install/image_processor/share/image_processor
[1.615s] running install_egg_info
[1.617s] Copying ../../../build/image_processor/image_processor.egg-info to /home/easha/git/Pick-Place_RS2-1/install/image_processor/lib/python3.10/site-packages/image_processor-0.0.0-py3.10.egg-info
[1.618s] running install_scripts
[1.647s] Installing pixel_publisher script to /home/easha/git/Pick-Place_RS2-1/install/image_processor/lib/image_processor
[1.647s] Installing run_gui script to /home/easha/git/Pick-Place_RS2-1/install/image_processor/lib/image_processor
[1.648s] writing list of installed files to '/home/easha/git/Pick-Place_RS2-1/build/image_processor/install.log'
[1.692s] Invoked command in '/home/easha/git/Pick-Place_RS2-1/src/Image_processor/image_processor' returned '0': PYTHONPATH=/home/easha/git/Pick-Place_RS2-1/build/image_processor/prefix_override:/usr/lib/python3/dist-packages/colcon_core/task/python/colcon_distutils_commands:/home/easha/git/Pick-Place_RS2-1/install/image_processor/lib/python3.10/site-packages:${PYTHONPATH} /usr/bin/python3 -W ignore:setup.py install is deprecated -W ignore:easy_install command is deprecated setup.py egg_info --egg-base ../../../build/image_processor build --build-base /home/easha/git/Pick-Place_RS2-1/build/image_processor/build install --record /home/easha/git/Pick-Place_RS2-1/build/image_processor/install.log --single-version-externally-managed install_data
