[0.084s] DEBUG:colcon:Command line arguments: ['/usr/bin/colcon', 'build', '--packages-select', 'positionconv_package']
[0.084s] DEBUG:colcon:Parsed command line arguments: Namespace(log_base=None, log_level=None, verb_name='build', build_base='build', install_base='install', merge_install=False, symlink_install=False, test_result_base=None, continue_on_error=False, executor='parallel', parallel_workers=12, event_handlers=None, ignore_user_meta=False, metas=['./colcon.meta'], base_paths=['.'], packages_ignore=None, packages_ignore_regex=None, paths=None, packages_up_to=None, packages_up_to_regex=None, packages_above=None, packages_above_and_dependencies=None, packages_above_depth=None, packages_select_by_dep=None, packages_skip_by_dep=None, packages_skip_up_to=None, packages_select_build_failed=False, packages_skip_build_finished=False, packages_select_test_failures=False, packages_skip_test_passed=False, packages_select=['positionconv_package'], packages_skip=None, packages_select_regex=None, packages_skip_regex=None, packages_start=None, packages_end=None, allow_overriding=[], cmake_args=None, cmake_target=None, cmake_target_skip_unavailable=False, cmake_clean_cache=False, cmake_clean_first=False, cmake_force_configure=False, ament_cmake_args=None, catkin_cmake_args=None, catkin_skip_building_tests=False, mixin_files=None, mixin=None, verb_parser=<colcon_mixin.mixin.mixin_argument.MixinArgumentDecorator object at 0x74cd1e66a800>, verb_extension=<colcon_core.verb.build.BuildVerb object at 0x74cd1e66a500>, main=<bound method BuildVerb.main of <colcon_core.verb.build.BuildVerb object at 0x74cd1e66a500>>, mixin_verb=('build',))
[0.224s] Level 1:colcon.colcon_core.package_discovery:discover_packages(colcon_meta) check parameters
[0.224s] Level 1:colcon.colcon_core.package_discovery:discover_packages(recursive) check parameters
[0.224s] Level 1:colcon.colcon_core.package_discovery:discover_packages(ignore) check parameters
[0.224s] Level 1:colcon.colcon_core.package_discovery:discover_packages(path) check parameters
[0.224s] Level 1:colcon.colcon_core.package_discovery:discover_packages(colcon_meta) discover
[0.225s] Level 1:colcon.colcon_core.package_discovery:discover_packages(recursive) discover
[0.225s] INFO:colcon.colcon_core.package_discovery:Crawling recursively for packages in '/home/louis/ros2_ws/src/positionconv_package'
[0.225s] Level 1:colcon.colcon_core.package_identification:_identify(.) by extensions ['ignore', 'ignore_ament_install']
[0.225s] Level 1:colcon.colcon_core.package_identification:_identify(.) by extension 'ignore'
[0.225s] Level 1:colcon.colcon_core.package_identification:_identify(.) by extension 'ignore_ament_install'
[0.225s] Level 1:colcon.colcon_core.package_identification:_identify(.) by extensions ['colcon_pkg']
[0.225s] Level 1:colcon.colcon_core.package_identification:_identify(.) by extension 'colcon_pkg'
[0.225s] Level 1:colcon.colcon_core.package_identification:_identify(.) by extensions ['colcon_meta']
[0.225s] Level 1:colcon.colcon_core.package_identification:_identify(.) by extension 'colcon_meta'
[0.225s] Level 1:colcon.colcon_core.package_identification:_identify(.) by extensions ['ros']
[0.225s] Level 1:colcon.colcon_core.package_identification:_identify(.) by extension 'ros'
[0.241s] DEBUG:colcon.colcon_core.package_identification:Package '.' with type 'ros.ament_cmake' and name 'positionconv_package'
[0.241s] Level 1:colcon.colcon_core.package_discovery:discover_packages(recursive) using defaults
[0.241s] Level 1:colcon.colcon_core.package_discovery:discover_packages(ignore) discover
[0.241s] Level 1:colcon.colcon_core.package_discovery:discover_packages(ignore) using defaults
[0.241s] Level 1:colcon.colcon_core.package_discovery:discover_packages(path) discover
[0.241s] Level 1:colcon.colcon_core.package_discovery:discover_packages(path) using defaults
[0.256s] Level 1:colcon.colcon_core.package_discovery:discover_packages(prefix_path) check parameters
[0.256s] Level 1:colcon.colcon_core.package_discovery:discover_packages(prefix_path) discover
[0.257s] DEBUG:colcon.colcon_installed_package_information.package_discovery:Found 0 installed packages in /home/louis/ros2_ws/install
[0.258s] DEBUG:colcon.colcon_installed_package_information.package_discovery:Found 459 installed packages in /opt/ros/humble
[0.260s] Level 1:colcon.colcon_core.package_discovery:discover_packages(prefix_path) using defaults
[0.301s] Level 5:colcon.colcon_core.verb:set package 'positionconv_package' build argument 'cmake_args' from command line to 'None'
[0.301s] Level 5:colcon.colcon_core.verb:set package 'positionconv_package' build argument 'cmake_target' from command line to 'None'
[0.301s] Level 5:colcon.colcon_core.verb:set package 'positionconv_package' build argument 'cmake_target_skip_unavailable' from command line to 'False'
[0.301s] Level 5:colcon.colcon_core.verb:set package 'positionconv_package' build argument 'cmake_clean_cache' from command line to 'False'
[0.301s] Level 5:colcon.colcon_core.verb:set package 'positionconv_package' build argument 'cmake_clean_first' from command line to 'False'
[0.301s] Level 5:colcon.colcon_core.verb:set package 'positionconv_package' build argument 'cmake_force_configure' from command line to 'False'
[0.301s] Level 5:colcon.colcon_core.verb:set package 'positionconv_package' build argument 'ament_cmake_args' from command line to 'None'
[0.301s] Level 5:colcon.colcon_core.verb:set package 'positionconv_package' build argument 'catkin_cmake_args' from command line to 'None'
[0.301s] Level 5:colcon.colcon_core.verb:set package 'positionconv_package' build argument 'catkin_skip_building_tests' from command line to 'False'
[0.301s] DEBUG:colcon.colcon_core.verb:Building package 'positionconv_package' with the following arguments: {'ament_cmake_args': None, 'build_base': '/home/louis/ros2_ws/src/positionconv_package/build/positionconv_package', 'catkin_cmake_args': None, 'catkin_skip_building_tests': False, 'cmake_args': None, 'cmake_clean_cache': False, 'cmake_clean_first': False, 'cmake_force_configure': False, 'cmake_target': None, 'cmake_target_skip_unavailable': False, 'install_base': '/home/louis/ros2_ws/src/positionconv_package/install/positionconv_package', 'merge_install': False, 'path': '/home/louis/ros2_ws/src/positionconv_package', 'symlink_install': False, 'test_result_base': None}
[0.301s] INFO:colcon.colcon_core.executor:Executing jobs using 'parallel' executor
[0.302s] DEBUG:colcon.colcon_parallel_executor.executor.parallel:run_until_complete
[0.302s] INFO:colcon.colcon_ros.task.ament_cmake.build:Building ROS package in '/home/louis/ros2_ws/src/positionconv_package' with build type 'ament_cmake'
[0.302s] INFO:colcon.colcon_cmake.task.cmake.build:Building CMake package in '/home/louis/ros2_ws/src/positionconv_package'
[0.304s] INFO:colcon.colcon_core.plugin_system:Skipping extension 'colcon_core.shell.bat': Not used on non-Windows systems
[0.304s] INFO:colcon.colcon_core.shell:Skip shell extension 'powershell' for command environment: Not usable outside of PowerShell
[0.304s] DEBUG:colcon.colcon_core.shell:Skip shell extension 'dsv' for command environment
[0.312s] DEBUG:colcon.colcon_core.event_handler.log_command:Invoking command in '/home/louis/ros2_ws/src/positionconv_package/build/positionconv_package': CMAKE_PREFIX_PATH=/opt/ros/humble /usr/bin/cmake --build /home/louis/ros2_ws/src/positionconv_package/build/positionconv_package -- -j12 -l12
[10.402s] DEBUG:colcon.colcon_core.event_handler.log_command:Invoked command in '/home/louis/ros2_ws/src/positionconv_package/build/positionconv_package' returned '0': CMAKE_PREFIX_PATH=/opt/ros/humble /usr/bin/cmake --build /home/louis/ros2_ws/src/positionconv_package/build/positionconv_package -- -j12 -l12
[10.410s] DEBUG:colcon.colcon_core.event_handler.log_command:Invoking command in '/home/louis/ros2_ws/src/positionconv_package/build/positionconv_package': CMAKE_PREFIX_PATH=/opt/ros/humble /usr/bin/cmake --install /home/louis/ros2_ws/src/positionconv_package/build/positionconv_package
[10.421s] Level 1:colcon.colcon_core.environment:create_environment_scripts_only(positionconv_package)
[10.422s] DEBUG:colcon.colcon_core.event_handler.log_command:Invoked command in '/home/louis/ros2_ws/src/positionconv_package/build/positionconv_package' returned '0': CMAKE_PREFIX_PATH=/opt/ros/humble /usr/bin/cmake --install /home/louis/ros2_ws/src/positionconv_package/build/positionconv_package
[10.424s] Level 1:colcon.colcon_core.environment:checking '/home/louis/ros2_ws/src/positionconv_package/install/positionconv_package' for CMake module files
[10.424s] Level 1:colcon.colcon_core.environment:checking '/home/louis/ros2_ws/src/positionconv_package/install/positionconv_package' for CMake config files
[10.424s] Level 1:colcon.colcon_core.shell:create_environment_hook('positionconv_package', 'cmake_prefix_path')
[10.424s] INFO:colcon.colcon_core.shell:Creating environment hook '/home/louis/ros2_ws/src/positionconv_package/install/positionconv_package/share/positionconv_package/hook/cmake_prefix_path.ps1'
[10.425s] INFO:colcon.colcon_core.shell:Creating environment descriptor '/home/louis/ros2_ws/src/positionconv_package/install/positionconv_package/share/positionconv_package/hook/cmake_prefix_path.dsv'
[10.425s] INFO:colcon.colcon_core.shell:Creating environment hook '/home/louis/ros2_ws/src/positionconv_package/install/positionconv_package/share/positionconv_package/hook/cmake_prefix_path.sh'
[10.426s] Level 1:colcon.colcon_core.environment:checking '/home/louis/ros2_ws/src/positionconv_package/install/positionconv_package/lib'
[10.426s] Level 1:colcon.colcon_core.environment:checking '/home/louis/ros2_ws/src/positionconv_package/install/positionconv_package/bin'
[10.426s] Level 1:colcon.colcon_core.environment:checking '/home/louis/ros2_ws/src/positionconv_package/install/positionconv_package/lib/pkgconfig/positionconv_package.pc'
[10.426s] Level 1:colcon.colcon_core.environment:checking '/home/louis/ros2_ws/src/positionconv_package/install/positionconv_package/lib/python3.10/site-packages'
[10.427s] Level 1:colcon.colcon_core.environment:checking '/home/louis/ros2_ws/src/positionconv_package/install/positionconv_package/bin'
[10.427s] INFO:colcon.colcon_core.shell:Creating package script '/home/louis/ros2_ws/src/positionconv_package/install/positionconv_package/share/positionconv_package/package.ps1'
[10.428s] INFO:colcon.colcon_core.shell:Creating package descriptor '/home/louis/ros2_ws/src/positionconv_package/install/positionconv_package/share/positionconv_package/package.dsv'
[10.428s] INFO:colcon.colcon_core.shell:Creating package script '/home/louis/ros2_ws/src/positionconv_package/install/positionconv_package/share/positionconv_package/package.sh'
[10.429s] INFO:colcon.colcon_core.shell:Creating package script '/home/louis/ros2_ws/src/positionconv_package/install/positionconv_package/share/positionconv_package/package.bash'
[10.429s] INFO:colcon.colcon_core.shell:Creating package script '/home/louis/ros2_ws/src/positionconv_package/install/positionconv_package/share/positionconv_package/package.zsh'
[10.430s] Level 1:colcon.colcon_core.environment:create_file_with_runtime_dependencies(/home/louis/ros2_ws/src/positionconv_package/install/positionconv_package/share/colcon-core/packages/positionconv_package)
[10.430s] Level 1:colcon.colcon_core.environment:create_environment_scripts_only(positionconv_package)
[10.430s] Level 1:colcon.colcon_core.environment:checking '/home/louis/ros2_ws/src/positionconv_package/install/positionconv_package' for CMake module files
[10.431s] Level 1:colcon.colcon_core.environment:checking '/home/louis/ros2_ws/src/positionconv_package/install/positionconv_package' for CMake config files
[10.431s] Level 1:colcon.colcon_core.shell:create_environment_hook('positionconv_package', 'cmake_prefix_path')
[10.431s] INFO:colcon.colcon_core.shell:Creating environment hook '/home/louis/ros2_ws/src/positionconv_package/install/positionconv_package/share/positionconv_package/hook/cmake_prefix_path.ps1'
[10.431s] INFO:colcon.colcon_core.shell:Creating environment descriptor '/home/louis/ros2_ws/src/positionconv_package/install/positionconv_package/share/positionconv_package/hook/cmake_prefix_path.dsv'
[10.432s] INFO:colcon.colcon_core.shell:Creating environment hook '/home/louis/ros2_ws/src/positionconv_package/install/positionconv_package/share/positionconv_package/hook/cmake_prefix_path.sh'
[10.432s] Level 1:colcon.colcon_core.environment:checking '/home/louis/ros2_ws/src/positionconv_package/install/positionconv_package/lib'
[10.432s] Level 1:colcon.colcon_core.environment:checking '/home/louis/ros2_ws/src/positionconv_package/install/positionconv_package/bin'
[10.432s] Level 1:colcon.colcon_core.environment:checking '/home/louis/ros2_ws/src/positionconv_package/install/positionconv_package/lib/pkgconfig/positionconv_package.pc'
[10.432s] Level 1:colcon.colcon_core.environment:checking '/home/louis/ros2_ws/src/positionconv_package/install/positionconv_package/lib/python3.10/site-packages'
[10.433s] Level 1:colcon.colcon_core.environment:checking '/home/louis/ros2_ws/src/positionconv_package/install/positionconv_package/bin'
[10.433s] INFO:colcon.colcon_core.shell:Creating package script '/home/louis/ros2_ws/src/positionconv_package/install/positionconv_package/share/positionconv_package/package.ps1'
[10.433s] INFO:colcon.colcon_core.shell:Creating package descriptor '/home/louis/ros2_ws/src/positionconv_package/install/positionconv_package/share/positionconv_package/package.dsv'
[10.434s] INFO:colcon.colcon_core.shell:Creating package script '/home/louis/ros2_ws/src/positionconv_package/install/positionconv_package/share/positionconv_package/package.sh'
[10.434s] INFO:colcon.colcon_core.shell:Creating package script '/home/louis/ros2_ws/src/positionconv_package/install/positionconv_package/share/positionconv_package/package.bash'
[10.434s] INFO:colcon.colcon_core.shell:Creating package script '/home/louis/ros2_ws/src/positionconv_package/install/positionconv_package/share/positionconv_package/package.zsh'
[10.435s] Level 1:colcon.colcon_core.environment:create_file_with_runtime_dependencies(/home/louis/ros2_ws/src/positionconv_package/install/positionconv_package/share/colcon-core/packages/positionconv_package)
[10.435s] DEBUG:colcon.colcon_parallel_executor.executor.parallel:closing loop
[10.435s] DEBUG:colcon.colcon_parallel_executor.executor.parallel:loop closed
[10.435s] DEBUG:colcon.colcon_parallel_executor.executor.parallel:run_until_complete finished with '0'
[10.435s] DEBUG:colcon.colcon_core.event_reactor:joining thread
[10.439s] INFO:colcon.colcon_core.plugin_system:Skipping extension 'colcon_notification.desktop_notification.terminal_notifier': Not used on non-Darwin systems
[10.439s] INFO:colcon.colcon_core.plugin_system:Skipping extension 'colcon_notification.desktop_notification.win32': Not used on non-Windows systems
[10.439s] INFO:colcon.colcon_notification.desktop_notification:Sending desktop notification using 'notify2'
[10.449s] DEBUG:colcon.colcon_core.event_reactor:joined thread
[10.449s] INFO:colcon.colcon_core.shell:Creating prefix script '/home/louis/ros2_ws/src/positionconv_package/install/local_setup.ps1'
[10.450s] INFO:colcon.colcon_core.shell:Creating prefix util module '/home/louis/ros2_ws/src/positionconv_package/install/_local_setup_util_ps1.py'
[10.451s] INFO:colcon.colcon_core.shell:Creating prefix chain script '/home/louis/ros2_ws/src/positionconv_package/install/setup.ps1'
[10.452s] INFO:colcon.colcon_core.shell:Creating prefix script '/home/louis/ros2_ws/src/positionconv_package/install/local_setup.sh'
[10.453s] INFO:colcon.colcon_core.shell:Creating prefix util module '/home/louis/ros2_ws/src/positionconv_package/install/_local_setup_util_sh.py'
[10.453s] INFO:colcon.colcon_core.shell:Creating prefix chain script '/home/louis/ros2_ws/src/positionconv_package/install/setup.sh'
[10.454s] INFO:colcon.colcon_core.shell:Creating prefix script '/home/louis/ros2_ws/src/positionconv_package/install/local_setup.bash'
[10.454s] INFO:colcon.colcon_core.shell:Creating prefix chain script '/home/louis/ros2_ws/src/positionconv_package/install/setup.bash'
[10.455s] INFO:colcon.colcon_core.shell:Creating prefix script '/home/louis/ros2_ws/src/positionconv_package/install/local_setup.zsh'
[10.456s] INFO:colcon.colcon_core.shell:Creating prefix chain script '/home/louis/ros2_ws/src/positionconv_package/install/setup.zsh'
