[0.009s] Invoking command in '/home/louis/ros2_ws/src/positionprov_package/build/positionprov_package': CMAKE_PREFIX_PATH=/opt/ros/humble /usr/bin/cmake --build /home/louis/ros2_ws/src/positionprov_package/build/positionprov_package -- -j12 -l12
[0.039s] [35m[1mConsolidate compiler generated dependencies of target position_prov[0m
[0.051s] [100%] Built target position_prov
[0.060s] Invoked command in '/home/louis/ros2_ws/src/positionprov_package/build/positionprov_package' returned '0': CMAKE_PREFIX_PATH=/opt/ros/humble /usr/bin/cmake --build /home/louis/ros2_ws/src/positionprov_package/build/positionprov_package -- -j12 -l12
[0.068s] Invoking command in '/home/louis/ros2_ws/src/positionprov_package/build/positionprov_package': CMAKE_PREFIX_PATH=/opt/ros/humble /usr/bin/cmake --install /home/louis/ros2_ws/src/positionprov_package/build/positionprov_package
[0.074s] -- Install configuration: ""
[0.074s] -- Up-to-date: /home/louis/ros2_ws/src/positionprov_package/install/positionprov_package/lib/positionprov_package/position_prov
[0.074s] -- Up-to-date: /home/louis/ros2_ws/src/positionprov_package/install/positionprov_package/share/ament_index/resource_index/package_run_dependencies/positionprov_package
[0.074s] -- Up-to-date: /home/louis/ros2_ws/src/positionprov_package/install/positionprov_package/share/ament_index/resource_index/parent_prefix_path/positionprov_package
[0.074s] -- Up-to-date: /home/louis/ros2_ws/src/positionprov_package/install/positionprov_package/share/positionprov_package/environment/ament_prefix_path.sh
[0.074s] -- Up-to-date: /home/louis/ros2_ws/src/positionprov_package/install/positionprov_package/share/positionprov_package/environment/ament_prefix_path.dsv
[0.074s] -- Up-to-date: /home/louis/ros2_ws/src/positionprov_package/install/positionprov_package/share/positionprov_package/environment/path.sh
[0.074s] -- Up-to-date: /home/louis/ros2_ws/src/positionprov_package/install/positionprov_package/share/positionprov_package/environment/path.dsv
[0.074s] -- Up-to-date: /home/louis/ros2_ws/src/positionprov_package/install/positionprov_package/share/positionprov_package/local_setup.bash
[0.075s] -- Up-to-date: /home/louis/ros2_ws/src/positionprov_package/install/positionprov_package/share/positionprov_package/local_setup.sh
[0.075s] -- Up-to-date: /home/louis/ros2_ws/src/positionprov_package/install/positionprov_package/share/positionprov_package/local_setup.zsh
[0.075s] -- Up-to-date: /home/louis/ros2_ws/src/positionprov_package/install/positionprov_package/share/positionprov_package/local_setup.dsv
[0.075s] -- Installing: /home/louis/ros2_ws/src/positionprov_package/install/positionprov_package/share/positionprov_package/package.dsv
[0.075s] -- Up-to-date: /home/louis/ros2_ws/src/positionprov_package/install/positionprov_package/share/ament_index/resource_index/packages/positionprov_package
[0.075s] -- Up-to-date: /home/louis/ros2_ws/src/positionprov_package/install/positionprov_package/share/positionprov_package/cmake/positionprov_packageConfig.cmake
[0.075s] -- Up-to-date: /home/louis/ros2_ws/src/positionprov_package/install/positionprov_package/share/positionprov_package/cmake/positionprov_packageConfig-version.cmake
[0.075s] -- Up-to-date: /home/louis/ros2_ws/src/positionprov_package/install/positionprov_package/share/positionprov_package/package.xml
[0.076s] Invoked command in '/home/louis/ros2_ws/src/positionprov_package/build/positionprov_package' returned '0': CMAKE_PREFIX_PATH=/opt/ros/humble /usr/bin/cmake --install /home/louis/ros2_ws/src/positionprov_package/build/positionprov_package
