[0.511s] Invoking command in '/home/louis/Pick-Place_RS2/build/pick_place': CMAKE_PREFIX_PATH=/opt/ros/humble /usr/bin/cmake --build /home/louis/Pick-Place_RS2/build/pick_place -- -j12 -l12
[0.673s] [100%] Built target pick_task
[0.689s] Invoked command in '/home/louis/Pick-Place_RS2/build/pick_place' returned '0': CMAKE_PREFIX_PATH=/opt/ros/humble /usr/bin/cmake --build /home/louis/Pick-Place_RS2/build/pick_place -- -j12 -l12
[0.691s] Invoking command in '/home/louis/Pick-Place_RS2/build/pick_place': CMAKE_PREFIX_PATH=/opt/ros/humble /usr/bin/cmake --install /home/louis/Pick-Place_RS2/build/pick_place
[0.701s] -- Install configuration: ""
[0.702s] -- Up-to-date: /home/louis/Pick-Place_RS2/install/pick_place/lib/pick_place/pick_task
[0.703s] -- Up-to-date: /home/louis/Pick-Place_RS2/install/pick_place/share/ament_index/resource_index/package_run_dependencies/pick_place
[0.703s] -- Up-to-date: /home/louis/Pick-Place_RS2/install/pick_place/share/ament_index/resource_index/parent_prefix_path/pick_place
[0.704s] -- Up-to-date: /home/louis/Pick-Place_RS2/install/pick_place/share/pick_place/environment/ament_prefix_path.sh
[0.704s] -- Up-to-date: /home/louis/Pick-Place_RS2/install/pick_place/share/pick_place/environment/ament_prefix_path.dsv
[0.704s] -- Up-to-date: /home/louis/Pick-Place_RS2/install/pick_place/share/pick_place/environment/path.sh
[0.704s] -- Up-to-date: /home/louis/Pick-Place_RS2/install/pick_place/share/pick_place/environment/path.dsv
[0.704s] -- Up-to-date: /home/louis/Pick-Place_RS2/install/pick_place/share/pick_place/local_setup.bash
[0.704s] -- Up-to-date: /home/louis/Pick-Place_RS2/install/pick_place/share/pick_place/local_setup.sh
[0.704s] -- Up-to-date: /home/louis/Pick-Place_RS2/install/pick_place/share/pick_place/local_setup.zsh
[0.704s] -- Up-to-date: /home/louis/Pick-Place_RS2/install/pick_place/share/pick_place/local_setup.dsv
[0.705s] -- Installing: /home/louis/Pick-Place_RS2/install/pick_place/share/pick_place/package.dsv
[0.705s] -- Up-to-date: /home/louis/Pick-Place_RS2/install/pick_place/share/ament_index/resource_index/packages/pick_place
[0.705s] -- Up-to-date: /home/louis/Pick-Place_RS2/install/pick_place/share/pick_place/cmake/pick_placeConfig.cmake
[0.705s] -- Up-to-date: /home/louis/Pick-Place_RS2/install/pick_place/share/pick_place/cmake/pick_placeConfig-version.cmake
[0.705s] -- Up-to-date: /home/louis/Pick-Place_RS2/install/pick_place/share/pick_place/package.xml
[0.743s] Invoked command in '/home/louis/Pick-Place_RS2/build/pick_place' returned '0': CMAKE_PREFIX_PATH=/opt/ros/humble /usr/bin/cmake --install /home/louis/Pick-Place_RS2/build/pick_place
