running egg_info
creating ../build/image_processor/image_processor.egg-info
writing ../build/image_processor/image_processor.egg-info/PKG-INFO
writing dependency_links to ../build/image_processor/image_processor.egg-info/dependency_links.txt
writing entry points to ../build/image_processor/image_processor.egg-info/entry_points.txt
writing requirements to ../build/image_processor/image_processor.egg-info/requires.txt
writing top-level names to ../build/image_processor/image_processor.egg-info/top_level.txt
writing manifest file '../build/image_processor/image_processor.egg-info/SOURCES.txt'
reading manifest file '../build/image_processor/image_processor.egg-info/SOURCES.txt'
writing manifest file '../build/image_processor/image_processor.egg-info/SOURCES.txt'
running build
running build_py
creating /home/easha/git/Pick-Place_RS2-1/src/Image_processor/build/image_processor/build
creating /home/easha/git/Pick-Place_RS2-1/src/Image_processor/build/image_processor/build/lib
creating /home/easha/git/Pick-Place_RS2-1/src/Image_processor/build/image_processor/build/lib/image_processor
copying image_processor/__init__.py -> /home/easha/git/Pick-Place_RS2-1/src/Image_processor/build/image_processor/build/lib/image_processor
copying image_processor/pixel_utils.py -> /home/easha/git/Pick-Place_RS2-1/src/Image_processor/build/image_processor/build/lib/image_processor
copying image_processor/run_gui.py -> /home/easha/git/Pick-Place_RS2-1/src/Image_processor/build/image_processor/build/lib/image_processor
copying image_processor/gui_app.py -> /home/easha/git/Pick-Place_RS2-1/src/Image_processor/build/image_processor/build/lib/image_processor
running install
running install_lib
creating /home/easha/git/Pick-Place_RS2-1/src/Image_processor/install/image_processor/lib/python3.10/site-packages/image_processor
copying /home/easha/git/Pick-Place_RS2-1/src/Image_processor/build/image_processor/build/lib/image_processor/__init__.py -> /home/easha/git/Pick-Place_RS2-1/src/Image_processor/install/image_processor/lib/python3.10/site-packages/image_processor
copying /home/easha/git/Pick-Place_RS2-1/src/Image_processor/build/image_processor/build/lib/image_processor/pixel_utils.py -> /home/easha/git/Pick-Place_RS2-1/src/Image_processor/install/image_processor/lib/python3.10/site-packages/image_processor
copying /home/easha/git/Pick-Place_RS2-1/src/Image_processor/build/image_processor/build/lib/image_processor/run_gui.py -> /home/easha/git/Pick-Place_RS2-1/src/Image_processor/install/image_processor/lib/python3.10/site-packages/image_processor
copying /home/easha/git/Pick-Place_RS2-1/src/Image_processor/build/image_processor/build/lib/image_processor/gui_app.py -> /home/easha/git/Pick-Place_RS2-1/src/Image_processor/install/image_processor/lib/python3.10/site-packages/image_processor
byte-compiling /home/easha/git/Pick-Place_RS2-1/src/Image_processor/install/image_processor/lib/python3.10/site-packages/image_processor/__init__.py to __init__.cpython-310.pyc
byte-compiling /home/easha/git/Pick-Place_RS2-1/src/Image_processor/install/image_processor/lib/python3.10/site-packages/image_processor/pixel_utils.py to pixel_utils.cpython-310.pyc
byte-compiling /home/easha/git/Pick-Place_RS2-1/src/Image_processor/install/image_processor/lib/python3.10/site-packages/image_processor/run_gui.py to run_gui.cpython-310.pyc
byte-compiling /home/easha/git/Pick-Place_RS2-1/src/Image_processor/install/image_processor/lib/python3.10/site-packages/image_processor/gui_app.py to gui_app.cpython-310.pyc
running install_data
creating /home/easha/git/Pick-Place_RS2-1/src/Image_processor/install/image_processor/share/ament_index
creating /home/easha/git/Pick-Place_RS2-1/src/Image_processor/install/image_processor/share/ament_index/resource_index
creating /home/easha/git/Pick-Place_RS2-1/src/Image_processor/install/image_processor/share/ament_index/resource_index/packages
copying resource/image_processor -> /home/easha/git/Pick-Place_RS2-1/src/Image_processor/install/image_processor/share/ament_index/resource_index/packages
copying package.xml -> /home/easha/git/Pick-Place_RS2-1/src/Image_processor/install/image_processor/share/image_processor
creating /home/easha/git/Pick-Place_RS2-1/src/Image_processor/install/image_processor/share/image_processor/launch
