running egg_info
writing ../../build/arduino_magnet/arduino_magnet.egg-info/PKG-INFO
writing dependency_links to ../../build/arduino_magnet/arduino_magnet.egg-info/dependency_links.txt
writing entry points to ../../build/arduino_magnet/arduino_magnet.egg-info/entry_points.txt
writing requirements to ../../build/arduino_magnet/arduino_magnet.egg-info/requires.txt
writing top-level names to ../../build/arduino_magnet/arduino_magnet.egg-info/top_level.txt
reading manifest file '../../build/arduino_magnet/arduino_magnet.egg-info/SOURCES.txt'
writing manifest file '../../build/arduino_magnet/arduino_magnet.egg-info/SOURCES.txt'
running build
running build_py
running install
running install_lib
creating /home/louis/Pick-Place_RS2/install/arduino_magnet/lib/python3.10/site-packages/arduino_magnet
copying /home/louis/Pick-Place_RS2/build/arduino_magnet/build/lib/arduino_magnet/__init__.py -> /home/louis/Pick-Place_RS2/install/arduino_magnet/lib/python3.10/site-packages/arduino_magnet
copying /home/louis/Pick-Place_RS2/build/arduino_magnet/build/lib/arduino_magnet/arduino_magnet_node.py -> /home/louis/Pick-Place_RS2/install/arduino_magnet/lib/python3.10/site-packages/arduino_magnet
byte-compiling /home/louis/Pick-Place_RS2/install/arduino_magnet/lib/python3.10/site-packages/arduino_magnet/__init__.py to __init__.cpython-310.pyc
byte-compiling /home/louis/Pick-Place_RS2/install/arduino_magnet/lib/python3.10/site-packages/arduino_magnet/arduino_magnet_node.py to arduino_magnet_node.cpython-310.pyc
running install_data
creating /home/louis/Pick-Place_RS2/install/arduino_magnet/share/ament_index
creating /home/louis/Pick-Place_RS2/install/arduino_magnet/share/ament_index/resource_index
creating /home/louis/Pick-Place_RS2/install/arduino_magnet/share/ament_index/resource_index/packages
copying resource/arduino_magnet -> /home/louis/Pick-Place_RS2/install/arduino_magnet/share/ament_index/resource_index/packages
copying package.xml -> /home/louis/Pick-Place_RS2/install/arduino_magnet/share/arduino_magnet
running install_egg_info
Copying ../../build/arduino_magnet/arduino_magnet.egg-info to /home/louis/Pick-Place_RS2/install/arduino_magnet/lib/python3.10/site-packages/arduino_magnet-0.0.0-py3.10.egg-info
running install_scripts
Installing arduino_magnet_node script to /home/louis/Pick-Place_RS2/install/arduino_magnet/lib/arduino_magnet
writing list of installed files to '/home/louis/Pick-Place_RS2/build/arduino_magnet/install.log'
