[0.662s] Invoking command in '/home/louis/Pick-Place_RS2/src/arduino_magnet': PYTHONPATH=/home/louis/Pick-Place_RS2/build/arduino_magnet/prefix_override:/usr/lib/python3/dist-packages/colcon_core/task/python/colcon_distutils_commands:/home/louis/Pick-Place_RS2/install/arduino_magnet/lib/python3.10/site-packages:${PYTHONPATH} /usr/bin/python3 -W ignore:setup.py install is deprecated -W ignore:easy_install command is deprecated setup.py egg_info --egg-base ../../build/arduino_magnet build --build-base /home/louis/Pick-Place_RS2/build/arduino_magnet/build install --record /home/louis/Pick-Place_RS2/build/arduino_magnet/install.log --single-version-externally-managed install_data
[0.907s] running egg_info
[0.908s] writing ../../build/arduino_magnet/arduino_magnet.egg-info/PKG-INFO
[0.908s] writing dependency_links to ../../build/arduino_magnet/arduino_magnet.egg-info/dependency_links.txt
[0.908s] writing entry points to ../../build/arduino_magnet/arduino_magnet.egg-info/entry_points.txt
[0.908s] writing requirements to ../../build/arduino_magnet/arduino_magnet.egg-info/requires.txt
[0.908s] writing top-level names to ../../build/arduino_magnet/arduino_magnet.egg-info/top_level.txt
[0.910s] reading manifest file '../../build/arduino_magnet/arduino_magnet.egg-info/SOURCES.txt'
[0.911s] writing manifest file '../../build/arduino_magnet/arduino_magnet.egg-info/SOURCES.txt'
[0.911s] running build
[0.911s] running build_py
[0.912s] running install
[0.912s] running install_lib
[0.913s] creating /home/louis/Pick-Place_RS2/install/arduino_magnet/lib/python3.10/site-packages/arduino_magnet
[0.913s] copying /home/louis/Pick-Place_RS2/build/arduino_magnet/build/lib/arduino_magnet/__init__.py -> /home/louis/Pick-Place_RS2/install/arduino_magnet/lib/python3.10/site-packages/arduino_magnet
[0.913s] copying /home/louis/Pick-Place_RS2/build/arduino_magnet/build/lib/arduino_magnet/arduino_magnet_node.py -> /home/louis/Pick-Place_RS2/install/arduino_magnet/lib/python3.10/site-packages/arduino_magnet
[0.917s] byte-compiling /home/louis/Pick-Place_RS2/install/arduino_magnet/lib/python3.10/site-packages/arduino_magnet/__init__.py to __init__.cpython-310.pyc
[0.917s] byte-compiling /home/louis/Pick-Place_RS2/install/arduino_magnet/lib/python3.10/site-packages/arduino_magnet/arduino_magnet_node.py to arduino_magnet_node.cpython-310.pyc
[0.918s] running install_data
[0.918s] creating /home/louis/Pick-Place_RS2/install/arduino_magnet/share/ament_index
[0.918s] creating /home/louis/Pick-Place_RS2/install/arduino_magnet/share/ament_index/resource_index
[0.918s] creating /home/louis/Pick-Place_RS2/install/arduino_magnet/share/ament_index/resource_index/packages
[0.918s] copying resource/arduino_magnet -> /home/louis/Pick-Place_RS2/install/arduino_magnet/share/ament_index/resource_index/packages
[0.918s] copying package.xml -> /home/louis/Pick-Place_RS2/install/arduino_magnet/share/arduino_magnet
[0.918s] running install_egg_info
[0.920s] Copying ../../build/arduino_magnet/arduino_magnet.egg-info to /home/louis/Pick-Place_RS2/install/arduino_magnet/lib/python3.10/site-packages/arduino_magnet-0.0.0-py3.10.egg-info
[0.921s] running install_scripts
[0.939s] Installing arduino_magnet_node script to /home/louis/Pick-Place_RS2/install/arduino_magnet/lib/arduino_magnet
[0.940s] writing list of installed files to '/home/louis/Pick-Place_RS2/build/arduino_magnet/install.log'
[0.963s] Invoked command in '/home/louis/Pick-Place_RS2/src/arduino_magnet' returned '0': PYTHONPATH=/home/louis/Pick-Place_RS2/build/arduino_magnet/prefix_override:/usr/lib/python3/dist-packages/colcon_core/task/python/colcon_distutils_commands:/home/louis/Pick-Place_RS2/install/arduino_magnet/lib/python3.10/site-packages:${PYTHONPATH} /usr/bin/python3 -W ignore:setup.py install is deprecated -W ignore:easy_install command is deprecated setup.py egg_info --egg-base ../../build/arduino_magnet build --build-base /home/louis/Pick-Place_RS2/build/arduino_magnet/build install --record /home/louis/Pick-Place_RS2/build/arduino_magnet/install.log --single-version-externally-managed install_data
