[0.656s] Invoking command in '/home/easha/git/Pick-Place_RS2-1/build/positionprov_package': CMAKE_PREFIX_PATH=/home/easha/git/Pick-Place_RS2-1/install/arduino_magnet:/home/easha/ros2_ws/install/image_processor:/opt/ros/humble /usr/bin/cmake /home/easha/git/Pick-Place_RS2-1/src/positionprov_package -DCMAKE_INSTALL_PREFIX=/home/easha/git/Pick-Place_RS2-1/install/positionprov_package
[0.729s] -- The C compiler identification is GNU 11.4.0
[0.821s] -- The CXX compiler identification is GNU 11.4.0
[0.834s] -- Detecting C compiler ABI info
[0.951s] -- Detecting C compiler ABI info - done
[0.967s] -- Check for working C compiler: /usr/bin/cc - skipped
[0.971s] -- Detecting C compile features
[0.972s] -- Detecting C compile features - done
[0.974s] -- Detecting CXX compiler ABI info
[1.111s] -- Detecting CXX compiler ABI info - done
[1.131s] -- Check for working CXX compiler: /usr/bin/c++ - skipped
[1.133s] -- Detecting CXX compile features
[1.133s] -- Detecting CXX compile features - done
[1.137s] -- Found ament_cmake: 1.3.11 (/opt/ros/humble/share/ament_cmake/cmake)
[1.444s] -- Found Python3: /usr/bin/python3 (found version "3.10.12") found components: Interpreter 
[1.628s] -- Found rclcpp: 16.0.12 (/opt/ros/humble/share/rclcpp/cmake)
[1.713s] -- Found rosidl_generator_c: 3.1.6 (/opt/ros/humble/share/rosidl_generator_c/cmake)
[1.725s] -- Found rosidl_adapter: 3.1.6 (/opt/ros/humble/share/rosidl_adapter/cmake)
[1.740s] -- Found rosidl_generator_cpp: 3.1.6 (/opt/ros/humble/share/rosidl_generator_cpp/cmake)
[1.757s] -- Using all available rosidl_typesupport_c: rosidl_typesupport_fastrtps_c;rosidl_typesupport_introspection_c
[1.782s] -- Using all available rosidl_typesupport_cpp: rosidl_typesupport_fastrtps_cpp;rosidl_typesupport_introspection_cpp
[1.855s] -- Found rmw_implementation_cmake: 6.1.2 (/opt/ros/humble/share/rmw_implementation_cmake/cmake)
[1.859s] -- Found rmw_fastrtps_cpp: 6.2.7 (/opt/ros/humble/share/rmw_fastrtps_cpp/cmake)
[1.979s] -- Found OpenSSL: /usr/lib/x86_64-linux-gnu/libcrypto.so (found version "3.0.2")  
[2.015s] -- Found FastRTPS: /opt/ros/humble/include  
[2.065s] -- Using RMW implementation 'rmw_fastrtps_cpp' as default
[2.076s] -- Looking for pthread.h
[2.171s] -- Looking for pthread.h - found
[2.172s] -- Performing Test CMAKE_HAVE_LIBC_PTHREAD
[2.270s] -- Performing Test CMAKE_HAVE_LIBC_PTHREAD - Success
[2.271s] -- Found Threads: TRUE  
[2.345s] -- Found geometry_msgs: 4.8.0 (/opt/ros/humble/share/geometry_msgs/cmake)
[2.364s] -- Found ament_lint_auto: 0.12.12 (/opt/ros/humble/share/ament_lint_auto/cmake)
[2.498s] -- Added test 'cppcheck' to perform static code analysis on C / C++ code
[2.498s] -- Configured cppcheck include dirs: 
[2.498s] -- Configured cppcheck exclude dirs and/or files: 
[2.502s] -- Added test 'flake8' to check Python code syntax and style conventions
[2.508s] -- Added test 'lint_cmake' to check CMake code style
[2.511s] -- Added test 'pep257' to check Python code against some of the docstring style conventions in PEP 257
[2.533s] -- Added test 'uncrustify' to check C / C++ code style
[2.533s] -- Configured uncrustify additional arguments: 
[2.536s] -- Added test 'xmllint' to check XML markup files
[2.538s] -- Configuring done
[2.553s] -- Generating done
[2.559s] -- Build files have been written to: /home/easha/git/Pick-Place_RS2-1/build/positionprov_package
