[0.674s] Invoking command in '/home/easha/git/Pick-Place_RS2-1/build/positionprov_package': CMAKE_PREFIX_PATH=/home/easha/git/Pick-Place_RS2-1/install/arduino_magnet:/home/easha/ros2_ws/install/image_processor:/opt/ros/humble /usr/bin/cmake --build /home/easha/git/Pick-Place_RS2-1/build/positionprov_package -- -j8 -l8
[0.772s] [100%] Built target position_prov
[0.797s] Invoked command in '/home/easha/git/Pick-Place_RS2-1/build/positionprov_package' returned '0': CMAKE_PREFIX_PATH=/home/easha/git/Pick-Place_RS2-1/install/arduino_magnet:/home/easha/ros2_ws/install/image_processor:/opt/ros/humble /usr/bin/cmake --build /home/easha/git/Pick-Place_RS2-1/build/positionprov_package -- -j8 -l8
[0.800s] Invoking command in '/home/easha/git/Pick-Place_RS2-1/build/positionprov_package': CMAKE_PREFIX_PATH=/home/easha/git/Pick-Place_RS2-1/install/arduino_magnet:/home/easha/ros2_ws/install/image_processor:/opt/ros/humble /usr/bin/cmake --install /home/easha/git/Pick-Place_RS2-1/build/positionprov_package
[0.816s] -- Install configuration: ""
[0.816s] -- Up-to-date: /home/easha/git/Pick-Place_RS2-1/install/positionprov_package/lib/positionprov_package/position_prov
[0.816s] -- Up-to-date: /home/easha/git/Pick-Place_RS2-1/install/positionprov_package/share/ament_index/resource_index/package_run_dependencies/positionprov_package
[0.816s] -- Up-to-date: /home/easha/git/Pick-Place_RS2-1/install/positionprov_package/share/ament_index/resource_index/parent_prefix_path/positionprov_package
[0.816s] -- Up-to-date: /home/easha/git/Pick-Place_RS2-1/install/positionprov_package/share/positionprov_package/environment/ament_prefix_path.sh
[0.816s] -- Up-to-date: /home/easha/git/Pick-Place_RS2-1/install/positionprov_package/share/positionprov_package/environment/ament_prefix_path.dsv
[0.816s] -- Up-to-date: /home/easha/git/Pick-Place_RS2-1/install/positionprov_package/share/positionprov_package/environment/path.sh
[0.817s] -- Up-to-date: /home/easha/git/Pick-Place_RS2-1/install/positionprov_package/share/positionprov_package/environment/path.dsv
[0.817s] -- Up-to-date: /home/easha/git/Pick-Place_RS2-1/install/positionprov_package/share/positionprov_package/local_setup.bash
[0.817s] -- Up-to-date: /home/easha/git/Pick-Place_RS2-1/install/positionprov_package/share/positionprov_package/local_setup.sh
[0.817s] -- Up-to-date: /home/easha/git/Pick-Place_RS2-1/install/positionprov_package/share/positionprov_package/local_setup.zsh
[0.817s] -- Up-to-date: /home/easha/git/Pick-Place_RS2-1/install/positionprov_package/share/positionprov_package/local_setup.dsv
[0.818s] -- Installing: /home/easha/git/Pick-Place_RS2-1/install/positionprov_package/share/positionprov_package/package.dsv
[0.818s] -- Up-to-date: /home/easha/git/Pick-Place_RS2-1/install/positionprov_package/share/ament_index/resource_index/packages/positionprov_package
[0.819s] -- Up-to-date: /home/easha/git/Pick-Place_RS2-1/install/positionprov_package/share/positionprov_package/cmake/positionprov_packageConfig.cmake
[0.819s] -- Up-to-date: /home/easha/git/Pick-Place_RS2-1/install/positionprov_package/share/positionprov_package/cmake/positionprov_packageConfig-version.cmake
[0.819s] -- Up-to-date: /home/easha/git/Pick-Place_RS2-1/install/positionprov_package/share/positionprov_package/package.xml
[0.863s] Invoked command in '/home/easha/git/Pick-Place_RS2-1/build/positionprov_package' returned '0': CMAKE_PREFIX_PATH=/home/easha/git/Pick-Place_RS2-1/install/arduino_magnet:/home/easha/ros2_ws/install/image_processor:/opt/ros/humble /usr/bin/cmake --install /home/easha/git/Pick-Place_RS2-1/build/positionprov_package
