[0.113s] DEBUG:colcon:Command line arguments: ['/usr/bin/colcon', 'build']
[0.114s] DEBUG:colcon:Parsed command line arguments: Namespace(log_base=None, log_level=None, verb_name='build', build_base='build', install_base='install', merge_install=False, symlink_install=False, test_result_base=None, continue_on_error=False, executor='parallel', parallel_workers=12, event_handlers=None, ignore_user_meta=False, metas=['./colcon.meta'], base_paths=['.'], packages_ignore=None, packages_ignore_regex=None, paths=None, packages_up_to=None, packages_up_to_regex=None, packages_above=None, packages_above_and_dependencies=None, packages_above_depth=None, packages_select_by_dep=None, packages_skip_by_dep=None, packages_skip_up_to=None, packages_select_build_failed=False, packages_skip_build_finished=False, packages_select_test_failures=False, packages_skip_test_passed=False, packages_select=None, packages_skip=None, packages_select_regex=None, packages_skip_regex=None, packages_start=None, packages_end=None, allow_overriding=[], cmake_args=None, cmake_target=None, cmake_target_skip_unavailable=False, cmake_clean_cache=False, cmake_clean_first=False, cmake_force_configure=False, ament_cmake_args=None, catkin_cmake_args=None, catkin_skip_building_tests=False, mixin_files=None, mixin=None, verb_parser=<colcon_mixin.mixin.mixin_argument.MixinArgumentDecorator object at 0x794da4c7a7a0>, verb_extension=<colcon_core.verb.build.BuildVerb object at 0x794da4c7a4a0>, main=<bound method BuildVerb.main of <colcon_core.verb.build.BuildVerb object at 0x794da4c7a4a0>>, mixin_verb=('build',))
[0.304s] Level 1:colcon.colcon_core.package_discovery:discover_packages(colcon_meta) check parameters
[0.304s] Level 1:colcon.colcon_core.package_discovery:discover_packages(recursive) check parameters
[0.304s] Level 1:colcon.colcon_core.package_discovery:discover_packages(ignore) check parameters
[0.304s] Level 1:colcon.colcon_core.package_discovery:discover_packages(path) check parameters
[0.304s] Level 1:colcon.colcon_core.package_discovery:discover_packages(colcon_meta) discover
[0.304s] Level 1:colcon.colcon_core.package_discovery:discover_packages(recursive) discover
[0.304s] INFO:colcon.colcon_core.package_discovery:Crawling recursively for packages in '/home/louis/Pick-Place_RS2'
[0.305s] Level 1:colcon.colcon_core.package_identification:_identify(.) by extensions ['ignore', 'ignore_ament_install']
[0.305s] Level 1:colcon.colcon_core.package_identification:_identify(.) by extension 'ignore'
[0.305s] Level 1:colcon.colcon_core.package_identification:_identify(.) by extension 'ignore_ament_install'
[0.305s] Level 1:colcon.colcon_core.package_identification:_identify(.) by extensions ['colcon_pkg']
[0.305s] Level 1:colcon.colcon_core.package_identification:_identify(.) by extension 'colcon_pkg'
[0.305s] Level 1:colcon.colcon_core.package_identification:_identify(.) by extensions ['colcon_meta']
[0.305s] Level 1:colcon.colcon_core.package_identification:_identify(.) by extension 'colcon_meta'
[0.305s] Level 1:colcon.colcon_core.package_identification:_identify(.) by extensions ['ros']
[0.305s] Level 1:colcon.colcon_core.package_identification:_identify(.) by extension 'ros'
[0.323s] Level 1:colcon.colcon_core.package_identification:_identify(.) by extensions ['cmake', 'python']
[0.323s] Level 1:colcon.colcon_core.package_identification:_identify(.) by extension 'cmake'
[0.323s] Level 1:colcon.colcon_core.package_identification:_identify(.) by extension 'python'
[0.323s] Level 1:colcon.colcon_core.package_identification:_identify(.) by extensions ['python_setup_py']
[0.323s] Level 1:colcon.colcon_core.package_identification:_identify(.) by extension 'python_setup_py'
[0.324s] Level 1:colcon.colcon_core.package_identification:_identify(build) by extensions ['ignore', 'ignore_ament_install']
[0.324s] Level 1:colcon.colcon_core.package_identification:_identify(build) by extension 'ignore'
[0.324s] Level 1:colcon.colcon_core.package_identification:_identify(build) ignored
[0.324s] Level 1:colcon.colcon_core.package_identification:_identify(install) by extensions ['ignore', 'ignore_ament_install']
[0.324s] Level 1:colcon.colcon_core.package_identification:_identify(install) by extension 'ignore'
[0.324s] Level 1:colcon.colcon_core.package_identification:_identify(install) ignored
[0.324s] Level 1:colcon.colcon_core.package_identification:_identify(log) by extensions ['ignore', 'ignore_ament_install']
[0.324s] Level 1:colcon.colcon_core.package_identification:_identify(log) by extension 'ignore'
[0.324s] Level 1:colcon.colcon_core.package_identification:_identify(log) ignored
[0.324s] Level 1:colcon.colcon_core.package_identification:_identify(src) by extensions ['ignore', 'ignore_ament_install']
[0.324s] Level 1:colcon.colcon_core.package_identification:_identify(src) by extension 'ignore'
[0.324s] Level 1:colcon.colcon_core.package_identification:_identify(src) by extension 'ignore_ament_install'
[0.324s] Level 1:colcon.colcon_core.package_identification:_identify(src) by extensions ['colcon_pkg']
[0.324s] Level 1:colcon.colcon_core.package_identification:_identify(src) by extension 'colcon_pkg'
[0.324s] Level 1:colcon.colcon_core.package_identification:_identify(src) by extensions ['colcon_meta']
[0.324s] Level 1:colcon.colcon_core.package_identification:_identify(src) by extension 'colcon_meta'
[0.325s] Level 1:colcon.colcon_core.package_identification:_identify(src) by extensions ['ros']
[0.325s] Level 1:colcon.colcon_core.package_identification:_identify(src) by extension 'ros'
[0.325s] Level 1:colcon.colcon_core.package_identification:_identify(src) by extensions ['cmake', 'python']
[0.325s] Level 1:colcon.colcon_core.package_identification:_identify(src) by extension 'cmake'
[0.325s] Level 1:colcon.colcon_core.package_identification:_identify(src) by extension 'python'
[0.325s] Level 1:colcon.colcon_core.package_identification:_identify(src) by extensions ['python_setup_py']
[0.325s] Level 1:colcon.colcon_core.package_identification:_identify(src) by extension 'python_setup_py'
[0.325s] Level 1:colcon.colcon_core.package_identification:_identify(src/arduino_magnet) by extensions ['ignore', 'ignore_ament_install']
[0.325s] Level 1:colcon.colcon_core.package_identification:_identify(src/arduino_magnet) by extension 'ignore'
[0.325s] Level 1:colcon.colcon_core.package_identification:_identify(src/arduino_magnet) by extension 'ignore_ament_install'
[0.325s] Level 1:colcon.colcon_core.package_identification:_identify(src/arduino_magnet) by extensions ['colcon_pkg']
[0.325s] Level 1:colcon.colcon_core.package_identification:_identify(src/arduino_magnet) by extension 'colcon_pkg'
[0.325s] Level 1:colcon.colcon_core.package_identification:_identify(src/arduino_magnet) by extensions ['colcon_meta']
[0.325s] Level 1:colcon.colcon_core.package_identification:_identify(src/arduino_magnet) by extension 'colcon_meta'
[0.325s] Level 1:colcon.colcon_core.package_identification:_identify(src/arduino_magnet) by extensions ['ros']
[0.325s] Level 1:colcon.colcon_core.package_identification:_identify(src/arduino_magnet) by extension 'ros'
[0.328s] DEBUG:colcon.colcon_core.package_identification:Package 'src/arduino_magnet' with type 'ros.ament_python' and name 'arduino_magnet'
[0.328s] Level 1:colcon.colcon_core.package_identification:_identify(src/build) by extensions ['ignore', 'ignore_ament_install']
[0.328s] Level 1:colcon.colcon_core.package_identification:_identify(src/build) by extension 'ignore'
[0.328s] Level 1:colcon.colcon_core.package_identification:_identify(src/build) ignored
[0.328s] Level 1:colcon.colcon_core.package_identification:_identify(src/pick_place) by extensions ['ignore', 'ignore_ament_install']
[0.328s] Level 1:colcon.colcon_core.package_identification:_identify(src/pick_place) by extension 'ignore'
[0.328s] Level 1:colcon.colcon_core.package_identification:_identify(src/pick_place) by extension 'ignore_ament_install'
[0.328s] Level 1:colcon.colcon_core.package_identification:_identify(src/pick_place) by extensions ['colcon_pkg']
[0.328s] Level 1:colcon.colcon_core.package_identification:_identify(src/pick_place) by extension 'colcon_pkg'
[0.328s] Level 1:colcon.colcon_core.package_identification:_identify(src/pick_place) by extensions ['colcon_meta']
[0.328s] Level 1:colcon.colcon_core.package_identification:_identify(src/pick_place) by extension 'colcon_meta'
[0.328s] Level 1:colcon.colcon_core.package_identification:_identify(src/pick_place) by extensions ['ros']
[0.328s] Level 1:colcon.colcon_core.package_identification:_identify(src/pick_place) by extension 'ros'
[0.329s] DEBUG:colcon.colcon_core.package_identification:Package 'src/pick_place' with type 'ros.ament_cmake' and name 'pick_place'
[0.329s] Level 1:colcon.colcon_core.package_identification:_identify(src/positionconv_package) by extensions ['ignore', 'ignore_ament_install']
[0.329s] Level 1:colcon.colcon_core.package_identification:_identify(src/positionconv_package) by extension 'ignore'
[0.329s] Level 1:colcon.colcon_core.package_identification:_identify(src/positionconv_package) by extension 'ignore_ament_install'
[0.329s] Level 1:colcon.colcon_core.package_identification:_identify(src/positionconv_package) by extensions ['colcon_pkg']
[0.329s] Level 1:colcon.colcon_core.package_identification:_identify(src/positionconv_package) by extension 'colcon_pkg'
[0.329s] Level 1:colcon.colcon_core.package_identification:_identify(src/positionconv_package) by extensions ['colcon_meta']
[0.329s] Level 1:colcon.colcon_core.package_identification:_identify(src/positionconv_package) by extension 'colcon_meta'
[0.329s] Level 1:colcon.colcon_core.package_identification:_identify(src/positionconv_package) by extensions ['ros']
[0.329s] Level 1:colcon.colcon_core.package_identification:_identify(src/positionconv_package) by extension 'ros'
[0.330s] DEBUG:colcon.colcon_core.package_identification:Package 'src/positionconv_package' with type 'ros.ament_cmake' and name 'positionconv_package'
[0.330s] Level 1:colcon.colcon_core.package_identification:_identify(src/positionprov_package) by extensions ['ignore', 'ignore_ament_install']
[0.330s] Level 1:colcon.colcon_core.package_identification:_identify(src/positionprov_package) by extension 'ignore'
[0.330s] Level 1:colcon.colcon_core.package_identification:_identify(src/positionprov_package) by extension 'ignore_ament_install'
[0.330s] Level 1:colcon.colcon_core.package_identification:_identify(src/positionprov_package) by extensions ['colcon_pkg']
[0.330s] Level 1:colcon.colcon_core.package_identification:_identify(src/positionprov_package) by extension 'colcon_pkg'
[0.330s] Level 1:colcon.colcon_core.package_identification:_identify(src/positionprov_package) by extensions ['colcon_meta']
[0.331s] Level 1:colcon.colcon_core.package_identification:_identify(src/positionprov_package) by extension 'colcon_meta'
[0.331s] Level 1:colcon.colcon_core.package_identification:_identify(src/positionprov_package) by extensions ['ros']
[0.331s] Level 1:colcon.colcon_core.package_identification:_identify(src/positionprov_package) by extension 'ros'
[0.331s] DEBUG:colcon.colcon_core.package_identification:Package 'src/positionprov_package' with type 'ros.ament_cmake' and name 'positionprov_package'
[0.331s] Level 1:colcon.colcon_core.package_discovery:discover_packages(recursive) using defaults
[0.331s] Level 1:colcon.colcon_core.package_discovery:discover_packages(ignore) discover
[0.331s] Level 1:colcon.colcon_core.package_discovery:discover_packages(ignore) using defaults
[0.331s] Level 1:colcon.colcon_core.package_discovery:discover_packages(path) discover
[0.331s] Level 1:colcon.colcon_core.package_discovery:discover_packages(path) using defaults
[0.351s] Level 1:colcon.colcon_core.package_discovery:discover_packages(prefix_path) check parameters
[0.351s] Level 1:colcon.colcon_core.package_discovery:discover_packages(prefix_path) discover
[0.353s] DEBUG:colcon.colcon_installed_package_information.package_discovery:Found 0 installed packages in /home/louis/ros2_ws/install
[0.354s] DEBUG:colcon.colcon_installed_package_information.package_discovery:Found 459 installed packages in /opt/ros/humble
[0.356s] Level 1:colcon.colcon_core.package_discovery:discover_packages(prefix_path) using defaults
[0.412s] Level 5:colcon.colcon_core.verb:set package 'arduino_magnet' build argument 'cmake_args' from command line to 'None'
[0.412s] Level 5:colcon.colcon_core.verb:set package 'arduino_magnet' build argument 'cmake_target' from command line to 'None'
[0.412s] Level 5:colcon.colcon_core.verb:set package 'arduino_magnet' build argument 'cmake_target_skip_unavailable' from command line to 'False'
[0.412s] Level 5:colcon.colcon_core.verb:set package 'arduino_magnet' build argument 'cmake_clean_cache' from command line to 'False'
[0.412s] Level 5:colcon.colcon_core.verb:set package 'arduino_magnet' build argument 'cmake_clean_first' from command line to 'False'
[0.412s] Level 5:colcon.colcon_core.verb:set package 'arduino_magnet' build argument 'cmake_force_configure' from command line to 'False'
[0.412s] Level 5:colcon.colcon_core.verb:set package 'arduino_magnet' build argument 'ament_cmake_args' from command line to 'None'
[0.412s] Level 5:colcon.colcon_core.verb:set package 'arduino_magnet' build argument 'catkin_cmake_args' from command line to 'None'
[0.412s] Level 5:colcon.colcon_core.verb:set package 'arduino_magnet' build argument 'catkin_skip_building_tests' from command line to 'False'
[0.412s] DEBUG:colcon.colcon_core.verb:Building package 'arduino_magnet' with the following arguments: {'ament_cmake_args': None, 'build_base': '/home/louis/Pick-Place_RS2/build/arduino_magnet', 'catkin_cmake_args': None, 'catkin_skip_building_tests': False, 'cmake_args': None, 'cmake_clean_cache': False, 'cmake_clean_first': False, 'cmake_force_configure': False, 'cmake_target': None, 'cmake_target_skip_unavailable': False, 'install_base': '/home/louis/Pick-Place_RS2/install/arduino_magnet', 'merge_install': False, 'path': '/home/louis/Pick-Place_RS2/src/arduino_magnet', 'symlink_install': False, 'test_result_base': None}
[0.413s] Level 5:colcon.colcon_core.verb:set package 'pick_place' build argument 'cmake_args' from command line to 'None'
[0.413s] Level 5:colcon.colcon_core.verb:set package 'pick_place' build argument 'cmake_target' from command line to 'None'
[0.413s] Level 5:colcon.colcon_core.verb:set package 'pick_place' build argument 'cmake_target_skip_unavailable' from command line to 'False'
[0.413s] Level 5:colcon.colcon_core.verb:set package 'pick_place' build argument 'cmake_clean_cache' from command line to 'False'
[0.413s] Level 5:colcon.colcon_core.verb:set package 'pick_place' build argument 'cmake_clean_first' from command line to 'False'
[0.413s] Level 5:colcon.colcon_core.verb:set package 'pick_place' build argument 'cmake_force_configure' from command line to 'False'
[0.413s] Level 5:colcon.colcon_core.verb:set package 'pick_place' build argument 'ament_cmake_args' from command line to 'None'
[0.413s] Level 5:colcon.colcon_core.verb:set package 'pick_place' build argument 'catkin_cmake_args' from command line to 'None'
[0.413s] Level 5:colcon.colcon_core.verb:set package 'pick_place' build argument 'catkin_skip_building_tests' from command line to 'False'
[0.413s] DEBUG:colcon.colcon_core.verb:Building package 'pick_place' with the following arguments: {'ament_cmake_args': None, 'build_base': '/home/louis/Pick-Place_RS2/build/pick_place', 'catkin_cmake_args': None, 'catkin_skip_building_tests': False, 'cmake_args': None, 'cmake_clean_cache': False, 'cmake_clean_first': False, 'cmake_force_configure': False, 'cmake_target': None, 'cmake_target_skip_unavailable': False, 'install_base': '/home/louis/Pick-Place_RS2/install/pick_place', 'merge_install': False, 'path': '/home/louis/Pick-Place_RS2/src/pick_place', 'symlink_install': False, 'test_result_base': None}
[0.413s] Level 5:colcon.colcon_core.verb:set package 'positionconv_package' build argument 'cmake_args' from command line to 'None'
[0.413s] Level 5:colcon.colcon_core.verb:set package 'positionconv_package' build argument 'cmake_target' from command line to 'None'
[0.413s] Level 5:colcon.colcon_core.verb:set package 'positionconv_package' build argument 'cmake_target_skip_unavailable' from command line to 'False'
[0.413s] Level 5:colcon.colcon_core.verb:set package 'positionconv_package' build argument 'cmake_clean_cache' from command line to 'False'
[0.413s] Level 5:colcon.colcon_core.verb:set package 'positionconv_package' build argument 'cmake_clean_first' from command line to 'False'
[0.413s] Level 5:colcon.colcon_core.verb:set package 'positionconv_package' build argument 'cmake_force_configure' from command line to 'False'
[0.413s] Level 5:colcon.colcon_core.verb:set package 'positionconv_package' build argument 'ament_cmake_args' from command line to 'None'
[0.413s] Level 5:colcon.colcon_core.verb:set package 'positionconv_package' build argument 'catkin_cmake_args' from command line to 'None'
[0.413s] Level 5:colcon.colcon_core.verb:set package 'positionconv_package' build argument 'catkin_skip_building_tests' from command line to 'False'
[0.414s] DEBUG:colcon.colcon_core.verb:Building package 'positionconv_package' with the following arguments: {'ament_cmake_args': None, 'build_base': '/home/louis/Pick-Place_RS2/build/positionconv_package', 'catkin_cmake_args': None, 'catkin_skip_building_tests': False, 'cmake_args': None, 'cmake_clean_cache': False, 'cmake_clean_first': False, 'cmake_force_configure': False, 'cmake_target': None, 'cmake_target_skip_unavailable': False, 'install_base': '/home/louis/Pick-Place_RS2/install/positionconv_package', 'merge_install': False, 'path': '/home/louis/Pick-Place_RS2/src/positionconv_package', 'symlink_install': False, 'test_result_base': None}
[0.414s] Level 5:colcon.colcon_core.verb:set package 'positionprov_package' build argument 'cmake_args' from command line to 'None'
[0.414s] Level 5:colcon.colcon_core.verb:set package 'positionprov_package' build argument 'cmake_target' from command line to 'None'
[0.414s] Level 5:colcon.colcon_core.verb:set package 'positionprov_package' build argument 'cmake_target_skip_unavailable' from command line to 'False'
[0.414s] Level 5:colcon.colcon_core.verb:set package 'positionprov_package' build argument 'cmake_clean_cache' from command line to 'False'
[0.414s] Level 5:colcon.colcon_core.verb:set package 'positionprov_package' build argument 'cmake_clean_first' from command line to 'False'
[0.414s] Level 5:colcon.colcon_core.verb:set package 'positionprov_package' build argument 'cmake_force_configure' from command line to 'False'
[0.414s] Level 5:colcon.colcon_core.verb:set package 'positionprov_package' build argument 'ament_cmake_args' from command line to 'None'
[0.414s] Level 5:colcon.colcon_core.verb:set package 'positionprov_package' build argument 'catkin_cmake_args' from command line to 'None'
[0.414s] Level 5:colcon.colcon_core.verb:set package 'positionprov_package' build argument 'catkin_skip_building_tests' from command line to 'False'
[0.414s] DEBUG:colcon.colcon_core.verb:Building package 'positionprov_package' with the following arguments: {'ament_cmake_args': None, 'build_base': '/home/louis/Pick-Place_RS2/build/positionprov_package', 'catkin_cmake_args': None, 'catkin_skip_building_tests': False, 'cmake_args': None, 'cmake_clean_cache': False, 'cmake_clean_first': False, 'cmake_force_configure': False, 'cmake_target': None, 'cmake_target_skip_unavailable': False, 'install_base': '/home/louis/Pick-Place_RS2/install/positionprov_package', 'merge_install': False, 'path': '/home/louis/Pick-Place_RS2/src/positionprov_package', 'symlink_install': False, 'test_result_base': None}
[0.414s] INFO:colcon.colcon_core.executor:Executing jobs using 'parallel' executor
[0.415s] DEBUG:colcon.colcon_parallel_executor.executor.parallel:run_until_complete
[0.415s] INFO:colcon.colcon_ros.task.ament_python.build:Building ROS package in '/home/louis/Pick-Place_RS2/src/arduino_magnet' with build type 'ament_python'
[0.415s] Level 1:colcon.colcon_core.shell:create_environment_hook('arduino_magnet', 'ament_prefix_path')
[0.417s] INFO:colcon.colcon_core.plugin_system:Skipping extension 'colcon_core.shell.bat': Not used on non-Windows systems
[0.417s] INFO:colcon.colcon_core.shell:Creating environment hook '/home/louis/Pick-Place_RS2/install/arduino_magnet/share/arduino_magnet/hook/ament_prefix_path.ps1'
[0.418s] INFO:colcon.colcon_core.shell:Creating environment descriptor '/home/louis/Pick-Place_RS2/install/arduino_magnet/share/arduino_magnet/hook/ament_prefix_path.dsv'
[0.418s] INFO:colcon.colcon_core.shell:Creating environment hook '/home/louis/Pick-Place_RS2/install/arduino_magnet/share/arduino_magnet/hook/ament_prefix_path.sh'
[0.419s] INFO:colcon.colcon_core.shell:Skip shell extension 'powershell' for command environment: Not usable outside of PowerShell
[0.419s] DEBUG:colcon.colcon_core.shell:Skip shell extension 'dsv' for command environment
[0.422s] INFO:colcon.colcon_ros.task.ament_cmake.build:Building ROS package in '/home/louis/Pick-Place_RS2/src/pick_place' with build type 'ament_cmake'
[0.423s] INFO:colcon.colcon_cmake.task.cmake.build:Building CMake package in '/home/louis/Pick-Place_RS2/src/pick_place'
[0.423s] INFO:colcon.colcon_core.shell:Skip shell extension 'powershell' for command environment: Not usable outside of PowerShell
[0.423s] DEBUG:colcon.colcon_core.shell:Skip shell extension 'dsv' for command environment
[0.426s] INFO:colcon.colcon_ros.task.ament_cmake.build:Building ROS package in '/home/louis/Pick-Place_RS2/src/positionconv_package' with build type 'ament_cmake'
[0.426s] INFO:colcon.colcon_cmake.task.cmake.build:Building CMake package in '/home/louis/Pick-Place_RS2/src/positionconv_package'
[0.426s] INFO:colcon.colcon_core.shell:Skip shell extension 'powershell' for command environment: Not usable outside of PowerShell
[0.426s] DEBUG:colcon.colcon_core.shell:Skip shell extension 'dsv' for command environment
[0.429s] INFO:colcon.colcon_ros.task.ament_cmake.build:Building ROS package in '/home/louis/Pick-Place_RS2/src/positionprov_package' with build type 'ament_cmake'
[0.430s] INFO:colcon.colcon_cmake.task.cmake.build:Building CMake package in '/home/louis/Pick-Place_RS2/src/positionprov_package'
[0.430s] INFO:colcon.colcon_core.shell:Skip shell extension 'powershell' for command environment: Not usable outside of PowerShell
[0.430s] DEBUG:colcon.colcon_core.shell:Skip shell extension 'dsv' for command environment
[0.704s] INFO:colcon.colcon_core.task.python.build:Building Python package in '/home/louis/Pick-Place_RS2/src/arduino_magnet'
[0.705s] INFO:colcon.colcon_core.shell:Skip shell extension 'powershell' for command environment: Not usable outside of PowerShell
[0.705s] DEBUG:colcon.colcon_core.shell:Skip shell extension 'dsv' for command environment
[0.711s] DEBUG:colcon.colcon_core.event_handler.log_command:Invoking command in '/home/louis/Pick-Place_RS2/build/pick_place': CMAKE_PREFIX_PATH=/opt/ros/humble /usr/bin/cmake --build /home/louis/Pick-Place_RS2/build/pick_place -- -j12 -l12
[0.714s] DEBUG:colcon.colcon_core.event_handler.log_command:Invoking command in '/home/louis/Pick-Place_RS2/build/positionconv_package': CMAKE_PREFIX_PATH=/opt/ros/humble /usr/bin/cmake --build /home/louis/Pick-Place_RS2/build/positionconv_package -- -j12 -l12
[0.718s] DEBUG:colcon.colcon_core.event_handler.log_command:Invoking command in '/home/louis/Pick-Place_RS2/build/positionprov_package': CMAKE_PREFIX_PATH=/opt/ros/humble /usr/bin/cmake --build /home/louis/Pick-Place_RS2/build/positionprov_package -- -j12 -l12
[0.774s] DEBUG:colcon.colcon_core.event_handler.log_command:Invoked command in '/home/louis/Pick-Place_RS2/build/positionprov_package' returned '0': CMAKE_PREFIX_PATH=/opt/ros/humble /usr/bin/cmake --build /home/louis/Pick-Place_RS2/build/positionprov_package -- -j12 -l12
[0.783s] DEBUG:colcon.colcon_core.event_handler.log_command:Invoking command in '/home/louis/Pick-Place_RS2/build/positionprov_package': CMAKE_PREFIX_PATH=/opt/ros/humble /usr/bin/cmake --install /home/louis/Pick-Place_RS2/build/positionprov_package
[0.785s] DEBUG:colcon.colcon_core.event_handler.log_command:Invoked command in '/home/louis/Pick-Place_RS2/build/pick_place' returned '0': CMAKE_PREFIX_PATH=/opt/ros/humble /usr/bin/cmake --build /home/louis/Pick-Place_RS2/build/pick_place -- -j12 -l12
[0.786s] DEBUG:colcon.colcon_core.event_handler.log_command:Invoking command in '/home/louis/Pick-Place_RS2/build/pick_place': CMAKE_PREFIX_PATH=/opt/ros/humble /usr/bin/cmake --install /home/louis/Pick-Place_RS2/build/pick_place
[0.787s] DEBUG:colcon.colcon_core.event_handler.log_command:Invoked command in '/home/louis/Pick-Place_RS2/build/positionconv_package' returned '0': CMAKE_PREFIX_PATH=/opt/ros/humble /usr/bin/cmake --build /home/louis/Pick-Place_RS2/build/positionconv_package -- -j12 -l12
[0.788s] DEBUG:colcon.colcon_core.event_handler.log_command:Invoking command in '/home/louis/Pick-Place_RS2/build/positionconv_package': CMAKE_PREFIX_PATH=/opt/ros/humble /usr/bin/cmake --install /home/louis/Pick-Place_RS2/build/positionconv_package
[0.796s] Level 1:colcon.colcon_core.environment:create_environment_scripts_only(positionprov_package)
[0.797s] DEBUG:colcon.colcon_core.event_handler.log_command:Invoked command in '/home/louis/Pick-Place_RS2/build/positionprov_package' returned '0': CMAKE_PREFIX_PATH=/opt/ros/humble /usr/bin/cmake --install /home/louis/Pick-Place_RS2/build/positionprov_package
[0.802s] Level 1:colcon.colcon_core.environment:checking '/home/louis/Pick-Place_RS2/install/positionprov_package' for CMake module files
[0.803s] Level 1:colcon.colcon_core.environment:checking '/home/louis/Pick-Place_RS2/install/positionprov_package' for CMake config files
[0.803s] Level 1:colcon.colcon_core.shell:create_environment_hook('positionprov_package', 'cmake_prefix_path')
[0.803s] INFO:colcon.colcon_core.shell:Creating environment hook '/home/louis/Pick-Place_RS2/install/positionprov_package/share/positionprov_package/hook/cmake_prefix_path.ps1'
[0.804s] INFO:colcon.colcon_core.shell:Creating environment descriptor '/home/louis/Pick-Place_RS2/install/positionprov_package/share/positionprov_package/hook/cmake_prefix_path.dsv'
[0.804s] INFO:colcon.colcon_core.shell:Creating environment hook '/home/louis/Pick-Place_RS2/install/positionprov_package/share/positionprov_package/hook/cmake_prefix_path.sh'
[0.805s] Level 1:colcon.colcon_core.environment:checking '/home/louis/Pick-Place_RS2/install/positionprov_package/lib'
[0.805s] Level 1:colcon.colcon_core.environment:checking '/home/louis/Pick-Place_RS2/install/positionprov_package/bin'
[0.805s] Level 1:colcon.colcon_core.environment:checking '/home/louis/Pick-Place_RS2/install/positionprov_package/lib/pkgconfig/positionprov_package.pc'
[0.806s] Level 1:colcon.colcon_core.environment:checking '/home/louis/Pick-Place_RS2/install/positionprov_package/lib/python3.10/site-packages'
[0.806s] Level 1:colcon.colcon_core.environment:checking '/home/louis/Pick-Place_RS2/install/positionprov_package/bin'
[0.806s] INFO:colcon.colcon_core.shell:Creating package script '/home/louis/Pick-Place_RS2/install/positionprov_package/share/positionprov_package/package.ps1'
[0.807s] INFO:colcon.colcon_core.shell:Creating package descriptor '/home/louis/Pick-Place_RS2/install/positionprov_package/share/positionprov_package/package.dsv'
[0.808s] INFO:colcon.colcon_core.shell:Creating package script '/home/louis/Pick-Place_RS2/install/positionprov_package/share/positionprov_package/package.sh'
[0.809s] INFO:colcon.colcon_core.shell:Creating package script '/home/louis/Pick-Place_RS2/install/positionprov_package/share/positionprov_package/package.bash'
[0.810s] INFO:colcon.colcon_core.shell:Creating package script '/home/louis/Pick-Place_RS2/install/positionprov_package/share/positionprov_package/package.zsh'
[0.811s] Level 1:colcon.colcon_core.environment:create_file_with_runtime_dependencies(/home/louis/Pick-Place_RS2/install/positionprov_package/share/colcon-core/packages/positionprov_package)
[0.812s] Level 1:colcon.colcon_core.environment:create_environment_scripts_only(positionprov_package)
[0.813s] Level 1:colcon.colcon_core.environment:checking '/home/louis/Pick-Place_RS2/install/positionprov_package' for CMake module files
[0.813s] Level 1:colcon.colcon_core.environment:checking '/home/louis/Pick-Place_RS2/install/positionprov_package' for CMake config files
[0.813s] Level 1:colcon.colcon_core.shell:create_environment_hook('positionprov_package', 'cmake_prefix_path')
[0.814s] INFO:colcon.colcon_core.shell:Creating environment hook '/home/louis/Pick-Place_RS2/install/positionprov_package/share/positionprov_package/hook/cmake_prefix_path.ps1'
[0.814s] INFO:colcon.colcon_core.shell:Creating environment descriptor '/home/louis/Pick-Place_RS2/install/positionprov_package/share/positionprov_package/hook/cmake_prefix_path.dsv'
[0.815s] INFO:colcon.colcon_core.shell:Creating environment hook '/home/louis/Pick-Place_RS2/install/positionprov_package/share/positionprov_package/hook/cmake_prefix_path.sh'
[0.815s] Level 1:colcon.colcon_core.environment:checking '/home/louis/Pick-Place_RS2/install/positionprov_package/lib'
[0.816s] Level 1:colcon.colcon_core.environment:checking '/home/louis/Pick-Place_RS2/install/positionprov_package/bin'
[0.816s] Level 1:colcon.colcon_core.environment:checking '/home/louis/Pick-Place_RS2/install/positionprov_package/lib/pkgconfig/positionprov_package.pc'
[0.816s] Level 1:colcon.colcon_core.environment:checking '/home/louis/Pick-Place_RS2/install/positionprov_package/lib/python3.10/site-packages'
[0.816s] Level 1:colcon.colcon_core.environment:checking '/home/louis/Pick-Place_RS2/install/positionprov_package/bin'
[0.817s] INFO:colcon.colcon_core.shell:Creating package script '/home/louis/Pick-Place_RS2/install/positionprov_package/share/positionprov_package/package.ps1'
[0.817s] INFO:colcon.colcon_core.shell:Creating package descriptor '/home/louis/Pick-Place_RS2/install/positionprov_package/share/positionprov_package/package.dsv'
[0.818s] INFO:colcon.colcon_core.shell:Creating package script '/home/louis/Pick-Place_RS2/install/positionprov_package/share/positionprov_package/package.sh'
[0.819s] INFO:colcon.colcon_core.shell:Creating package script '/home/louis/Pick-Place_RS2/install/positionprov_package/share/positionprov_package/package.bash'
[0.819s] INFO:colcon.colcon_core.shell:Creating package script '/home/louis/Pick-Place_RS2/install/positionprov_package/share/positionprov_package/package.zsh'
[0.820s] Level 1:colcon.colcon_core.environment:create_file_with_runtime_dependencies(/home/louis/Pick-Place_RS2/install/positionprov_package/share/colcon-core/packages/positionprov_package)
[0.821s] Level 1:colcon.colcon_core.environment:create_environment_scripts_only(pick_place)
[0.821s] Level 1:colcon.colcon_core.environment:checking '/home/louis/Pick-Place_RS2/install/pick_place' for CMake module files
[0.821s] DEBUG:colcon.colcon_core.event_handler.log_command:Invoked command in '/home/louis/Pick-Place_RS2/build/pick_place' returned '0': CMAKE_PREFIX_PATH=/opt/ros/humble /usr/bin/cmake --install /home/louis/Pick-Place_RS2/build/pick_place
[0.822s] Level 1:colcon.colcon_core.environment:checking '/home/louis/Pick-Place_RS2/install/pick_place' for CMake config files
[0.822s] Level 1:colcon.colcon_core.shell:create_environment_hook('pick_place', 'cmake_prefix_path')
[0.822s] INFO:colcon.colcon_core.shell:Creating environment hook '/home/louis/Pick-Place_RS2/install/pick_place/share/pick_place/hook/cmake_prefix_path.ps1'
[0.823s] INFO:colcon.colcon_core.shell:Creating environment descriptor '/home/louis/Pick-Place_RS2/install/pick_place/share/pick_place/hook/cmake_prefix_path.dsv'
[0.823s] INFO:colcon.colcon_core.shell:Creating environment hook '/home/louis/Pick-Place_RS2/install/pick_place/share/pick_place/hook/cmake_prefix_path.sh'
[0.823s] Level 1:colcon.colcon_core.environment:checking '/home/louis/Pick-Place_RS2/install/pick_place/lib'
[0.823s] Level 1:colcon.colcon_core.environment:checking '/home/louis/Pick-Place_RS2/install/pick_place/bin'
[0.824s] Level 1:colcon.colcon_core.environment:checking '/home/louis/Pick-Place_RS2/install/pick_place/lib/pkgconfig/pick_place.pc'
[0.824s] Level 1:colcon.colcon_core.environment:checking '/home/louis/Pick-Place_RS2/install/pick_place/lib/python3.10/site-packages'
[0.824s] Level 1:colcon.colcon_core.environment:checking '/home/louis/Pick-Place_RS2/install/pick_place/bin'
[0.824s] INFO:colcon.colcon_core.shell:Creating package script '/home/louis/Pick-Place_RS2/install/pick_place/share/pick_place/package.ps1'
[0.825s] INFO:colcon.colcon_core.shell:Creating package descriptor '/home/louis/Pick-Place_RS2/install/pick_place/share/pick_place/package.dsv'
[0.825s] INFO:colcon.colcon_core.shell:Creating package script '/home/louis/Pick-Place_RS2/install/pick_place/share/pick_place/package.sh'
[0.825s] INFO:colcon.colcon_core.shell:Creating package script '/home/louis/Pick-Place_RS2/install/pick_place/share/pick_place/package.bash'
[0.826s] INFO:colcon.colcon_core.shell:Creating package script '/home/louis/Pick-Place_RS2/install/pick_place/share/pick_place/package.zsh'
[0.826s] Level 1:colcon.colcon_core.environment:create_file_with_runtime_dependencies(/home/louis/Pick-Place_RS2/install/pick_place/share/colcon-core/packages/pick_place)
[0.827s] Level 1:colcon.colcon_core.environment:create_environment_scripts_only(pick_place)
[0.827s] Level 1:colcon.colcon_core.environment:checking '/home/louis/Pick-Place_RS2/install/pick_place' for CMake module files
[0.827s] Level 1:colcon.colcon_core.environment:checking '/home/louis/Pick-Place_RS2/install/pick_place' for CMake config files
[0.828s] Level 1:colcon.colcon_core.shell:create_environment_hook('pick_place', 'cmake_prefix_path')
[0.828s] INFO:colcon.colcon_core.shell:Creating environment hook '/home/louis/Pick-Place_RS2/install/pick_place/share/pick_place/hook/cmake_prefix_path.ps1'
[0.828s] INFO:colcon.colcon_core.shell:Creating environment descriptor '/home/louis/Pick-Place_RS2/install/pick_place/share/pick_place/hook/cmake_prefix_path.dsv'
[0.829s] INFO:colcon.colcon_core.shell:Creating environment hook '/home/louis/Pick-Place_RS2/install/pick_place/share/pick_place/hook/cmake_prefix_path.sh'
[0.829s] Level 1:colcon.colcon_core.environment:checking '/home/louis/Pick-Place_RS2/install/pick_place/lib'
[0.829s] Level 1:colcon.colcon_core.environment:checking '/home/louis/Pick-Place_RS2/install/pick_place/bin'
[0.829s] Level 1:colcon.colcon_core.environment:checking '/home/louis/Pick-Place_RS2/install/pick_place/lib/pkgconfig/pick_place.pc'
[0.830s] Level 1:colcon.colcon_core.environment:checking '/home/louis/Pick-Place_RS2/install/pick_place/lib/python3.10/site-packages'
[0.830s] Level 1:colcon.colcon_core.environment:checking '/home/louis/Pick-Place_RS2/install/pick_place/bin'
[0.830s] INFO:colcon.colcon_core.shell:Creating package script '/home/louis/Pick-Place_RS2/install/pick_place/share/pick_place/package.ps1'
[0.830s] INFO:colcon.colcon_core.shell:Creating package descriptor '/home/louis/Pick-Place_RS2/install/pick_place/share/pick_place/package.dsv'
[0.831s] INFO:colcon.colcon_core.shell:Creating package script '/home/louis/Pick-Place_RS2/install/pick_place/share/pick_place/package.sh'
[0.831s] INFO:colcon.colcon_core.shell:Creating package script '/home/louis/Pick-Place_RS2/install/pick_place/share/pick_place/package.bash'
[0.832s] INFO:colcon.colcon_core.shell:Creating package script '/home/louis/Pick-Place_RS2/install/pick_place/share/pick_place/package.zsh'
[0.832s] Level 1:colcon.colcon_core.environment:create_file_with_runtime_dependencies(/home/louis/Pick-Place_RS2/install/pick_place/share/colcon-core/packages/pick_place)
[0.832s] Level 1:colcon.colcon_core.environment:create_environment_scripts_only(positionconv_package)
[0.833s] Level 1:colcon.colcon_core.environment:checking '/home/louis/Pick-Place_RS2/install/positionconv_package' for CMake module files
[0.833s] DEBUG:colcon.colcon_core.event_handler.log_command:Invoked command in '/home/louis/Pick-Place_RS2/build/positionconv_package' returned '0': CMAKE_PREFIX_PATH=/opt/ros/humble /usr/bin/cmake --install /home/louis/Pick-Place_RS2/build/positionconv_package
[0.834s] Level 1:colcon.colcon_core.environment:checking '/home/louis/Pick-Place_RS2/install/positionconv_package' for CMake config files
[0.834s] Level 1:colcon.colcon_core.shell:create_environment_hook('positionconv_package', 'cmake_prefix_path')
[0.834s] INFO:colcon.colcon_core.shell:Creating environment hook '/home/louis/Pick-Place_RS2/install/positionconv_package/share/positionconv_package/hook/cmake_prefix_path.ps1'
[0.834s] INFO:colcon.colcon_core.shell:Creating environment descriptor '/home/louis/Pick-Place_RS2/install/positionconv_package/share/positionconv_package/hook/cmake_prefix_path.dsv'
[0.835s] INFO:colcon.colcon_core.shell:Creating environment hook '/home/louis/Pick-Place_RS2/install/positionconv_package/share/positionconv_package/hook/cmake_prefix_path.sh'
[0.835s] Level 1:colcon.colcon_core.environment:checking '/home/louis/Pick-Place_RS2/install/positionconv_package/lib'
[0.835s] Level 1:colcon.colcon_core.environment:checking '/home/louis/Pick-Place_RS2/install/positionconv_package/bin'
[0.835s] Level 1:colcon.colcon_core.environment:checking '/home/louis/Pick-Place_RS2/install/positionconv_package/lib/pkgconfig/positionconv_package.pc'
[0.836s] Level 1:colcon.colcon_core.environment:checking '/home/louis/Pick-Place_RS2/install/positionconv_package/lib/python3.10/site-packages'
[0.836s] Level 1:colcon.colcon_core.environment:checking '/home/louis/Pick-Place_RS2/install/positionconv_package/bin'
[0.836s] INFO:colcon.colcon_core.shell:Creating package script '/home/louis/Pick-Place_RS2/install/positionconv_package/share/positionconv_package/package.ps1'
[0.836s] INFO:colcon.colcon_core.shell:Creating package descriptor '/home/louis/Pick-Place_RS2/install/positionconv_package/share/positionconv_package/package.dsv'
[0.837s] INFO:colcon.colcon_core.shell:Creating package script '/home/louis/Pick-Place_RS2/install/positionconv_package/share/positionconv_package/package.sh'
[0.837s] INFO:colcon.colcon_core.shell:Creating package script '/home/louis/Pick-Place_RS2/install/positionconv_package/share/positionconv_package/package.bash'
[0.837s] INFO:colcon.colcon_core.shell:Creating package script '/home/louis/Pick-Place_RS2/install/positionconv_package/share/positionconv_package/package.zsh'
[0.838s] Level 1:colcon.colcon_core.environment:create_file_with_runtime_dependencies(/home/louis/Pick-Place_RS2/install/positionconv_package/share/colcon-core/packages/positionconv_package)
[0.838s] Level 1:colcon.colcon_core.environment:create_environment_scripts_only(positionconv_package)
[0.839s] Level 1:colcon.colcon_core.environment:checking '/home/louis/Pick-Place_RS2/install/positionconv_package' for CMake module files
[0.839s] Level 1:colcon.colcon_core.environment:checking '/home/louis/Pick-Place_RS2/install/positionconv_package' for CMake config files
[0.839s] Level 1:colcon.colcon_core.shell:create_environment_hook('positionconv_package', 'cmake_prefix_path')
[0.839s] INFO:colcon.colcon_core.shell:Creating environment hook '/home/louis/Pick-Place_RS2/install/positionconv_package/share/positionconv_package/hook/cmake_prefix_path.ps1'
[0.840s] INFO:colcon.colcon_core.shell:Creating environment descriptor '/home/louis/Pick-Place_RS2/install/positionconv_package/share/positionconv_package/hook/cmake_prefix_path.dsv'
[0.840s] INFO:colcon.colcon_core.shell:Creating environment hook '/home/louis/Pick-Place_RS2/install/positionconv_package/share/positionconv_package/hook/cmake_prefix_path.sh'
[0.841s] Level 1:colcon.colcon_core.environment:checking '/home/louis/Pick-Place_RS2/install/positionconv_package/lib'
[0.841s] Level 1:colcon.colcon_core.environment:checking '/home/louis/Pick-Place_RS2/install/positionconv_package/bin'
[0.841s] Level 1:colcon.colcon_core.environment:checking '/home/louis/Pick-Place_RS2/install/positionconv_package/lib/pkgconfig/positionconv_package.pc'
[0.841s] Level 1:colcon.colcon_core.environment:checking '/home/louis/Pick-Place_RS2/install/positionconv_package/lib/python3.10/site-packages'
[0.841s] Level 1:colcon.colcon_core.environment:checking '/home/louis/Pick-Place_RS2/install/positionconv_package/bin'
[0.842s] INFO:colcon.colcon_core.shell:Creating package script '/home/louis/Pick-Place_RS2/install/positionconv_package/share/positionconv_package/package.ps1'
[0.842s] INFO:colcon.colcon_core.shell:Creating package descriptor '/home/louis/Pick-Place_RS2/install/positionconv_package/share/positionconv_package/package.dsv'
[0.843s] INFO:colcon.colcon_core.shell:Creating package script '/home/louis/Pick-Place_RS2/install/positionconv_package/share/positionconv_package/package.sh'
[0.843s] INFO:colcon.colcon_core.shell:Creating package script '/home/louis/Pick-Place_RS2/install/positionconv_package/share/positionconv_package/package.bash'
[0.843s] INFO:colcon.colcon_core.shell:Creating package script '/home/louis/Pick-Place_RS2/install/positionconv_package/share/positionconv_package/package.zsh'
[0.844s] Level 1:colcon.colcon_core.environment:create_file_with_runtime_dependencies(/home/louis/Pick-Place_RS2/install/positionconv_package/share/colcon-core/packages/positionconv_package)
[1.077s] DEBUG:colcon.colcon_core.event_handler.log_command:Invoking command in '/home/louis/Pick-Place_RS2/src/arduino_magnet': PYTHONPATH=/home/louis/Pick-Place_RS2/build/arduino_magnet/prefix_override:/usr/lib/python3/dist-packages/colcon_core/task/python/colcon_distutils_commands:/home/louis/Pick-Place_RS2/install/arduino_magnet/lib/python3.10/site-packages:${PYTHONPATH} /usr/bin/python3 -W ignore:setup.py install is deprecated -W ignore:easy_install command is deprecated setup.py egg_info --egg-base ../../build/arduino_magnet build --build-base /home/louis/Pick-Place_RS2/build/arduino_magnet/build install --record /home/louis/Pick-Place_RS2/build/arduino_magnet/install.log --single-version-externally-managed install_data
[1.378s] Level 1:colcon.colcon_core.environment:checking '/home/louis/Pick-Place_RS2/install/arduino_magnet' for CMake module files
[1.378s] DEBUG:colcon.colcon_core.event_handler.log_command:Invoked command in '/home/louis/Pick-Place_RS2/src/arduino_magnet' returned '0': PYTHONPATH=/home/louis/Pick-Place_RS2/build/arduino_magnet/prefix_override:/usr/lib/python3/dist-packages/colcon_core/task/python/colcon_distutils_commands:/home/louis/Pick-Place_RS2/install/arduino_magnet/lib/python3.10/site-packages:${PYTHONPATH} /usr/bin/python3 -W ignore:setup.py install is deprecated -W ignore:easy_install command is deprecated setup.py egg_info --egg-base ../../build/arduino_magnet build --build-base /home/louis/Pick-Place_RS2/build/arduino_magnet/build install --record /home/louis/Pick-Place_RS2/build/arduino_magnet/install.log --single-version-externally-managed install_data
[1.379s] Level 1:colcon.colcon_core.environment:checking '/home/louis/Pick-Place_RS2/install/arduino_magnet' for CMake config files
[1.379s] Level 1:colcon.colcon_core.environment:checking '/home/louis/Pick-Place_RS2/install/arduino_magnet/lib'
[1.379s] Level 1:colcon.colcon_core.environment:checking '/home/louis/Pick-Place_RS2/install/arduino_magnet/bin'
[1.379s] Level 1:colcon.colcon_core.environment:checking '/home/louis/Pick-Place_RS2/install/arduino_magnet/lib/pkgconfig/arduino_magnet.pc'
[1.380s] Level 1:colcon.colcon_core.environment:checking '/home/louis/Pick-Place_RS2/install/arduino_magnet/lib/python3.10/site-packages'
[1.380s] Level 1:colcon.colcon_core.shell:create_environment_hook('arduino_magnet', 'pythonpath')
[1.380s] INFO:colcon.colcon_core.shell:Creating environment hook '/home/louis/Pick-Place_RS2/install/arduino_magnet/share/arduino_magnet/hook/pythonpath.ps1'
[1.380s] INFO:colcon.colcon_core.shell:Creating environment descriptor '/home/louis/Pick-Place_RS2/install/arduino_magnet/share/arduino_magnet/hook/pythonpath.dsv'
[1.381s] INFO:colcon.colcon_core.shell:Creating environment hook '/home/louis/Pick-Place_RS2/install/arduino_magnet/share/arduino_magnet/hook/pythonpath.sh'
[1.381s] Level 1:colcon.colcon_core.environment:checking '/home/louis/Pick-Place_RS2/install/arduino_magnet/bin'
[1.381s] Level 1:colcon.colcon_core.environment:create_environment_scripts_only(arduino_magnet)
[1.382s] INFO:colcon.colcon_core.shell:Creating package script '/home/louis/Pick-Place_RS2/install/arduino_magnet/share/arduino_magnet/package.ps1'
[1.382s] INFO:colcon.colcon_core.shell:Creating package descriptor '/home/louis/Pick-Place_RS2/install/arduino_magnet/share/arduino_magnet/package.dsv'
[1.382s] INFO:colcon.colcon_core.shell:Creating package script '/home/louis/Pick-Place_RS2/install/arduino_magnet/share/arduino_magnet/package.sh'
[1.383s] INFO:colcon.colcon_core.shell:Creating package script '/home/louis/Pick-Place_RS2/install/arduino_magnet/share/arduino_magnet/package.bash'
[1.383s] INFO:colcon.colcon_core.shell:Creating package script '/home/louis/Pick-Place_RS2/install/arduino_magnet/share/arduino_magnet/package.zsh'
[1.383s] Level 1:colcon.colcon_core.environment:create_file_with_runtime_dependencies(/home/louis/Pick-Place_RS2/install/arduino_magnet/share/colcon-core/packages/arduino_magnet)
[1.384s] DEBUG:colcon.colcon_parallel_executor.executor.parallel:closing loop
[1.384s] DEBUG:colcon.colcon_parallel_executor.executor.parallel:loop closed
[1.384s] DEBUG:colcon.colcon_parallel_executor.executor.parallel:run_until_complete finished with '0'
[1.384s] DEBUG:colcon.colcon_core.event_reactor:joining thread
[1.389s] INFO:colcon.colcon_core.plugin_system:Skipping extension 'colcon_notification.desktop_notification.terminal_notifier': Not used on non-Darwin systems
[1.389s] INFO:colcon.colcon_core.plugin_system:Skipping extension 'colcon_notification.desktop_notification.win32': Not used on non-Windows systems
[1.389s] INFO:colcon.colcon_notification.desktop_notification:Sending desktop notification using 'notify2'
[1.397s] DEBUG:colcon.colcon_core.event_reactor:joined thread
[1.398s] INFO:colcon.colcon_core.shell:Creating prefix script '/home/louis/Pick-Place_RS2/install/local_setup.ps1'
[1.399s] INFO:colcon.colcon_core.shell:Creating prefix util module '/home/louis/Pick-Place_RS2/install/_local_setup_util_ps1.py'
[1.400s] INFO:colcon.colcon_core.shell:Creating prefix chain script '/home/louis/Pick-Place_RS2/install/setup.ps1'
[1.401s] INFO:colcon.colcon_core.shell:Creating prefix script '/home/louis/Pick-Place_RS2/install/local_setup.sh'
[1.401s] INFO:colcon.colcon_core.shell:Creating prefix util module '/home/louis/Pick-Place_RS2/install/_local_setup_util_sh.py'
[1.402s] INFO:colcon.colcon_core.shell:Creating prefix chain script '/home/louis/Pick-Place_RS2/install/setup.sh'
[1.403s] INFO:colcon.colcon_core.shell:Creating prefix script '/home/louis/Pick-Place_RS2/install/local_setup.bash'
[1.403s] INFO:colcon.colcon_core.shell:Creating prefix chain script '/home/louis/Pick-Place_RS2/install/setup.bash'
[1.404s] INFO:colcon.colcon_core.shell:Creating prefix script '/home/louis/Pick-Place_RS2/install/local_setup.zsh'
[1.404s] INFO:colcon.colcon_core.shell:Creating prefix chain script '/home/louis/Pick-Place_RS2/install/setup.zsh'
