[1.350s] Invoking command in '/home/easha/git/Pick-Place_RS2-1/src/Image_processor/image_processor': PYTHONPATH=/home/easha/git/Pick-Place_RS2-1/build/image_processor/prefix_override:/usr/lib/python3/dist-packages/colcon_core/task/python/colcon_distutils_commands:/home/easha/git/Pick-Place_RS2-1/install/image_processor/lib/python3.10/site-packages:${PYTHONPATH} /usr/bin/python3 -W ignore:setup.py install is deprecated -W ignore:easy_install command is deprecated setup.py egg_info --egg-base ../../../build/image_processor build --build-base /home/easha/git/Pick-Place_RS2-1/build/image_processor/build install --record /home/easha/git/Pick-Place_RS2-1/build/image_processor/install.log --single-version-externally-managed install_data
[1.805s] running egg_info
[1.806s] creating ../../../build/image_processor/image_processor.egg-info
[1.806s] writing ../../../build/image_processor/image_processor.egg-info/PKG-INFO
[1.806s] writing dependency_links to ../../../build/image_processor/image_processor.egg-info/dependency_links.txt
[1.806s] writing entry points to ../../../build/image_processor/image_processor.egg-info/entry_points.txt
[1.807s] writing requirements to ../../../build/image_processor/image_processor.egg-info/requires.txt
[1.807s] writing top-level names to ../../../build/image_processor/image_processor.egg-info/top_level.txt
[1.807s] writing manifest file '../../../build/image_processor/image_processor.egg-info/SOURCES.txt'
[1.811s] reading manifest file '../../../build/image_processor/image_processor.egg-info/SOURCES.txt'
[1.813s] writing manifest file '../../../build/image_processor/image_processor.egg-info/SOURCES.txt'
[1.813s] running build
[1.813s] running build_py
[1.813s] creating /home/easha/git/Pick-Place_RS2-1/build/image_processor/build
[1.814s] creating /home/easha/git/Pick-Place_RS2-1/build/image_processor/build/lib
[1.814s] creating /home/easha/git/Pick-Place_RS2-1/build/image_processor/build/lib/image_processor
[1.814s] copying image_processor/__init__.py -> /home/easha/git/Pick-Place_RS2-1/build/image_processor/build/lib/image_processor
[1.814s] copying image_processor/pixel_utils.py -> /home/easha/git/Pick-Place_RS2-1/build/image_processor/build/lib/image_processor
[1.814s] copying image_processor/run_gui.py -> /home/easha/git/Pick-Place_RS2-1/build/image_processor/build/lib/image_processor
[1.814s] copying image_processor/gui_app.py -> /home/easha/git/Pick-Place_RS2-1/build/image_processor/build/lib/image_processor
[1.814s] running install
[1.815s] running install_lib
[1.817s] creating /home/easha/git/Pick-Place_RS2-1/install/image_processor/lib/python3.10/site-packages/image_processor
[1.817s] copying /home/easha/git/Pick-Place_RS2-1/build/image_processor/build/lib/image_processor/__init__.py -> /home/easha/git/Pick-Place_RS2-1/install/image_processor/lib/python3.10/site-packages/image_processor
[1.817s] copying /home/easha/git/Pick-Place_RS2-1/build/image_processor/build/lib/image_processor/pixel_utils.py -> /home/easha/git/Pick-Place_RS2-1/install/image_processor/lib/python3.10/site-packages/image_processor
[1.817s] copying /home/easha/git/Pick-Place_RS2-1/build/image_processor/build/lib/image_processor/run_gui.py -> /home/easha/git/Pick-Place_RS2-1/install/image_processor/lib/python3.10/site-packages/image_processor
[1.817s] copying /home/easha/git/Pick-Place_RS2-1/build/image_processor/build/lib/image_processor/gui_app.py -> /home/easha/git/Pick-Place_RS2-1/install/image_processor/lib/python3.10/site-packages/image_processor
[1.818s] byte-compiling /home/easha/git/Pick-Place_RS2-1/install/image_processor/lib/python3.10/site-packages/image_processor/__init__.py to __init__.cpython-310.pyc
[1.819s] byte-compiling /home/easha/git/Pick-Place_RS2-1/install/image_processor/lib/python3.10/site-packages/image_processor/pixel_utils.py to pixel_utils.cpython-310.pyc
[1.820s] byte-compiling /home/easha/git/Pick-Place_RS2-1/install/image_processor/lib/python3.10/site-packages/image_processor/run_gui.py to run_gui.cpython-310.pyc
[1.821s] byte-compiling /home/easha/git/Pick-Place_RS2-1/install/image_processor/lib/python3.10/site-packages/image_processor/gui_app.py to gui_app.cpython-310.pyc
[1.823s] running install_data
[1.824s] creating /home/easha/git/Pick-Place_RS2-1/install/image_processor/share/ament_index
[1.824s] creating /home/easha/git/Pick-Place_RS2-1/install/image_processor/share/ament_index/resource_index
[1.824s] creating /home/easha/git/Pick-Place_RS2-1/install/image_processor/share/ament_index/resource_index/packages
[1.824s] copying resource/image_processor -> /home/easha/git/Pick-Place_RS2-1/install/image_processor/share/ament_index/resource_index/packages
[1.824s] copying package.xml -> /home/easha/git/Pick-Place_RS2-1/install/image_processor/share/image_processor
[1.824s] creating /home/easha/git/Pick-Place_RS2-1/install/image_processor/share/image_processor/launch
[1.825s] error: can't copy 'image_processor/launch.py': doesn't exist or not a regular file
[1.865s] Invoked command in '/home/easha/git/Pick-Place_RS2-1/src/Image_processor/image_processor' returned '1': PYTHONPATH=/home/easha/git/Pick-Place_RS2-1/build/image_processor/prefix_override:/usr/lib/python3/dist-packages/colcon_core/task/python/colcon_distutils_commands:/home/easha/git/Pick-Place_RS2-1/install/image_processor/lib/python3.10/site-packages:${PYTHONPATH} /usr/bin/python3 -W ignore:setup.py install is deprecated -W ignore:easy_install command is deprecated setup.py egg_info --egg-base ../../../build/image_processor build --build-base /home/easha/git/Pick-Place_RS2-1/build/image_processor/build install --record /home/easha/git/Pick-Place_RS2-1/build/image_processor/install.log --single-version-externally-managed install_data
