[0.138s] DEBUG:colcon:Command line arguments: ['/usr/bin/colcon', 'build', '--packages-select', 'MU_PositionProv_package']
[0.138s] DEBUG:colcon:Parsed command line arguments: Namespace(log_base=None, log_level=None, verb_name='build', build_base='build', install_base='install', merge_install=False, symlink_install=False, test_result_base=None, continue_on_error=False, executor='parallel', parallel_workers=12, event_handlers=None, ignore_user_meta=False, metas=['./colcon.meta'], base_paths=['.'], packages_ignore=None, packages_ignore_regex=None, paths=None, packages_up_to=None, packages_up_to_regex=None, packages_above=None, packages_above_and_dependencies=None, packages_above_depth=None, packages_select_by_dep=None, packages_skip_by_dep=None, packages_skip_up_to=None, packages_select_build_failed=False, packages_skip_build_finished=False, packages_select_test_failures=False, packages_skip_test_passed=False, packages_select=['MU_PositionProv_package'], packages_skip=None, packages_select_regex=None, packages_skip_regex=None, packages_start=None, packages_end=None, allow_overriding=[], cmake_args=None, cmake_target=None, cmake_target_skip_unavailable=False, cmake_clean_cache=False, cmake_clean_first=False, cmake_force_configure=False, ament_cmake_args=None, catkin_cmake_args=None, catkin_skip_building_tests=False, mixin_files=None, mixin=None, verb_parser=<colcon_mixin.mixin.mixin_argument.MixinArgumentDecorator object at 0x7fab9857a7d0>, verb_extension=<colcon_core.verb.build.BuildVerb object at 0x7fab9857a4d0>, main=<bound method BuildVerb.main of <colcon_core.verb.build.BuildVerb object at 0x7fab9857a4d0>>, mixin_verb=('build',))
[0.389s] Level 1:colcon.colcon_core.package_discovery:discover_packages(colcon_meta) check parameters
[0.389s] Level 1:colcon.colcon_core.package_discovery:discover_packages(recursive) check parameters
[0.389s] Level 1:colcon.colcon_core.package_discovery:discover_packages(ignore) check parameters
[0.389s] Level 1:colcon.colcon_core.package_discovery:discover_packages(path) check parameters
[0.389s] Level 1:colcon.colcon_core.package_discovery:discover_packages(colcon_meta) discover
[0.389s] Level 1:colcon.colcon_core.package_discovery:discover_packages(recursive) discover
[0.390s] INFO:colcon.colcon_core.package_discovery:Crawling recursively for packages in '/home/louis/ros2_ws/src/MU_PositionProv_package'
[0.390s] Level 1:colcon.colcon_core.package_identification:_identify(.) by extensions ['ignore', 'ignore_ament_install']
[0.390s] Level 1:colcon.colcon_core.package_identification:_identify(.) by extension 'ignore'
[0.390s] Level 1:colcon.colcon_core.package_identification:_identify(.) by extension 'ignore_ament_install'
[0.390s] Level 1:colcon.colcon_core.package_identification:_identify(.) by extensions ['colcon_pkg']
[0.390s] Level 1:colcon.colcon_core.package_identification:_identify(.) by extension 'colcon_pkg'
[0.390s] Level 1:colcon.colcon_core.package_identification:_identify(.) by extensions ['colcon_meta']
[0.390s] Level 1:colcon.colcon_core.package_identification:_identify(.) by extension 'colcon_meta'
[0.390s] Level 1:colcon.colcon_core.package_identification:_identify(.) by extensions ['ros']
[0.390s] Level 1:colcon.colcon_core.package_identification:_identify(.) by extension 'ros'
[0.408s] DEBUG:colcon.colcon_core.package_identification:Package '.' with type 'ros.ament_cmake' and name 'MU_PositionProv_package'
[0.408s] Level 1:colcon.colcon_core.package_discovery:discover_packages(recursive) using defaults
[0.408s] Level 1:colcon.colcon_core.package_discovery:discover_packages(ignore) discover
[0.408s] Level 1:colcon.colcon_core.package_discovery:discover_packages(ignore) using defaults
[0.408s] Level 1:colcon.colcon_core.package_discovery:discover_packages(path) discover
[0.408s] Level 1:colcon.colcon_core.package_discovery:discover_packages(path) using defaults
[0.432s] Level 1:colcon.colcon_core.package_discovery:discover_packages(prefix_path) check parameters
[0.432s] Level 1:colcon.colcon_core.package_discovery:discover_packages(prefix_path) discover
[0.434s] DEBUG:colcon.colcon_installed_package_information.package_discovery:Found 0 installed packages in /home/louis/ros2_ws/install
[0.436s] DEBUG:colcon.colcon_installed_package_information.package_discovery:Found 459 installed packages in /opt/ros/humble
[0.438s] Level 1:colcon.colcon_core.package_discovery:discover_packages(prefix_path) using defaults
[0.486s] Level 5:colcon.colcon_core.verb:set package 'MU_PositionProv_package' build argument 'cmake_args' from command line to 'None'
[0.486s] Level 5:colcon.colcon_core.verb:set package 'MU_PositionProv_package' build argument 'cmake_target' from command line to 'None'
[0.486s] Level 5:colcon.colcon_core.verb:set package 'MU_PositionProv_package' build argument 'cmake_target_skip_unavailable' from command line to 'False'
[0.486s] Level 5:colcon.colcon_core.verb:set package 'MU_PositionProv_package' build argument 'cmake_clean_cache' from command line to 'False'
[0.486s] Level 5:colcon.colcon_core.verb:set package 'MU_PositionProv_package' build argument 'cmake_clean_first' from command line to 'False'
[0.486s] Level 5:colcon.colcon_core.verb:set package 'MU_PositionProv_package' build argument 'cmake_force_configure' from command line to 'False'
[0.486s] Level 5:colcon.colcon_core.verb:set package 'MU_PositionProv_package' build argument 'ament_cmake_args' from command line to 'None'
[0.486s] Level 5:colcon.colcon_core.verb:set package 'MU_PositionProv_package' build argument 'catkin_cmake_args' from command line to 'None'
[0.486s] Level 5:colcon.colcon_core.verb:set package 'MU_PositionProv_package' build argument 'catkin_skip_building_tests' from command line to 'False'
[0.486s] DEBUG:colcon.colcon_core.verb:Building package 'MU_PositionProv_package' with the following arguments: {'ament_cmake_args': None, 'build_base': '/home/louis/ros2_ws/src/MU_PositionProv_package/build/MU_PositionProv_package', 'catkin_cmake_args': None, 'catkin_skip_building_tests': False, 'cmake_args': None, 'cmake_clean_cache': False, 'cmake_clean_first': False, 'cmake_force_configure': False, 'cmake_target': None, 'cmake_target_skip_unavailable': False, 'install_base': '/home/louis/ros2_ws/src/MU_PositionProv_package/install/MU_PositionProv_package', 'merge_install': False, 'path': '/home/louis/ros2_ws/src/MU_PositionProv_package', 'symlink_install': False, 'test_result_base': None}
[0.486s] INFO:colcon.colcon_core.executor:Executing jobs using 'parallel' executor
[0.487s] DEBUG:colcon.colcon_parallel_executor.executor.parallel:run_until_complete
[0.487s] INFO:colcon.colcon_ros.task.ament_cmake.build:Building ROS package in '/home/louis/ros2_ws/src/MU_PositionProv_package' with build type 'ament_cmake'
[0.487s] INFO:colcon.colcon_cmake.task.cmake.build:Building CMake package in '/home/louis/ros2_ws/src/MU_PositionProv_package'
[0.491s] INFO:colcon.colcon_core.plugin_system:Skipping extension 'colcon_core.shell.bat': Not used on non-Windows systems
[0.491s] INFO:colcon.colcon_core.shell:Skip shell extension 'powershell' for command environment: Not usable outside of PowerShell
[0.491s] DEBUG:colcon.colcon_core.shell:Skip shell extension 'dsv' for command environment
[0.497s] DEBUG:colcon.colcon_core.event_handler.log_command:Invoking command in '/home/louis/ros2_ws/src/MU_PositionProv_package/build/MU_PositionProv_package': CMAKE_PREFIX_PATH=/opt/ros/humble /usr/bin/cmake /home/louis/ros2_ws/src/MU_PositionProv_package -DCMAKE_INSTALL_PREFIX=/home/louis/ros2_ws/src/MU_PositionProv_package/install/MU_PositionProv_package
[1.122s] DEBUG:colcon.colcon_core.event_handler.log_command:Invoked command in '/home/louis/ros2_ws/src/MU_PositionProv_package/build/MU_PositionProv_package' returned '0': CMAKE_PREFIX_PATH=/opt/ros/humble /usr/bin/cmake /home/louis/ros2_ws/src/MU_PositionProv_package -DCMAKE_INSTALL_PREFIX=/home/louis/ros2_ws/src/MU_PositionProv_package/install/MU_PositionProv_package
[1.123s] DEBUG:colcon.colcon_core.event_handler.log_command:Invoking command in '/home/louis/ros2_ws/src/MU_PositionProv_package/build/MU_PositionProv_package': CMAKE_PREFIX_PATH=/opt/ros/humble /usr/bin/cmake --build /home/louis/ros2_ws/src/MU_PositionProv_package/build/MU_PositionProv_package -- -j12 -l12
[1.151s] DEBUG:colcon.colcon_core.event_handler.log_command:Invoked command in '/home/louis/ros2_ws/src/MU_PositionProv_package/build/MU_PositionProv_package' returned '0': CMAKE_PREFIX_PATH=/opt/ros/humble /usr/bin/cmake --build /home/louis/ros2_ws/src/MU_PositionProv_package/build/MU_PositionProv_package -- -j12 -l12
[1.160s] DEBUG:colcon.colcon_core.event_handler.log_command:Invoking command in '/home/louis/ros2_ws/src/MU_PositionProv_package/build/MU_PositionProv_package': CMAKE_PREFIX_PATH=/opt/ros/humble /usr/bin/cmake --install /home/louis/ros2_ws/src/MU_PositionProv_package/build/MU_PositionProv_package
[1.168s] Level 1:colcon.colcon_core.environment:create_environment_scripts_only(MU_PositionProv_package)
[1.169s] DEBUG:colcon.colcon_core.event_handler.log_command:Invoked command in '/home/louis/ros2_ws/src/MU_PositionProv_package/build/MU_PositionProv_package' returned '0': CMAKE_PREFIX_PATH=/opt/ros/humble /usr/bin/cmake --install /home/louis/ros2_ws/src/MU_PositionProv_package/build/MU_PositionProv_package
[1.172s] Level 1:colcon.colcon_core.environment:checking '/home/louis/ros2_ws/src/MU_PositionProv_package/install/MU_PositionProv_package' for CMake module files
[1.173s] Level 1:colcon.colcon_core.environment:checking '/home/louis/ros2_ws/src/MU_PositionProv_package/install/MU_PositionProv_package' for CMake config files
[1.173s] Level 1:colcon.colcon_core.shell:create_environment_hook('MU_PositionProv_package', 'cmake_prefix_path')
[1.173s] INFO:colcon.colcon_core.shell:Creating environment hook '/home/louis/ros2_ws/src/MU_PositionProv_package/install/MU_PositionProv_package/share/MU_PositionProv_package/hook/cmake_prefix_path.ps1'
[1.174s] INFO:colcon.colcon_core.shell:Creating environment descriptor '/home/louis/ros2_ws/src/MU_PositionProv_package/install/MU_PositionProv_package/share/MU_PositionProv_package/hook/cmake_prefix_path.dsv'
[1.174s] INFO:colcon.colcon_core.shell:Creating environment hook '/home/louis/ros2_ws/src/MU_PositionProv_package/install/MU_PositionProv_package/share/MU_PositionProv_package/hook/cmake_prefix_path.sh'
[1.175s] Level 1:colcon.colcon_core.environment:checking '/home/louis/ros2_ws/src/MU_PositionProv_package/install/MU_PositionProv_package/bin'
[1.175s] Level 1:colcon.colcon_core.environment:checking '/home/louis/ros2_ws/src/MU_PositionProv_package/install/MU_PositionProv_package/lib/pkgconfig/MU_PositionProv_package.pc'
[1.175s] Level 1:colcon.colcon_core.environment:checking '/home/louis/ros2_ws/src/MU_PositionProv_package/install/MU_PositionProv_package/lib/python3.10/site-packages'
[1.176s] Level 1:colcon.colcon_core.environment:checking '/home/louis/ros2_ws/src/MU_PositionProv_package/install/MU_PositionProv_package/bin'
[1.176s] INFO:colcon.colcon_core.shell:Creating package script '/home/louis/ros2_ws/src/MU_PositionProv_package/install/MU_PositionProv_package/share/MU_PositionProv_package/package.ps1'
[1.177s] INFO:colcon.colcon_core.shell:Creating package descriptor '/home/louis/ros2_ws/src/MU_PositionProv_package/install/MU_PositionProv_package/share/MU_PositionProv_package/package.dsv'
[1.177s] INFO:colcon.colcon_core.shell:Creating package script '/home/louis/ros2_ws/src/MU_PositionProv_package/install/MU_PositionProv_package/share/MU_PositionProv_package/package.sh'
[1.178s] INFO:colcon.colcon_core.shell:Creating package script '/home/louis/ros2_ws/src/MU_PositionProv_package/install/MU_PositionProv_package/share/MU_PositionProv_package/package.bash'
[1.178s] INFO:colcon.colcon_core.shell:Creating package script '/home/louis/ros2_ws/src/MU_PositionProv_package/install/MU_PositionProv_package/share/MU_PositionProv_package/package.zsh'
[1.179s] Level 1:colcon.colcon_core.environment:create_file_with_runtime_dependencies(/home/louis/ros2_ws/src/MU_PositionProv_package/install/MU_PositionProv_package/share/colcon-core/packages/MU_PositionProv_package)
[1.180s] Level 1:colcon.colcon_core.environment:create_environment_scripts_only(MU_PositionProv_package)
[1.180s] Level 1:colcon.colcon_core.environment:checking '/home/louis/ros2_ws/src/MU_PositionProv_package/install/MU_PositionProv_package' for CMake module files
[1.180s] Level 1:colcon.colcon_core.environment:checking '/home/louis/ros2_ws/src/MU_PositionProv_package/install/MU_PositionProv_package' for CMake config files
[1.180s] Level 1:colcon.colcon_core.shell:create_environment_hook('MU_PositionProv_package', 'cmake_prefix_path')
[1.181s] INFO:colcon.colcon_core.shell:Creating environment hook '/home/louis/ros2_ws/src/MU_PositionProv_package/install/MU_PositionProv_package/share/MU_PositionProv_package/hook/cmake_prefix_path.ps1'
[1.181s] INFO:colcon.colcon_core.shell:Creating environment descriptor '/home/louis/ros2_ws/src/MU_PositionProv_package/install/MU_PositionProv_package/share/MU_PositionProv_package/hook/cmake_prefix_path.dsv'
[1.181s] INFO:colcon.colcon_core.shell:Creating environment hook '/home/louis/ros2_ws/src/MU_PositionProv_package/install/MU_PositionProv_package/share/MU_PositionProv_package/hook/cmake_prefix_path.sh'
[1.182s] Level 1:colcon.colcon_core.environment:checking '/home/louis/ros2_ws/src/MU_PositionProv_package/install/MU_PositionProv_package/bin'
[1.182s] Level 1:colcon.colcon_core.environment:checking '/home/louis/ros2_ws/src/MU_PositionProv_package/install/MU_PositionProv_package/lib/pkgconfig/MU_PositionProv_package.pc'
[1.182s] Level 1:colcon.colcon_core.environment:checking '/home/louis/ros2_ws/src/MU_PositionProv_package/install/MU_PositionProv_package/lib/python3.10/site-packages'
[1.182s] Level 1:colcon.colcon_core.environment:checking '/home/louis/ros2_ws/src/MU_PositionProv_package/install/MU_PositionProv_package/bin'
[1.182s] INFO:colcon.colcon_core.shell:Creating package script '/home/louis/ros2_ws/src/MU_PositionProv_package/install/MU_PositionProv_package/share/MU_PositionProv_package/package.ps1'
[1.183s] INFO:colcon.colcon_core.shell:Creating package descriptor '/home/louis/ros2_ws/src/MU_PositionProv_package/install/MU_PositionProv_package/share/MU_PositionProv_package/package.dsv'
[1.183s] INFO:colcon.colcon_core.shell:Creating package script '/home/louis/ros2_ws/src/MU_PositionProv_package/install/MU_PositionProv_package/share/MU_PositionProv_package/package.sh'
[1.183s] INFO:colcon.colcon_core.shell:Creating package script '/home/louis/ros2_ws/src/MU_PositionProv_package/install/MU_PositionProv_package/share/MU_PositionProv_package/package.bash'
[1.184s] INFO:colcon.colcon_core.shell:Creating package script '/home/louis/ros2_ws/src/MU_PositionProv_package/install/MU_PositionProv_package/share/MU_PositionProv_package/package.zsh'
[1.184s] Level 1:colcon.colcon_core.environment:create_file_with_runtime_dependencies(/home/louis/ros2_ws/src/MU_PositionProv_package/install/MU_PositionProv_package/share/colcon-core/packages/MU_PositionProv_package)
[1.184s] DEBUG:colcon.colcon_parallel_executor.executor.parallel:closing loop
[1.184s] DEBUG:colcon.colcon_parallel_executor.executor.parallel:loop closed
[1.184s] DEBUG:colcon.colcon_parallel_executor.executor.parallel:run_until_complete finished with '0'
[1.184s] DEBUG:colcon.colcon_core.event_reactor:joining thread
[1.189s] INFO:colcon.colcon_core.plugin_system:Skipping extension 'colcon_notification.desktop_notification.terminal_notifier': Not used on non-Darwin systems
[1.189s] INFO:colcon.colcon_core.plugin_system:Skipping extension 'colcon_notification.desktop_notification.win32': Not used on non-Windows systems
[1.189s] INFO:colcon.colcon_notification.desktop_notification:Sending desktop notification using 'notify2'
[1.200s] DEBUG:colcon.colcon_core.event_reactor:joined thread
[1.201s] INFO:colcon.colcon_core.shell:Creating prefix script '/home/louis/ros2_ws/src/MU_PositionProv_package/install/local_setup.ps1'
[1.202s] INFO:colcon.colcon_core.shell:Creating prefix util module '/home/louis/ros2_ws/src/MU_PositionProv_package/install/_local_setup_util_ps1.py'
[1.203s] INFO:colcon.colcon_core.shell:Creating prefix chain script '/home/louis/ros2_ws/src/MU_PositionProv_package/install/setup.ps1'
[1.204s] INFO:colcon.colcon_core.shell:Creating prefix script '/home/louis/ros2_ws/src/MU_PositionProv_package/install/local_setup.sh'
[1.204s] INFO:colcon.colcon_core.shell:Creating prefix util module '/home/louis/ros2_ws/src/MU_PositionProv_package/install/_local_setup_util_sh.py'
[1.205s] INFO:colcon.colcon_core.shell:Creating prefix chain script '/home/louis/ros2_ws/src/MU_PositionProv_package/install/setup.sh'
[1.206s] INFO:colcon.colcon_core.shell:Creating prefix script '/home/louis/ros2_ws/src/MU_PositionProv_package/install/local_setup.bash'
[1.206s] INFO:colcon.colcon_core.shell:Creating prefix chain script '/home/louis/ros2_ws/src/MU_PositionProv_package/install/setup.bash'
[1.207s] INFO:colcon.colcon_core.shell:Creating prefix script '/home/louis/ros2_ws/src/MU_PositionProv_package/install/local_setup.zsh'
[1.208s] INFO:colcon.colcon_core.shell:Creating prefix chain script '/home/louis/ros2_ws/src/MU_PositionProv_package/install/setup.zsh'
