[1.281s] Invoking command in '/home/easha/git/Pick-Place_RS2-1/src/arduino_magnet': PYTHONPATH=/home/easha/git/Pick-Place_RS2-1/build/arduino_magnet/prefix_override:/usr/lib/python3/dist-packages/colcon_core/task/python/colcon_distutils_commands:/home/easha/git/Pick-Place_RS2-1/install/arduino_magnet/lib/python3.10/site-packages:${PYTHONPATH} /usr/bin/python3 -W ignore:setup.py install is deprecated -W ignore:easy_install command is deprecated setup.py egg_info --egg-base ../../build/arduino_magnet build --build-base /home/easha/git/Pick-Place_RS2-1/build/arduino_magnet/build install --record /home/easha/git/Pick-Place_RS2-1/build/arduino_magnet/install.log --single-version-externally-managed install_data
[1.597s] running egg_info
[1.598s] writing ../../build/arduino_magnet/arduino_magnet.egg-info/PKG-INFO
[1.598s] writing dependency_links to ../../build/arduino_magnet/arduino_magnet.egg-info/dependency_links.txt
[1.599s] writing entry points to ../../build/arduino_magnet/arduino_magnet.egg-info/entry_points.txt
[1.599s] writing requirements to ../../build/arduino_magnet/arduino_magnet.egg-info/requires.txt
[1.599s] writing top-level names to ../../build/arduino_magnet/arduino_magnet.egg-info/top_level.txt
[1.603s] reading manifest file '../../build/arduino_magnet/arduino_magnet.egg-info/SOURCES.txt'
[1.604s] writing manifest file '../../build/arduino_magnet/arduino_magnet.egg-info/SOURCES.txt'
[1.605s] running build
[1.605s] running build_py
[1.605s] running install
[1.606s] running install_lib
[1.608s] running install_data
[1.608s] running install_egg_info
[1.611s] removing '/home/easha/git/Pick-Place_RS2-1/install/arduino_magnet/lib/python3.10/site-packages/arduino_magnet-0.0.0-py3.10.egg-info' (and everything under it)
[1.612s] Copying ../../build/arduino_magnet/arduino_magnet.egg-info to /home/easha/git/Pick-Place_RS2-1/install/arduino_magnet/lib/python3.10/site-packages/arduino_magnet-0.0.0-py3.10.egg-info
[1.613s] running install_scripts
[1.647s] Installing arduino_magnet_node script to /home/easha/git/Pick-Place_RS2-1/install/arduino_magnet/lib/arduino_magnet
[1.648s] writing list of installed files to '/home/easha/git/Pick-Place_RS2-1/build/arduino_magnet/install.log'
[1.688s] Invoked command in '/home/easha/git/Pick-Place_RS2-1/src/arduino_magnet' returned '0': PYTHONPATH=/home/easha/git/Pick-Place_RS2-1/build/arduino_magnet/prefix_override:/usr/lib/python3/dist-packages/colcon_core/task/python/colcon_distutils_commands:/home/easha/git/Pick-Place_RS2-1/install/arduino_magnet/lib/python3.10/site-packages:${PYTHONPATH} /usr/bin/python3 -W ignore:setup.py install is deprecated -W ignore:easy_install command is deprecated setup.py egg_info --egg-base ../../build/arduino_magnet build --build-base /home/easha/git/Pick-Place_RS2-1/build/arduino_magnet/build install --record /home/easha/git/Pick-Place_RS2-1/build/arduino_magnet/install.log --single-version-externally-managed install_data
