running egg_info
creating ../../../build/image_processor/image_processor.egg-info
writing ../../../build/image_processor/image_processor.egg-info/PKG-INFO
writing dependency_links to ../../../build/image_processor/image_processor.egg-info/dependency_links.txt
writing entry points to ../../../build/image_processor/image_processor.egg-info/entry_points.txt
writing requirements to ../../../build/image_processor/image_processor.egg-info/requires.txt
writing top-level names to ../../../build/image_processor/image_processor.egg-info/top_level.txt
writing manifest file '../../../build/image_processor/image_processor.egg-info/SOURCES.txt'
reading manifest file '../../../build/image_processor/image_processor.egg-info/SOURCES.txt'
writing manifest file '../../../build/image_processor/image_processor.egg-info/SOURCES.txt'
running build
running build_py
creating /home/louis/Pick-Place_RS2/build/image_processor/build
creating /home/louis/Pick-Place_RS2/build/image_processor/build/lib
creating /home/louis/Pick-Place_RS2/build/image_processor/build/lib/image_processor
copying image_processor/gui_app.py -> /home/louis/Pick-Place_RS2/build/image_processor/build/lib/image_processor
copying image_processor/launch.py -> /home/louis/Pick-Place_RS2/build/image_processor/build/lib/image_processor
copying image_processor/run_gui.py -> /home/louis/Pick-Place_RS2/build/image_processor/build/lib/image_processor
copying image_processor/pixel_utils.py -> /home/louis/Pick-Place_RS2/build/image_processor/build/lib/image_processor
copying image_processor/__init__.py -> /home/louis/Pick-Place_RS2/build/image_processor/build/lib/image_processor
copying image_processor/capture_pixelate.py -> /home/louis/Pick-Place_RS2/build/image_processor/build/lib/image_processor
copying image_processor/pixel_publisher.py -> /home/louis/Pick-Place_RS2/build/image_processor/build/lib/image_processor
running install
running install_lib
creating /home/louis/Pick-Place_RS2/install/image_processor/lib/python3.10/site-packages/image_processor
copying /home/louis/Pick-Place_RS2/build/image_processor/build/lib/image_processor/gui_app.py -> /home/louis/Pick-Place_RS2/install/image_processor/lib/python3.10/site-packages/image_processor
copying /home/louis/Pick-Place_RS2/build/image_processor/build/lib/image_processor/launch.py -> /home/louis/Pick-Place_RS2/install/image_processor/lib/python3.10/site-packages/image_processor
copying /home/louis/Pick-Place_RS2/build/image_processor/build/lib/image_processor/run_gui.py -> /home/louis/Pick-Place_RS2/install/image_processor/lib/python3.10/site-packages/image_processor
copying /home/louis/Pick-Place_RS2/build/image_processor/build/lib/image_processor/pixel_utils.py -> /home/louis/Pick-Place_RS2/install/image_processor/lib/python3.10/site-packages/image_processor
copying /home/louis/Pick-Place_RS2/build/image_processor/build/lib/image_processor/__init__.py -> /home/louis/Pick-Place_RS2/install/image_processor/lib/python3.10/site-packages/image_processor
copying /home/louis/Pick-Place_RS2/build/image_processor/build/lib/image_processor/capture_pixelate.py -> /home/louis/Pick-Place_RS2/install/image_processor/lib/python3.10/site-packages/image_processor
copying /home/louis/Pick-Place_RS2/build/image_processor/build/lib/image_processor/pixel_publisher.py -> /home/louis/Pick-Place_RS2/install/image_processor/lib/python3.10/site-packages/image_processor
byte-compiling /home/louis/Pick-Place_RS2/install/image_processor/lib/python3.10/site-packages/image_processor/gui_app.py to gui_app.cpython-310.pyc
byte-compiling /home/louis/Pick-Place_RS2/install/image_processor/lib/python3.10/site-packages/image_processor/launch.py to launch.cpython-310.pyc
byte-compiling /home/louis/Pick-Place_RS2/install/image_processor/lib/python3.10/site-packages/image_processor/run_gui.py to run_gui.cpython-310.pyc
byte-compiling /home/louis/Pick-Place_RS2/install/image_processor/lib/python3.10/site-packages/image_processor/pixel_utils.py to pixel_utils.cpython-310.pyc
byte-compiling /home/louis/Pick-Place_RS2/install/image_processor/lib/python3.10/site-packages/image_processor/__init__.py to __init__.cpython-310.pyc
byte-compiling /home/louis/Pick-Place_RS2/install/image_processor/lib/python3.10/site-packages/image_processor/capture_pixelate.py to capture_pixelate.cpython-310.pyc
byte-compiling /home/louis/Pick-Place_RS2/install/image_processor/lib/python3.10/site-packages/image_processor/pixel_publisher.py to pixel_publisher.cpython-310.pyc
running install_data
creating /home/louis/Pick-Place_RS2/install/image_processor/share/ament_index
creating /home/louis/Pick-Place_RS2/install/image_processor/share/ament_index/resource_index
creating /home/louis/Pick-Place_RS2/install/image_processor/share/ament_index/resource_index/packages
copying resource/image_processor -> /home/louis/Pick-Place_RS2/install/image_processor/share/ament_index/resource_index/packages
copying package.xml -> /home/louis/Pick-Place_RS2/install/image_processor/share/image_processor
creating /home/louis/Pick-Place_RS2/install/image_processor/share/image_processor/launch
copying image_processor/launch.py -> /home/louis/Pick-Place_RS2/install/image_processor/share/image_processor/launch
running install_egg_info
Copying ../../../build/image_processor/image_processor.egg-info to /home/louis/Pick-Place_RS2/install/image_processor/lib/python3.10/site-packages/image_processor-0.0.0-py3.10.egg-info
running install_scripts
Installing pixel_publisher script to /home/louis/Pick-Place_RS2/install/image_processor/lib/image_processor
Installing run_gui script to /home/louis/Pick-Place_RS2/install/image_processor/lib/image_processor
writing list of installed files to '/home/louis/Pick-Place_RS2/build/image_processor/install.log'
