[1.048s] Invoking command in '/home/louis/Pick-Place_RS2/src/Image_processor/image_processor': PYTHONPATH=/home/louis/Pick-Place_RS2/build/image_processor/prefix_override:/usr/lib/python3/dist-packages/colcon_core/task/python/colcon_distutils_commands:/home/louis/Pick-Place_RS2/install/image_processor/lib/python3.10/site-packages:${PYTHONPATH} /usr/bin/python3 -W ignore:setup.py install is deprecated -W ignore:easy_install command is deprecated setup.py egg_info --egg-base ../../../build/image_processor build --build-base /home/louis/Pick-Place_RS2/build/image_processor/build install --record /home/louis/Pick-Place_RS2/build/image_processor/install.log --single-version-externally-managed install_data
[1.309s] running egg_info
[1.310s] creating ../../../build/image_processor/image_processor.egg-info
[1.310s] writing ../../../build/image_processor/image_processor.egg-info/PKG-INFO
[1.310s] writing dependency_links to ../../../build/image_processor/image_processor.egg-info/dependency_links.txt
[1.310s] writing entry points to ../../../build/image_processor/image_processor.egg-info/entry_points.txt
[1.310s] writing requirements to ../../../build/image_processor/image_processor.egg-info/requires.txt
[1.310s] writing top-level names to ../../../build/image_processor/image_processor.egg-info/top_level.txt
[1.311s] writing manifest file '../../../build/image_processor/image_processor.egg-info/SOURCES.txt'
[1.312s] reading manifest file '../../../build/image_processor/image_processor.egg-info/SOURCES.txt'
[1.313s] writing manifest file '../../../build/image_processor/image_processor.egg-info/SOURCES.txt'
[1.313s] running build
[1.313s] running build_py
[1.313s] creating /home/louis/Pick-Place_RS2/build/image_processor/build
[1.313s] creating /home/louis/Pick-Place_RS2/build/image_processor/build/lib
[1.314s] creating /home/louis/Pick-Place_RS2/build/image_processor/build/lib/image_processor
[1.314s] copying image_processor/gui_app.py -> /home/louis/Pick-Place_RS2/build/image_processor/build/lib/image_processor
[1.314s] copying image_processor/launch.py -> /home/louis/Pick-Place_RS2/build/image_processor/build/lib/image_processor
[1.314s] copying image_processor/run_gui.py -> /home/louis/Pick-Place_RS2/build/image_processor/build/lib/image_processor
[1.314s] copying image_processor/pixel_utils.py -> /home/louis/Pick-Place_RS2/build/image_processor/build/lib/image_processor
[1.314s] copying image_processor/__init__.py -> /home/louis/Pick-Place_RS2/build/image_processor/build/lib/image_processor
[1.314s] copying image_processor/capture_pixelate.py -> /home/louis/Pick-Place_RS2/build/image_processor/build/lib/image_processor
[1.314s] copying image_processor/pixel_publisher.py -> /home/louis/Pick-Place_RS2/build/image_processor/build/lib/image_processor
[1.315s] running install
[1.315s] running install_lib
[1.315s] creating /home/louis/Pick-Place_RS2/install/image_processor/lib/python3.10/site-packages/image_processor
[1.316s] copying /home/louis/Pick-Place_RS2/build/image_processor/build/lib/image_processor/gui_app.py -> /home/louis/Pick-Place_RS2/install/image_processor/lib/python3.10/site-packages/image_processor
[1.316s] copying /home/louis/Pick-Place_RS2/build/image_processor/build/lib/image_processor/launch.py -> /home/louis/Pick-Place_RS2/install/image_processor/lib/python3.10/site-packages/image_processor
[1.316s] copying /home/louis/Pick-Place_RS2/build/image_processor/build/lib/image_processor/run_gui.py -> /home/louis/Pick-Place_RS2/install/image_processor/lib/python3.10/site-packages/image_processor
[1.316s] copying /home/louis/Pick-Place_RS2/build/image_processor/build/lib/image_processor/pixel_utils.py -> /home/louis/Pick-Place_RS2/install/image_processor/lib/python3.10/site-packages/image_processor
[1.316s] copying /home/louis/Pick-Place_RS2/build/image_processor/build/lib/image_processor/__init__.py -> /home/louis/Pick-Place_RS2/install/image_processor/lib/python3.10/site-packages/image_processor
[1.316s] copying /home/louis/Pick-Place_RS2/build/image_processor/build/lib/image_processor/capture_pixelate.py -> /home/louis/Pick-Place_RS2/install/image_processor/lib/python3.10/site-packages/image_processor
[1.316s] copying /home/louis/Pick-Place_RS2/build/image_processor/build/lib/image_processor/pixel_publisher.py -> /home/louis/Pick-Place_RS2/install/image_processor/lib/python3.10/site-packages/image_processor
[1.317s] byte-compiling /home/louis/Pick-Place_RS2/install/image_processor/lib/python3.10/site-packages/image_processor/gui_app.py to gui_app.cpython-310.pyc
[1.318s] byte-compiling /home/louis/Pick-Place_RS2/install/image_processor/lib/python3.10/site-packages/image_processor/launch.py to launch.cpython-310.pyc
[1.319s] byte-compiling /home/louis/Pick-Place_RS2/install/image_processor/lib/python3.10/site-packages/image_processor/run_gui.py to run_gui.cpython-310.pyc
[1.319s] byte-compiling /home/louis/Pick-Place_RS2/install/image_processor/lib/python3.10/site-packages/image_processor/pixel_utils.py to pixel_utils.cpython-310.pyc
[1.320s] byte-compiling /home/louis/Pick-Place_RS2/install/image_processor/lib/python3.10/site-packages/image_processor/__init__.py to __init__.cpython-310.pyc
[1.320s] byte-compiling /home/louis/Pick-Place_RS2/install/image_processor/lib/python3.10/site-packages/image_processor/capture_pixelate.py to capture_pixelate.cpython-310.pyc
[1.320s] byte-compiling /home/louis/Pick-Place_RS2/install/image_processor/lib/python3.10/site-packages/image_processor/pixel_publisher.py to pixel_publisher.cpython-310.pyc
[1.321s] running install_data
[1.321s] creating /home/louis/Pick-Place_RS2/install/image_processor/share/ament_index
[1.321s] creating /home/louis/Pick-Place_RS2/install/image_processor/share/ament_index/resource_index
[1.321s] creating /home/louis/Pick-Place_RS2/install/image_processor/share/ament_index/resource_index/packages
[1.321s] copying resource/image_processor -> /home/louis/Pick-Place_RS2/install/image_processor/share/ament_index/resource_index/packages
[1.321s] copying package.xml -> /home/louis/Pick-Place_RS2/install/image_processor/share/image_processor
[1.322s] creating /home/louis/Pick-Place_RS2/install/image_processor/share/image_processor/launch
[1.322s] copying image_processor/launch.py -> /home/louis/Pick-Place_RS2/install/image_processor/share/image_processor/launch
[1.322s] running install_egg_info
[1.323s] Copying ../../../build/image_processor/image_processor.egg-info to /home/louis/Pick-Place_RS2/install/image_processor/lib/python3.10/site-packages/image_processor-0.0.0-py3.10.egg-info
[1.324s] running install_scripts
[1.345s] Installing pixel_publisher script to /home/louis/Pick-Place_RS2/install/image_processor/lib/image_processor
[1.345s] Installing run_gui script to /home/louis/Pick-Place_RS2/install/image_processor/lib/image_processor
[1.346s] writing list of installed files to '/home/louis/Pick-Place_RS2/build/image_processor/install.log'
[1.370s] Invoked command in '/home/louis/Pick-Place_RS2/src/Image_processor/image_processor' returned '0': PYTHONPATH=/home/louis/Pick-Place_RS2/build/image_processor/prefix_override:/usr/lib/python3/dist-packages/colcon_core/task/python/colcon_distutils_commands:/home/louis/Pick-Place_RS2/install/image_processor/lib/python3.10/site-packages:${PYTHONPATH} /usr/bin/python3 -W ignore:setup.py install is deprecated -W ignore:easy_install command is deprecated setup.py egg_info --egg-base ../../../build/image_processor build --build-base /home/louis/Pick-Place_RS2/build/image_processor/build install --record /home/louis/Pick-Place_RS2/build/image_processor/install.log --single-version-externally-managed install_data
