[0.245s] DEBUG:colcon:Command line arguments: ['/usr/bin/colcon', 'list', '-p', '--base-paths', '/home/easha/git/Pick-Place_RS2-1']
[0.245s] DEBUG:colcon:Parsed command line arguments: Namespace(log_base=None, log_level=None, verb_name='list', build_base='build', ignore_user_meta=False, metas=['./colcon.meta'], base_paths=['/home/easha/git/Pick-Place_RS2-1'], packages_ignore=None, packages_ignore_regex=None, paths=None, packages_up_to=None, packages_up_to_regex=None, packages_above=None, packages_above_and_dependencies=None, packages_above_depth=None, packages_select_by_dep=None, packages_skip_by_dep=None, packages_skip_up_to=None, packages_select_build_failed=False, packages_skip_build_finished=False, packages_select_test_failures=False, packages_skip_test_passed=False, packages_select=None, packages_skip=None, packages_select_regex=None, packages_skip_regex=None, packages_start=None, packages_end=None, allow_overriding=[], topological_order=False, names_only=False, paths_only=True, topological_graph=False, topological_graph_dot=False, topological_graph_density=False, topological_graph_legend=False, topological_graph_dot_cluster=False, topological_graph_dot_include_skipped=False, mixin_files=None, mixin=None, verb_parser=<colcon_mixin.mixin.mixin_argument.MixinArgumentDecorator object at 0x7b4fb3e44070>, verb_extension=<colcon_package_information.verb.list.ListVerb object at 0x7b4fb3fac4f0>, main=<bound method ListVerb.main of <colcon_package_information.verb.list.ListVerb object at 0x7b4fb3fac4f0>>, mixin_verb=('list',))
[0.562s] Level 1:colcon.colcon_core.package_discovery:discover_packages(colcon_meta) check parameters
[0.562s] Level 1:colcon.colcon_core.package_discovery:discover_packages(recursive) check parameters
[0.562s] Level 1:colcon.colcon_core.package_discovery:discover_packages(ignore) check parameters
[0.562s] Level 1:colcon.colcon_core.package_discovery:discover_packages(path) check parameters
[0.562s] Level 1:colcon.colcon_core.package_discovery:discover_packages(recursive) discover
[0.562s] INFO:colcon.colcon_core.package_discovery:Crawling recursively for packages in '/home/easha/git/Pick-Place_RS2-1'
[0.562s] Level 1:colcon.colcon_core.package_identification:_identify(/home/easha/git/Pick-Place_RS2-1) by extensions ['ignore', 'ignore_ament_install']
[0.563s] Level 1:colcon.colcon_core.package_identification:_identify(/home/easha/git/Pick-Place_RS2-1) by extension 'ignore'
[0.563s] Level 1:colcon.colcon_core.package_identification:_identify(/home/easha/git/Pick-Place_RS2-1) by extension 'ignore_ament_install'
[0.563s] Level 1:colcon.colcon_core.package_identification:_identify(/home/easha/git/Pick-Place_RS2-1) by extensions ['colcon_pkg']
[0.563s] Level 1:colcon.colcon_core.package_identification:_identify(/home/easha/git/Pick-Place_RS2-1) by extension 'colcon_pkg'
[0.563s] Level 1:colcon.colcon_core.package_identification:_identify(/home/easha/git/Pick-Place_RS2-1) by extensions ['colcon_meta']
[0.563s] Level 1:colcon.colcon_core.package_identification:_identify(/home/easha/git/Pick-Place_RS2-1) by extension 'colcon_meta'
[0.563s] Level 1:colcon.colcon_core.package_identification:_identify(/home/easha/git/Pick-Place_RS2-1) by extensions ['ros']
[0.563s] Level 1:colcon.colcon_core.package_identification:_identify(/home/easha/git/Pick-Place_RS2-1) by extension 'ros'
[0.583s] Level 1:colcon.colcon_core.package_identification:_identify(/home/easha/git/Pick-Place_RS2-1) by extensions ['cmake', 'python']
[0.583s] Level 1:colcon.colcon_core.package_identification:_identify(/home/easha/git/Pick-Place_RS2-1) by extension 'cmake'
[0.583s] Level 1:colcon.colcon_core.package_identification:_identify(/home/easha/git/Pick-Place_RS2-1) by extension 'python'
[0.584s] Level 1:colcon.colcon_core.package_identification:_identify(/home/easha/git/Pick-Place_RS2-1) by extensions ['python_setup_py']
[0.584s] Level 1:colcon.colcon_core.package_identification:_identify(/home/easha/git/Pick-Place_RS2-1) by extension 'python_setup_py'
[0.584s] Level 1:colcon.colcon_core.package_identification:_identify(/home/easha/git/Pick-Place_RS2-1/build) by extensions ['ignore', 'ignore_ament_install']
[0.584s] Level 1:colcon.colcon_core.package_identification:_identify(/home/easha/git/Pick-Place_RS2-1/build) by extension 'ignore'
[0.584s] Level 1:colcon.colcon_core.package_identification:_identify(/home/easha/git/Pick-Place_RS2-1/build) ignored
[0.584s] Level 1:colcon.colcon_core.package_identification:_identify(/home/easha/git/Pick-Place_RS2-1/install) by extensions ['ignore', 'ignore_ament_install']
[0.584s] Level 1:colcon.colcon_core.package_identification:_identify(/home/easha/git/Pick-Place_RS2-1/install) by extension 'ignore'
[0.585s] Level 1:colcon.colcon_core.package_identification:_identify(/home/easha/git/Pick-Place_RS2-1/install) ignored
[0.585s] Level 1:colcon.colcon_core.package_identification:_identify(/home/easha/git/Pick-Place_RS2-1/log) by extensions ['ignore', 'ignore_ament_install']
[0.585s] Level 1:colcon.colcon_core.package_identification:_identify(/home/easha/git/Pick-Place_RS2-1/log) by extension 'ignore'
[0.585s] Level 1:colcon.colcon_core.package_identification:_identify(/home/easha/git/Pick-Place_RS2-1/log) ignored
[0.585s] Level 1:colcon.colcon_core.package_identification:_identify(/home/easha/git/Pick-Place_RS2-1/src) by extensions ['ignore', 'ignore_ament_install']
[0.585s] Level 1:colcon.colcon_core.package_identification:_identify(/home/easha/git/Pick-Place_RS2-1/src) by extension 'ignore'
[0.585s] Level 1:colcon.colcon_core.package_identification:_identify(/home/easha/git/Pick-Place_RS2-1/src) by extension 'ignore_ament_install'
[0.585s] Level 1:colcon.colcon_core.package_identification:_identify(/home/easha/git/Pick-Place_RS2-1/src) by extensions ['colcon_pkg']
[0.586s] Level 1:colcon.colcon_core.package_identification:_identify(/home/easha/git/Pick-Place_RS2-1/src) by extension 'colcon_pkg'
[0.586s] Level 1:colcon.colcon_core.package_identification:_identify(/home/easha/git/Pick-Place_RS2-1/src) by extensions ['colcon_meta']
[0.586s] Level 1:colcon.colcon_core.package_identification:_identify(/home/easha/git/Pick-Place_RS2-1/src) by extension 'colcon_meta'
[0.586s] Level 1:colcon.colcon_core.package_identification:_identify(/home/easha/git/Pick-Place_RS2-1/src) by extensions ['ros']
[0.586s] Level 1:colcon.colcon_core.package_identification:_identify(/home/easha/git/Pick-Place_RS2-1/src) by extension 'ros'
[0.586s] Level 1:colcon.colcon_core.package_identification:_identify(/home/easha/git/Pick-Place_RS2-1/src) by extensions ['cmake', 'python']
[0.586s] Level 1:colcon.colcon_core.package_identification:_identify(/home/easha/git/Pick-Place_RS2-1/src) by extension 'cmake'
[0.586s] Level 1:colcon.colcon_core.package_identification:_identify(/home/easha/git/Pick-Place_RS2-1/src) by extension 'python'
[0.586s] Level 1:colcon.colcon_core.package_identification:_identify(/home/easha/git/Pick-Place_RS2-1/src) by extensions ['python_setup_py']
[0.586s] Level 1:colcon.colcon_core.package_identification:_identify(/home/easha/git/Pick-Place_RS2-1/src) by extension 'python_setup_py'
[0.586s] Level 1:colcon.colcon_core.package_identification:_identify(/home/easha/git/Pick-Place_RS2-1/src/Image_processor) by extensions ['ignore', 'ignore_ament_install']
[0.586s] Level 1:colcon.colcon_core.package_identification:_identify(/home/easha/git/Pick-Place_RS2-1/src/Image_processor) by extension 'ignore'
[0.587s] Level 1:colcon.colcon_core.package_identification:_identify(/home/easha/git/Pick-Place_RS2-1/src/Image_processor) by extension 'ignore_ament_install'
[0.587s] Level 1:colcon.colcon_core.package_identification:_identify(/home/easha/git/Pick-Place_RS2-1/src/Image_processor) by extensions ['colcon_pkg']
[0.587s] Level 1:colcon.colcon_core.package_identification:_identify(/home/easha/git/Pick-Place_RS2-1/src/Image_processor) by extension 'colcon_pkg'
[0.587s] Level 1:colcon.colcon_core.package_identification:_identify(/home/easha/git/Pick-Place_RS2-1/src/Image_processor) by extensions ['colcon_meta']
[0.587s] Level 1:colcon.colcon_core.package_identification:_identify(/home/easha/git/Pick-Place_RS2-1/src/Image_processor) by extension 'colcon_meta'
[0.587s] Level 1:colcon.colcon_core.package_identification:_identify(/home/easha/git/Pick-Place_RS2-1/src/Image_processor) by extensions ['ros']
[0.587s] Level 1:colcon.colcon_core.package_identification:_identify(/home/easha/git/Pick-Place_RS2-1/src/Image_processor) by extension 'ros'
[0.587s] Level 1:colcon.colcon_core.package_identification:_identify(/home/easha/git/Pick-Place_RS2-1/src/Image_processor) by extensions ['cmake', 'python']
[0.587s] Level 1:colcon.colcon_core.package_identification:_identify(/home/easha/git/Pick-Place_RS2-1/src/Image_processor) by extension 'cmake'
[0.587s] Level 1:colcon.colcon_core.package_identification:_identify(/home/easha/git/Pick-Place_RS2-1/src/Image_processor) by extension 'python'
[0.587s] Level 1:colcon.colcon_core.package_identification:_identify(/home/easha/git/Pick-Place_RS2-1/src/Image_processor) by extensions ['python_setup_py']
[0.588s] Level 1:colcon.colcon_core.package_identification:_identify(/home/easha/git/Pick-Place_RS2-1/src/Image_processor) by extension 'python_setup_py'
[0.588s] Level 1:colcon.colcon_core.package_identification:_identify(/home/easha/git/Pick-Place_RS2-1/src/Image_processor/image_processor) by extensions ['ignore', 'ignore_ament_install']
[0.588s] Level 1:colcon.colcon_core.package_identification:_identify(/home/easha/git/Pick-Place_RS2-1/src/Image_processor/image_processor) by extension 'ignore'
[0.588s] Level 1:colcon.colcon_core.package_identification:_identify(/home/easha/git/Pick-Place_RS2-1/src/Image_processor/image_processor) by extension 'ignore_ament_install'
[0.588s] Level 1:colcon.colcon_core.package_identification:_identify(/home/easha/git/Pick-Place_RS2-1/src/Image_processor/image_processor) by extensions ['colcon_pkg']
[0.588s] Level 1:colcon.colcon_core.package_identification:_identify(/home/easha/git/Pick-Place_RS2-1/src/Image_processor/image_processor) by extension 'colcon_pkg'
[0.588s] Level 1:colcon.colcon_core.package_identification:_identify(/home/easha/git/Pick-Place_RS2-1/src/Image_processor/image_processor) by extensions ['colcon_meta']
[0.588s] Level 1:colcon.colcon_core.package_identification:_identify(/home/easha/git/Pick-Place_RS2-1/src/Image_processor/image_processor) by extension 'colcon_meta'
[0.589s] Level 1:colcon.colcon_core.package_identification:_identify(/home/easha/git/Pick-Place_RS2-1/src/Image_processor/image_processor) by extensions ['ros']
[0.589s] Level 1:colcon.colcon_core.package_identification:_identify(/home/easha/git/Pick-Place_RS2-1/src/Image_processor/image_processor) by extension 'ros'
[0.593s] DEBUG:colcon.colcon_core.package_identification:Package '/home/easha/git/Pick-Place_RS2-1/src/Image_processor/image_processor' with type 'ros.ament_python' and name 'image_processor'
[0.594s] Level 1:colcon.colcon_core.package_identification:_identify(/home/easha/git/Pick-Place_RS2-1/src/arduino_magnet) by extensions ['ignore', 'ignore_ament_install']
[0.594s] Level 1:colcon.colcon_core.package_identification:_identify(/home/easha/git/Pick-Place_RS2-1/src/arduino_magnet) by extension 'ignore'
[0.594s] Level 1:colcon.colcon_core.package_identification:_identify(/home/easha/git/Pick-Place_RS2-1/src/arduino_magnet) by extension 'ignore_ament_install'
[0.594s] Level 1:colcon.colcon_core.package_identification:_identify(/home/easha/git/Pick-Place_RS2-1/src/arduino_magnet) by extensions ['colcon_pkg']
[0.594s] Level 1:colcon.colcon_core.package_identification:_identify(/home/easha/git/Pick-Place_RS2-1/src/arduino_magnet) by extension 'colcon_pkg'
[0.594s] Level 1:colcon.colcon_core.package_identification:_identify(/home/easha/git/Pick-Place_RS2-1/src/arduino_magnet) by extensions ['colcon_meta']
[0.594s] Level 1:colcon.colcon_core.package_identification:_identify(/home/easha/git/Pick-Place_RS2-1/src/arduino_magnet) by extension 'colcon_meta'
[0.594s] Level 1:colcon.colcon_core.package_identification:_identify(/home/easha/git/Pick-Place_RS2-1/src/arduino_magnet) by extensions ['ros']
[0.594s] Level 1:colcon.colcon_core.package_identification:_identify(/home/easha/git/Pick-Place_RS2-1/src/arduino_magnet) by extension 'ros'
[0.596s] DEBUG:colcon.colcon_core.package_identification:Package '/home/easha/git/Pick-Place_RS2-1/src/arduino_magnet' with type 'ros.ament_python' and name 'arduino_magnet'
[0.596s] Level 1:colcon.colcon_core.package_identification:_identify(/home/easha/git/Pick-Place_RS2-1/src/build) by extensions ['ignore', 'ignore_ament_install']
[0.596s] Level 1:colcon.colcon_core.package_identification:_identify(/home/easha/git/Pick-Place_RS2-1/src/build) by extension 'ignore'
[0.596s] Level 1:colcon.colcon_core.package_identification:_identify(/home/easha/git/Pick-Place_RS2-1/src/build) ignored
[0.597s] Level 1:colcon.colcon_core.package_identification:_identify(/home/easha/git/Pick-Place_RS2-1/src/pick_place) by extensions ['ignore', 'ignore_ament_install']
[0.597s] Level 1:colcon.colcon_core.package_identification:_identify(/home/easha/git/Pick-Place_RS2-1/src/pick_place) by extension 'ignore'
[0.597s] Level 1:colcon.colcon_core.package_identification:_identify(/home/easha/git/Pick-Place_RS2-1/src/pick_place) by extension 'ignore_ament_install'
[0.597s] Level 1:colcon.colcon_core.package_identification:_identify(/home/easha/git/Pick-Place_RS2-1/src/pick_place) by extensions ['colcon_pkg']
[0.597s] Level 1:colcon.colcon_core.package_identification:_identify(/home/easha/git/Pick-Place_RS2-1/src/pick_place) by extension 'colcon_pkg'
[0.597s] Level 1:colcon.colcon_core.package_identification:_identify(/home/easha/git/Pick-Place_RS2-1/src/pick_place) by extensions ['colcon_meta']
[0.597s] Level 1:colcon.colcon_core.package_identification:_identify(/home/easha/git/Pick-Place_RS2-1/src/pick_place) by extension 'colcon_meta'
[0.597s] Level 1:colcon.colcon_core.package_identification:_identify(/home/easha/git/Pick-Place_RS2-1/src/pick_place) by extensions ['ros']
[0.597s] Level 1:colcon.colcon_core.package_identification:_identify(/home/easha/git/Pick-Place_RS2-1/src/pick_place) by extension 'ros'
[0.599s] DEBUG:colcon.colcon_core.package_identification:Package '/home/easha/git/Pick-Place_RS2-1/src/pick_place' with type 'ros.ament_cmake' and name 'pick_place'
[0.599s] Level 1:colcon.colcon_core.package_identification:_identify(/home/easha/git/Pick-Place_RS2-1/src/positionconv_package) by extensions ['ignore', 'ignore_ament_install']
[0.599s] Level 1:colcon.colcon_core.package_identification:_identify(/home/easha/git/Pick-Place_RS2-1/src/positionconv_package) by extension 'ignore'
[0.599s] Level 1:colcon.colcon_core.package_identification:_identify(/home/easha/git/Pick-Place_RS2-1/src/positionconv_package) by extension 'ignore_ament_install'
[0.599s] Level 1:colcon.colcon_core.package_identification:_identify(/home/easha/git/Pick-Place_RS2-1/src/positionconv_package) by extensions ['colcon_pkg']
[0.599s] Level 1:colcon.colcon_core.package_identification:_identify(/home/easha/git/Pick-Place_RS2-1/src/positionconv_package) by extension 'colcon_pkg'
[0.599s] Level 1:colcon.colcon_core.package_identification:_identify(/home/easha/git/Pick-Place_RS2-1/src/positionconv_package) by extensions ['colcon_meta']
[0.599s] Level 1:colcon.colcon_core.package_identification:_identify(/home/easha/git/Pick-Place_RS2-1/src/positionconv_package) by extension 'colcon_meta'
[0.599s] Level 1:colcon.colcon_core.package_identification:_identify(/home/easha/git/Pick-Place_RS2-1/src/positionconv_package) by extensions ['ros']
[0.599s] Level 1:colcon.colcon_core.package_identification:_identify(/home/easha/git/Pick-Place_RS2-1/src/positionconv_package) by extension 'ros'
[0.601s] DEBUG:colcon.colcon_core.package_identification:Package '/home/easha/git/Pick-Place_RS2-1/src/positionconv_package' with type 'ros.ament_cmake' and name 'positionconv_package'
[0.602s] Level 1:colcon.colcon_core.package_identification:_identify(/home/easha/git/Pick-Place_RS2-1/src/positionprov_package) by extensions ['ignore', 'ignore_ament_install']
[0.602s] Level 1:colcon.colcon_core.package_identification:_identify(/home/easha/git/Pick-Place_RS2-1/src/positionprov_package) by extension 'ignore'
[0.602s] Level 1:colcon.colcon_core.package_identification:_identify(/home/easha/git/Pick-Place_RS2-1/src/positionprov_package) by extension 'ignore_ament_install'
[0.602s] Level 1:colcon.colcon_core.package_identification:_identify(/home/easha/git/Pick-Place_RS2-1/src/positionprov_package) by extensions ['colcon_pkg']
[0.602s] Level 1:colcon.colcon_core.package_identification:_identify(/home/easha/git/Pick-Place_RS2-1/src/positionprov_package) by extension 'colcon_pkg'
[0.602s] Level 1:colcon.colcon_core.package_identification:_identify(/home/easha/git/Pick-Place_RS2-1/src/positionprov_package) by extensions ['colcon_meta']
[0.602s] Level 1:colcon.colcon_core.package_identification:_identify(/home/easha/git/Pick-Place_RS2-1/src/positionprov_package) by extension 'colcon_meta'
[0.602s] Level 1:colcon.colcon_core.package_identification:_identify(/home/easha/git/Pick-Place_RS2-1/src/positionprov_package) by extensions ['ros']
[0.602s] Level 1:colcon.colcon_core.package_identification:_identify(/home/easha/git/Pick-Place_RS2-1/src/positionprov_package) by extension 'ros'
[0.604s] DEBUG:colcon.colcon_core.package_identification:Package '/home/easha/git/Pick-Place_RS2-1/src/positionprov_package' with type 'ros.ament_cmake' and name 'positionprov_package'
[0.604s] Level 1:colcon.colcon_core.package_discovery:discover_packages(recursive) using defaults
